{
"/home/ubuntu/src/github.com/OmarCastro/ShellHive/lib/parser/parser.js":{"path":"/home/ubuntu/src/github.com/OmarCastro/ShellHive/lib/parser/parser.js","s":{"1":1,"2":1,"3":1,"4":1,"5":1,"6":1,"7":1,"8":1,"9":1,"10":1,"11":1,"12":1,"13":1,"14":1,"15":1,"16":1,"17":1,"18":1,"19":1,"20":1,"21":1,"22":1,"23":1,"24":1,"25":1,"26":21,"27":21,"28":1,"29":5,"30":1,"31":1,"32":122,"33":1,"34":1,"35":153,"36":115,"37":153,"38":153,"39":153,"40":153,"41":153,"42":153,"43":153,"44":153,"45":197,"46":197,"47":197,"48":197,"49":197,"50":6,"51":191,"52":191,"53":191,"54":191,"55":191,"56":191,"57":38,"58":38,"59":38,"60":191,"61":191,"62":153,"63":147,"64":147,"65":147,"66":147,"67":147,"68":1,"69":1,"70":115,"71":1,"72":1,"73":3,"74":3,"75":3,"76":3,"77":3,"78":3,"79":3,"80":21,"81":21,"82":3,"83":18,"84":18,"85":18,"86":18,"87":0,"88":18,"89":18,"90":18,"91":18,"92":18,"93":0,"94":18,"95":3,"96":21,"97":21,"98":21,"99":21,"100":15,"101":15,"102":15,"103":15,"104":12,"105":12,"106":3,"107":3,"108":3,"109":6,"110":3,"111":3,"112":0,"113":0,"114":0,"115":0,"116":3,"117":6,"118":3,"119":21,"120":21,"121":21,"122":21,"123":21,"124":21,"125":21,"126":1,"127":18,"128":12,"129":12,"130":6,"131":3,"132":3,"133":18,"134":21,"135":15,"136":15,"137":15,"138":15,"139":6,"140":6,"141":3,"142":3,"143":0,"144":3,"145":0,"146":0,"147":0,"148":3,"149":15,"150":15,"151":0,"152":0,"153":0,"154":0,"155":0,"156":0,"157":0,"158":0,"159":0,"160":0,"161":0,"162":0,"163":15,"164":15,"165":0,"166":0,"167":0,"168":0,"169":0,"170":0,"171":15,"172":15,"173":0,"174":0,"175":0,"176":0,"177":0,"178":0,"179":0,"180":0,"181":0,"182":15,"183":0,"184":0,"185":0,"186":0,"187":0,"188":0,"189":0,"190":15,"191":12,"192":12,"193":12,"194":12,"195":12,"196":12,"197":12,"198":12,"199":3,"200":15,"201":0,"202":0,"203":0,"204":0,"205":0,"206":0,"207":0,"208":0,"209":0,"210":0,"211":0,"212":0,"213":0,"214":0,"215":0,"216":6,"217":3,"218":3,"219":0,"220":0,"221":0,"222":0,"223":0,"224":3,"225":0,"226":0,"227":0,"228":0,"229":0,"230":3,"231":3,"232":3,"233":3,"234":0,"235":0,"236":0,"237":0,"238":3,"239":3,"240":3,"241":0,"242":0,"243":0,"244":0,"245":0,"246":0,"247":0,"248":0,"249":0,"250":0,"251":0,"252":0,"253":0,"254":0,"255":0,"256":0,"257":0,"258":0,"259":0,"260":0,"261":0,"262":0,"263":0,"264":0,"265":0,"266":0,"267":0,"268":0,"269":0,"270":3,"271":1,"272":1,"273":3,"274":6,"275":3,"276":3,"277":6,"278":3,"279":3,"280":3,"281":0,"282":0,"283":0,"284":0,"285":0,"286":3,"287":3,"288":3,"289":6,"290":3,"291":1,"292":1,"293":44,"294":121,"295":1,"296":43,"297":43,"298":43,"299":3,"300":3,"301":3,"302":3,"303":3,"304":43,"305":1,"306":1,"307":83,"308":80,"309":3,"310":1,"311":1,"312":82,"313":83,"314":339,"315":1,"316":1,"317":338,"318":82,"319":1,"320":1,"321":80,"322":80,"323":80,"324":80,"325":80,"326":80,"327":80,"328":80,"329":80,"330":333,"331":39,"332":39,"333":39,"334":30,"335":30,"336":5,"337":5,"338":4,"339":4,"340":80,"341":240,"342":240,"343":39,"344":39,"345":10,"346":29,"347":240,"348":80,"349":80,"350":80,"351":80,"352":5,"353":5,"354":12,"355":2,"356":10,"357":5,"358":1,"359":2,"360":80,"361":3,"362":3,"363":3,"364":3,"365":77,"366":22,"367":5,"368":17,"369":80,"370":1,"371":1,"372":79,"373":3,"374":2,"375":1,"376":80,"377":1,"378":1,"379":79,"380":2,"381":1,"382":1,"383":80,"384":1,"385":1,"386":4,"387":1,"388":3,"389":2,"390":1,"391":1,"392":1,"393":7,"394":1,"395":6,"396":6,"397":6,"398":2,"399":4,"400":1,"401":3,"402":1,"403":1,"404":2,"405":1,"406":1,"407":5,"408":5,"409":5,"410":52,"411":5,"412":5,"413":27,"414":27,"415":19,"416":19,"417":8,"418":8,"419":0,"420":0,"421":0,"422":0,"423":0,"424":27,"425":0,"426":27,"427":169,"428":27,"429":27,"430":5,"431":5,"432":5,"433":22,"434":5,"435":5,"436":1,"437":1,"438":2,"439":2,"440":1,"441":1,"442":1,"443":1,"444":1,"445":1,"446":1,"447":1,"448":1},"b":{"1":[115,38],"2":[197,0],"3":[6,191],"4":[191,0],"5":[38,153],"6":[38,0],"7":[191,0],"8":[153,38],"9":[3,3],"10":[0,18],"11":[0,18],"12":[15,6],"13":[21,18,15,15,3],"14":[15,0],"15":[15,15],"16":[12,3],"17":[3,0],"18":[0,3],"19":[12,6],"20":[9,3],"21":[12,9],"22":[3,3],"23":[15,0,6,0,0],"24":[6,9],"25":[0,3],"26":[0,3],"27":[0,15],"28":[15,0],"29":[0,0],"30":[15,0],"31":[15,15],"32":[0,15],"33":[0,15],"34":[15,0],"35":[0,0],"36":[0,15],"37":[15,12],"38":[0,0],"39":[0,0],"40":[12,3],"41":[12,0],"42":[0,0],"43":[0,0],"44":[0,0],"45":[3,3],"46":[0,3],"47":[0,0],"48":[0,3],"49":[0,0],"50":[3,0],"51":[3,3],"52":[0,3],"53":[0,0],"54":[0,0],"55":[0,0],"56":[0,0],"57":[0,0],"58":[0,0],"59":[0,3],"60":[0,0],"61":[1,43],"62":[3,40],"63":[3,0],"64":[80,3],"65":[1,338],"66":[339,71,67,26],"67":[333,47],"68":[30,5,4],"69":[10,29],"70":[2,10],"71":[3,77],"72":[22,55],"73":[5,17],"74":[1,79],"75":[3,76],"76":[2,1],"77":[1,79],"78":[2,77],"79":[1,1],"80":[1,3],"81":[2,1],"82":[1,6],"83":[2,4],"84":[1,3],"85":[19,8,0,0,0],"86":[0,27]},"f":{"1":5,"2":122,"3":153,"4":115,"5":3,"6":21,"7":18,"8":21,"9":3,"10":21,"11":18,"12":3,"13":0,"14":0,"15":0,"16":3,"17":6,"18":6,"19":0,"20":6,"21":44,"22":121,"23":83,"24":82,"25":339,"26":80,"27":333,"28":39,"29":240,"30":5,"31":12,"32":2,"33":4,"34":7,"35":2,"36":5,"37":27,"38":22,"39":2},"fnMap":{"1":{"name":"isImplemented","line":59,"loc":{"start":{"line":59,"column":0},"end":{"line":59,"column":32}}},"2":{"name":"generateAST","line":71,"loc":{"start":{"line":71,"column":0},"end":{"line":71,"column":30}}},"3":{"name":"parseAST","line":85,"loc":{"start":{"line":85,"column":0},"end":{"line":85,"column":32}}},"4":{"name":"parseCommand","line":133,"loc":{"start":{"line":133,"column":0},"end":{"line":133,"column":31}}},"5":{"name":"aux_parseVisualDataExperimental","line":144,"loc":{"start":{"line":144,"column":0},"end":{"line":144,"column":66}}},"6":{"name":"(anonymous_6)","line":155,"loc":{"start":{"line":155,"column":34},"end":{"line":155,"column":55}}},"7":{"name":"(anonymous_7)","line":166,"loc":{"start":{"line":166,"column":35},"end":{"line":166,"column":57}}},"8":{"name":"(anonymous_8)","line":186,"loc":{"start":{"line":186,"column":34},"end":{"line":186,"column":55}}},"9":{"name":"(anonymous_9)","line":213,"loc":{"start":{"line":213,"column":21},"end":{"line":213,"column":37}}},"10":{"name":"(anonymous_10)","line":228,"loc":{"start":{"line":228,"column":34},"end":{"line":228,"column":55}}},"11":{"name":"appendSingleOutput","line":237,"loc":{"start":{"line":237,"column":8},"end":{"line":237,"column":56}}},"12":{"name":"(anonymous_12)","line":257,"loc":{"start":{"line":257,"column":51},"end":{"line":257,"column":72}}},"13":{"name":"(anonymous_13)","line":352,"loc":{"start":{"line":352,"column":43},"end":{"line":352,"column":61}}},"14":{"name":"(anonymous_14)","line":401,"loc":{"start":{"line":401,"column":43},"end":{"line":401,"column":66}}},"15":{"name":"(anonymous_15)","line":422,"loc":{"start":{"line":422,"column":43},"end":{"line":422,"column":66}}},"16":{"name":"parseVisualDataExperimental","line":453,"loc":{"start":{"line":453,"column":0},"end":{"line":453,"column":62}}},"17":{"name":"(anonymous_17)","line":454,"loc":{"start":{"line":454,"column":28},"end":{"line":454,"column":53}}},"18":{"name":"(anonymous_18)","line":458,"loc":{"start":{"line":458,"column":46},"end":{"line":458,"column":65}}},"19":{"name":"(anonymous_19)","line":468,"loc":{"start":{"line":468,"column":58},"end":{"line":468,"column":71}}},"20":{"name":"(anonymous_20)","line":475,"loc":{"start":{"line":475,"column":71},"end":{"line":475,"column":84}}},"21":{"name":"parseVisualData","line":494,"loc":{"start":{"line":494,"column":0},"end":{"line":494,"column":37}}},"22":{"name":"(anonymous_22)","line":495,"loc":{"start":{"line":495,"column":37},"end":{"line":495,"column":58}}},"23":{"name":"parseComponent","line":515,"loc":{"start":{"line":515,"column":0},"end":{"line":515,"column":86}}},"24":{"name":"findFirstComponent","line":528,"loc":{"start":{"line":528,"column":0},"end":{"line":528,"column":97}}},"25":{"name":"(anonymous_25)","line":530,"loc":{"start":{"line":530,"column":51},"end":{"line":530,"column":73}}},"26":{"name":"parseVisualDatafromComponent","line":545,"loc":{"start":{"line":545,"column":0},"end":{"line":545,"column":107}}},"27":{"name":"(anonymous_27)","line":556,"loc":{"start":{"line":556,"column":34},"end":{"line":556,"column":56}}},"28":{"name":"(anonymous_28)","line":558,"loc":{"start":{"line":558,"column":15},"end":{"line":558,"column":37}}},"29":{"name":"(anonymous_29)","line":574,"loc":{"start":{"line":574,"column":20},"end":{"line":574,"column":36}}},"30":{"name":"(anonymous_30)","line":591,"loc":{"start":{"line":591,"column":25},"end":{"line":591,"column":67}}},"31":{"name":"(anonymous_31)","line":593,"loc":{"start":{"line":593,"column":35},"end":{"line":593,"column":71}}},"32":{"name":"teeResult","line":603,"loc":{"start":{"line":603,"column":4},"end":{"line":603,"column":55}}},"33":{"name":"createMacro","line":647,"loc":{"start":{"line":647,"column":0},"end":{"line":647,"column":60}}},"34":{"name":"createComponentDinamicText","line":663,"loc":{"start":{"line":663,"column":0},"end":{"line":663,"column":42}}},"35":{"name":"graphFromJson","line":678,"loc":{"start":{"line":678,"column":0},"end":{"line":678,"column":29}}},"36":{"name":"graphFromJsonObject","line":683,"loc":{"start":{"line":683,"column":0},"end":{"line":683,"column":38}}},"37":{"name":"cloneComponent","line":690,"loc":{"start":{"line":690,"column":31},"end":{"line":690,"column":66}}},"38":{"name":"connectCreatedComponents","line":722,"loc":{"start":{"line":722,"column":32},"end":{"line":722,"column":78}}},"39":{"name":"cloneGraph","line":730,"loc":{"start":{"line":730,"column":0},"end":{"line":730,"column":27}}}},"statementMap":{"1":{"start":{"line":1,"column":0},"end":{"line":1,"column":16}},"2":{"start":{"line":3,"column":0},"end":{"line":3,"column":54}},"3":{"start":{"line":5,"column":0},"end":{"line":5,"column":45}},"4":{"start":{"line":7,"column":0},"end":{"line":7,"column":30}},"5":{"start":{"line":8,"column":0},"end":{"line":8,"column":22}},"6":{"start":{"line":9,"column":0},"end":{"line":9,"column":30}},"7":{"start":{"line":10,"column":0},"end":{"line":10,"column":22}},"8":{"start":{"line":11,"column":0},"end":{"line":11,"column":48}},"9":{"start":{"line":12,"column":0},"end":{"line":12,"column":40}},"10":{"start":{"line":13,"column":0},"end":{"line":13,"column":48}},"11":{"start":{"line":14,"column":0},"end":{"line":14,"column":40}},"12":{"start":{"line":15,"column":0},"end":{"line":15,"column":38}},"13":{"start":{"line":16,"column":0},"end":{"line":16,"column":30}},"14":{"start":{"line":17,"column":0},"end":{"line":17,"column":40}},"15":{"start":{"line":18,"column":0},"end":{"line":18,"column":32}},"16":{"start":{"line":19,"column":0},"end":{"line":19,"column":46}},"17":{"start":{"line":20,"column":0},"end":{"line":20,"column":38}},"18":{"start":{"line":21,"column":0},"end":{"line":21,"column":52}},"19":{"start":{"line":22,"column":0},"end":{"line":22,"column":44}},"20":{"start":{"line":23,"column":0},"end":{"line":23,"column":44}},"21":{"start":{"line":24,"column":0},"end":{"line":24,"column":36}},"22":{"start":{"line":26,"column":0},"end":{"line":49,"column":2}},"23":{"start":{"line":51,"column":0},"end":{"line":51,"column":33}},"24":{"start":{"line":53,"column":0},"end":{"line":53,"column":35}},"25":{"start":{"line":54,"column":0},"end":{"line":57,"column":1}},"26":{"start":{"line":55,"column":4},"end":{"line":55,"column":42}},"27":{"start":{"line":56,"column":4},"end":{"line":56,"column":90}},"28":{"start":{"line":59,"column":0},"end":{"line":61,"column":1}},"29":{"start":{"line":60,"column":4},"end":{"line":60,"column":50}},"30":{"start":{"line":62,"column":0},"end":{"line":62,"column":38}},"31":{"start":{"line":71,"column":0},"end":{"line":73,"column":1}},"32":{"start":{"line":72,"column":4},"end":{"line":72,"column":37}},"33":{"start":{"line":74,"column":0},"end":{"line":74,"column":34}},"34":{"start":{"line":85,"column":0},"end":{"line":127,"column":1}},"35":{"start":{"line":86,"column":4},"end":{"line":86,"column":64}},"36":{"start":{"line":86,"column":42},"end":{"line":86,"column":62}},"37":{"start":{"line":87,"column":4},"end":{"line":87,"column":105}},"38":{"start":{"line":89,"column":4},"end":{"line":89,"column":36}},"39":{"start":{"line":90,"column":4},"end":{"line":90,"column":38}},"40":{"start":{"line":91,"column":4},"end":{"line":91,"column":40}},"41":{"start":{"line":92,"column":4},"end":{"line":92,"column":34}},"42":{"start":{"line":93,"column":4},"end":{"line":93,"column":32}},"43":{"start":{"line":94,"column":4},"end":{"line":94,"column":28}},"44":{"start":{"line":95,"column":4},"end":{"line":120,"column":5}},"45":{"start":{"line":96,"column":8},"end":{"line":96,"column":38}},"46":{"start":{"line":97,"column":8},"end":{"line":97,"column":57}},"47":{"start":{"line":98,"column":8},"end":{"line":98,"column":53}},"48":{"start":{"line":99,"column":8},"end":{"line":119,"column":9}},"49":{"start":{"line":100,"column":12},"end":{"line":102,"column":13}},"50":{"start":{"line":101,"column":16},"end":{"line":101,"column":159}},"51":{"start":{"line":103,"column":12},"end":{"line":103,"column":94}},"52":{"start":{"line":105,"column":12},"end":{"line":105,"column":80}},"53":{"start":{"line":107,"column":12},"end":{"line":107,"column":62}},"54":{"start":{"line":108,"column":12},"end":{"line":108,"column":65}},"55":{"start":{"line":109,"column":12},"end":{"line":109,"column":57}},"56":{"start":{"line":110,"column":12},"end":{"line":114,"column":13}},"57":{"start":{"line":111,"column":16},"end":{"line":111,"column":110}},"58":{"start":{"line":112,"column":16},"end":{"line":112,"column":103}},"59":{"start":{"line":113,"column":16},"end":{"line":113,"column":45}},"60":{"start":{"line":115,"column":12},"end":{"line":115,"column":120}},"61":{"start":{"line":116,"column":12},"end":{"line":118,"column":13}},"62":{"start":{"line":117,"column":16},"end":{"line":117,"column":54}},"63":{"start":{"line":122,"column":4},"end":{"line":122,"column":36}},"64":{"start":{"line":123,"column":4},"end":{"line":123,"column":34}},"65":{"start":{"line":124,"column":4},"end":{"line":124,"column":50}},"66":{"start":{"line":125,"column":4},"end":{"line":125,"column":31}},"67":{"start":{"line":126,"column":4},"end":{"line":126,"column":17}},"68":{"start":{"line":128,"column":0},"end":{"line":128,"column":28}},"69":{"start":{"line":133,"column":0},"end":{"line":135,"column":1}},"70":{"start":{"line":134,"column":4},"end":{"line":134,"column":58}},"71":{"start":{"line":136,"column":0},"end":{"line":136,"column":36}},"72":{"start":{"line":144,"column":0},"end":{"line":450,"column":1}},"73":{"start":{"line":145,"column":4},"end":{"line":145,"column":46}},"74":{"start":{"line":147,"column":4},"end":{"line":147,"column":19}},"75":{"start":{"line":148,"column":4},"end":{"line":148,"column":22}},"76":{"start":{"line":149,"column":4},"end":{"line":149,"column":22}},"77":{"start":{"line":150,"column":4},"end":{"line":150,"column":24}},"78":{"start":{"line":151,"column":4},"end":{"line":154,"column":6}},"79":{"start":{"line":155,"column":4},"end":{"line":164,"column":7}},"80":{"start":{"line":156,"column":8},"end":{"line":159,"column":10}},"81":{"start":{"line":160,"column":8},"end":{"line":163,"column":10}},"82":{"start":{"line":166,"column":4},"end":{"line":184,"column":7}},"83":{"start":{"line":167,"column":8},"end":{"line":167,"column":77}},"84":{"start":{"line":168,"column":8},"end":{"line":168,"column":36}},"85":{"start":{"line":169,"column":8},"end":{"line":169,"column":63}},"86":{"start":{"line":170,"column":8},"end":{"line":174,"column":9}},"87":{"start":{"line":171,"column":12},"end":{"line":171,"column":39}},"88":{"start":{"line":173,"column":12},"end":{"line":173,"column":66}},"89":{"start":{"line":176,"column":8},"end":{"line":176,"column":74}},"90":{"start":{"line":177,"column":8},"end":{"line":177,"column":36}},"91":{"start":{"line":178,"column":8},"end":{"line":178,"column":61}},"92":{"start":{"line":179,"column":8},"end":{"line":183,"column":9}},"93":{"start":{"line":180,"column":12},"end":{"line":180,"column":39}},"94":{"start":{"line":182,"column":12},"end":{"line":182,"column":64}},"95":{"start":{"line":186,"column":4},"end":{"line":226,"column":7}},"96":{"start":{"line":187,"column":8},"end":{"line":187,"column":71}},"97":{"start":{"line":188,"column":8},"end":{"line":188,"column":45}},"98":{"start":{"line":189,"column":8},"end":{"line":189,"column":43}},"99":{"start":{"line":191,"column":8},"end":{"line":211,"column":9}},"100":{"start":{"line":192,"column":12},"end":{"line":192,"column":56}},"101":{"start":{"line":193,"column":12},"end":{"line":193,"column":78}},"102":{"start":{"line":195,"column":12},"end":{"line":210,"column":13}},"103":{"start":{"line":196,"column":16},"end":{"line":209,"column":17}},"104":{"start":{"line":197,"column":20},"end":{"line":201,"column":22}},"105":{"start":{"line":202,"column":20},"end":{"line":202,"column":27}},"106":{"start":{"line":203,"column":23},"end":{"line":209,"column":17}},"107":{"start":{"line":204,"column":20},"end":{"line":207,"column":22}},"108":{"start":{"line":208,"column":20},"end":{"line":208,"column":27}},"109":{"start":{"line":213,"column":8},"end":{"line":224,"column":11}},"110":{"start":{"line":214,"column":12},"end":{"line":214,"column":47}},"111":{"start":{"line":216,"column":12},"end":{"line":223,"column":68}},"112":{"start":{"line":217,"column":16},"end":{"line":221,"column":17}},"113":{"start":{"line":218,"column":20},"end":{"line":218,"column":46}},"114":{"start":{"line":219,"column":20},"end":{"line":219,"column":50}},"115":{"start":{"line":220,"column":20},"end":{"line":220,"column":72}},"116":{"start":{"line":223,"column":16},"end":{"line":223,"column":68}},"117":{"start":{"line":225,"column":8},"end":{"line":225,"column":50}},"118":{"start":{"line":228,"column":4},"end":{"line":443,"column":7}},"119":{"start":{"line":229,"column":8},"end":{"line":229,"column":30}},"120":{"start":{"line":230,"column":8},"end":{"line":230,"column":77}},"121":{"start":{"line":231,"column":8},"end":{"line":231,"column":48}},"122":{"start":{"line":232,"column":8},"end":{"line":232,"column":75}},"123":{"start":{"line":233,"column":8},"end":{"line":233,"column":47}},"124":{"start":{"line":234,"column":8},"end":{"line":234,"column":40}},"125":{"start":{"line":235,"column":8},"end":{"line":235,"column":55}},"126":{"start":{"line":237,"column":8},"end":{"line":247,"column":9}},"127":{"start":{"line":238,"column":12},"end":{"line":245,"column":13}},"128":{"start":{"line":239,"column":16},"end":{"line":239,"column":71}},"129":{"start":{"line":240,"column":16},"end":{"line":240,"column":185}},"130":{"start":{"line":241,"column":19},"end":{"line":245,"column":13}},"131":{"start":{"line":242,"column":16},"end":{"line":242,"column":68}},"132":{"start":{"line":244,"column":16},"end":{"line":244,"column":90}},"133":{"start":{"line":246,"column":12},"end":{"line":246,"column":30}},"134":{"start":{"line":249,"column":8},"end":{"line":442,"column":9}},"135":{"start":{"line":251,"column":16},"end":{"line":251,"column":65}},"136":{"start":{"line":252,"column":16},"end":{"line":252,"column":63}},"137":{"start":{"line":253,"column":16},"end":{"line":253,"column":67}},"138":{"start":{"line":255,"column":16},"end":{"line":268,"column":17}},"139":{"start":{"line":256,"column":20},"end":{"line":256,"column":51}},"140":{"start":{"line":257,"column":20},"end":{"line":267,"column":23}},"141":{"start":{"line":258,"column":24},"end":{"line":258,"column":65}},"142":{"start":{"line":259,"column":24},"end":{"line":266,"column":78}},"143":{"start":{"line":260,"column":28},"end":{"line":260,"column":39}},"144":{"start":{"line":261,"column":29},"end":{"line":266,"column":78}},"145":{"start":{"line":262,"column":28},"end":{"line":262,"column":82}},"146":{"start":{"line":263,"column":28},"end":{"line":263,"column":109}},"147":{"start":{"line":264,"column":28},"end":{"line":264,"column":40}},"148":{"start":{"line":266,"column":28},"end":{"line":266,"column":78}},"149":{"start":{"line":269,"column":16},"end":{"line":269,"column":112}},"150":{"start":{"line":271,"column":16},"end":{"line":289,"column":17}},"151":{"start":{"line":272,"column":20},"end":{"line":288,"column":21}},"152":{"start":{"line":273,"column":24},"end":{"line":273,"column":77}},"153":{"start":{"line":274,"column":24},"end":{"line":274,"column":44}},"154":{"start":{"line":276,"column":24},"end":{"line":276,"column":52}},"155":{"start":{"line":278,"column":24},"end":{"line":278,"column":60}},"156":{"start":{"line":279,"column":24},"end":{"line":282,"column":25}},"157":{"start":{"line":280,"column":28},"end":{"line":280,"column":50}},"158":{"start":{"line":281,"column":28},"end":{"line":281,"column":98}},"159":{"start":{"line":283,"column":24},"end":{"line":283,"column":108}},"160":{"start":{"line":284,"column":24},"end":{"line":284,"column":55}},"161":{"start":{"line":285,"column":24},"end":{"line":285,"column":50}},"162":{"start":{"line":287,"column":24},"end":{"line":287,"column":105}},"163":{"start":{"line":291,"column":16},"end":{"line":303,"column":17}},"164":{"start":{"line":292,"column":20},"end":{"line":302,"column":21}},"165":{"start":{"line":293,"column":24},"end":{"line":293,"column":53}},"166":{"start":{"line":294,"column":24},"end":{"line":294,"column":47}},"167":{"start":{"line":295,"column":24},"end":{"line":298,"column":25}},"168":{"start":{"line":296,"column":28},"end":{"line":296,"column":51}},"169":{"start":{"line":297,"column":28},"end":{"line":297,"column":98}},"170":{"start":{"line":299,"column":24},"end":{"line":299,"column":110}},"171":{"start":{"line":301,"column":24},"end":{"line":301,"column":80}},"172":{"start":{"line":305,"column":16},"end":{"line":318,"column":17}},"173":{"start":{"line":306,"column":20},"end":{"line":306,"column":49}},"174":{"start":{"line":307,"column":20},"end":{"line":307,"column":50}},"175":{"start":{"line":309,"column":20},"end":{"line":315,"column":21}},"176":{"start":{"line":310,"column":24},"end":{"line":310,"column":47}},"177":{"start":{"line":311,"column":24},"end":{"line":314,"column":25}},"178":{"start":{"line":312,"column":28},"end":{"line":312,"column":52}},"179":{"start":{"line":313,"column":28},"end":{"line":313,"column":98}},"180":{"start":{"line":316,"column":20},"end":{"line":316,"column":108}},"181":{"start":{"line":317,"column":20},"end":{"line":317,"column":69}},"182":{"start":{"line":320,"column":16},"end":{"line":330,"column":17}},"183":{"start":{"line":321,"column":20},"end":{"line":321,"column":69}},"184":{"start":{"line":322,"column":20},"end":{"line":322,"column":55}},"185":{"start":{"line":323,"column":20},"end":{"line":329,"column":21}},"186":{"start":{"line":324,"column":24},"end":{"line":324,"column":123}},"187":{"start":{"line":325,"column":27},"end":{"line":329,"column":21}},"188":{"start":{"line":326,"column":24},"end":{"line":326,"column":51}},"189":{"start":{"line":328,"column":24},"end":{"line":328,"column":81}},"190":{"start":{"line":332,"column":16},"end":{"line":344,"column":17}},"191":{"start":{"line":333,"column":20},"end":{"line":340,"column":21}},"192":{"start":{"line":334,"column":24},"end":{"line":334,"column":60}},"193":{"start":{"line":335,"column":24},"end":{"line":335,"column":91}},"194":{"start":{"line":336,"column":24},"end":{"line":336,"column":64}},"195":{"start":{"line":337,"column":24},"end":{"line":337,"column":90}},"196":{"start":{"line":338,"column":24},"end":{"line":338,"column":61}},"197":{"start":{"line":339,"column":24},"end":{"line":339,"column":85}},"198":{"start":{"line":341,"column":20},"end":{"line":341,"column":59}},"199":{"start":{"line":343,"column":20},"end":{"line":343,"column":46}},"200":{"start":{"line":345,"column":16},"end":{"line":345,"column":23}},"201":{"start":{"line":348,"column":16},"end":{"line":348,"column":123}},"202":{"start":{"line":349,"column":16},"end":{"line":349,"column":51}},"203":{"start":{"line":350,"column":16},"end":{"line":350,"column":60}},"204":{"start":{"line":351,"column":16},"end":{"line":365,"column":17}},"205":{"start":{"line":352,"column":20},"end":{"line":364,"column":23}},"206":{"start":{"line":353,"column":24},"end":{"line":353,"column":61}},"207":{"start":{"line":354,"column":24},"end":{"line":354,"column":80}},"208":{"start":{"line":355,"column":24},"end":{"line":362,"column":25}},"209":{"start":{"line":356,"column":28},"end":{"line":356,"column":61}},"210":{"start":{"line":357,"column":28},"end":{"line":360,"column":29}},"211":{"start":{"line":358,"column":32},"end":{"line":358,"column":59}},"212":{"start":{"line":359,"column":32},"end":{"line":359,"column":99}},"213":{"start":{"line":361,"column":28},"end":{"line":361,"column":119}},"214":{"start":{"line":363,"column":24},"end":{"line":363,"column":47}},"215":{"start":{"line":367,"column":16},"end":{"line":367,"column":23}},"216":{"start":{"line":370,"column":16},"end":{"line":371,"column":27}},"217":{"start":{"line":371,"column":20},"end":{"line":371,"column":27}},"218":{"start":{"line":372,"column":16},"end":{"line":398,"column":17}},"219":{"start":{"line":373,"column":20},"end":{"line":373,"column":69}},"220":{"start":{"line":374,"column":20},"end":{"line":374,"column":55}},"221":{"start":{"line":375,"column":20},"end":{"line":378,"column":85}},"222":{"start":{"line":376,"column":24},"end":{"line":376,"column":137}},"223":{"start":{"line":378,"column":24},"end":{"line":378,"column":85}},"224":{"start":{"line":379,"column":23},"end":{"line":398,"column":17}},"225":{"start":{"line":380,"column":20},"end":{"line":380,"column":70}},"226":{"start":{"line":381,"column":20},"end":{"line":381,"column":56}},"227":{"start":{"line":382,"column":20},"end":{"line":385,"column":86}},"228":{"start":{"line":383,"column":24},"end":{"line":383,"column":138}},"229":{"start":{"line":385,"column":24},"end":{"line":385,"column":86}},"230":{"start":{"line":386,"column":23},"end":{"line":398,"column":17}},"231":{"start":{"line":387,"column":20},"end":{"line":387,"column":66}},"232":{"start":{"line":388,"column":20},"end":{"line":388,"column":56}},"233":{"start":{"line":389,"column":20},"end":{"line":395,"column":21}},"234":{"start":{"line":390,"column":24},"end":{"line":390,"column":47}},"235":{"start":{"line":391,"column":24},"end":{"line":394,"column":25}},"236":{"start":{"line":392,"column":28},"end":{"line":392,"column":58}},"237":{"start":{"line":393,"column":28},"end":{"line":393,"column":98}},"238":{"start":{"line":396,"column":20},"end":{"line":396,"column":85}},"239":{"start":{"line":397,"column":20},"end":{"line":397,"column":46}},"240":{"start":{"line":399,"column":16},"end":{"line":399,"column":23}},"241":{"start":{"line":401,"column":16},"end":{"line":419,"column":19}},"242":{"start":{"line":402,"column":20},"end":{"line":402,"column":53}},"243":{"start":{"line":403,"column":20},"end":{"line":403,"column":73}},"244":{"start":{"line":404,"column":20},"end":{"line":404,"column":68}},"245":{"start":{"line":405,"column":20},"end":{"line":417,"column":21}},"246":{"start":{"line":406,"column":24},"end":{"line":406,"column":57}},"247":{"start":{"line":407,"column":24},"end":{"line":414,"column":25}},"248":{"start":{"line":408,"column":28},"end":{"line":411,"column":29}},"249":{"start":{"line":409,"column":32},"end":{"line":409,"column":59}},"250":{"start":{"line":410,"column":32},"end":{"line":410,"column":99}},"251":{"start":{"line":413,"column":28},"end":{"line":413,"column":119}},"252":{"start":{"line":416,"column":24},"end":{"line":416,"column":50}},"253":{"start":{"line":418,"column":20},"end":{"line":418,"column":43}},"254":{"start":{"line":420,"column":16},"end":{"line":420,"column":23}},"255":{"start":{"line":422,"column":16},"end":{"line":439,"column":19}},"256":{"start":{"line":423,"column":20},"end":{"line":423,"column":54}},"257":{"start":{"line":424,"column":20},"end":{"line":424,"column":57}},"258":{"start":{"line":425,"column":20},"end":{"line":425,"column":75}},"259":{"start":{"line":426,"column":20},"end":{"line":426,"column":40}},"260":{"start":{"line":427,"column":20},"end":{"line":427,"column":71}},"261":{"start":{"line":428,"column":20},"end":{"line":428,"column":72}},"262":{"start":{"line":429,"column":20},"end":{"line":438,"column":21}},"263":{"start":{"line":430,"column":24},"end":{"line":430,"column":53}},"264":{"start":{"line":431,"column":24},"end":{"line":435,"column":25}},"265":{"start":{"line":432,"column":28},"end":{"line":432,"column":126}},"266":{"start":{"line":434,"column":28},"end":{"line":434,"column":75}},"267":{"start":{"line":437,"column":24},"end":{"line":437,"column":62}},"268":{"start":{"line":440,"column":16},"end":{"line":440,"column":23}},"269":{"start":{"line":441,"column":16},"end":{"line":441,"column":73}},"270":{"start":{"line":445,"column":4},"end":{"line":449,"column":6}},"271":{"start":{"line":451,"column":0},"end":{"line":451,"column":74}},"272":{"start":{"line":453,"column":0},"end":{"line":483,"column":1}},"273":{"start":{"line":454,"column":4},"end":{"line":456,"column":6}},"274":{"start":{"line":455,"column":8},"end":{"line":455,"column":56}},"275":{"start":{"line":457,"column":4},"end":{"line":457,"column":82}},"276":{"start":{"line":458,"column":4},"end":{"line":460,"column":7}},"277":{"start":{"line":459,"column":8},"end":{"line":459,"column":80}},"278":{"start":{"line":461,"column":4},"end":{"line":461,"column":111}},"279":{"start":{"line":462,"column":4},"end":{"line":462,"column":47}},"280":{"start":{"line":463,"column":4},"end":{"line":478,"column":5}},"281":{"start":{"line":464,"column":8},"end":{"line":464,"column":76}},"282":{"start":{"line":465,"column":8},"end":{"line":471,"column":9}},"283":{"start":{"line":466,"column":12},"end":{"line":466,"column":57}},"284":{"start":{"line":468,"column":12},"end":{"line":470,"column":26}},"285":{"start":{"line":469,"column":16},"end":{"line":469,"column":32}},"286":{"start":{"line":473,"column":8},"end":{"line":473,"column":64}},"287":{"start":{"line":474,"column":8},"end":{"line":474,"column":87}},"288":{"start":{"line":475,"column":8},"end":{"line":477,"column":23}},"289":{"start":{"line":476,"column":12},"end":{"line":476,"column":28}},"290":{"start":{"line":479,"column":4},"end":{"line":482,"column":6}},"291":{"start":{"line":484,"column":0},"end":{"line":484,"column":66}},"292":{"start":{"line":494,"column":0},"end":{"line":512,"column":1}},"293":{"start":{"line":495,"column":4},"end":{"line":499,"column":5}},"294":{"start":{"line":496,"column":8},"end":{"line":496,"column":63}},"295":{"start":{"line":498,"column":8},"end":{"line":498,"column":18}},"296":{"start":{"line":500,"column":4},"end":{"line":500,"column":68}},"297":{"start":{"line":501,"column":4},"end":{"line":501,"column":57}},"298":{"start":{"line":502,"column":4},"end":{"line":510,"column":5}},"299":{"start":{"line":503,"column":8},"end":{"line":503,"column":40}},"300":{"start":{"line":504,"column":8},"end":{"line":509,"column":9}},"301":{"start":{"line":505,"column":12},"end":{"line":508,"column":13}},"302":{"start":{"line":506,"column":16},"end":{"line":506,"column":42}},"303":{"start":{"line":507,"column":16},"end":{"line":507,"column":22}},"304":{"start":{"line":511,"column":4},"end":{"line":511,"column":104}},"305":{"start":{"line":513,"column":0},"end":{"line":513,"column":42}},"306":{"start":{"line":515,"column":0},"end":{"line":522,"column":1}},"307":{"start":{"line":516,"column":4},"end":{"line":521,"column":5}},"308":{"start":{"line":518,"column":12},"end":{"line":518,"column":134}},"309":{"start":{"line":520,"column":12},"end":{"line":520,"column":55}},"310":{"start":{"line":523,"column":0},"end":{"line":523,"column":40}},"311":{"start":{"line":528,"column":0},"end":{"line":539,"column":1}},"312":{"start":{"line":529,"column":4},"end":{"line":537,"column":30}},"313":{"start":{"line":530,"column":8},"end":{"line":536,"column":11}},"314":{"start":{"line":531,"column":12},"end":{"line":534,"column":13}},"315":{"start":{"line":532,"column":16},"end":{"line":532,"column":83}},"316":{"start":{"line":533,"column":16},"end":{"line":533,"column":29}},"317":{"start":{"line":535,"column":12},"end":{"line":535,"column":24}},"318":{"start":{"line":538,"column":4},"end":{"line":538,"column":28}},"319":{"start":{"line":540,"column":0},"end":{"line":540,"column":48}},"320":{"start":{"line":545,"column":0},"end":{"line":643,"column":1}},"321":{"start":{"line":546,"column":4},"end":{"line":546,"column":22}},"322":{"start":{"line":547,"column":4},"end":{"line":547,"column":119}},"323":{"start":{"line":548,"column":4},"end":{"line":548,"column":116}},"324":{"start":{"line":549,"column":4},"end":{"line":549,"column":45}},"325":{"start":{"line":550,"column":4},"end":{"line":550,"column":33}},"326":{"start":{"line":552,"column":4},"end":{"line":552,"column":21}},"327":{"start":{"line":553,"column":4},"end":{"line":553,"column":23}},"328":{"start":{"line":554,"column":4},"end":{"line":554,"column":23}},"329":{"start":{"line":556,"column":4},"end":{"line":572,"column":7}},"330":{"start":{"line":557,"column":8},"end":{"line":557,"column":114}},"331":{"start":{"line":559,"column":8},"end":{"line":559,"column":43}},"332":{"start":{"line":560,"column":8},"end":{"line":560,"column":59}},"333":{"start":{"line":561,"column":8},"end":{"line":571,"column":9}},"334":{"start":{"line":563,"column":16},"end":{"line":563,"column":38}},"335":{"start":{"line":564,"column":16},"end":{"line":564,"column":22}},"336":{"start":{"line":566,"column":16},"end":{"line":566,"column":40}},"337":{"start":{"line":567,"column":16},"end":{"line":567,"column":22}},"338":{"start":{"line":569,"column":16},"end":{"line":569,"column":40}},"339":{"start":{"line":570,"column":16},"end":{"line":570,"column":22}},"340":{"start":{"line":574,"column":4},"end":{"line":585,"column":6}},"341":{"start":{"line":575,"column":8},"end":{"line":575,"column":24}},"342":{"start":{"line":576,"column":8},"end":{"line":583,"column":9}},"343":{"start":{"line":577,"column":12},"end":{"line":577,"column":40}},"344":{"start":{"line":578,"column":12},"end":{"line":582,"column":13}},"345":{"start":{"line":579,"column":16},"end":{"line":579,"column":48}},"346":{"start":{"line":581,"column":16},"end":{"line":581,"column":128}},"347":{"start":{"line":584,"column":8},"end":{"line":584,"column":22}},"348":{"start":{"line":587,"column":4},"end":{"line":587,"column":42}},"349":{"start":{"line":588,"column":4},"end":{"line":588,"column":47}},"350":{"start":{"line":589,"column":4},"end":{"line":589,"column":48}},"351":{"start":{"line":591,"column":4},"end":{"line":601,"column":6}},"352":{"start":{"line":592,"column":8},"end":{"line":592,"column":27}},"353":{"start":{"line":593,"column":8},"end":{"line":599,"column":11}},"354":{"start":{"line":594,"column":12},"end":{"line":598,"column":13}},"355":{"start":{"line":595,"column":16},"end":{"line":595,"column":45}},"356":{"start":{"line":597,"column":16},"end":{"line":597,"column":74}},"357":{"start":{"line":600,"column":8},"end":{"line":600,"column":20}},"358":{"start":{"line":603,"column":4},"end":{"line":605,"column":5}},"359":{"start":{"line":604,"column":8},"end":{"line":604,"column":72}},"360":{"start":{"line":607,"column":4},"end":{"line":618,"column":5}},"361":{"start":{"line":608,"column":8},"end":{"line":608,"column":57}},"362":{"start":{"line":609,"column":8},"end":{"line":609,"column":19}},"363":{"start":{"line":610,"column":8},"end":{"line":610,"column":38}},"364":{"start":{"line":611,"column":8},"end":{"line":611,"column":61}},"365":{"start":{"line":612,"column":11},"end":{"line":618,"column":5}},"366":{"start":{"line":613,"column":8},"end":{"line":617,"column":9}},"367":{"start":{"line":614,"column":12},"end":{"line":614,"column":72}},"368":{"start":{"line":616,"column":12},"end":{"line":616,"column":43}},"369":{"start":{"line":620,"column":4},"end":{"line":629,"column":5}},"370":{"start":{"line":621,"column":8},"end":{"line":621,"column":53}},"371":{"start":{"line":622,"column":8},"end":{"line":622,"column":78}},"372":{"start":{"line":623,"column":11},"end":{"line":629,"column":5}},"373":{"start":{"line":624,"column":8},"end":{"line":628,"column":9}},"374":{"start":{"line":625,"column":12},"end":{"line":625,"column":75}},"375":{"start":{"line":627,"column":12},"end":{"line":627,"column":96}},"376":{"start":{"line":631,"column":4},"end":{"line":640,"column":5}},"377":{"start":{"line":632,"column":8},"end":{"line":632,"column":54}},"378":{"start":{"line":633,"column":8},"end":{"line":633,"column":118}},"379":{"start":{"line":634,"column":11},"end":{"line":640,"column":5}},"380":{"start":{"line":635,"column":8},"end":{"line":639,"column":9}},"381":{"start":{"line":636,"column":12},"end":{"line":636,"column":127}},"382":{"start":{"line":638,"column":12},"end":{"line":638,"column":138}},"383":{"start":{"line":642,"column":4},"end":{"line":642,"column":32}},"384":{"start":{"line":644,"column":0},"end":{"line":644,"column":68}},"385":{"start":{"line":647,"column":0},"end":{"line":654,"column":1}},"386":{"start":{"line":648,"column":4},"end":{"line":653,"column":52}},"387":{"start":{"line":649,"column":8},"end":{"line":649,"column":89}},"388":{"start":{"line":650,"column":11},"end":{"line":653,"column":52}},"389":{"start":{"line":651,"column":8},"end":{"line":651,"column":89}},"390":{"start":{"line":653,"column":8},"end":{"line":653,"column":52}},"391":{"start":{"line":655,"column":0},"end":{"line":655,"column":34}},"392":{"start":{"line":663,"column":0},"end":{"line":675,"column":1}},"393":{"start":{"line":664,"column":4},"end":{"line":666,"column":5}},"394":{"start":{"line":665,"column":8},"end":{"line":665,"column":20}},"395":{"start":{"line":667,"column":4},"end":{"line":667,"column":51}},"396":{"start":{"line":668,"column":4},"end":{"line":668,"column":29}},"397":{"start":{"line":669,"column":4},"end":{"line":674,"column":20}},"398":{"start":{"line":670,"column":8},"end":{"line":670,"column":47}},"399":{"start":{"line":671,"column":11},"end":{"line":674,"column":20}},"400":{"start":{"line":672,"column":8},"end":{"line":672,"column":56}},"401":{"start":{"line":674,"column":8},"end":{"line":674,"column":20}},"402":{"start":{"line":676,"column":0},"end":{"line":676,"column":64}},"403":{"start":{"line":678,"column":0},"end":{"line":680,"column":1}},"404":{"start":{"line":679,"column":4},"end":{"line":679,"column":57}},"405":{"start":{"line":681,"column":0},"end":{"line":681,"column":38}},"406":{"start":{"line":683,"column":0},"end":{"line":727,"column":1}},"407":{"start":{"line":684,"column":4},"end":{"line":684,"column":39}},"408":{"start":{"line":685,"column":4},"end":{"line":685,"column":26}},"409":{"start":{"line":686,"column":4},"end":{"line":688,"column":5}},"410":{"start":{"line":687,"column":8},"end":{"line":687,"column":33}},"411":{"start":{"line":689,"column":4},"end":{"line":689,"column":24}},"412":{"start":{"line":690,"column":4},"end":{"line":719,"column":7}},"413":{"start":{"line":691,"column":8},"end":{"line":691,"column":25}},"414":{"start":{"line":692,"column":8},"end":{"line":707,"column":9}},"415":{"start":{"line":694,"column":16},"end":{"line":694,"column":88}},"416":{"start":{"line":695,"column":16},"end":{"line":695,"column":22}},"417":{"start":{"line":697,"column":16},"end":{"line":697,"column":77}},"418":{"start":{"line":698,"column":16},"end":{"line":698,"column":22}},"419":{"start":{"line":700,"column":16},"end":{"line":700,"column":76}},"420":{"start":{"line":701,"column":16},"end":{"line":701,"column":49}},"421":{"start":{"line":702,"column":16},"end":{"line":702,"column":50}},"422":{"start":{"line":703,"column":16},"end":{"line":703,"column":68}},"423":{"start":{"line":706,"column":16},"end":{"line":706,"column":41}},"424":{"start":{"line":710,"column":8},"end":{"line":712,"column":9},"skip":true},"425":{"start":{"line":711,"column":12},"end":{"line":711,"column":19},"skip":true},"426":{"start":{"line":714,"column":8},"end":{"line":716,"column":9}},"427":{"start":{"line":715,"column":12},"end":{"line":715,"column":43}},"428":{"start":{"line":717,"column":8},"end":{"line":717,"column":53}},"429":{"start":{"line":718,"column":8},"end":{"line":718,"column":38}},"430":{"start":{"line":720,"column":4},"end":{"line":720,"column":37}},"431":{"start":{"line":721,"column":4},"end":{"line":721,"column":30}},"432":{"start":{"line":722,"column":4},"end":{"line":724,"column":7}},"433":{"start":{"line":723,"column":8},"end":{"line":723,"column":137}},"434":{"start":{"line":725,"column":4},"end":{"line":725,"column":76}},"435":{"start":{"line":726,"column":4},"end":{"line":726,"column":20}},"436":{"start":{"line":728,"column":0},"end":{"line":728,"column":50}},"437":{"start":{"line":730,"column":0},"end":{"line":733,"column":1}},"438":{"start":{"line":731,"column":4},"end":{"line":731,"column":37}},"439":{"start":{"line":732,"column":4},"end":{"line":732,"column":39}},"440":{"start":{"line":734,"column":0},"end":{"line":734,"column":32}},"441":{"start":{"line":736,"column":0},"end":{"line":736,"column":41}},"442":{"start":{"line":737,"column":0},"end":{"line":737,"column":35}},"443":{"start":{"line":738,"column":0},"end":{"line":738,"column":31}},"444":{"start":{"line":739,"column":0},"end":{"line":739,"column":43}},"445":{"start":{"line":740,"column":0},"end":{"line":740,"column":47}},"446":{"start":{"line":741,"column":0},"end":{"line":741,"column":57}},"447":{"start":{"line":742,"column":0},"end":{"line":742,"column":49}},"448":{"start":{"line":743,"column":0},"end":{"line":743,"column":45}}},"branchMap":{"1":{"line":86,"type":"if","locations":[{"start":{"line":86,"column":4},"end":{"line":86,"column":4}},{"start":{"line":86,"column":4},"end":{"line":86,"column":4}}]},"2":{"line":99,"type":"if","locations":[{"start":{"line":99,"column":8},"end":{"line":99,"column":8}},{"start":{"line":99,"column":8},"end":{"line":99,"column":8}}]},"3":{"line":100,"type":"if","locations":[{"start":{"line":100,"column":12},"end":{"line":100,"column":12}},{"start":{"line":100,"column":12},"end":{"line":100,"column":12}}]},"4":{"line":105,"type":"cond-expr","locations":[{"start":{"line":105,"column":53},"end":{"line":105,"column":66}},{"start":{"line":105,"column":69},"end":{"line":105,"column":79}}]},"5":{"line":110,"type":"if","locations":[{"start":{"line":110,"column":12},"end":{"line":110,"column":12}},{"start":{"line":110,"column":12},"end":{"line":110,"column":12}}]},"6":{"line":111,"type":"cond-expr","locations":[{"start":{"line":111,"column":63},"end":{"line":111,"column":86}},{"start":{"line":111,"column":89},"end":{"line":111,"column":109}}]},"7":{"line":115,"type":"cond-expr","locations":[{"start":{"line":115,"column":67},"end":{"line":115,"column":100}},{"start":{"line":115,"column":103},"end":{"line":115,"column":119}}]},"8":{"line":116,"type":"if","locations":[{"start":{"line":116,"column":12},"end":{"line":116,"column":12}},{"start":{"line":116,"column":12},"end":{"line":116,"column":12}}]},"9":{"line":145,"type":"binary-expr","locations":[{"start":{"line":145,"column":18},"end":{"line":145,"column":29}},{"start":{"line":145,"column":33},"end":{"line":145,"column":45}}]},"10":{"line":170,"type":"if","locations":[{"start":{"line":170,"column":8},"end":{"line":170,"column":8}},{"start":{"line":170,"column":8},"end":{"line":170,"column":8}}]},"11":{"line":179,"type":"if","locations":[{"start":{"line":179,"column":8},"end":{"line":179,"column":8}},{"start":{"line":179,"column":8},"end":{"line":179,"column":8}}]},"12":{"line":191,"type":"if","locations":[{"start":{"line":191,"column":8},"end":{"line":191,"column":8}},{"start":{"line":191,"column":8},"end":{"line":191,"column":8}}]},"13":{"line":191,"type":"binary-expr","locations":[{"start":{"line":191,"column":12},"end":{"line":191,"column":37}},{"start":{"line":191,"column":41},"end":{"line":191,"column":59}},{"start":{"line":191,"column":63},"end":{"line":191,"column":108}},{"start":{"line":191,"column":113},"end":{"line":191,"column":132}},{"start":{"line":191,"column":136},"end":{"line":191,"column":166}}]},"14":{"line":195,"type":"if","locations":[{"start":{"line":195,"column":12},"end":{"line":195,"column":12}},{"start":{"line":195,"column":12},"end":{"line":195,"column":12}}]},"15":{"line":195,"type":"binary-expr","locations":[{"start":{"line":195,"column":16},"end":{"line":195,"column":45}},{"start":{"line":195,"column":49},"end":{"line":195,"column":82}}]},"16":{"line":196,"type":"if","locations":[{"start":{"line":196,"column":16},"end":{"line":196,"column":16}},{"start":{"line":196,"column":16},"end":{"line":196,"column":16}}]},"17":{"line":203,"type":"if","locations":[{"start":{"line":203,"column":23},"end":{"line":203,"column":23}},{"start":{"line":203,"column":23},"end":{"line":203,"column":23}}]},"18":{"line":216,"type":"if","locations":[{"start":{"line":216,"column":12},"end":{"line":216,"column":12}},{"start":{"line":216,"column":12},"end":{"line":216,"column":12}}]},"19":{"line":238,"type":"if","locations":[{"start":{"line":238,"column":12},"end":{"line":238,"column":12}},{"start":{"line":238,"column":12},"end":{"line":238,"column":12}}]},"20":{"line":240,"type":"cond-expr","locations":[{"start":{"line":240,"column":136},"end":{"line":240,"column":166}},{"start":{"line":240,"column":169},"end":{"line":240,"column":184}}]},"21":{"line":240,"type":"binary-expr","locations":[{"start":{"line":240,"column":57},"end":{"line":240,"column":90}},{"start":{"line":240,"column":94},"end":{"line":240,"column":132}}]},"22":{"line":241,"type":"if","locations":[{"start":{"line":241,"column":19},"end":{"line":241,"column":19}},{"start":{"line":241,"column":19},"end":{"line":241,"column":19}}]},"23":{"line":249,"type":"switch","locations":[{"start":{"line":250,"column":12},"end":{"line":345,"column":23}},{"start":{"line":347,"column":12},"end":{"line":367,"column":23}},{"start":{"line":369,"column":12},"end":{"line":399,"column":23}},{"start":{"line":400,"column":12},"end":{"line":420,"column":23}},{"start":{"line":421,"column":12},"end":{"line":441,"column":73}}]},"24":{"line":255,"type":"if","locations":[{"start":{"line":255,"column":16},"end":{"line":255,"column":16}},{"start":{"line":255,"column":16},"end":{"line":255,"column":16}}]},"25":{"line":259,"type":"if","locations":[{"start":{"line":259,"column":24},"end":{"line":259,"column":24}},{"start":{"line":259,"column":24},"end":{"line":259,"column":24}}]},"26":{"line":261,"type":"if","locations":[{"start":{"line":261,"column":29},"end":{"line":261,"column":29}},{"start":{"line":261,"column":29},"end":{"line":261,"column":29}}]},"27":{"line":271,"type":"if","locations":[{"start":{"line":271,"column":16},"end":{"line":271,"column":16}},{"start":{"line":271,"column":16},"end":{"line":271,"column":16}}]},"28":{"line":271,"type":"binary-expr","locations":[{"start":{"line":271,"column":20},"end":{"line":271,"column":26}},{"start":{"line":271,"column":30},"end":{"line":271,"column":43}}]},"29":{"line":272,"type":"if","locations":[{"start":{"line":272,"column":20},"end":{"line":272,"column":20}},{"start":{"line":272,"column":20},"end":{"line":272,"column":20}}]},"30":{"line":291,"type":"if","locations":[{"start":{"line":291,"column":16},"end":{"line":291,"column":16}},{"start":{"line":291,"column":16},"end":{"line":291,"column":16}}]},"31":{"line":291,"type":"binary-expr","locations":[{"start":{"line":291,"column":20},"end":{"line":291,"column":27}},{"start":{"line":291,"column":31},"end":{"line":291,"column":45}}]},"32":{"line":292,"type":"if","locations":[{"start":{"line":292,"column":20},"end":{"line":292,"column":20}},{"start":{"line":292,"column":20},"end":{"line":292,"column":20}}]},"33":{"line":305,"type":"if","locations":[{"start":{"line":305,"column":16},"end":{"line":305,"column":16}},{"start":{"line":305,"column":16},"end":{"line":305,"column":16}}]},"34":{"line":305,"type":"binary-expr","locations":[{"start":{"line":305,"column":20},"end":{"line":305,"column":28}},{"start":{"line":305,"column":32},"end":{"line":305,"column":47}}]},"35":{"line":309,"type":"if","locations":[{"start":{"line":309,"column":20},"end":{"line":309,"column":20}},{"start":{"line":309,"column":20},"end":{"line":309,"column":20}}]},"36":{"line":320,"type":"if","locations":[{"start":{"line":320,"column":16},"end":{"line":320,"column":16}},{"start":{"line":320,"column":16},"end":{"line":320,"column":16}}]},"37":{"line":320,"type":"binary-expr","locations":[{"start":{"line":320,"column":20},"end":{"line":320,"column":37}},{"start":{"line":320,"column":41},"end":{"line":320,"column":75}}]},"38":{"line":323,"type":"if","locations":[{"start":{"line":323,"column":20},"end":{"line":323,"column":20}},{"start":{"line":323,"column":20},"end":{"line":323,"column":20}}]},"39":{"line":325,"type":"if","locations":[{"start":{"line":325,"column":27},"end":{"line":325,"column":27}},{"start":{"line":325,"column":27},"end":{"line":325,"column":27}}]},"40":{"line":332,"type":"if","locations":[{"start":{"line":332,"column":16},"end":{"line":332,"column":16}},{"start":{"line":332,"column":16},"end":{"line":332,"column":16}}]},"41":{"line":333,"type":"if","locations":[{"start":{"line":333,"column":20},"end":{"line":333,"column":20}},{"start":{"line":333,"column":20},"end":{"line":333,"column":20}}]},"42":{"line":351,"type":"if","locations":[{"start":{"line":351,"column":16},"end":{"line":351,"column":16}},{"start":{"line":351,"column":16},"end":{"line":351,"column":16}}]},"43":{"line":355,"type":"if","locations":[{"start":{"line":355,"column":24},"end":{"line":355,"column":24}},{"start":{"line":355,"column":24},"end":{"line":355,"column":24}}]},"44":{"line":355,"type":"binary-expr","locations":[{"start":{"line":355,"column":28},"end":{"line":355,"column":39}},{"start":{"line":355,"column":43},"end":{"line":355,"column":61}}]},"45":{"line":370,"type":"if","locations":[{"start":{"line":370,"column":16},"end":{"line":370,"column":16}},{"start":{"line":370,"column":16},"end":{"line":370,"column":16}}]},"46":{"line":372,"type":"if","locations":[{"start":{"line":372,"column":16},"end":{"line":372,"column":16}},{"start":{"line":372,"column":16},"end":{"line":372,"column":16}}]},"47":{"line":375,"type":"if","locations":[{"start":{"line":375,"column":20},"end":{"line":375,"column":20}},{"start":{"line":375,"column":20},"end":{"line":375,"column":20}}]},"48":{"line":379,"type":"if","locations":[{"start":{"line":379,"column":23},"end":{"line":379,"column":23}},{"start":{"line":379,"column":23},"end":{"line":379,"column":23}}]},"49":{"line":382,"type":"if","locations":[{"start":{"line":382,"column":20},"end":{"line":382,"column":20}},{"start":{"line":382,"column":20},"end":{"line":382,"column":20}}]},"50":{"line":386,"type":"if","locations":[{"start":{"line":386,"column":23},"end":{"line":386,"column":23}},{"start":{"line":386,"column":23},"end":{"line":386,"column":23}}]},"51":{"line":386,"type":"binary-expr","locations":[{"start":{"line":386,"column":27},"end":{"line":386,"column":41}},{"start":{"line":386,"column":45},"end":{"line":386,"column":70}}]},"52":{"line":389,"type":"if","locations":[{"start":{"line":389,"column":20},"end":{"line":389,"column":20}},{"start":{"line":389,"column":20},"end":{"line":389,"column":20}}]},"53":{"line":405,"type":"if","locations":[{"start":{"line":405,"column":20},"end":{"line":405,"column":20}},{"start":{"line":405,"column":20},"end":{"line":405,"column":20}}]},"54":{"line":405,"type":"binary-expr","locations":[{"start":{"line":405,"column":24},"end":{"line":405,"column":35}},{"start":{"line":405,"column":39},"end":{"line":405,"column":57}}]},"55":{"line":407,"type":"if","locations":[{"start":{"line":407,"column":24},"end":{"line":407,"column":24}},{"start":{"line":407,"column":24},"end":{"line":407,"column":24}}]},"56":{"line":429,"type":"if","locations":[{"start":{"line":429,"column":20},"end":{"line":429,"column":20}},{"start":{"line":429,"column":20},"end":{"line":429,"column":20}}]},"57":{"line":429,"type":"binary-expr","locations":[{"start":{"line":429,"column":24},"end":{"line":429,"column":35}},{"start":{"line":429,"column":39},"end":{"line":429,"column":57}}]},"58":{"line":431,"type":"if","locations":[{"start":{"line":431,"column":24},"end":{"line":431,"column":24}},{"start":{"line":431,"column":24},"end":{"line":431,"column":24}}]},"59":{"line":463,"type":"if","locations":[{"start":{"line":463,"column":4},"end":{"line":463,"column":4}},{"start":{"line":463,"column":4},"end":{"line":463,"column":4}}]},"60":{"line":465,"type":"if","locations":[{"start":{"line":465,"column":8},"end":{"line":465,"column":8}},{"start":{"line":465,"column":8},"end":{"line":465,"column":8}}]},"61":{"line":495,"type":"if","locations":[{"start":{"line":495,"column":4},"end":{"line":495,"column":4}},{"start":{"line":495,"column":4},"end":{"line":495,"column":4}}]},"62":{"line":502,"type":"if","locations":[{"start":{"line":502,"column":4},"end":{"line":502,"column":4}},{"start":{"line":502,"column":4},"end":{"line":502,"column":4}}]},"63":{"line":505,"type":"if","locations":[{"start":{"line":505,"column":12},"end":{"line":505,"column":12}},{"start":{"line":505,"column":12},"end":{"line":505,"column":12}}]},"64":{"line":516,"type":"switch","locations":[{"start":{"line":517,"column":8},"end":{"line":518,"column":134}},{"start":{"line":519,"column":8},"end":{"line":520,"column":55}}]},"65":{"line":531,"type":"if","locations":[{"start":{"line":531,"column":12},"end":{"line":531,"column":12}},{"start":{"line":531,"column":12},"end":{"line":531,"column":12}}]},"66":{"line":531,"type":"binary-expr","locations":[{"start":{"line":531,"column":16},"end":{"line":531,"column":59}},{"start":{"line":531,"column":63},"end":{"line":531,"column":96}},{"start":{"line":531,"column":100},"end":{"line":531,"column":130}},{"start":{"line":531,"column":134},"end":{"line":531,"column":186}}]},"67":{"line":557,"type":"binary-expr","locations":[{"start":{"line":557,"column":15},"end":{"line":557,"column":59}},{"start":{"line":557,"column":63},"end":{"line":557,"column":113}}]},"68":{"line":561,"type":"switch","locations":[{"start":{"line":562,"column":12},"end":{"line":564,"column":22}},{"start":{"line":565,"column":12},"end":{"line":567,"column":22}},{"start":{"line":568,"column":12},"end":{"line":570,"column":22}}]},"69":{"line":578,"type":"if","locations":[{"start":{"line":578,"column":12},"end":{"line":578,"column":12}},{"start":{"line":578,"column":12},"end":{"line":578,"column":12}}]},"70":{"line":594,"type":"if","locations":[{"start":{"line":594,"column":12},"end":{"line":594,"column":12}},{"start":{"line":594,"column":12},"end":{"line":594,"column":12}}]},"71":{"line":607,"type":"if","locations":[{"start":{"line":607,"column":4},"end":{"line":607,"column":4}},{"start":{"line":607,"column":4},"end":{"line":607,"column":4}}]},"72":{"line":612,"type":"if","locations":[{"start":{"line":612,"column":11},"end":{"line":612,"column":11}},{"start":{"line":612,"column":11},"end":{"line":612,"column":11}}]},"73":{"line":613,"type":"if","locations":[{"start":{"line":613,"column":8},"end":{"line":613,"column":8}},{"start":{"line":613,"column":8},"end":{"line":613,"column":8}}]},"74":{"line":620,"type":"if","locations":[{"start":{"line":620,"column":4},"end":{"line":620,"column":4}},{"start":{"line":620,"column":4},"end":{"line":620,"column":4}}]},"75":{"line":623,"type":"if","locations":[{"start":{"line":623,"column":11},"end":{"line":623,"column":11}},{"start":{"line":623,"column":11},"end":{"line":623,"column":11}}]},"76":{"line":624,"type":"if","locations":[{"start":{"line":624,"column":8},"end":{"line":624,"column":8}},{"start":{"line":624,"column":8},"end":{"line":624,"column":8}}]},"77":{"line":631,"type":"if","locations":[{"start":{"line":631,"column":4},"end":{"line":631,"column":4}},{"start":{"line":631,"column":4},"end":{"line":631,"column":4}}]},"78":{"line":634,"type":"if","locations":[{"start":{"line":634,"column":11},"end":{"line":634,"column":11}},{"start":{"line":634,"column":11},"end":{"line":634,"column":11}}]},"79":{"line":635,"type":"if","locations":[{"start":{"line":635,"column":8},"end":{"line":635,"column":8}},{"start":{"line":635,"column":8},"end":{"line":635,"column":8}}]},"80":{"line":648,"type":"if","locations":[{"start":{"line":648,"column":4},"end":{"line":648,"column":4}},{"start":{"line":648,"column":4},"end":{"line":648,"column":4}}]},"81":{"line":650,"type":"if","locations":[{"start":{"line":650,"column":11},"end":{"line":650,"column":11}},{"start":{"line":650,"column":11},"end":{"line":650,"column":11}}]},"82":{"line":664,"type":"if","locations":[{"start":{"line":664,"column":4},"end":{"line":664,"column":4}},{"start":{"line":664,"column":4},"end":{"line":664,"column":4}}]},"83":{"line":669,"type":"if","locations":[{"start":{"line":669,"column":4},"end":{"line":669,"column":4}},{"start":{"line":669,"column":4},"end":{"line":669,"column":4}}]},"84":{"line":671,"type":"if","locations":[{"start":{"line":671,"column":11},"end":{"line":671,"column":11}},{"start":{"line":671,"column":11},"end":{"line":671,"column":11}}]},"85":{"line":692,"type":"switch","locations":[{"start":{"line":693,"column":12},"end":{"line":695,"column":22}},{"start":{"line":696,"column":12},"end":{"line":698,"column":22}},{"start":{"line":699,"column":12},"end":{"line":703,"column":68}},{"start":{"line":704,"column":12},"end":{"line":704,"column":25}},{"start":{"line":705,"column":12},"end":{"line":706,"column":41}}]},"86":{"line":710,"type":"if","locations":[{"start":{"line":710,"column":8},"end":{"line":710,"column":8},"skip":true},{"start":{"line":710,"column":8},"end":{"line":710,"column":8},"skip":true}]}},"l":{"1":1,"3":1,"5":1,"7":1,"8":1,"9":1,"10":1,"11":1,"12":1,"13":1,"14":1,"15":1,"16":1,"17":1,"18":1,"19":1,"20":1,"21":1,"22":1,"23":1,"24":1,"26":1,"51":1,"53":1,"54":1,"55":21,"56":21,"59":1,"60":5,"62":1,"71":1,"72":122,"74":1,"85":1,"86":153,"87":153,"89":153,"90":153,"91":153,"92":153,"93":153,"94":153,"95":153,"96":197,"97":197,"98":197,"99":197,"100":197,"101":6,"103":191,"105":191,"107":191,"108":191,"109":191,"110":191,"111":38,"112":38,"113":38,"115":191,"116":191,"117":153,"122":147,"123":147,"124":147,"125":147,"126":147,"128":1,"133":1,"134":115,"136":1,"144":1,"145":3,"147":3,"148":3,"149":3,"150":3,"151":3,"155":3,"156":21,"160":21,"166":3,"167":18,"168":18,"169":18,"170":18,"171":0,"173":18,"176":18,"177":18,"178":18,"179":18,"180":0,"182":18,"186":3,"187":21,"188":21,"189":21,"191":21,"192":15,"193":15,"195":15,"196":15,"197":12,"202":12,"203":3,"204":3,"208":3,"213":6,"214":3,"216":3,"217":0,"218":0,"219":0,"220":0,"223":3,"225":6,"228":3,"229":21,"230":21,"231":21,"232":21,"233":21,"234":21,"235":21,"237":1,"238":18,"239":12,"240":12,"241":6,"242":3,"244":3,"246":18,"249":21,"251":15,"252":15,"253":15,"255":15,"256":6,"257":6,"258":3,"259":3,"260":0,"261":3,"262":0,"263":0,"264":0,"266":3,"269":15,"271":15,"272":0,"273":0,"274":0,"276":0,"278":0,"279":0,"280":0,"281":0,"283":0,"284":0,"285":0,"287":0,"291":15,"292":15,"293":0,"294":0,"295":0,"296":0,"297":0,"299":0,"301":15,"305":15,"306":0,"307":0,"309":0,"310":0,"311":0,"312":0,"313":0,"316":0,"317":0,"320":15,"321":0,"322":0,"323":0,"324":0,"325":0,"326":0,"328":0,"332":15,"333":12,"334":12,"335":12,"336":12,"337":12,"338":12,"339":12,"341":12,"343":3,"345":15,"348":0,"349":0,"350":0,"351":0,"352":0,"353":0,"354":0,"355":0,"356":0,"357":0,"358":0,"359":0,"361":0,"363":0,"367":0,"370":6,"371":3,"372":3,"373":0,"374":0,"375":0,"376":0,"378":0,"379":3,"380":0,"381":0,"382":0,"383":0,"385":0,"386":3,"387":3,"388":3,"389":3,"390":0,"391":0,"392":0,"393":0,"396":3,"397":3,"399":3,"401":0,"402":0,"403":0,"404":0,"405":0,"406":0,"407":0,"408":0,"409":0,"410":0,"413":0,"416":0,"418":0,"420":0,"422":0,"423":0,"424":0,"425":0,"426":0,"427":0,"428":0,"429":0,"430":0,"431":0,"432":0,"434":0,"437":0,"440":0,"441":0,"445":3,"451":1,"453":1,"454":3,"455":6,"457":3,"458":3,"459":6,"461":3,"462":3,"463":3,"464":0,"465":0,"466":0,"468":0,"469":0,"473":3,"474":3,"475":3,"476":6,"479":3,"484":1,"494":1,"495":44,"496":121,"498":1,"500":43,"501":43,"502":43,"503":3,"504":3,"505":3,"506":3,"507":3,"511":43,"513":1,"515":1,"516":83,"518":80,"520":3,"523":1,"528":1,"529":82,"530":83,"531":339,"532":1,"533":1,"535":338,"538":82,"540":1,"545":1,"546":80,"547":80,"548":80,"549":80,"550":80,"552":80,"553":80,"554":80,"556":80,"557":333,"559":39,"560":39,"561":39,"563":30,"564":30,"566":5,"567":5,"569":4,"570":4,"574":80,"575":240,"576":240,"577":39,"578":39,"579":10,"581":29,"584":240,"587":80,"588":80,"589":80,"591":80,"592":5,"593":5,"594":12,"595":2,"597":10,"600":5,"603":1,"604":2,"607":80,"608":3,"609":3,"610":3,"611":3,"612":77,"613":22,"614":5,"616":17,"620":80,"621":1,"622":1,"623":79,"624":3,"625":2,"627":1,"631":80,"632":1,"633":1,"634":79,"635":2,"636":1,"638":1,"642":80,"644":1,"647":1,"648":4,"649":1,"650":3,"651":2,"653":1,"655":1,"663":1,"664":7,"665":1,"667":6,"668":6,"669":6,"670":2,"671":4,"672":1,"674":3,"676":1,"678":1,"679":2,"681":1,"683":1,"684":5,"685":5,"686":5,"687":52,"689":5,"690":5,"691":27,"692":27,"694":19,"695":19,"697":8,"698":8,"700":0,"701":0,"702":0,"703":0,"706":0,"710":27,"711":1,"714":27,"715":169,"717":27,"718":27,"720":5,"721":5,"722":5,"723":22,"725":5,"726":5,"728":1,"730":1,"731":2,"732":2,"734":1,"736":1,"737":1,"738":1,"739":1,"740":1,"741":1,"742":1,"743":1}},
"/home/ubuntu/src/github.com/OmarCastro/ShellHive/lib/common/graph.js":{"path":"/home/ubuntu/src/github.com/OmarCastro/ShellHive/lib/common/graph.js","s":{"1":1,"2":5,"3":4,"4":4,"5":1,"6":5,"7":5,"8":5,"9":1,"10":1,"11":359,"12":359,"13":359,"14":359,"15":359,"16":359,"17":359,"18":359,"19":359,"20":359,"21":359,"22":359,"23":1,"24":99,"25":1,"26":3,"27":6,"28":1,"29":2,"30":1,"31":2,"32":1,"33":1,"34":1,"35":1,"36":1,"37":2,"38":2,"39":1,"40":1,"41":1,"42":1,"43":1,"44":1,"45":1,"46":31,"47":31,"48":1,"49":26,"50":26,"51":1,"52":26,"53":1,"54":26,"55":1,"56":1,"57":1,"58":1,"59":44,"60":44,"61":44,"62":44,"63":44,"64":44,"65":44,"66":124,"67":44,"68":80,"69":80,"70":1,"71":1,"72":1,"73":1,"74":1,"75":4,"76":4,"77":4,"78":1,"79":3,"80":3,"81":3,"82":3,"83":1,"84":1,"85":1,"86":1,"87":307,"88":307,"89":1,"90":1,"91":1,"92":1,"93":1,"94":1,"95":210,"96":210,"97":210,"98":1,"99":1,"100":1,"101":1,"102":1,"103":1,"104":93,"105":93,"106":93,"107":1,"108":1,"109":1,"110":1,"111":1,"112":1,"113":1,"114":1,"115":1,"116":1,"117":1,"118":1,"119":1,"120":1,"121":1,"122":1,"123":1,"124":1,"125":1,"126":1,"127":1,"128":1,"129":1,"130":1,"131":1,"132":3,"133":3,"134":3,"135":1,"136":1,"137":1,"138":1,"139":1,"140":185,"141":185,"142":185,"143":185,"144":1,"145":558,"146":1,"147":318,"148":1,"149":5,"150":1,"151":1,"152":1,"153":1,"154":339,"155":339,"156":339,"157":339,"158":339,"159":1,"160":146,"161":146,"162":92,"163":54,"164":146,"165":1,"166":146,"167":1,"168":146,"169":1,"170":39,"171":1,"172":38,"173":38,"174":41,"175":38,"176":1,"177":41,"178":41,"179":41,"180":41,"181":41,"182":1,"183":145,"184":145,"185":145,"186":145,"187":145,"188":202,"189":202,"190":202,"191":1,"192":145,"193":1,"194":145,"195":1,"196":191,"197":191,"198":191,"199":191,"200":127,"201":127,"202":191,"203":127,"204":127,"205":127,"206":127,"207":191,"208":191,"209":98,"210":98,"211":98,"212":191,"213":1,"214":1},"b":{"1":[1,1],"2":[4,0],"3":[359,0],"4":[359,0],"5":[359,0],"6":[359,0],"7":[1,5],"8":[1,1],"9":[1,0],"10":[1,1],"11":[2,1],"12":[92,54],"13":[1,38],"14":[1,144],"15":[29,98],"16":[98,93]},"f":{"1":5,"2":5,"3":1,"4":359,"5":99,"6":3,"7":2,"8":31,"9":26,"10":26,"11":26,"12":1,"13":44,"14":124,"15":80,"16":1,"17":4,"18":3,"19":1,"20":307,"21":1,"22":210,"23":1,"24":93,"25":1,"26":1,"27":1,"28":1,"29":3,"30":1,"31":185,"32":558,"33":318,"34":5,"35":1,"36":339,"37":146,"38":146,"39":146,"40":39,"41":41,"42":145,"43":202,"44":145,"45":191,"46":127,"47":127},"fnMap":{"1":{"name":"(anonymous_1)","line":1,"loc":{"start":{"line":1,"column":19},"end":{"line":1,"column":50}}},"2":{"name":"__","line":3,"loc":{"start":{"line":3,"column":4},"end":{"line":3,"column":18}}},"3":{"name":"(anonymous_3)","line":7,"loc":{"start":{"line":7,"column":13},"end":{"line":7,"column":25}}},"4":{"name":"Graph","line":8,"loc":{"start":{"line":8,"column":4},"end":{"line":8,"column":73}}},"5":{"name":"(anonymous_5)","line":22,"loc":{"start":{"line":22,"column":29},"end":{"line":22,"column":41}}},"6":{"name":"(anonymous_6)","line":32,"loc":{"start":{"line":32,"column":40},"end":{"line":32,"column":61}}},"7":{"name":"(anonymous_7)","line":44,"loc":{"start":{"line":44,"column":38},"end":{"line":44,"column":59}}},"8":{"name":"(anonymous_8)","line":67,"loc":{"start":{"line":67,"column":30},"end":{"line":67,"column":93}}},"9":{"name":"(anonymous_9)","line":75,"loc":{"start":{"line":75,"column":29},"end":{"line":75,"column":46}}},"10":{"name":"(anonymous_10)","line":85,"loc":{"start":{"line":85,"column":39},"end":{"line":85,"column":61}}},"11":{"name":"(anonymous_11)","line":88,"loc":{"start":{"line":88,"column":40},"end":{"line":88,"column":63}}},"12":{"name":"(anonymous_12)","line":95,"loc":{"start":{"line":95,"column":20},"end":{"line":95,"column":32}}},"13":{"name":"IndexedGraph","line":96,"loc":{"start":{"line":96,"column":4},"end":{"line":96,"column":33}}},"14":{"name":"(anonymous_14)","line":104,"loc":{"start":{"line":104,"column":33},"end":{"line":104,"column":54}}},"15":{"name":"(anonymous_15)","line":107,"loc":{"start":{"line":107,"column":34},"end":{"line":107,"column":56}}},"16":{"name":"(anonymous_16)","line":116,"loc":{"start":{"line":116,"column":13},"end":{"line":116,"column":31}}},"17":{"name":"Macro","line":118,"loc":{"start":{"line":118,"column":4},"end":{"line":118,"column":38}}},"18":{"name":"(anonymous_18)","line":123,"loc":{"start":{"line":123,"column":22},"end":{"line":123,"column":62}}},"19":{"name":"(anonymous_19)","line":134,"loc":{"start":{"line":134,"column":17},"end":{"line":134,"column":29}}},"20":{"name":"Component","line":135,"loc":{"start":{"line":135,"column":4},"end":{"line":135,"column":25}}},"21":{"name":"(anonymous_21)","line":147,"loc":{"start":{"line":147,"column":24},"end":{"line":147,"column":42}}},"22":{"name":"CommandComponent","line":149,"loc":{"start":{"line":149,"column":4},"end":{"line":149,"column":32}}},"23":{"name":"(anonymous_23)","line":162,"loc":{"start":{"line":162,"column":21},"end":{"line":162,"column":39}}},"24":{"name":"FileComponent","line":164,"loc":{"start":{"line":164,"column":4},"end":{"line":164,"column":37}}},"25":{"name":"(anonymous_25)","line":177,"loc":{"start":{"line":177,"column":22},"end":{"line":177,"column":40}}},"26":{"name":"GraphComponent","line":179,"loc":{"start":{"line":179,"column":4},"end":{"line":179,"column":47}}},"27":{"name":"(anonymous_27)","line":190,"loc":{"start":{"line":190,"column":44},"end":{"line":190,"column":65}}},"28":{"name":"(anonymous_28)","line":203,"loc":{"start":{"line":203,"column":22},"end":{"line":203,"column":40}}},"29":{"name":"MacroComponent","line":205,"loc":{"start":{"line":205,"column":4},"end":{"line":205,"column":35}}},"30":{"name":"(anonymous_30)","line":216,"loc":{"start":{"line":216,"column":18},"end":{"line":216,"column":30}}},"31":{"name":"Connection","line":217,"loc":{"start":{"line":217,"column":4},"end":{"line":217,"column":74}}},"32":{"name":"(anonymous_32)","line":224,"loc":{"start":{"line":224,"column":13},"end":{"line":224,"column":25}}},"33":{"name":"(anonymous_33)","line":231,"loc":{"start":{"line":231,"column":13},"end":{"line":231,"column":25}}},"34":{"name":"(anonymous_34)","line":238,"loc":{"start":{"line":238,"column":34},"end":{"line":238,"column":46}}},"35":{"name":"(anonymous_35)","line":251,"loc":{"start":{"line":251,"column":16},"end":{"line":251,"column":28}}},"36":{"name":"Boundary","line":252,"loc":{"start":{"line":252,"column":4},"end":{"line":252,"column":60}}},"37":{"name":"(anonymous_37)","line":259,"loc":{"start":{"line":259,"column":28},"end":{"line":259,"column":55}}},"38":{"name":"(anonymous_38)","line":269,"loc":{"start":{"line":269,"column":31},"end":{"line":269,"column":59}}},"39":{"name":"(anonymous_39)","line":273,"loc":{"start":{"line":273,"column":35},"end":{"line":273,"column":56}}},"40":{"name":"(anonymous_40)","line":277,"loc":{"start":{"line":277,"column":36},"end":{"line":277,"column":58}}},"41":{"name":"(anonymous_41)","line":288,"loc":{"start":{"line":288,"column":32},"end":{"line":288,"column":53}}},"42":{"name":"(anonymous_42)","line":296,"loc":{"start":{"line":296,"column":25},"end":{"line":296,"column":51}}},"43":{"name":"(anonymous_43)","line":301,"loc":{"start":{"line":301,"column":36},"end":{"line":301,"column":57}}},"44":{"name":"(anonymous_44)","line":308,"loc":{"start":{"line":308,"column":37},"end":{"line":308,"column":53}}},"45":{"name":"(anonymous_45)","line":316,"loc":{"start":{"line":316,"column":29},"end":{"line":316,"column":51}}},"46":{"name":"(anonymous_46)","line":320,"loc":{"start":{"line":320,"column":27},"end":{"line":320,"column":47}}},"47":{"name":"(anonymous_47)","line":325,"loc":{"start":{"line":325,"column":27},"end":{"line":325,"column":47}}}},"statementMap":{"1":{"start":{"line":1,"column":0},"end":{"line":6,"column":2}},"2":{"start":{"line":2,"column":4},"end":{"line":2,"column":58}},"3":{"start":{"line":2,"column":21},"end":{"line":2,"column":58}},"4":{"start":{"line":2,"column":46},"end":{"line":2,"column":58}},"5":{"start":{"line":3,"column":4},"end":{"line":3,"column":43}},"6":{"start":{"line":3,"column":20},"end":{"line":3,"column":41}},"7":{"start":{"line":4,"column":4},"end":{"line":4,"column":31}},"8":{"start":{"line":5,"column":4},"end":{"line":5,"column":27}},"9":{"start":{"line":7,"column":0},"end":{"line":92,"column":5}},"10":{"start":{"line":8,"column":4},"end":{"line":17,"column":5}},"11":{"start":{"line":9,"column":8},"end":{"line":9,"column":67}},"12":{"start":{"line":9,"column":49},"end":{"line":9,"column":65}},"13":{"start":{"line":10,"column":8},"end":{"line":10,"column":69}},"14":{"start":{"line":10,"column":50},"end":{"line":10,"column":67}},"15":{"start":{"line":11,"column":8},"end":{"line":11,"column":85}},"16":{"start":{"line":11,"column":57},"end":{"line":11,"column":83}},"17":{"start":{"line":12,"column":8},"end":{"line":12,"column":60}},"18":{"start":{"line":12,"column":46},"end":{"line":12,"column":58}},"19":{"start":{"line":13,"column":8},"end":{"line":13,"column":37}},"20":{"start":{"line":14,"column":8},"end":{"line":14,"column":39}},"21":{"start":{"line":15,"column":8},"end":{"line":15,"column":53}},"22":{"start":{"line":16,"column":8},"end":{"line":16,"column":31}},"23":{"start":{"line":22,"column":4},"end":{"line":27,"column":6}},"24":{"start":{"line":23,"column":8},"end":{"line":26,"column":10}},"25":{"start":{"line":32,"column":4},"end":{"line":39,"column":6}},"26":{"start":{"line":33,"column":8},"end":{"line":37,"column":9}},"27":{"start":{"line":34,"column":12},"end":{"line":36,"column":13}},"28":{"start":{"line":35,"column":16},"end":{"line":35,"column":28}},"29":{"start":{"line":38,"column":8},"end":{"line":38,"column":21}},"30":{"start":{"line":44,"column":4},"end":{"line":65,"column":6}},"31":{"start":{"line":45,"column":8},"end":{"line":63,"column":9}},"32":{"start":{"line":46,"column":12},"end":{"line":48,"column":13}},"33":{"start":{"line":47,"column":16},"end":{"line":47,"column":47}},"34":{"start":{"line":49,"column":12},"end":{"line":49,"column":32}},"35":{"start":{"line":50,"column":12},"end":{"line":50,"column":34}},"36":{"start":{"line":51,"column":12},"end":{"line":58,"column":13}},"37":{"start":{"line":52,"column":16},"end":{"line":52,"column":41}},"38":{"start":{"line":53,"column":16},"end":{"line":57,"column":17}},"39":{"start":{"line":54,"column":20},"end":{"line":54,"column":48}},"40":{"start":{"line":56,"column":20},"end":{"line":56,"column":50}},"41":{"start":{"line":60,"column":12},"end":{"line":60,"column":74}},"42":{"start":{"line":61,"column":12},"end":{"line":61,"column":44}},"43":{"start":{"line":62,"column":12},"end":{"line":62,"column":30}},"44":{"start":{"line":64,"column":8},"end":{"line":64,"column":20}},"45":{"start":{"line":67,"column":4},"end":{"line":70,"column":6}},"46":{"start":{"line":68,"column":8},"end":{"line":68,"column":93}},"47":{"start":{"line":69,"column":8},"end":{"line":69,"column":42}},"48":{"start":{"line":75,"column":4},"end":{"line":83,"column":6}},"49":{"start":{"line":76,"column":8},"end":{"line":76,"column":48}},"50":{"start":{"line":77,"column":8},"end":{"line":77,"column":50}},"51":{"start":{"line":85,"column":4},"end":{"line":87,"column":6}},"52":{"start":{"line":86,"column":8},"end":{"line":86,"column":61}},"53":{"start":{"line":88,"column":4},"end":{"line":90,"column":6}},"54":{"start":{"line":89,"column":8},"end":{"line":89,"column":64}},"55":{"start":{"line":91,"column":4},"end":{"line":91,"column":17}},"56":{"start":{"line":93,"column":0},"end":{"line":93,"column":22}},"57":{"start":{"line":95,"column":0},"end":{"line":113,"column":5}},"58":{"start":{"line":96,"column":4},"end":{"line":111,"column":5}},"59":{"start":{"line":97,"column":8},"end":{"line":97,"column":29}},"60":{"start":{"line":98,"column":8},"end":{"line":98,"column":35}},"61":{"start":{"line":99,"column":8},"end":{"line":99,"column":36}},"62":{"start":{"line":100,"column":8},"end":{"line":100,"column":41}},"63":{"start":{"line":101,"column":8},"end":{"line":101,"column":55}},"64":{"start":{"line":102,"column":8},"end":{"line":102,"column":53}},"65":{"start":{"line":104,"column":8},"end":{"line":106,"column":11}},"66":{"start":{"line":105,"column":12},"end":{"line":105,"column":49}},"67":{"start":{"line":107,"column":8},"end":{"line":110,"column":11}},"68":{"start":{"line":108,"column":12},"end":{"line":108,"column":65}},"69":{"start":{"line":109,"column":12},"end":{"line":109,"column":62}},"70":{"start":{"line":112,"column":4},"end":{"line":112,"column":24}},"71":{"start":{"line":114,"column":0},"end":{"line":114,"column":36}},"72":{"start":{"line":116,"column":0},"end":{"line":130,"column":10}},"73":{"start":{"line":117,"column":4},"end":{"line":117,"column":29}},"74":{"start":{"line":118,"column":4},"end":{"line":122,"column":5}},"75":{"start":{"line":119,"column":8},"end":{"line":119,"column":26}},"76":{"start":{"line":120,"column":8},"end":{"line":120,"column":25}},"77":{"start":{"line":121,"column":8},"end":{"line":121,"column":39}},"78":{"start":{"line":123,"column":4},"end":{"line":128,"column":6}},"79":{"start":{"line":124,"column":8},"end":{"line":124,"column":52}},"80":{"start":{"line":125,"column":8},"end":{"line":125,"column":51}},"81":{"start":{"line":126,"column":8},"end":{"line":126,"column":53}},"82":{"start":{"line":127,"column":8},"end":{"line":127,"column":24}},"83":{"start":{"line":129,"column":4},"end":{"line":129,"column":17}},"84":{"start":{"line":131,"column":0},"end":{"line":131,"column":22}},"85":{"start":{"line":134,"column":0},"end":{"line":141,"column":5}},"86":{"start":{"line":135,"column":4},"end":{"line":138,"column":5}},"87":{"start":{"line":136,"column":8},"end":{"line":136,"column":39}},"88":{"start":{"line":137,"column":8},"end":{"line":137,"column":20}},"89":{"start":{"line":139,"column":4},"end":{"line":139,"column":43}},"90":{"start":{"line":140,"column":4},"end":{"line":140,"column":21}},"91":{"start":{"line":142,"column":0},"end":{"line":142,"column":30}},"92":{"start":{"line":147,"column":0},"end":{"line":156,"column":14}},"93":{"start":{"line":148,"column":4},"end":{"line":148,"column":40}},"94":{"start":{"line":149,"column":4},"end":{"line":153,"column":5}},"95":{"start":{"line":150,"column":8},"end":{"line":150,"column":38}},"96":{"start":{"line":151,"column":8},"end":{"line":151,"column":42}},"97":{"start":{"line":152,"column":8},"end":{"line":152,"column":25}},"98":{"start":{"line":154,"column":4},"end":{"line":154,"column":38}},"99":{"start":{"line":155,"column":4},"end":{"line":155,"column":28}},"100":{"start":{"line":157,"column":0},"end":{"line":157,"column":44}},"101":{"start":{"line":162,"column":0},"end":{"line":171,"column":14}},"102":{"start":{"line":163,"column":4},"end":{"line":163,"column":37}},"103":{"start":{"line":164,"column":4},"end":{"line":168,"column":5}},"104":{"start":{"line":165,"column":8},"end":{"line":165,"column":26}},"105":{"start":{"line":166,"column":8},"end":{"line":166,"column":39}},"106":{"start":{"line":167,"column":8},"end":{"line":167,"column":33}},"107":{"start":{"line":169,"column":4},"end":{"line":169,"column":32}},"108":{"start":{"line":170,"column":4},"end":{"line":170,"column":25}},"109":{"start":{"line":172,"column":0},"end":{"line":172,"column":38}},"110":{"start":{"line":177,"column":0},"end":{"line":197,"column":14}},"111":{"start":{"line":178,"column":4},"end":{"line":178,"column":38}},"112":{"start":{"line":179,"column":4},"end":{"line":189,"column":5}},"113":{"start":{"line":180,"column":8},"end":{"line":180,"column":26}},"114":{"start":{"line":181,"column":8},"end":{"line":181,"column":25}},"115":{"start":{"line":182,"column":8},"end":{"line":182,"column":39}},"116":{"start":{"line":183,"column":8},"end":{"line":183,"column":40}},"117":{"start":{"line":184,"column":8},"end":{"line":184,"column":35}},"118":{"start":{"line":185,"column":8},"end":{"line":185,"column":34}},"119":{"start":{"line":186,"column":8},"end":{"line":186,"column":25}},"120":{"start":{"line":187,"column":8},"end":{"line":187,"column":29}},"121":{"start":{"line":188,"column":8},"end":{"line":188,"column":30}},"122":{"start":{"line":190,"column":4},"end":{"line":194,"column":6}},"123":{"start":{"line":191,"column":8},"end":{"line":191,"column":47}},"124":{"start":{"line":192,"column":8},"end":{"line":192,"column":49}},"125":{"start":{"line":193,"column":8},"end":{"line":193,"column":59}},"126":{"start":{"line":195,"column":4},"end":{"line":195,"column":34}},"127":{"start":{"line":196,"column":4},"end":{"line":196,"column":26}},"128":{"start":{"line":198,"column":0},"end":{"line":198,"column":40}},"129":{"start":{"line":203,"column":0},"end":{"line":212,"column":14}},"130":{"start":{"line":204,"column":4},"end":{"line":204,"column":38}},"131":{"start":{"line":205,"column":4},"end":{"line":209,"column":5}},"132":{"start":{"line":206,"column":8},"end":{"line":206,"column":26}},"133":{"start":{"line":207,"column":8},"end":{"line":207,"column":27}},"134":{"start":{"line":208,"column":8},"end":{"line":208,"column":40}},"135":{"start":{"line":210,"column":4},"end":{"line":210,"column":34}},"136":{"start":{"line":211,"column":4},"end":{"line":211,"column":26}},"137":{"start":{"line":213,"column":0},"end":{"line":213,"column":40}},"138":{"start":{"line":216,"column":0},"end":{"line":247,"column":5}},"139":{"start":{"line":217,"column":4},"end":{"line":222,"column":5}},"140":{"start":{"line":218,"column":8},"end":{"line":218,"column":45}},"141":{"start":{"line":219,"column":8},"end":{"line":219,"column":35}},"142":{"start":{"line":220,"column":8},"end":{"line":220,"column":41}},"143":{"start":{"line":221,"column":8},"end":{"line":221,"column":31}},"144":{"start":{"line":223,"column":4},"end":{"line":229,"column":7}},"145":{"start":{"line":225,"column":12},"end":{"line":225,"column":42}},"146":{"start":{"line":230,"column":4},"end":{"line":236,"column":7}},"147":{"start":{"line":232,"column":12},"end":{"line":232,"column":40}},"148":{"start":{"line":238,"column":4},"end":{"line":245,"column":6}},"149":{"start":{"line":239,"column":8},"end":{"line":244,"column":10}},"150":{"start":{"line":246,"column":4},"end":{"line":246,"column":22}},"151":{"start":{"line":248,"column":0},"end":{"line":248,"column":32}},"152":{"start":{"line":251,"column":0},"end":{"line":342,"column":5}},"153":{"start":{"line":252,"column":4},"end":{"line":258,"column":5}},"154":{"start":{"line":253,"column":8},"end":{"line":253,"column":25}},"155":{"start":{"line":254,"column":8},"end":{"line":254,"column":27}},"156":{"start":{"line":255,"column":8},"end":{"line":255,"column":23}},"157":{"start":{"line":256,"column":8},"end":{"line":256,"column":29}},"158":{"start":{"line":257,"column":8},"end":{"line":257,"column":37}},"159":{"start":{"line":259,"column":4},"end":{"line":267,"
[...]
lumn":31}}]},"14":{"line":171,"type":"binary-expr","locations":[{"start":{"line":171,"column":34},"end":{"line":171,"column":37}},{"start":{"line":171,"column":41},"end":{"line":171,"column":59}}]},"15":{"line":179,"type":"if","locations":[{"start":{"line":179,"column":31},"end":{"line":179,"column":31},"skip":true},{"start":{"line":179,"column":31},"end":{"line":179,"column":31}}]},"16":{"line":179,"type":"binary-expr","locations":[{"start":{"line":179,"column":34},"end":{"line":179,"column":37}},{"start":{"line":179,"column":41},"end":{"line":179,"column":60}}]},"17":{"line":199,"type":"if","locations":[{"start":{"line":199,"column":31},"end":{"line":199,"column":31},"skip":true},{"start":{"line":199,"column":31},"end":{"line":199,"column":31},"skip":true}]},"18":{"line":199,"type":"binary-expr","locations":[{"start":{"line":199,"column":34},"end":{"line":199,"column":37},"skip":true},{"start":{"line":199,"column":41},"end":{"line":199,"column":49},"skip":true}]},"19":{"line":203,"type":"if","locations":[{"start":{"line":203,"column":10},"end":{"line":203,"column":10},"skip":true},{"start":{"line":203,"column":10},"end":{"line":203,"column":10},"skip":true}]},"20":{"line":225,"type":"if","locations":[{"start":{"line":225,"column":31},"end":{"line":225,"column":31},"skip":true},{"start":{"line":225,"column":31},"end":{"line":225,"column":31}}]},"21":{"line":230,"type":"if","locations":[{"start":{"line":230,"column":10},"end":{"line":230,"column":10}},{"start":{"line":230,"column":10},"end":{"line":230,"column":10}}]},"22":{"line":236,"type":"if","locations":[{"start":{"line":236,"column":10},"end":{"line":236,"column":10}},{"start":{"line":236,"column":10},"end":{"line":236,"column":10}}]},"23":{"line":239,"type":"if","locations":[{"start":{"line":239,"column":10},"end":{"line":239,"column":10}},{"start":{"line":239,"column":10},"end":{"line":239,"column":10}}]}},"l":{"7":1,"9":1,"10":3,"11":0,"16":3,"18":3,"20":3,"21":11,"22":11,"23":80,"24":11,"25":69,"28":11,"29":11,"32":8,"40":3,"45":1,"46":1,"47":1,"48":1,"49":1,"51":1,"52":1,"58":1,"59":1,"60":1,"66":1,"67":1,"68":2,"70":1,"71":1,"76":1,"77":1,"78":1,"83":1,"84":1,"87":1,"88":1,"90":1,"91":1,"96":1,"97":1,"98":1,"99":1,"107":1,"108":1,"121":1,"128":3,"129":3,"130":3,"131":3,"132":3,"133":3,"134":11,"135":2,"136":2,"137":2,"139":11,"144":3,"146":3,"147":1,"165":3,"167":13,"168":13,"171":3,"172":3,"173":8,"174":8,"175":8,"178":3,"179":3,"180":3,"188":1,"189":1,"190":1,"195":1,"196":1,"197":1,"198":1,"199":1,"200":1,"201":1,"202":1,"203":1,"204":1,"205":1,"206":1,"209":1,"215":1,"218":1,"219":1,"224":3,"225":3,"227":3,"228":3,"229":21,"230":21,"231":0,"232":0,"233":0,"234":0,"236":21,"237":0,"239":21,"240":0,"242":21,"245":3,"246":3,"251":2,"252":2}},
"/home/ubuntu/src/github.com/OmarCastro/ShellHive/api/services/graphUtils.js":{"path":"/home/ubuntu/src/github.com/OmarCastro/ShellHive/api/services/graphUtils.js","s":{"1":1,"2":1,"3":2,"4":0,"5":0,"6":2,"7":2,"8":13,"9":2,"10":2,"11":2,"12":2,"13":1,"14":1,"15":1,"16":16,"17":0,"18":16,"19":0,"20":16,"21":1,"22":2,"23":8,"24":8,"25":8,"26":8,"27":8,"28":8,"29":23,"30":8,"31":27,"32":8,"33":1,"34":7,"35":2,"36":2,"37":5,"38":7,"39":1,"40":4,"41":14,"42":1,"43":3,"44":20,"45":1,"46":2,"47":2,"48":8,"49":7,"50":7,"51":1,"52":7,"53":1,"54":1,"55":1,"56":0,"57":1,"58":1,"59":0,"60":1,"61":1},"b":{"1":[0,2],"2":[2,0],"3":[0,16],"4":[0,16],"5":[16,9,8],"6":[1,1],"7":[1,7],"8":[2,5],"9":[1,4],"10":[5,1],"11":[1,3],"12":[4,3],"13":[1,2],"14":[20,5,1,1],"15":[7,1],"16":[1,6],"17":[0,1],"18":[1,1],"19":[0,1],"20":[1,1]},"f":{"1":2,"2":13,"3":8,"4":16,"5":2,"6":8,"7":23,"8":27,"9":7,"10":14,"11":20,"12":2,"13":8,"14":1,"15":1,"16":1},"fnMap":{"1":{"name":"tsortGraph","line":5,"loc":{"start":{"line":5,"column":14},"end":{"line":5,"column":59}}},"2":{"name":"(anonymous_2)","line":12,"loc":{"start":{"line":12,"column":30},"end":{"line":12,"column":41}}},"3":{"name":"(anonymous_3)","line":26,"loc":{"start":{"line":26,"column":22},"end":{"line":26,"column":62}}},"4":{"name":"portType","line":27,"loc":{"start":{"line":27,"column":4},"end":{"line":27,"column":26}}},"5":{"name":"portTypeName","line":33,"loc":{"start":{"line":33,"column":4},"end":{"line":33,"column":30}}},"6":{"name":"(anonymous_6)","line":36,"loc":{"start":{"line":36,"column":6},"end":{"line":36,"column":18}}},"7":{"name":"(anonymous_7)","line":41,"loc":{"start":{"line":41,"column":50},"end":{"line":41,"column":64}}},"8":{"name":"(anonymous_8)","line":42,"loc":{"start":{"line":42,"column":50},"end":{"line":42,"column":64}}},"9":{"name":"(anonymous_9)","line":50,"loc":{"start":{"line":50,"column":37},"end":{"line":50,"column":51}}},"10":{"name":"(anonymous_10)","line":55,"loc":{"start":{"line":55,"column":37},"end":{"line":55,"column":51}}},"11":{"name":"(anonymous_11)","line":59,"loc":{"start":{"line":59,"column":37},"end":{"line":59,"column":51}}},"12":{"name":"(anonymous_12)","line":68,"loc":{"start":{"line":68,"column":9},"end":{"line":68,"column":21}}},"13":{"name":"(anonymous_13)","line":69,"loc":{"start":{"line":69,"column":7},"end":{"line":69,"column":25}}},"14":{"name":"(anonymous_14)","line":81,"loc":{"start":{"line":81,"column":11},"end":{"line":81,"column":45}}},"15":{"name":"(anonymous_15)","line":85,"loc":{"start":{"line":85,"column":10},"end":{"line":85,"column":30}}},"16":{"name":"(anonymous_16)","line":87,"loc":{"start":{"line":87,"column":59},"end":{"line":87,"column":77}}}},"statementMap":{"1":{"start":{"line":1,"column":0},"end":{"line":1,"column":29}},"2":{"start":{"line":4,"column":0},"end":{"line":95,"column":0}},"3":{"start":{"line":7,"column":4},"end":{"line":10,"column":5},"skip":true},"4":{"start":{"line":8,"column":6},"end":{"line":9,"column":6},"skip":true},"5":{"start":{"line":9,"column":6},"end":{"line":9,"column":27},"skip":true},"6":{"start":{"line":11,"column":4},"end":{"line":11,"column":25}},"7":{"start":{"line":12,"column":4},"end":{"line":14,"column":7}},"8":{"start":{"line":13,"column":6},"end":{"line":14,"column":4}},"9":{"start":{"line":15,"column":4},"end":{"line":17,"column":5}},"10":{"start":{"line":16,"column":6},"end":{"line":17,"column":4}},"11":{"start":{"line":18,"column":4},"end":{"line":23,"column":5}},"12":{"start":{"line":19,"column":6},"end":{"line":20,"column":6}},"13":{"start":{"line":20,"column":6},"end":{"line":21,"column":4}},"14":{"start":{"line":22,"column":6},"end":{"line":23,"column":4}},"15":{"start":{"line":27,"column":4},"end":{"line":31,"column":5}},"16":{"start":{"line":28,"column":6},"end":{"line":30,"column":68}},"17":{"start":{"line":28,"column":33},"end":{"line":28,"column":45}},"18":{"start":{"line":29,"column":11},"end":{"line":30,"column":68}},"19":{"start":{"line":29,"column":39},"end":{"line":29,"column":52}},"20":{"start":{"line":30,"column":11},"end":{"line":30,"column":68}},"21":{"start":{"line":33,"column":4},"end":{"line":33,"column":73}},"22":{"start":{"line":33,"column":31},"end":{"line":33,"column":72}},"23":{"start":{"line":35,"column":4},"end":{"line":79,"column":2}},"24":{"start":{"line":37,"column":8},"end":{"line":38,"column":8}},"25":{"start":{"line":38,"column":8},"end":{"line":39,"column":8}},"26":{"start":{"line":39,"column":8},"end":{"line":40,"column":8}},"27":{"start":{"line":40,"column":8},"end":{"line":41,"column":8}},"28":{"start":{"line":41,"column":8},"end":{"line":42,"column":8}},"29":{"start":{"line":41,"column":65},"end":{"line":41,"column":88}},"30":{"start":{"line":42,"column":8},"end":{"line":44,"column":8}},"31":{"start":{"line":42,"column":65},"end":{"line":42,"column":88}},"32":{"start":{"line":44,"column":8},"end":{"line":48,"column":9}},"33":{"start":{"line":44,"column":27},"end":{"line":44,"column":81}},"34":{"start":{"line":45,"column":13},"end":{"line":48,"column":9}},"35":{"start":{"line":46,"column":10},"end":{"line":47,"column":10}},"36":{"start":{"line":47,"column":10},"end":{"line":48,"column":8}},"37":{"start":{"line":49,"column":8},"end":{"line":52,"column":9}},"38":{"start":{"line":50,"column":52},"end":{"line":50,"column":88}},"39":{"start":{"line":51,"column":9},"end":{"line":52,"column":8}},"40":{"start":{"line":54,"column":8},"end":{"line":57,"column":9}},"41":{"start":{"line":55,"column":52},"end":{"line":55,"column":90}},"42":{"start":{"line":56,"column":9},"end":{"line":57,"column":8}},"43":{"start":{"line":59,"column":8},"end":{"line":64,"column":9}},"44":{"start":{"line":60,"column":10},"end":{"line":62,"column":8}},"45":{"start":{"line":63,"column":9},"end":{"line":63,"column":59}},"46":{"start":{"line":67,"column":8},"end":{"line":67,"column":30}},"47":{"start":{"line":68,"column":22},"end":{"line":68,"column":68}},"48":{"start":{"line":70,"column":6},"end":{"line":76,"column":7}},"49":{"start":{"line":71,"column":8},"end":{"line":71,"column":30}},"50":{"start":{"line":72,"column":8},"end":{"line":74,"column":9}},"51":{"start":{"line":73,"column":10},"end":{"line":74,"column":8}},"52":{"start":{"line":75,"column":8},"end":{"line":75,"column":29}},"53":{"start":{"line":77,"column":6},"end":{"line":77,"column":32}},"54":{"start":{"line":82,"column":4},"end":{"line":92,"column":7}},"55":{"start":{"line":86,"column":33},"end":{"line":86,"column":67},"skip":true},"56":{"start":{"line":86,"column":52},"end":{"line":86,"column":67},"skip":true},"57":{"start":{"line":87,"column":6},"end":{"line":92,"column":4}},"58":{"start":{"line":88,"column":36},"end":{"line":88,"column":67},"skip":true},"59":{"start":{"line":88,"column":52},"end":{"line":88,"column":67},"skip":true},"60":{"start":{"line":89,"column":8},"end":{"line":89,"column":36}},"61":{"start":{"line":90,"column":8},"end":{"line":90,"column":50}}},"branchMap":{"1":{"line":7,"type":"if","locations":[{"start":{"line":7,"column":4},"end":{"line":7,"column":4},"skip":true},{"start":{"line":7,"column":4},"end":{"line":7,"column":4},"skip":true}]},"2":{"line":15,"type":"if","locations":[{"start":{"line":15,"column":4},"end":{"line":15,"column":4}},{"start":{"line":15,"column":4},"end":{"line":15,"column":4}}]},"3":{"line":28,"type":"if","locations":[{"start":{"line":28,"column":6},"end":{"line":28,"column":6}},{"start":{"line":28,"column":6},"end":{"line":28,"column":6}}]},"4":{"line":29,"type":"if","locations":[{"start":{"line":29,"column":11},"end":{"line":29,"column":11}},{"start":{"line":29,"column":11},"end":{"line":29,"column":11}}]},"5":{"line":30,"type":"binary-expr","locations":[{"start":{"line":30,"column":19},"end":{"line":30,"column":32}},{"start":{"line":30,"column":36},"end":{"line":30,"column":48}},{"start":{"line":30,"column":52},"end":{"line":30,"column":66}}]},"6":{"line":33,"type":"cond-expr","locations":[{"start":{"line":33,"column":54},"end":{"line":33,"column":62}},{"start":{"line":33,"column":65},"end":{"line":33,"column":72}}]},"7":{"line":44,"type":"if","locations":[{"start":{"line":44,"column":8},"end":{"line":44,"column":8}},{"start":{"line":44,"column":8},"end":{"line":44,"column":8}}]},"8":{"line":45,"type":"if","locations":[{"start":{"line":45,"column":13},"end":{"line":45,"column":13}},{"start":{"line":45,"column":13},"end":{"line":45,"column":13}}]},"9":{"line":49,"type":"if","locations":[{"start":{"line":49,"column":8},"end":{"line":49,"column":8}},{"start":{"line":49,"column":8},"end":{"line":49,"column":8}}]},"10":{"line":49,"type":"binary-expr","locations":[{"start":{"line":49,"column":11},"end":{"line":49,"column":41}},{"start":{"line":50,"column":11},"end":{"line":50,"column":90}}]},"11":{"line":54,"type":"if","locations":[{"start":{"line":54,"column":8},"end":{"line":54,"column":8}},{"start":{"line":54,"column":8},"end":{"line":54,"column":8}}]},"12":{"line":54,"type":"binary-expr","locations":[{"start":{"line":54,"column":11},"end":{"line":54,"column":41}},{"start":{"line":55,"column":11},"end":{"line":55,"column":92}}]},"13":{"line":59,"type":"if","locations":[{"start":{"line":59,"column":8},"end":{"line":59,"column":8}},{"start":{"line":59,"column":8},"end":{"line":59,"column":8}}]},"14":{"line":60,"type":"binary-expr","locations":[{"start":{"line":60,"column":17},"end":{"line":60,"column":40}},{"start":{"line":60,"column":44},"end":{"line":60,"column":65}},{"start":{"line":61,"column":17},"end":{"line":61,"column":40}},{"start":{"line":61,"column":44},"end":{"line":61,"column":65}}]},"15":{"line":70,"type":"if","locations":[{"start":{"line":70,"column":6},"end":{"line":70,"column":6}},{"start":{"line":70,"column":6},"end":{"line":70,"column":6}}]},"16":{"line":72,"type":"if","locations":[{"start":{"line":72,"column":8},"end":{"line":72,"column":8}},{"start":{"line":72,"column":8},"end":{"line":72,"column":8}}]},"17":{"line":86,"type":"if","locations":[{"start":{"line":86,"column":33},"end":{"line":86,"column":33},"skip":true},{"start":{"line":86,"column":33},"end":{"line":86,"column":33},"skip":true}]},"18":{"line":86,"type":"binary-expr","locations":[{"start":{"line":86,"column":36},"end":{"line":86,"column":39},"skip":true},{"start":{"line":86,"column":43},"end":{"line":86,"column":50},"skip":true}]},"19":{"line":88,"type":"if","locations":[{"start":{"line":88,"column":36},"end":{"line":88,"column":36},"skip":true},{"start":{"line":88,"column":36},"end":{"line":88,"column":36},"skip":true}]},"20":{"line":88,"type":"binary-expr","locations":[{"start":{"line":88,"column":39},"end":{"line":88,"column":42},"skip":true},{"start":{"line":88,"column":46},"end":{"line":88,"column":50},"skip":true}]}},"l":{"1":1,"4":1,"7":2,"8":1,"9":1,"11":2,"12":2,"13":13,"15":2,"16":2,"18":2,"19":2,"20":1,"22":1,"27":1,"28":16,"29":16,"30":16,"33":2,"35":8,"37":8,"38":8,"39":8,"40":8,"41":23,"42":27,"44":8,"45":7,"46":2,"47":2,"49":5,"50":7,"51":1,"54":4,"55":14,"56":1,"59":3,"60":20,"63":1,"67":2,"68":2,"70":8,"71":7,"72":7,"73":1,"75":7,"77":1,"82":1,"86":1,"87":1,"88":1,"89":1,"90":1}},
"/home/ubuntu/src/github.com/OmarCastro/ShellHive/api/services/parser.js":{"path":"/home/ubuntu/src/github.com/OmarCastro/ShellHive/api/services/parser.js","s":{"1":1},"b":{},"f":{},"fnMap":{},"statementMap":{"1":{"start":{"line":1,"column":0},"end":{"line":1,"column":55}}},"branchMap":{},"l":{"1":1}},
"/home/ubuntu/src/github.com/OmarCastro/ShellHive/api/services/passport.js":{"path":"/home/ubuntu/src/github.com/OmarCastro/ShellHive/api/services/passport.js","s":{"1":1,"2":1,"3":2,"4":1,"5":9,"6":9,"7":1,"8":4,"9":4,"10":0,"11":4,"12":1,"13":3,"14":3,"15":1,"16":2,"17":1},"b":{"1":[0,4],"2":[1,3],"3":[1,2]},"f":{"1":2,"2":9,"3":9,"4":4,"5":4,"6":3},"fnMap":{"1":{"name":"(anonymous_1)","line":5,"loc":{"start":{"line":5,"column":23},"end":{"line":5,"column":44}}},"2":{"name":"(anonymous_2)","line":9,"loc":{"start":{"line":9,"column":25},"end":{"line":9,"column":44}}},"3":{"name":"(anonymous_3)","line":10,"loc":{"start":{"line":10,"column":23},"end":{"line":10,"column":44}}},"4":{"name":"(anonymous_4)","line":16,"loc":{"start":{"line":16,"column":2},"end":{"line":16,"column":37}}},"5":{"name":"(anonymous_5)","line":17,"loc":{"start":{"line":17,"column":39},"end":{"line":17,"column":59}}},"6":{"name":"(anonymous_6)","line":20,"loc":{"start":{"line":20,"column":46},"end":{"line":20,"column":65}}}},"statementMap":{"1":{"start":{"line":1,"column":0},"end":{"line":3,"column":29}},"2":{"start":{"line":5,"column":0},"end":{"line":7,"column":3}},"3":{"start":{"line":6,"column":2},"end":{"line":6,"column":22}},"4":{"start":{"line":9,"column":0},"end":{"line":13,"column":3}},"5":{"start":{"line":10,"column":2},"end":{"line":12,"column":5}},"6":{"start":{"line":11,"column":4},"end":{"line":11,"column":20}},"7":{"start":{"line":15,"column":0},"end":{"line":26,"column":2}},"8":{"start":{"line":17,"column":4},"end":{"line":24,"column":7}},"9":{"start":{"line":18,"column":6},"end":{"line":18,"column":36}},"10":{"start":{"line":18,"column":17},"end":{"line":18,"column":34}},"11":{"start":{"line":19,"column":6},"end":{"line":19,"column":76}},"12":{"start":{"line":19,"column":19},"end":{"line":19,"column":74}},"13":{"start":{"line":20,"column":6},"end":{"line":23,"column":9}},"14":{"start":{"line":21,"column":8},"end":{"line":21,"column":75}},"15":{"start":{"line":21,"column":18},"end":{"line":21,"column":75}},"16":{"start":{"line":22,"column":8},"end":{"line":22,"column":32}},"17":{"start":{"line":28,"column":0},"end":{"line":28,"column":26}}},"branchMap":{"1":{"line":18,"type":"if","locations":[{"start":{"line":18,"column":6},"end":{"line":18,"column":6}},{"start":{"line":18,"column":6},"end":{"line":18,"column":6}}]},"2":{"line":19,"type":"if","locations":[{"start":{"line":19,"column":6},"end":{"line":19,"column":6}},{"start":{"line":19,"column":6},"end":{"line":19,"column":6}}]},"3":{"line":21,"type":"if","locations":[{"start":{"line":21,"column":8},"end":{"line":21,"column":8}},{"start":{"line":21,"column":8},"end":{"line":21,"column":8}}]}},"l":{"1":1,"5":1,"6":2,"9":1,"10":9,"11":9,"15":1,"17":4,"18":4,"19":4,"20":3,"21":3,"22":2,"28":1}},
"/home/ubuntu/src/github.com/OmarCastro/ShellHive/api/services/shelljs.js":{"path":"/home/ubuntu/src/github.com/OmarCastro/ShellHive/api/services/shelljs.js","s":{"1":1},"b":{},"f":{},"fnMap":{},"statementMap":{"1":{"start":{"line":1,"column":0},"end":{"line":2,"column":0}}},"branchMap":{},"l":{"1":1}},
"/home/ubuntu/src/github.com/OmarCastro/ShellHive/api/services/showValidationError.js":{"path":"/home/ubuntu/src/github.com/OmarCastro/ShellHive/api/services/showValidationError.js","s":{"1":1,"2":0,"3":0,"4":0,"5":0,"6":0,"7":0,"8":0,"9":0,"10":0,"11":0,"12":0,"13":0,"14":0,"15":0,"16":0,"17":0},"b":{"1":[0,0],"2":[0,0],"3":[0,0]},"f":{"1":0,"2":0,"3":0},"fnMap":{"1":{"name":"(anonymous_1)","line":40,"loc":{"start":{"line":40,"column":17},"end":{"line":40,"column":50}}},"2":{"name":"(anonymous_2)","line":45,"loc":{"start":{"line":45,"column":28},"end":{"line":45,"column":55}}},"3":{"name":"(anonymous_3)","line":51,"loc":{"start":{"line":51,"column":27},"end":{"line":51,"column":42}}}},"statementMap":{"1":{"start":{"line":40,"column":0},"end":{"line":67,"column":2}},"2":{"start":{"line":41,"column":2},"end":{"line":41,"column":31}},"3":{"start":{"line":42,"column":2},"end":{"line":42,"column":43}},"4":{"start":{"line":43,"column":2},"end":{"line":43,"column":44}},"5":{"start":{"line":45,"column":2},"end":{"line":64,"column":5}},"6":{"start":{"line":47,"column":4},"end":{"line":63,"column":5}},"7":{"start":{"line":48,"column":6},"end":{"line":49,"column":6}},"8":{"start":{"line":49,"column":6},"end":{"line":49,"column":59}},"9":{"start":{"line":50,"column":6},"end":{"line":50,"column":44}},"10":{"start":{"line":51,"column":6},"end":{"line":61,"column":9}},"11":{"start":{"line":52,"column":8},"end":{"line":60,"column":9}},"12":{"start":{"line":53,"column":10},"end":{"line":55,"column":11}},"13":{"start":{"line":54,"column":12},"end":{"line":54,"column":64}},"14":{"start":{"line":57,"column":10},"end":{"line":57,"column":28}},"15":{"start":{"line":58,"column":10},"end":{"line":58,"column":72}},"16":{"start":{"line":59,"column":10},"end":{"line":59,"column":65}},"17":{"start":{"line":66,"column":2},"end":{"line":66,"column":29}}},"branchMap":{"1":{"line":47,"type":"if","locations":[{"start":{"line":47,"column":4},"end":{"line":47,"column":4}},{"start":{"line":47,"column":4},"end":{"line":47,"column":4}}]},"2":{"line":52,"type":"if","locations":[{"start":{"line":52,"column":8},"end":{"line":52,"column":8}},{"start":{"line":52,"column":8},"end":{"line":52,"column":8}}]},"3":{"line":53,"type":"if","locations":[{"start":{"line":53,"column":10},"end":{"line":53,"column":10}},{"start":{"line":53,"column":10},"end":{"line":53,"column":10}}]}},"l":{"40":1,"41":0,"42":0,"43":0,"45":0,"47":0,"48":0,"49":0,"50":0,"51":0,"52":0,"53":0,"54":0,"57":0,"58":0,"59":0,"66":0}},
"/home/ubuntu/src/github.com/OmarCastro/ShellHive/api/services/sshKeygen.js":{"path":"/home/ubuntu/src/github.com/OmarCastro/ShellHive/api/services/sshKeygen.js","s":{"1":1},"b":{},"f":{},"fnMap":{},"statementMap":{"1":{"start":{"line":1,"column":0},"end":{"line":2,"column":0}}},"branchMap":{},"l":{"1":1}}}
