{
"/home/ubuntu/src/github.com/OmarCastro/ShellHive/lib/parser/parser.js":{"path":"/home/ubuntu/src/github.com/OmarCastro/ShellHive/lib/parser/parser.js","s":{"1":1,"2":1,"3":1,"4":1,"5":1,"6":1,"7":1,"8":1,"9":1,"10":1,"11":1,"12":1,"13":1,"14":1,"15":1,"16":1,"17":1,"18":1,"19":1,"20":1,"21":1,"22":1,"23":1,"24":1,"25":1,"26":20,"27":20,"28":1,"29":5,"30":1,"31":1,"32":122,"33":1,"34":1,"35":153,"36":115,"37":153,"38":153,"39":153,"40":153,"41":153,"42":153,"43":153,"44":153,"45":194,"46":194,"47":194,"48":194,"49":194,"50":6,"51":188,"52":188,"53":188,"54":188,"55":188,"56":188,"57":35,"58":35,"59":35,"60":188,"61":188,"62":153,"63":147,"64":147,"65":147,"66":147,"67":147,"68":1,"69":1,"70":115,"71":1,"72":1,"73":3,"74":3,"75":3,"76":3,"77":3,"78":3,"79":3,"80":9,"81":9,"82":3,"83":6,"84":6,"85":6,"86":6,"87":0,"88":6,"89":6,"90":6,"91":6,"92":6,"93":0,"94":6,"95":3,"96":9,"97":9,"98":9,"99":9,"100":3,"101":3,"102":3,"103":3,"104":3,"105":3,"106":0,"107":0,"108":0,"109":6,"110":3,"111":3,"112":0,"113":0,"114":0,"115":0,"116":3,"117":6,"118":3,"119":9,"120":9,"121":9,"122":9,"123":9,"124":9,"125":9,"126":1,"127":6,"128":3,"129":3,"130":3,"131":0,"132":3,"133":6,"134":9,"135":6,"136":6,"137":6,"138":6,"139":6,"140":6,"141":3,"142":3,"143":0,"144":3,"145":0,"146":0,"147":0,"148":3,"149":6,"150":6,"151":0,"152":0,"153":0,"154":0,"155":0,"156":0,"157":0,"158":0,"159":0,"160":0,"161":0,"162":0,"163":6,"164":3,"165":0,"166":0,"167":0,"168":0,"169":0,"170":0,"171":3,"172":6,"173":0,"174":0,"175":0,"176":0,"177":0,"178":0,"179":0,"180":0,"181":0,"182":6,"183":0,"184":0,"185":0,"186":0,"187":0,"188":0,"189":0,"190":6,"191":3,"192":3,"193":3,"194":3,"195":3,"196":3,"197":3,"198":3,"199":3,"200":6,"201":0,"202":0,"203":0,"204":0,"205":0,"206":0,"207":0,"208":0,"209":0,"210":0,"211":0,"212":0,"213":0,"214":0,"215":0,"216":3,"217":0,"218":3,"219":0,"220":0,"221":0,"222":0,"223":0,"224":3,"225":0,"226":0,"227":0,"228":0,"229":0,"230":3,"231":3,"232":3,"233":3,"234":0,"235":0,"236":0,"237":0,"238":3,"239":3,"240":3,"241":0,"242":0,"243":0,"244":0,"245":0,"246":0,"247":0,"248":0,"249":0,"250":0,"251":0,"252":0,"253":0,"254":0,"255":0,"256":0,"257":0,"258":0,"259":0,"260":0,"261":0,"262":0,"263":0,"264":0,"265":0,"266":0,"267":0,"268":0,"269":0,"270":3,"271":1,"272":1,"273":3,"274":6,"275":3,"276":3,"277":6,"278":3,"279":3,"280":3,"281":0,"282":0,"283":0,"284":3,"285":3,"286":3,"287":6,"288":3,"289":1,"290":1,"291":44,"292":121,"293":1,"294":43,"295":43,"296":43,"297":3,"298":3,"299":3,"300":3,"301":3,"302":43,"303":1,"304":1,"305":83,"306":80,"307":3,"308":1,"309":1,"310":82,"311":83,"312":339,"313":1,"314":1,"315":338,"316":82,"317":1,"318":1,"319":80,"320":80,"321":80,"322":80,"323":80,"324":80,"325":80,"326":80,"327":80,"328":333,"329":39,"330":39,"331":39,"332":30,"333":30,"334":5,"335":5,"336":4,"337":4,"338":80,"339":240,"340":240,"341":39,"342":39,"343":10,"344":29,"345":240,"346":80,"347":80,"348":80,"349":80,"350":5,"351":5,"352":12,"353":2,"354":10,"355":5,"356":1,"357":2,"358":80,"359":3,"360":3,"361":3,"362":3,"363":77,"364":22,"365":5,"366":17,"367":80,"368":1,"369":1,"370":79,"371":3,"372":2,"373":1,"374":80,"375":1,"376":1,"377":79,"378":2,"379":1,"380":1,"381":80,"382":1,"383":1,"384":4,"385":1,"386":3,"387":2,"388":1,"389":1,"390":1,"391":7,"392":1,"393":6,"394":6,"395":6,"396":2,"397":4,"398":1,"399":3,"400":1,"401":1,"402":2,"403":1,"404":1,"405":5,"406":5,"407":5,"408":52,"409":5,"410":5,"411":15,"412":15,"413":10,"414":10,"415":5,"416":5,"417":0,"418":0,"419":0,"420":0,"421":0,"422":15,"423":0,"424":15,"425":97,"426":15,"427":15,"428":5,"429":5,"430":5,"431":10,"432":5,"433":5,"434":1,"435":1,"436":2,"437":2,"438":1,"439":1,"440":1,"441":1,"442":1,"443":1,"444":1,"445":1,"446":1},"b":{"1":[115,38],"2":[194,0],"3":[6,188],"4":[188,0],"5":[35,153],"6":[35,0],"7":[188,0],"8":[153,35],"9":[3,3],"10":[0,6],"11":[0,6],"12":[3,6],"13":[9,6,3,3,3],"14":[3,0],"15":[3,3],"16":[3,0],"17":[0,0],"18":[0,3],"19":[3,3],"20":[0,3],"21":[3,0],"22":[0,3],"23":[6,0,3,0,0],"24":[6,0],"25":[0,3],"26":[0,3],"27":[0,6],"28":[6,0],"29":[0,0],"30":[3,3],"31":[6,3],"32":[0,3],"33":[0,6],"34":[6,0],"35":[0,0],"36":[0,6],"37":[6,3],"38":[0,0],"39":[0,0],"40":[3,3],"41":[3,0],"42":[0,0],"43":[0,0],"44":[0,0],"45":[0,3],"46":[0,3],"47":[0,0],"48":[0,3],"49":[0,0],"50":[3,0],"51":[3,3],"52":[0,3],"53":[0,0],"54":[0,0],"55":[0,0],"56":[0,0],"57":[0,0],"58":[0,0],"59":[0,3],"60":[1,43],"61":[3,40],"62":[3,0],"63":[80,3],"64":[1,338],"65":[339,71,67,26],"66":[333,47],"67":[30,5,4],"68":[10,29],"69":[2,10],"70":[3,77],"71":[22,55],"72":[5,17],"73":[1,79],"74":[3,76],"75":[2,1],"76":[1,79],"77":[2,77],"78":[1,1],"79":[1,3],"80":[2,1],"81":[1,6],"82":[2,4],"83":[1,3],"84":[10,5,0,0,0],"85":[0,15]},"f":{"1":5,"2":122,"3":153,"4":115,"5":3,"6":9,"7":6,"8":9,"9":3,"10":9,"11":6,"12":3,"13":0,"14":0,"15":0,"16":3,"17":6,"18":6,"19":0,"20":6,"21":44,"22":121,"23":83,"24":82,"25":339,"26":80,"27":333,"28":39,"29":240,"30":5,"31":12,"32":2,"33":4,"34":7,"35":2,"36":5,"37":15,"38":10,"39":2},"fnMap":{"1":{"name":"isImplemented","line":58,"loc":{"start":{"line":58,"column":0},"end":{"line":58,"column":32}}},"2":{"name":"generateAST","line":70,"loc":{"start":{"line":70,"column":0},"end":{"line":70,"column":30}}},"3":{"name":"parseAST","line":84,"loc":{"start":{"line":84,"column":0},"end":{"line":84,"column":32}}},"4":{"name":"parseCommand","line":132,"loc":{"start":{"line":132,"column":0},"end":{"line":132,"column":31}}},"5":{"name":"aux_parseVisualDataExperimental","line":143,"loc":{"start":{"line":143,"column":0},"end":{"line":143,"column":66}}},"6":{"name":"(anonymous_6)","line":154,"loc":{"start":{"line":154,"column":34},"end":{"line":154,"column":55}}},"7":{"name":"(anonymous_7)","line":165,"loc":{"start":{"line":165,"column":35},"end":{"line":165,"column":57}}},"8":{"name":"(anonymous_8)","line":185,"loc":{"start":{"line":185,"column":34},"end":{"line":185,"column":55}}},"9":{"name":"(anonymous_9)","line":212,"loc":{"start":{"line":212,"column":21},"end":{"line":212,"column":37}}},"10":{"name":"(anonymous_10)","line":227,"loc":{"start":{"line":227,"column":34},"end":{"line":227,"column":55}}},"11":{"name":"appendSingleOutput","line":236,"loc":{"start":{"line":236,"column":8},"end":{"line":236,"column":56}}},"12":{"name":"(anonymous_12)","line":256,"loc":{"start":{"line":256,"column":51},"end":{"line":256,"column":72}}},"13":{"name":"(anonymous_13)","line":351,"loc":{"start":{"line":351,"column":43},"end":{"line":351,"column":61}}},"14":{"name":"(anonymous_14)","line":400,"loc":{"start":{"line":400,"column":43},"end":{"line":400,"column":66}}},"15":{"name":"(anonymous_15)","line":421,"loc":{"start":{"line":421,"column":43},"end":{"line":421,"column":66}}},"16":{"name":"parseVisualDataExperimental","line":452,"loc":{"start":{"line":452,"column":0},"end":{"line":452,"column":62}}},"17":{"name":"(anonymous_17)","line":453,"loc":{"start":{"line":453,"column":28},"end":{"line":453,"column":53}}},"18":{"name":"(anonymous_18)","line":457,"loc":{"start":{"line":457,"column":46},"end":{"line":457,"column":65}}},"19":{"name":"(anonymous_19)","line":464,"loc":{"start":{"line":464,"column":54},"end":{"line":464,"column":67}}},"20":{"name":"(anonymous_20)","line":470,"loc":{"start":{"line":470,"column":71},"end":{"line":470,"column":84}}},"21":{"name":"parseVisualData","line":489,"loc":{"start":{"line":489,"column":0},"end":{"line":489,"column":37}}},"22":{"name":"(anonymous_22)","line":490,"loc":{"start":{"line":490,"column":37},"end":{"line":490,"column":58}}},"23":{"name":"parseComponent","line":510,"loc":{"start":{"line":510,"column":0},"end":{"line":510,"column":86}}},"24":{"name":"findFirstComponent","line":523,"loc":{"start":{"line":523,"column":0},"end":{"line":523,"column":97}}},"25":{"name":"(anonymous_25)","line":525,"loc":{"start":{"line":525,"column":51},"end":{"line":525,"column":73}}},"26":{"name":"parseVisualDatafromComponent","line":540,"loc":{"start":{"line":540,"column":0},"end":{"line":540,"column":107}}},"27":{"name":"(anonymous_27)","line":551,"loc":{"start":{"line":551,"column":34},"end":{"line":551,"column":56}}},"28":{"name":"(anonymous_28)","line":553,"loc":{"start":{"line":553,"column":15},"end":{"line":553,"column":37}}},"29":{"name":"(anonymous_29)","line":569,"loc":{"start":{"line":569,"column":20},"end":{"line":569,"column":36}}},"30":{"name":"(anonymous_30)","line":586,"loc":{"start":{"line":586,"column":25},"end":{"line":586,"column":67}}},"31":{"name":"(anonymous_31)","line":588,"loc":{"start":{"line":588,"column":35},"end":{"line":588,"column":71}}},"32":{"name":"teeResult","line":598,"loc":{"start":{"line":598,"column":4},"end":{"line":598,"column":55}}},"33":{"name":"createMacro","line":642,"loc":{"start":{"line":642,"column":0},"end":{"line":642,"column":60}}},"34":{"name":"createComponentDinamicText","line":658,"loc":{"start":{"line":658,"column":0},"end":{"line":658,"column":42}}},"35":{"name":"graphFromJson","line":673,"loc":{"start":{"line":673,"column":0},"end":{"line":673,"column":29}}},"36":{"name":"graphFromJsonObject","line":678,"loc":{"start":{"line":678,"column":0},"end":{"line":678,"column":38}}},"37":{"name":"cloneComponent","line":685,"loc":{"start":{"line":685,"column":31},"end":{"line":685,"column":66}}},"38":{"name":"connectCreatedComponents","line":717,"loc":{"start":{"line":717,"column":32},"end":{"line":717,"column":78}}},"39":{"name":"cloneGraph","line":725,"loc":{"start":{"line":725,"column":0},"end":{"line":725,"column":27}}}},"statementMap":{"1":{"start":{"line":1,"column":0},"end":{"line":1,"column":16}},"2":{"start":{"line":3,"column":0},"end":{"line":3,"column":54}},"3":{"start":{"line":5,"column":0},"end":{"line":5,"column":45}},"4":{"start":{"line":7,"column":0},"end":{"line":7,"column":30}},"5":{"start":{"line":8,"column":0},"end":{"line":8,"column":22}},"6":{"start":{"line":9,"column":0},"end":{"line":9,"column":30}},"7":{"start":{"line":10,"column":0},"end":{"line":10,"column":22}},"8":{"start":{"line":11,"column":0},"end":{"line":11,"column":48}},"9":{"start":{"line":12,"column":0},"end":{"line":12,"column":40}},"10":{"start":{"line":13,"column":0},"end":{"line":13,"column":48}},"11":{"start":{"line":14,"column":0},"end":{"line":14,"column":40}},"12":{"start":{"line":15,"column":0},"end":{"line":15,"column":38}},"13":{"start":{"line":16,"column":0},"end":{"line":16,"column":30}},"14":{"start":{"line":17,"column":0},"end":{"line":17,"column":40}},"15":{"start":{"line":18,"column":0},"end":{"line":18,"column":32}},"16":{"start":{"line":19,"column":0},"end":{"line":19,"column":46}},"17":{"start":{"line":20,"column":0},"end":{"line":20,"column":38}},"18":{"start":{"line":21,"column":0},"end":{"line":21,"column":52}},"19":{"start":{"line":22,"column":0},"end":{"line":22,"column":44}},"20":{"start":{"line":23,"column":0},"end":{"line":23,"column":44}},"21":{"start":{"line":24,"column":0},"end":{"line":24,"column":36}},"22":{"start":{"line":26,"column":0},"end":{"line":48,"column":2}},"23":{"start":{"line":50,"column":0},"end":{"line":50,"column":33}},"24":{"start":{"line":52,"column":0},"end":{"line":52,"column":35}},"25":{"start":{"line":53,"column":0},"end":{"line":56,"column":1}},"26":{"start":{"line":54,"column":4},"end":{"line":54,"column":42}},"27":{"start":{"line":55,"column":4},"end":{"line":55,"column":90}},"28":{"start":{"line":58,"column":0},"end":{"line":60,"column":1}},"29":{"start":{"line":59,"column":4},"end":{"line":59,"column":50}},"30":{"start":{"line":61,"column":0},"end":{"line":61,"column":38}},"31":{"start":{"line":70,"column":0},"end":{"line":72,"column":1}},"32":{"start":{"line":71,"column":4},"end":{"line":71,"column":37}},"33":{"start":{"line":73,"column":0},"end":{"line":73,"column":34}},"34":{"start":{"line":84,"column":0},"end":{"line":126,"column":1}},"35":{"start":{"line":85,"column":4},"end":{"line":85,"column":64}},"36":{"start":{"line":85,"column":42},"end":{"line":85,"column":62}},"37":{"start":{"line":86,"column":4},"end":{"line":86,"column":105}},"38":{"start":{"line":88,"column":4},"end":{"line":88,"column":36}},"39":{"start":{"line":89,"column":4},"end":{"line":89,"column":38}},"40":{"start":{"line":90,"column":4},"end":{"line":90,"column":40}},"41":{"start":{"line":91,"column":4},"end":{"line":91,"column":34}},"42":{"start":{"line":92,"column":4},"end":{"line":92,"column":32}},"43":{"start":{"line":93,"column":4},"end":{"line":93,"column":28}},"44":{"start":{"line":94,"column":4},"end":{"line":119,"column":5}},"45":{"start":{"line":95,"column":8},"end":{"line":95,"column":38}},"46":{"start":{"line":96,"column":8},"end":{"line":96,"column":57}},"47":{"start":{"line":97,"column":8},"end":{"line":97,"column":53}},"48":{"start":{"line":98,"column":8},"end":{"line":118,"column":9}},"49":{"start":{"line":99,"column":12},"end":{"line":101,"column":13}},"50":{"start":{"line":100,"column":16},"end":{"line":100,"column":159}},"51":{"start":{"line":102,"column":12},"end":{"line":102,"column":94}},"52":{"start":{"line":104,"column":12},"end":{"line":104,"column":80}},"53":{"start":{"line":106,"column":12},"end":{"line":106,"column":62}},"54":{"start":{"line":107,"column":12},"end":{"line":107,"column":65}},"55":{"start":{"line":108,"column":12},"end":{"line":108,"column":57}},"56":{"start":{"line":109,"column":12},"end":{"line":113,"column":13}},"57":{"start":{"line":110,"column":16},"end":{"line":110,"column":110}},"58":{"start":{"line":111,"column":16},"end":{"line":111,"column":103}},"59":{"start":{"line":112,"column":16},"end":{"line":112,"column":45}},"60":{"start":{"line":114,"column":12},"end":{"line":114,"column":120}},"61":{"start":{"line":115,"column":12},"end":{"line":117,"column":13}},"62":{"start":{"line":116,"column":16},"end":{"line":116,"column":54}},"63":{"start":{"line":121,"column":4},"end":{"line":121,"column":36}},"64":{"start":{"line":122,"column":4},"end":{"line":122,"column":34}},"65":{"start":{"line":123,"column":4},"end":{"line":123,"column":50}},"66":{"start":{"line":124,"column":4},"end":{"line":124,"column":31}},"67":{"start":{"line":125,"column":4},"end":{"line":125,"column":17}},"68":{"start":{"line":127,"column":0},"end":{"line":127,"column":28}},"69":{"start":{"line":132,"column":0},"end":{"line":134,"column":1}},"70":{"start":{"line":133,"column":4},"end":{"line":133,"column":58}},"71":{"start":{"line":135,"column":0},"end":{"line":135,"column":36}},"72":{"start":{"line":143,"column":0},"end":{"line":449,"column":1}},"73":{"start":{"line":144,"column":4},"end":{"line":144,"column":46}},"74":{"start":{"line":146,"column":4},"end":{"line":146,"column":19}},"75":{"start":{"line":147,"column":4},"end":{"line":147,"column":22}},"76":{"start":{"line":148,"column":4},"end":{"line":148,"column":22}},"77":{"start":{"line":149,"column":4},"end":{"line":149,"column":24}},"78":{"start":{"line":150,"column":4},"end":{"line":153,"column":6}},"79":{"start":{"line":154,"column":4},"end":{"line":163,"column":7}},"80":{"start":{"line":155,"column":8},"end":{"line":158,"column":10}},"81":{"start":{"line":159,"column":8},"end":{"line":162,"column":10}},"82":{"start":{"line":165,"column":4},"end":{"line":183,"column":7}},"83":{"start":{"line":166,"column":8},"end":{"line":166,"column":77}},"84":{"start":{"line":167,"column":8},"end":{"line":167,"column":36}},"85":{"start":{"line":168,"column":8},"end":{"line":168,"column":63}},"86":{"start":{"line":169,"column":8},"end":{"line":173,"column":9}},"87":{"start":{"line":170,"column":12},"end":{"line":170,"column":39}},"88":{"start":{"line":172,"column":12},"end":{"line":172,"column":66}},"89":{"start":{"line":175,"column":8},"end":{"line":175,"column":74}},"90":{"start":{"line":176,"column":8},"end":{"line":176,"column":36}},"91":{"start":{"line":177,"column":8},"end":{"line":177,"column":61}},"92":{"start":{"line":178,"column":8},"end":{"line":182,"column":9}},"93":{"start":{"line":179,"column":12},"end":{"line":179,"column":39}},"94":{"start":{"line":181,"column":12},"end":{"line":181,"column":64}},"95":{"start":{"line":185,"column":4},"end":{"line":225,"column":7}},"96":{"start":{"line":186,"column":8},"end":{"line":186,"column":71}},"97":{"start":{"line":187,"column":8},"end":{"line":187,"column":45}},"98":{"start":{"line":188,"column":8},"end":{"line":188,"column":43}},"99":{"start":{"line":190,"column":8},"end":{"line":210,"column":9}},"100":{"start":{"line":191,"column":12},"end":{"line":191,"column":56}},"101":{"start":{"line":192,"column":12},"end":{"line":192,"column":78}},"102":{"start":{"line":194,"column":12},"end":{"line":209,"column":13}},"103":{"start":{"line":195,"column":16},"end":{"line":208,"column":17}},"104":{"start":{"line":196,"column":20},"end":{"line":200,"column":22}},"105":{"start":{"line":201,"column":20},"end":{"line":201,"column":27}},"106":{"start":{"line":202,"column":23},"end":{"line":208,"column":17}},"107":{"start":{"line":203,"column":20},"end":{"line":206,"column":22}},"108":{"start":{"line":207,"column":20},"end":{"line":207,"column":27}},"109":{"start":{"line":212,"column":8},"end":{"line":223,"column":11}},"110":{"start":{"line":213,"column":12},"end":{"line":213,"column":47}},"111":{"start":{"line":215,"column":12},"end":{"line":222,"column":68}},"112":{"start":{"line":216,"column":16},"end":{"line":220,"column":17}},"113":{"start":{"line":217,"column":20},"end":{"line":217,"column":46}},"114":{"start":{"line":218,"column":20},"end":{"line":218,"column":50}},"115":{"start":{"line":219,"column":20},"end":{"line":219,"column":72}},"116":{"start":{"line":222,"column":16},"end":{"line":222,"column":68}},"117":{"start":{"line":224,"column":8},"end":{"line":224,"column":50}},"118":{"start":{"line":227,"column":4},"end":{"line":442,"column":7}},"119":{"start":{"line":228,"column":8},"end":{"line":228,"column":30}},"120":{"start":{"line":229,"column":8},"end":{"line":229,"column":77}},"121":{"start":{"line":230,"column":8},"end":{"line":230,"column":48}},"122":{"start":{"line":231,"column":8},"end":{"line":231,"column":75}},"123":{"start":{"line":232,"column":8},"end":{"line":232,"column":47}},"124":{"start":{"line":233,"column":8},"end":{"line":233,"column":40}},"125":{"start":{"line":234,"column":8},"end":{"line":234,"column":55}},"126":{"start":{"line":236,"column":8},"end":{"line":246,"column":9}},"127":{"start":{"line":237,"column":12},"end":{"line":244,"column":13}},"128":{"start":{"line":238,"column":16},"end":{"line":238,"column":71}},"129":{"start":{"line":239,"column":16},"end":{"line":239,"column":185}},"130":{"start":{"line":240,"column":19},"end":{"line":244,"column":13}},"131":{"start":{"line":241,"column":16},"end":{"line":241,"column":68}},"132":{"start":{"line":243,"column":16},"end":{"line":243,"column":90}},"133":{"start":{"line":245,"column":12},"end":{"line":245,"column":30}},"134":{"start":{"line":248,"column":8},"end":{"line":441,"column":9}},"135":{"start":{"line":250,"column":16},"end":{"line":250,"column":65}},"136":{"start":{"line":251,"column":16},"end":{"line":251,"column":63}},"137":{"start":{"line":252,"column":16},"end":{"line":252,"column":67}},"138":{"start":{"line":254,"column":16},"end":{"line":267,"column":17}},"139":{"start":{"line":255,"column":20},"end":{"line":255,"column":51}},"140":{"start":{"line":256,"column":20},"end":{"line":266,"column":23}},"141":{"start":{"line":257,"column":24},"end":{"line":257,"column":65}},"142":{"start":{"line":258,"column":24},"end":{"line":265,"column":78}},"143":{"start":{"line":259,"column":28},"end":{"line":259,"column":39}},"144":{"start":{"line":260,"column":29},"end":{"line":265,"column":78}},"145":{"start":{"line":261,"column":28},"end":{"line":261,"column":82}},"146":{"start":{"line":262,"column":28},"end":{"line":262,"column":109}},"147":{"start":{"line":263,"column":28},"end":{"line":263,"column":40}},"148":{"start":{"line":265,"column":28},"end":{"line":265,"column":78}},"149":{"start":{"line":268,"column":16},"end":{"line":268,"column":112}},"150":{"start":{"line":270,"column":16},"end":{"line":288,"column":17}},"151":{"start":{"line":271,"column":20},"end":{"line":287,"column":21}},"152":{"start":{"line":272,"column":24},"end":{"line":272,"column":77}},"153":{"start":{"line":273,"column":24},"end":{"line":273,"column":44}},"154":{"start":{"line":275,"column":24},"end":{"line":275,"column":52}},"155":{"start":{"line":277,"column":24},"end":{"line":277,"column":60}},"156":{"start":{"line":278,"column":24},"end":{"line":281,"column":25}},"157":{"start":{"line":279,"column":28},"end":{"line":279,"column":50}},"158":{"start":{"line":280,"column":28},"end":{"line":280,"column":98}},"159":{"start":{"line":282,"column":24},"end":{"line":282,"column":108}},"160":{"start":{"line":283,"column":24},"end":{"line":283,"column":55}},"161":{"start":{"line":284,"column":24},"end":{"line":284,"column":50}},"162":{"start":{"line":286,"column":24},"end":{"line":286,"column":105}},"163":{"start":{"line":290,"column":16},"end":{"line":302,"column":17}},"164":{"start":{"line":291,"column":20},"end":{"line":301,"column":21}},"165":{"start":{"line":292,"column":24},"end":{"line":292,"column":53}},"166":{"start":{"line":293,"column":24},"end":{"line":293,"column":47}},"167":{"start":{"line":294,"column":24},"end":{"line":297,"column":25}},"168":{"start":{"line":295,"column":28},"end":{"line":295,"column":51}},"169":{"start":{"line":296,"column":28},"end":{"line":296,"column":98}},"170":{"start":{"line":298,"column":24},"end":{"line":298,"column":110}},"171":{"start":{"line":300,"column":24},"end":{"line":300,"column":80}},"172":{"start":{"line":304,"column":16},"end":{"line":317,"column":17}},"173":{"start":{"line":305,"column":20},"end":{"line":305,"column":49}},"174":{"start":{"line":306,"column":20},"end":{"line":306,"column":50}},"175":{"start":{"line":308,"column":20},"end":{"line":314,"column":21}},"176":{"start":{"line":309,"column":24},"end":{"line":309,"column":47}},"177":{"start":{"line":310,"column":24},"end":{"line":313,"column":25}},"178":{"start":{"line":311,"column":28},"end":{"line":311,"column":52}},"179":{"start":{"line":312,"column":28},"end":{"line":312,"column":98}},"180":{"start":{"line":315,"column":20},"end":{"line":315,"column":108}},"181":{"start":{"line":316,"column":20},"end":{"line":316,"column":69}},"182":{"start":{"line":319,"column":16},"end":{"line":329,"column":17}},"183":{"start":{"line":320,"column":20},"end":{"line":320,"column":69}},"184":{"start":{"line":321,"column":20},"end":{"line":321,"column":55}},"185":{"start":{"line":322,"column":20},"end":{"line":328,"column":21}},"186":{"start":{"line":323,"column":24},"end":{"line":323,"column":123}},"187":{"start":{"line":324,"column":27},"end":{"line":328,"column":21}},"188":{"start":{"line":325,"column":24},"end":{"line":325,"column":51}},"189":{"start":{"line":327,"column":24},"end":{"line":327,"column":81}},"190":{"start":{"line":331,"column":16},"end":{"line":343,"column":17}},"191":{"start":{"line":332,"column":20},"end":{"line":339,"column":21}},"192":{"start":{"line":333,"column":24},"end":{"line":333,"column":60}},"193":{"start":{"line":334,"column":24},"end":{"line":334,"column":91}},"194":{"start":{"line":335,"column":24},"end":{"line":335,"column":64}},"195":{"start":{"line":336,"column":24},"end":{"line":336,"column":90}},"196":{"start":{"line":337,"column":24},"end":{"line":337,"column":61}},"197":{"start":{"line":338,"column":24},"end":{"line":338,"column":85}},"198":{"start":{"line":340,"column":20},"end":{"line":340,"column":59}},"199":{"start":{"line":342,"column":20},"end":{"line":342,"column":46}},"200":{"start":{"line":344,"column":16},"end":{"line":344,"column":23}},"201":{"start":{"line":347,"column":16},"end":{"line":347,"column":123}},"202":{"start":{"line":348,"column":16},"end":{"line":348,"column":51}},"203":{"start":{"line":349,"column":16},"end":{"line":349,"column":60}},"204":{"start":{"line":350,"column":16},"end":{"line":364,"column":17}},"205":{"start":{"line":351,"column":20},"end":{"line":363,"column":23}},"206":{"start":{"line":352,"column":24},"end":{"line":352,"column":61}},"207":{"start":{"line":353,"column":24},"end":{"line":353,"column":80}},"208":{"start":{"line":354,"column":24},"end":{"line":361,"column":25}},"209":{"start":{"line":355,"column":28},"end":{"line":355,"column":61}},"210":{"start":{"line":356,"column":28},"end":{"line":359,"column":29}},"211":{"start":{"line":357,"column":32},"end":{"line":357,"column":59}},"212":{"start":{"line":358,"column":32},"end":{"line":358,"column":99}},"213":{"start":{"line":360,"column":28},"end":{"line":360,"column":119}},"214":{"start":{"line":362,"column":24},"end":{"line":362,"column":47}},"215":{"start":{"line":366,"column":16},"end":{"line":366,"column":23}},"216":{"start":{"line":369,"column":16},"end":{"line":370,"column":27}},"217":{"start":{"line":370,"column":20},"end":{"line":370,"column":27}},"218":{"start":{"line":371,"column":16},"end":{"line":397,"column":17}},"219":{"start":{"line":372,"column":20},"end":{"line":372,"column":69}},"220":{"start":{"line":373,"column":20},"end":{"line":373,"column":55}},"221":{"start":{"line":374,"column":20},"end":{"line":377,"column":85}},"222":{"start":{"line":375,"column":24},"end":{"line":375,"column":137}},"223":{"start":{"line":377,"column":24},"end":{"line":377,"column":85}},"224":{"start":{"line":378,"column":23},"end":{"line":397,"column":17}},"225":{"start":{"line":379,"column":20},"end":{"line":379,"column":70}},"226":{"start":{"line":380,"column":20},"end":{"line":380,"column":56}},"227":{"start":{"line":381,"column":20},"end":{"line":384,"column":86}},"228":{"start":{"line":382,"column":24},"end":{"line":382,"column":138}},"229":{"start":{"line":384,"column":24},"end":{"line":384,"column":86}},"230":{"start":{"line":385,"column":23},"end":{"line":397,"column":17}},"231":{"start":{"line":386,"column":20},"end":{"line":386,"column":66}},"232":{"start":{"line":387,"column":20},"end":{"line":387,"column":56}},"233":{"start":{"line":388,"column":20},"end":{"line":394,"column":21}},"234":{"start":{"line":389,"column":24},"end":{"line":389,"column":47}},"235":{"start":{"line":390,"column":24},"end":{"line":393,"column":25}},"236":{"start":{"line":391,"column":28},"end":{"line":391,"column":58}},"237":{"start":{"line":392,"column":28},"end":{"line":392,"column":98}},"238":{"start":{"line":395,"column":20},"end":{"line":395,"column":85}},"239":{"start":{"line":396,"column":20},"end":{"line":396,"column":46}},"240":{"start":{"line":398,"column":16},"end":{"line":398,"column":23}},"241":{"start":{"line":400,"column":16},"end":{"line":418,"column":19}},"242":{"start":{"line":401,"column":20},"end":{"line":401,"column":53}},"243":{"start":{"line":402,"column":20},"end":{"line":402,"column":73}},"244":{"start":{"line":403,"column":20},"end":{"line":403,"column":68}},"245":{"start":{"line":404,"column":20},"end":{"line":416,"column":21}},"246":{"start":{"line":405,"column":24},"end":{"line":405,"column":57}},"247":{"start":{"line":406,"column":24},"end":{"line":413,"column":25}},"248":{"start":{"line":407,"column":28},"end":{"line":410,"column":29}},"249":{"start":{"line":408,"column":32},"end":{"line":408,"column":59}},"250":{"start":{"line":409,"column":32},"end":{"line":409,"column":99}},"251":{"start":{"line":412,"column":28},"end":{"line":412,"column":119}},"252":{"start":{"line":415,"column":24},"end":{"line":415,"column":50}},"253":{"start":{"line":417,"column":20},"end":{"line":417,"column":43}},"254":{"start":{"line":419,"column":16},"end":{"line":419,"column":23}},"255":{"start":{"line":421,"column":16},"end":{"line":438,"column":19}},"256":{"start":{"line":422,"column":20},"end":{"line":422,"column":54}},"257":{"start":{"line":423,"column":20},"end":{"line":423,"column":57}},"258":{"start":{"line":424,"column":20},"end":{"line":424,"column":75}},"259":{"start":{"line":425,"column":20},"end":{"line":425,"column":40}},"260":{"start":{"line":426,"column":20},"end":{"line":426,"column":71}},"261":{"start":{"line":427,"column":20},"end":{"line":427,"column":72}},"262":{"start":{"line":428,"column":20},"end":{"line":437,"column":21}},"263":{"start":{"line":429,"column":24},"end":{"line":429,"column":53}},"264":{"start":{"line":430,"column":24},"end":{"line":434,"column":25}},"265":{"start":{"line":431,"column":28},"end":{"line":431,"column":126}},"266":{"start":{"line":433,"column":28},"end":{"line":433,"column":75}},"267":{"start":{"line":436,"column":24},"end":{"line":436,"column":62}},"268":{"start":{"line":439,"column":16},"end":{"line":439,"column":23}},"269":{"start":{"line":440,"column":16},"end":{"line":440,"column":73}},"270":{"start":{"line":444,"column":4},"end":{"line":448,"column":6}},"271":{"start":{"line":450,"column":0},"end":{"line":450,"column":74}},"272":{"start":{"line":452,"column":0},"end":{"line":478,"column":1}},"273":{"start":{"line":453,"column":4},"end":{"line":455,"column":6}},"274":{"start":{"line":454,"column":8},"end":{"line":454,"column":56}},"275":{"start":{"line":456,"column":4},"end":{"line":456,"column":82}},"276":{"start":{"line":457,"column":4},"end":{"line":459,"column":7}},"277":{"start":{"line":458,"column":8},"end":{"line":458,"column":80}},"278":{"start":{"line":460,"column":4},"end":{"line":460,"column":111}},"279":{"start":{"line":461,"column":4},"end":{"line":461,"column":47}},"280":{"start":{"line":462,"column":4},"end":{"line":473,"column":5}},"281":{"start":{"line":463,"column":8},"end":{"line":463,"column":76}},"282":{"start":{"line":464,"column":8},"end":{"line":466,"column":22}},"283":{"start":{"line":465,"column":12},"end":{"line":465,"column":28}},"284":{"start":{"line":468,"column":8},"end":{"line":468,"column":64}},"285":{"start":{"line":469,"column":8},"end":{"line":469,"column":87}},"286":{"start":{"line":470,"column":8},"end":{"line":472,"column":23}},"287":{"start":{"line":471,"column":12},"end":{"line":471,"column":28}},"288":{"start":{"line":474,"column":4},"end":{"line":477,"column":6}},"289":{"start":{"line":479,"column":0},"end":{"line":479,"column":66}},"290":{"start":{"line":489,"column":0},"end":{"line":507,"column":1}},"291":{"start":{"line":490,"column":4},"end":{"line":494,"column":5}},"292":{"start":{"line":491,"column":8},"end":{"line":491,"column":63}},"293":{"start":{"line":493,"column":8},"end":{"line":493,"column":18}},"294":{"start":{"line":495,"column":4},"end":{"line":495,"column":68}},"295":{"start":{"line":496,"column":4},"end":{"line":496,"column":57}},"296":{"start":{"line":497,"column":4},"end":{"line":505,"column":5}},"297":{"start":{"line":498,"column":8},"end":{"line":498,"column":40}},"298":{"start":{"line":499,"column":8},"end":{"line":504,"column":9}},"299":{"start":{"line":500,"column":12},"end":{"line":503,"column":13}},"300":{"start":{"line":501,"column":16},"end":{"line":501,"column":42}},"301":{"start":{"line":502,"column":16},"end":{"line":502,"column":22}},"302":{"start":{"line":506,"column":4},"end":{"line":506,"column":104}},"303":{"start":{"line":508,"column":0},"end":{"line":508,"column":42}},"304":{"start":{"line":510,"column":0},"end":{"line":517,"column":1}},"305":{"start":{"line":511,"column":4},"end":{"line":516,"column":5}},"306":{"start":{"line":513,"column":12},"end":{"line":513,"column":134}},"307":{"start":{"line":515,"column":12},"end":{"line":515,"column":55}},"308":{"start":{"line":518,"column":0},"end":{"line":518,"column":40}},"309":{"start":{"line":523,"column":0},"end":{"line":534,"column":1}},"310":{"start":{"line":524,"column":4},"end":{"line":532,"column":30}},"311":{"start":{"line":525,"column":8},"end":{"line":531,"column":11}},"312":{"start":{"line":526,"column":12},"end":{"line":529,"column":13}},"313":{"start":{"line":527,"column":16},"end":{"line":527,"column":83}},"314":{"start":{"line":528,"column":16},"end":{"line":528,"column":29}},"315":{"start":{"line":530,"column":12},"end":{"line":530,"column":24}},"316":{"start":{"line":533,"column":4},"end":{"line":533,"column":28}},"317":{"start":{"line":535,"column":0},"end":{"line":535,"column":48}},"318":{"start":{"line":540,"column":0},"end":{"line":638,"column":1}},"319":{"start":{"line":541,"column":4},"end":{"line":541,"column":22}},"320":{"start":{"line":542,"column":4},"end":{"line":542,"column":119}},"321":{"start":{"line":543,"column":4},"end":{"line":543,"column":116}},"322":{"start":{"line":544,"column":4},"end":{"line":544,"column":45}},"323":{"start":{"line":545,"column":4},"end":{"line":545,"column":33}},"324":{"start":{"line":547,"column":4},"end":{"line":547,"column":21}},"325":{"start":{"line":548,"column":4},"end":{"line":548,"column":23}},"326":{"start":{"line":549,"column":4},"end":{"line":549,"column":23}},"327":{"start":{"line":551,"column":4},"end":{"line":567,"column":7}},"328":{"start":{"line":552,"column":8},"end":{"line":552,"column":114}},"329":{"start":{"line":554,"column":8},"end":{"line":554,"column":43}},"330":{"start":{"line":555,"column":8},"end":{"line":555,"column":59}},"331":{"start":{"line":556,"column":8},"end":{"line":566,"column":9}},"332":{"start":{"line":558,"column":16},"end":{"line":558,"column":38}},"333":{"start":{"line":559,"column":16},"end":{"line":559,"column":22}},"334":{"start":{"line":561,"column":16},"end":{"line":561,"column":40}},"335":{"start":{"line":562,"column":16},"end":{"line":562,"column":22}},"336":{"start":{"line":564,"column":16},"end":{"line":564,"column":40}},"337":{"start":{"line":565,"column":16},"end":{"line":565,"column":22}},"338":{"start":{"line":569,"column":4},"end":{"line":580,"column":6}},"339":{"start":{"line":570,"column":8},"end":{"line":570,"column":24}},"340":{"start":{"line":571,"column":8},"end":{"line":578,"column":9}},"341":{"start":{"line":572,"column":12},"end":{"line":572,"column":40}},"342":{"start":{"line":573,"column":12},"end":{"line":577,"column":13}},"343":{"start":{"line":574,"column":16},"end":{"line":574,"column":48}},"344":{"start":{"line":576,"column":16},"end":{"line":576,"column":128}},"345":{"start":{"line":579,"column":8},"end":{"line":579,"column":22}},"346":{"start":{"line":582,"column":4},"end":{"line":582,"column":42}},"347":{"start":{"line":583,"column":4},"end":{"line":583,"column":47}},"348":{"start":{"line":584,"column":4},"end":{"line":584,"column":48}},"349":{"start":{"line":586,"column":4},"end":{"line":596,"column":6}},"350":{"start":{"line":587,"column":8},"end":{"line":587,"column":27}},"351":{"start":{"line":588,"column":8},"end":{"line":594,"column":11}},"352":{"start":{"line":589,"column":12},"end":{"line":593,"column":13}},"353":{"start":{"line":590,"column":16},"end":{"line":590,"column":45}},"354":{"start":{"line":592,"column":16},"end":{"line":592,"column":74}},"355":{"start":{"line":595,"column":8},"end":{"line":595,"column":20}},"356":{"start":{"line":598,"column":4},"end":{"line":600,"column":5}},"357":{"start":{"line":599,"column":8},"end":{"line":599,"column":72}},"358":{"start":{"line":602,"column":4},"end":{"line":613,"column":5}},"359":{"start":{"line":603,"column":8},"end":{"line":603,"column":57}},"360":{"start":{"line":604,"column":8},"end":{"line":604,"column":19}},"361":{"start":{"line":605,"column":8},"end":{"line":605,"column":38}},"362":{"start":{"line":606,"column":8},"end":{"line":606,"column":61}},"363":{"start":{"line":607,"column":11},"end":{"line":613,"column":5}},"364":{"start":{"line":608,"column":8},"end":{"line":612,"column":9}},"365":{"start":{"line":609,"column":12},"end":{"line":609,"column":72}},"366":{"start":{"line":611,"column":12},"end":{"line":611,"column":43}},"367":{"start":{"line":615,"column":4},"end":{"line":624,"column":5}},"368":{"start":{"line":616,"column":8},"end":{"line":616,"column":53}},"369":{"start":{"line":617,"column":8},"end":{"line":617,"column":78}},"370":{"start":{"line":618,"column":11},"end":{"line":624,"column":5}},"371":{"start":{"line":619,"column":8},"end":{"line":623,"column":9}},"372":{"start":{"line":620,"column":12},"end":{"line":620,"column":75}},"373":{"start":{"line":622,"column":12},"end":{"line":622,"column":96}},"374":{"start":{"line":626,"column":4},"end":{"line":635,"column":5}},"375":{"start":{"line":627,"column":8},"end":{"line":627,"column":54}},"376":{"start":{"line":628,"column":8},"end":{"line":628,"column":118}},"377":{"start":{"line":629,"column":11},"end":{"line":635,"column":5}},"378":{"start":{"line":630,"column":8},"end":{"line":634,"column":9}},"379":{"start":{"line":631,"column":12},"end":{"line":631,"column":127}},"380":{"start":{"line":633,"column":12},"end":{"line":633,"column":138}},"381":{"start":{"line":637,"column":4},"end":{"line":637,"column":32}},"382":{"start":{"line":639,"column":0},"end":{"line":639,"column":68}},"383":{"start":{"line":642,"column":0},"end":{"line":649,"column":1}},"384":{"start":{"line":643,"column":4},"end":{"line":648,"column":52}},"385":{"start":{"line":644,"column":8},"end":{"line":644,"column":89}},"386":{"start":{"line":645,"column":11},"end":{"line":648,"column":52}},"387":{"start":{"line":646,"column":8},"end":{"line":646,"column":89}},"388":{"start":{"line":648,"column":8},"end":{"line":648,"column":52}},"389":{"start":{"line":650,"column":0},"end":{"line":650,"column":34}},"390":{"start":{"line":658,"column":0},"end":{"line":670,"column":1}},"391":{"start":{"line":659,"column":4},"end":{"line":661,"column":5}},"392":{"start":{"line":660,"column":8},"end":{"line":660,"column":20}},"393":{"start":{"line":662,"column":4},"end":{"line":662,"column":51}},"394":{"start":{"line":663,"column":4},"end":{"line":663,"column":29}},"395":{"start":{"line":664,"column":4},"end":{"line":669,"column":20}},"396":{"start":{"line":665,"column":8},"end":{"line":665,"column":47}},"397":{"start":{"line":666,"column":11},"end":{"line":669,"column":20}},"398":{"start":{"line":667,"column":8},"end":{"line":667,"column":56}},"399":{"start":{"line":669,"column":8},"end":{"line":669,"column":20}},"400":{"start":{"line":671,"column":0},"end":{"line":671,"column":64}},"401":{"start":{"line":673,"column":0},"end":{"line":675,"column":1}},"402":{"start":{"line":674,"column":4},"end":{"line":674,"column":57}},"403":{"start":{"line":676,"column":0},"end":{"line":676,"column":38}},"404":{"start":{"line":678,"column":0},"end":{"line":722,"column":1}},"405":{"start":{"line":679,"column":4},"end":{"line":679,"column":39}},"406":{"start":{"line":680,"column":4},"end":{"line":680,"column":26}},"407":{"start":{"line":681,"column":4},"end":{"line":683,"column":5}},"408":{"start":{"line":682,"column":8},"end":{"line":682,"column":33}},"409":{"start":{"line":684,"column":4},"end":{"line":684,"column":24}},"410":{"start":{"line":685,"column":4},"end":{"line":714,"column":7}},"411":{"start":{"line":686,"column":8},"end":{"line":686,"column":25}},"412":{"start":{"line":687,"column":8},"end":{"line":702,"column":9}},"413":{"start":{"line":689,"column":16},"end":{"line":689,"column":88}},"414":{"start":{"line":690,"column":16},"end":{"line":690,"column":22}},"415":{"start":{"line":692,"column":16},"end":{"line":692,"column":77}},"416":{"start":{"line":693,"column":16},"end":{"line":693,"column":22}},"417":{"start":{"line":695,"column":16},"end":{"line":695,"column":76}},"418":{"start":{"line":696,"column":16},"end":{"line":696,"column":49}},"419":{"start":{"line":697,"column":16},"end":{"line":697,"column":50}},"420":{"start":{"line":698,"column":16},"end":{"line":698,"column":68}},"421":{"start":{"line":701,"column":16},"end":{"line":701,"column":41}},"422":{"start":{"line":705,"column":8},"end":{"line":707,"column":9},"skip":true},"423":{"start":{"line":706,"column":12},"end":{"line":706,"column":19},"skip":true},"424":{"start":{"line":709,"column":8},"end":{"line":711,"column":9}},"425":{"start":{"line":710,"column":12},"end":{"line":710,"column":43}},"426":{"start":{"line":712,"column":8},"end":{"line":712,"column":53}},"427":{"start":{"line":713,"column":8},"end":{"line":713,"column":38}},"428":{"start":{"line":715,"column":4},"end":{"line":715,"column":37}},"429":{"start":{"line":716,"column":4},"end":{"line":716,"column":30}},"430":{"start":{"line":717,"column":4},"end":{"line":719,"column":7}},"431":{"start":{"line":718,"column":8},"end":{"line":718,"column":137}},"432":{"start":{"line":720,"column":4},"end":{"line":720,"column":76}},"433":{"start":{"line":721,"column":4},"end":{"line":721,"column":20}},"434":{"start":{"line":723,"column":0},"end":{"line":723,"column":50}},"435":{"start":{"line":725,"column":0},"end":{"line":728,"column":1}},"436":{"start":{"line":726,"column":4},"end":{"line":726,"column":37}},"437":{"start":{"line":727,"column":4},"end":{"line":727,"column":39}},"438":{"start":{"line":729,"column":0},"end":{"line":729,"column":32}},"439":{"start":{"line":731,"column":0},"end":{"line":731,"column":41}},"440":{"start":{"line":732,"column":0},"end":{"line":732,"column":35}},"441":{"start":{"line":733,"column":0},"end":{"line":733,"column":31}},"442":{"start":{"line":734,"column":0},"end":{"line":734,"column":43}},"443":{"start":{"line":735,"column":0},"end":{"line":735,"column":47}},"444":{"start":{"line":736,"column":0},"end":{"line":736,"column":57}},"445":{"start":{"line":737,"column":0},"end":{"line":737,"column":49}},"446":{"start":{"line":738,"column":0},"end":{"line":738,"column":45}}},"branchMap":{"1":{"line":85,"type":"if","locations":[{"start":{"line":85,"column":4},"end":{"line":85,"column":4}},{"start":{"line":85,"column":4},"end":{"line":85,"column":4}}]},"2":{"line":98,"type":"if","locations":[{"start":{"line":98,"column":8},"end":{"line":98,"column":8}},{"start":{"line":98,"column":8},"end":{"line":98,"column":8}}]},"3":{"line":99,"type":"if","locations":[{"start":{"line":99,"column":12},"end":{"line":99,"column":12}},{"start":{"line":99,"column":12},"end":{"line":99,"column":12}}]},"4":{"line":104,"type":"cond-expr","locations":[{"start":{"line":104,"column":53},"end":{"line":104,"column":66}},{"start":{"line":104,"column":69},"end":{"line":104,"column":79}}]},"5":{"line":109,"type":"if","locations":[{"start":{"line":109,"column":12},"end":{"line":109,"column":12}},{"start":{"line":109,"column":12},"end":{"line":109,"column":12}}]},"6":{"line":110,"type":"cond-expr","locations":[{"start":{"line":110,"column":63},"end":{"line":110,"column":86}},{"start":{"line":110,"column":89},"end":{"line":110,"column":109}}]},"7":{"line":114,"type":"cond-expr","locations":[{"start":{"line":114,"column":67},"end":{"line":114,"column":100}},{"start":{"line":114,"column":103},"end":{"line":114,"column":119}}]},"8":{"line":115,"type":"if","locations":[{"start":{"line":115,"column":12},"end":{"line":115,"column":12}},{"start":{"line":115,"column":12},"end":{"line":115,"column":12}}]},"9":{"line":144,"type":"binary-expr","locations":[{"start":{"line":144,"column":18},"end":{"line":144,"column":29}},{"start":{"line":144,"column":33},"end":{"line":144,"column":45}}]},"10":{"line":169,"type":"if","locations":[{"start":{"line":169,"column":8},"end":{"line":169,"column":8}},{"start":{"line":169,"column":8},"end":{"line":169,"column":8}}]},"11":{"line":178,"type":"if","locations":[{"start":{"line":178,"column":8},"end":{"line":178,"column":8}},{"start":{"line":178,"column":8},"end":{"line":178,"column":8}}]},"12":{"line":190,"type":"if","locations":[{"start":{"line":190,"column":8},"end":{"line":190,"column":8}},{"start":{"line":190,"column":8},"end":{"line":190,"column":8}}]},"13":{"line":190,"type":"binary-expr","locations":[{"start":{"line":190,"column":12},"end":{"line":190,"column":37}},{"start":{"line":190,"column":41},"end":{"line":190,"column":59}},{"start":{"line":190,"column":63},"end":{"line":190,"column":108}},{"start":{"line":190,"column":113},"end":{"line":190,"column":132}},{"start":{"line":190,"column":136},"end":{"line":190,"column":166}}]},"14":{"line":194,"type":"if","locations":[{"start":{"line":194,"column":12},"end":{"line":194,"column":12}},{"start":{"line":194,"column":12},"end":{"line":194,"column":12}}]},"15":{"line":194,"type":"binary-expr","locations":[{"start":{"line":194,"column":16},"end":{"line":194,"column":45}},{"start":{"line":194,"column":49},"end":{"line":194,"column":82}}]},"16":{"line":195,"type":"if","locations":[{"start":{"line":195,"column":16},"end":{"line":195,"column":16}},{"start":{"line":195,"column":16},"end":{"line":195,"column":16}}]},"17":{"line":202,"type":"if","locations":[{"start":{"line":202,"column":23},"end":{"line":202,"column":23}},{"start":{"line":202,"column":23},"end":{"line":202,"column":23}}]},"18":{"line":215,"type":"if","locations":[{"start":{"line":215,"column":12},"end":{"line":215,"column":12}},{"start":{"line":215,"column":12},"end":{"line":215,"column":12}}]},"19":{"line":237,"type":"if","locations":[{"start":{"line":237,"column":12},"end":{"line":237,"column":12}},{"start":{"line":237,"column":12},"end":{"line":237,"column":12}}]},"20":{"line":239,"type":"cond-expr","locations":[{"start":{"line":239,"column":136},"end":{"line":239,"column":166}},{"start":{"line":239,"column":169},"end":{"line":239,"column":184}}]},"21":{"line":239,"type":"binary-expr","locations":[{"start":{"line":239,"column":57},"end":{"line":239,"column":90}},{"start":{"line":239,"column":94},"end":{"line":239,"column":132}}]},"22":{"line":240,"type":"if","locations":[{"start":{"line":240,"column":19},"end":{"line":240,"column":19}},{"start":{"line":240,"column":19},"end":{"line":240,"column":19}}]},"23":{"line":248,"type":"switch","locations":[{"start":{"line":249,"column":12},"end":{"line":344,"column":23}},{"start":{"line":346,"column":12},"end":{"line":366,"column":23}},{"start":{"line":368,"column":12},"end":{"line":398,"column":23}},{"start":{"line":399,"column":12},"end":{"line":419,"column":23}},{"start":{"line":420,"column":12},"end":{"line":440,"column":73}}]},"24":{"line":254,"type":"if","locations":[{"start":{"line":254,"column":16},"end":{"line":254,"column":16}},{"start":{"line":254,"column":16},"end":{"line":254,"column":16}}]},"25":{"line":258,"type":"if","locations":[{"start":{"line":258,"column":24},"end":{"line":258,"column":24}},{"start":{"line":258,"column":24},"end":{"line":258,"column":24}}]},"26":{"line":260,"type":"if","locations":[{"start":{"line":260,"column":29},"end":{"line":260,"column":29}},{"start":{"line":260,"column":29},"end":{"line":260,"column":29}}]},"27":{"line":270,"type":"if","locations":[{"start":{"line":270,"column":16},"end":{"line":270,"column":16}},{"start":{"line":270,"column":16},"end":{"line":270,"column":16}}]},"28":{"line":270,"type":"binary-expr","locations":[{"start":{"line":270,"column":20},"end":{"line":270,"column":26}},{"start":{"line":270,"column":30},"end":{"line":270,"column":43}}]},"29":{"line":271,"type":"if","locations":[{"start":{"line":271,"column":20},"end":{"line":271,"column":20}},{"start":{"line":271,"column":20},"end":{"line":271,"column":20}}]},"30":{"line":290,"type":"if","locations":[{"start":{"line":290,"column":16},"end":{"line":290,"column":16}},{"start":{"line":290,"column":16},"end":{"line":290,"column":16}}]},"31":{"line":290,"type":"binary-expr","locations":[{"start":{"line":290,"column":20},"end":{"line":290,"column":27}},{"start":{"line":290,"column":31},"end":{"line":290,"column":45}}]},"32":{"line":291,"type":"if","locations":[{"start":{"line":291,"column":20},"end":{"line":291,"column":20}},{"start":{"line":291,"column":20},"end":{"line":291,"column":20}}]},"33":{"line":304,"type":"if","locations":[{"start":{"line":304,"column":16},"end":{"line":304,"column":16}},{"start":{"line":304,"column":16},"end":{"line":304,"column":16}}]},"34":{"line":304,"type":"binary-expr","locations":[{"start":{"line":304,"column":20},"end":{"line":304,"column":28}},{"start":{"line":304,"column":32},"end":{"line":304,"column":47}}]},"35":{"line":308,"type":"if","locations":[{"start":{"line":308,"column":20},"end":{"line":308,"column":20}},{"start":{"line":308,"column":20},"end":{"line":308,"column":20}}]},"36":{"line":319,"type":"if","locations":[{"start":{"line":319,"column":16},"end":{"line":319,"column":16}},{"start":{"line":319,"column":16},"end":{"line":319,"column":16}}]},"37":{"line":319,"type":"binary-expr","locations":[{"start":{"line":319,"column":20},"end":{"line":319,"column":37}},{"start":{"line":319,"column":41},"end":{"line":319,"column":75}}]},"38":{"line":322,"type":"if","locations":[{"start":{"line":322,"column":20},"end":{"line":322,"column":20}},{"start":{"line":322,"column":20},"end":{"line":322,"column":20}}]},"39":{"line":324,"type":"if","locations":[{"start":{"line":324,"column":27},"end":{"line":324,"column":27}},{"start":{"line":324,"column":27},"end":{"line":324,"column":27}}]},"40":{"line":331,"type":"if","locations":[{"start":{"line":331,"column":16},"end":{"line":331,"column":16}},{"start":{"line":331,"column":16},"end":{"line":331,"column":16}}]},"41":{"line":332,"type":"if","locations":[{"start":{"line":332,"column":20},"end":{"line":332,"column":20}},{"start":{"line":332,"column":20},"end":{"line":332,"column":20}}]},"42":{"line":350,"type":"if","locations":[{"start":{"line":350,"column":16},"end":{"line":350,"column":16}},{"start":{"line":350,"column":16},"end":{"line":350,"column":16}}]},"43":{"line":354,"type":"if","locations":[{"start":{"line":354,"column":24},"end":{"line":354,"column":24}},{"start":{"line":354,"column":24},"end":{"line":354,"column":24}}]},"44":{"line":354,"type":"binary-expr","locations":[{"start":{"line":354,"column":28},"end":{"line":354,"column":39}},{"start":{"line":354,"column":43},"end":{"line":354,"column":61}}]},"45":{"line":369,"type":"if","locations":[{"start":{"line":369,"column":16},"end":{"line":369,"column":16}},{"start":{"line":369,"column":16},"end":{"line":369,"column":16}}]},"46":{"line":371,"type":"if","locations":[{"start":{"line":371,"column":16},"end":{"line":371,"column":16}},{"start":{"line":371,"column":16},"end":{"line":371,"column":16}}]},"47":{"line":374,"type":"if","locations":[{"start":{"line":374,"column":20},"end":{"line":374,"column":20}},{"start":{"line":374,"column":20},"end":{"line":374,"column":20}}]},"48":{"line":378,"type":"if","locations":[{"start":{"line":378,"column":23},"end":{"line":378,"column":23}},{"start":{"line":378,"column":23},"end":{"line":378,"column":23}}]},"49":{"line":381,"type":"if","locations":[{"start":{"line":381,"column":20},"end":{"line":381,"column":20}},{"start":{"line":381,"column":20},"end":{"line":381,"column":20}}]},"50":{"line":385,"type":"if","locations":[{"start":{"line":385,"column":23},"end":{"line":385,"column":23}},{"start":{"line":385,"column":23},"end":{"line":385,"column":23}}]},"51":{"line":385,"type":"binary-expr","locations":[{"start":{"line":385,"column":27},"end":{"line":385,"column":41}},{"start":{"line":385,"column":45},"end":{"line":385,"column":70}}]},"52":{"line":388,"type":"if","locations":[{"start":{"line":388,"column":20},"end":{"line":388,"column":20}},{"start":{"line":388,"column":20},"end":{"line":388,"column":20}}]},"53":{"line":404,"type":"if","locations":[{"start":{"line":404,"column":20},"end":{"line":404,"column":20}},{"start":{"line":404,"column":20},"end":{"line":404,"column":20}}]},"54":{"line":404,"type":"binary-expr","locations":[{"start":{"line":404,"column":24},"end":{"line":404,"column":35}},{"start":{"line":404,"column":39},"end":{"line":404,"column":57}}]},"55":{"line":406,"type":"if","locations":[{"start":{"line":406,"column":24},"end":{"line":406,"column":24}},{"start":{"line":406,"column":24},"end":{"line":406,"column":24}}]},"56":{"line":428,"type":"if","locations":[{"start":{"line":428,"column":20},"end":{"line":428,"column":20}},{"start":{"line":428,"column":20},"end":{"line":428,"column":20}}]},"57":{"line":428,"type":"binary-expr","locations":[{"start":{"line":428,"column":24},"end":{"line":428,"column":35}},{"start":{"line":428,"column":39},"end":{"line":428,"column":57}}]},"58":{"line":430,"type":"if","locations":[{"start":{"line":430,"column":24},"end":{"line":430,"column":24}},{"start":{"line":430,"column":24},"end":{"line":430,"column":24}}]},"59":{"line":462,"type":"if","locations":[{"start":{"line":462,"column":4},"end":{"line":462,"column":4}},{"start":{"line":462,"column":4},"end":{"line":462,"column":4}}]},"60":{"line":490,"type":"if","locations":[{"start":{"line":490,"column":4},"end":{"line":490,"column":4}},{"start":{"line":490,"column":4},"end":{"line":490,"column":4}}]},"61":{"line":497,"type":"if","locations":[{"start":{"line":497,"column":4},"end":{"line":497,"column":4}},{"start":{"line":497,"column":4},"end":{"line":497,"column":4}}]},"62":{"line":500,"type":"if","locations":[{"start":{"line":500,"column":12},"end":{"line":500,"column":12}},{"start":{"line":500,"column":12},"end":{"line":500,"column":12}}]},"63":{"line":511,"type":"switch","locations":[{"start":{"line":512,"column":8},"end":{"line":513,"column":134}},{"start":{"line":514,"column":8},"end":{"line":515,"column":55}}]},"64":{"line":526,"type":"if","locations":[{"start":{"line":526,"column":12},"end":{"line":526,"column":12}},{"start":{"line":526,"column":12},"end":{"line":526,"column":12}}]},"65":{"line":526,"type":"binary-expr","locations":[{"start":{"line":526,"column":16},"end":{"line":526,"column":59}},{"start":{"line":526,"column":63},"end":{"line":526,"column":96}},{"start":{"line":526,"column":100},"end":{"line":526,"column":130}},{"start":{"line":526,"column":134},"end":{"line":526,"column":186}}]},"66":{"line":552,"type":"binary-expr","locations":[{"start":{"line":552,"column":15},"end":{"line":552,"column":59}},{"start":{"line":552,"column":63},"end":{"line":552,"column":113}}]},"67":{"line":556,"type":"switch","locations":[{"start":{"line":557,"column":12},"end":{"line":559,"column":22}},{"start":{"line":560,"column":12},"end":{"line":562,"column":22}},{"start":{"line":563,"column":12},"end":{"line":565,"column":22}}]},"68":{"line":573,"type":"if","locations":[{"start":{"line":573,"column":12},"end":{"line":573,"column":12}},{"start":{"line":573,"column":12},"end":{"line":573,"column":12}}]},"69":{"line":589,"type":"if","locations":[{"start":{"line":589,"column":12},"end":{"line":589,"column":12}},{"start":{"line":589,"column":12},"end":{"line":589,"column":12}}]},"70":{"line":602,"type":"if","locations":[{"start":{"line":602,"column":4},"end":{"line":602,"column":4}},{"start":{"line":602,"column":4},"end":{"line":602,"column":4}}]},"71":{"line":607,"type":"if","locations":[{"start":{"line":607,"column":11},"end":{"line":607,"column":11}},{"start":{"line":607,"column":11},"end":{"line":607,"column":11}}]},"72":{"line":608,"type":"if","locations":[{"start":{"line":608,"column":8},"end":{"line":608,"column":8}},{"start":{"line":608,"column":8},"end":{"line":608,"column":8}}]},"73":{"line":615,"type":"if","locations":[{"start":{"line":615,"column":4},"end":{"line":615,"column":4}},{"start":{"line":615,"column":4},"end":{"line":615,"column":4}}]},"74":{"line":618,"type":"if","locations":[{"start":{"line":618,"column":11},"end":{"line":618,"column":11}},{"start":{"line":618,"column":11},"end":{"line":618,"column":11}}]},"75":{"line":619,"type":"if","locations":[{"start":{"line":619,"column":8},"end":{"line":619,"column":8}},{"start":{"line":619,"column":8},"end":{"line":619,"column":8}}]},"76":{"line":626,"type":"if","locations":[{"start":{"line":626,"column":4},"end":{"line":626,"column":4}},{"start":{"line":626,"column":4},"end":{"line":626,"column":4}}]},"77":{"line":629,"type":"if","locations":[{"start":{"line":629,"column":11},"end":{"line":629,"column":11}},{"start":{"line":629,"column":11},"end":{"line":629,"column":11}}]},"78":{"line":630,"type":"if","locations":[{"start":{"line":630,"column":8},"end":{"line":630,"column":8}},{"start":{"line":630,"column":8},"end":{"line":630,"column":8}}]},"79":{"line":643,"type":"if","locations":[{"start":{"line":643,"column":4},"end":{"line":643,"column":4}},{"start":{"line":643,"column":4},"end":{"line":643,"column":4}}]},"80":{"line":645,"type":"if","locations":[{"start":{"line":645,"column":11},"end":{"line":645,"column":11}},{"start":{"line":645,"column":11},"end":{"line":645,"column":11}}]},"81":{"line":659,"type":"if","locations":[{"start":{"line":659,"column":4},"end":{"line":659,"column":4}},{"start":{"line":659,"column":4},"end":{"line":659,"column":4}}]},"82":{"line":664,"type":"if","locations":[{"start":{"line":664,"column":4},"end":{"line":664,"column":4}},{"start":{"line":664,"column":4},"end":{"line":664,"column":4}}]},"83":{"line":666,"type":"if","locations":[{"start":{"line":666,"column":11},"end":{"line":666,"column":11}},{"start":{"line":666,"column":11},"end":{"line":666,"column":11}}]},"84":{"line":687,"type":"switch","locations":[{"start":{"line":688,"column":12},"end":{"line":690,"column":22}},{"start":{"line":691,"column":12},"end":{"line":693,"column":22}},{"start":{"line":694,"column":12},"end":{"line":698,"column":68}},{"start":{"line":699,"column":12},"end":{"line":699,"column":25}},{"start":{"line":700,"column":12},"end":{"line":701,"column":41}}]},"85":{"line":705,"type":"if","locations":[{"start":{"line":705,"column":8},"end":{"line":705,"column":8},"skip":true},{"start":{"line":705,"column":8},"end":{"line":705,"column":8},"skip":true}]}},"l":{"1":1,"3":1,"5":1,"7":1,"8":1,"9":1,"10":1,"11":1,"12":1,"13":1,"14":1,"15":1,"16":1,"17":1,"18":1,"19":1,"20":1,"21":1,"22":1,"23":1,"24":1,"26":1,"50":1,"52":1,"53":1,"54":20,"55":20,"58":1,"59":5,"61":1,"70":1,"71":122,"73":1,"84":1,"85":153,"86":153,"88":153,"89":153,"90":153,"91":153,"92":153,"93":153,"94":153,"95":194,"96":194,"97":194,"98":194,"99":194,"100":6,"102":188,"104":188,"106":188,"107":188,"108":188,"109":188,"110":35,"111":35,"112":35,"114":188,"115":188,"116":153,"121":147,"122":147,"123":147,"124":147,"125":147,"127":1,"132":1,"133":115,"135":1,"143":1,"144":3,"146":3,"147":3,"148":3,"149":3,"150":3,"154":3,"155":9,"159":9,"165":3,"166":6,"167":6,"168":6,"169":6,"170":0,"172":6,"175":6,"176":6,"177":6,"178":6,"179":0,"181":6,"185":3,"186":9,"187":9,"188":9,"190":9,"191":3,"192":3,"194":3,"195":3,"196":3,"201":3,"202":0,"203":0,"207":0,"212":6,"213":3,"215":3,"216":0,"217":0,"218":0,"219":0,"222":3,"224":6,"227":3,"228":9,"229":9,"230":9,"231":9,"232":9,"233":9,"234":9,"236":1,"237":6,"238":3,"239":3,"240":3,"241":0,"243":3,"245":6,"248":9,"250":6,"251":6,"252":6,"254":6,"255":6,"256":6,"257":3,"258":3,"259":0,"260":3,"261":0,"262":0,"263":0,"265":3,"268":6,"270":6,"271":0,"272":0,"273":0,"275":0,"277":0,"278":0,"279":0,"280":0,"282":0,"283":0,"284":0,"286":0,"290":6,"291":3,"292":0,"293":0,"294":0,"295":0,"296":0,"298":0,"300":3,"304":6,"305":0,"306":0,"308":0,"309":0,"310":0,"311":0,"312":0,"315":0,"316":0,"319":6,"320":0,"321":0,"322":0,"323":0,"324":0,"325":0,"327":0,"331":6,"332":3,"333":3,"334":3,"335":3,"336":3,"337":3,"338":3,"340":3,"342":3,"344":6,"347":0,"348":0,"349":0,"350":0,"351":0,"352":0,"353":0,"354":0,"355":0,"356":0,"357":0,"358":0,"360":0,"362":0,"366":0,"369":3,"370":0,"371":3,"372":0,"373":0,"374":0,"375":0,"377":0,"378":3,"379":0,"380":0,"381":0,"382":0,"384":0,"385":3,"386":3,"387":3,"388":3,"389":0,"390":0,"391":0,"392":0,"395":3,"396":3,"398":3,"400":0,"401":0,"402":0,"403":0,"404":0,"405":0,"406":0,"407":0,"408":0,"409":0,"412":0,"415":0,"417":0,"419":0,"421":0,"422":0,"423":0,"424":0,"425":0,"426":0,"427":0,"428":0,"429":0,"430":0,"431":0,"433":0,"436":0,"439":0,"440":0,"444":3,"450":1,"452":1,"453":3,"454":6,"456":3,"457":3,"458":6,"460":3,"461":3,"462":3,"463":0,"464":0,"465":0,"468":3,"469":3,"470":3,"471":6,"474":3,"479":1,"489":1,"490":44,"491":121,"493":1,"495":43,"496":43,"497":43,"498":3,"499":3,"500":3,"501":3,"502":3,"506":43,"508":1,"510":1,"511":83,"513":80,"515":3,"518":1,"523":1,"524":82,"525":83,"526":339,"527":1,"528":1,"530":338,"533":82,"535":1,"540":1,"541":80,"542":80,"543":80,"544":80,"545":80,"547":80,"548":80,"549":80,"551":80,"552":333,"554":39,"555":39,"556":39,"558":30,"559":30,"561":5,"562":5,"564":4,"565":4,"569":80,"570":240,"571":240,"572":39,"573":39,"574":10,"576":29,"579":240,"582":80,"583":80,"584":80,"586":80,"587":5,"588":5,"589":12,"590":2,"592":10,"595":5,"598":1,"599":2,"602":80,"603":3,"604":3,"605":3,"606":3,"607":77,"608":22,"609":5,"611":17,"615":80,"616":1,"617":1,"618":79,"619":3,"620":2,"622":1,"626":80,"627":1,"628":1,"629":79,"630":2,"631":1,"633":1,"637":80,"639":1,"642":1,"643":4,"644":1,"645":3,"646":2,"648":1,"650":1,"658":1,"659":7,"660":1,"662":6,"663":6,"664":6,"665":2,"666":4,"667":1,"669":3,"671":1,"673":1,"674":2,"676":1,"678":1,"679":5,"680":5,"681":5,"682":52,"684":5,"685":5,"686":15,"687":15,"689":10,"690":10,"692":5,"693":5,"695":0,"696":0,"697":0,"698":0,"701":0,"705":15,"706":1,"709":15,"710":97,"712":15,"713":15,"715":5,"716":5,"717":5,"718":10,"720":5,"721":5,"723":1,"725":1,"726":2,"727":2,"729":1,"731":1,"732":1,"733":1,"734":1,"735":1,"736":1,"737":1,"738":1}},
"/home/ubuntu/src/github.com/OmarCastro/ShellHive/lib/common/graph.js":{"path":"/home/ubuntu/src/github.com/OmarCastro/ShellHive/lib/common/graph.js","s":{"1":1,"2":5,"3":4,"4":4,"5":1,"6":5,"7":5,"8":5,"9":1,"10":1,"11":356,"12":356,"13":356,"14":356,"15":356,"16":356,"17":356,"18":356,"19":356,"20":356,"21":356,"22":356,"23":1,"24":99,"25":1,"26":3,"27":6,"28":1,"29":2,"30":1,"31":2,"32":1,"33":1,"34":1,"35":1,"36":1,"37":2,"38":2,"39":1,"40":1,"41":1,"42":1,"43":1,"44":1,"45":1,"46":19,"47":19,"48":1,"49":26,"50":26,"51":1,"52":26,"53":1,"54":26,"55":1,"56":1,"57":1,"58":1,"59":44,"60":44,"61":44,"62":44,"63":44,"64":44,"65":44,"66":124,"67":44,"68":80,"69":80,"70":1,"71":1,"72":1,"73":1,"74":1,"75":4,"76":4,"77":4,"78":1,"79":3,"80":3,"81":3,"82":3,"83":1,"84":1,"85":1,"86":1,"87":291,"88":291,"89":1,"90":1,"91":1,"92":1,"93":1,"94":1,"95":198,"96":198,"97":198,"98":1,"99":1,"100":1,"101":1,"102":1,"103":1,"104":89,"105":89,"106":89,"107":1,"108":1,"109":1,"110":1,"111":1,"112":1,"113":1,"114":1,"115":1,"116":1,"117":1,"118":1,"119":1,"120":1,"121":1,"122":1,"123":1,"124":1,"125":1,"126":1,"127":1,"128":1,"129":1,"130":1,"131":1,"132":3,"133":3,"134":3,"135":1,"136":1,"137":1,"138":1,"139":1,"140":169,"141":169,"142":169,"143":169,"144":1,"145":534,"146":1,"147":270,"148":1,"149":5,"150":1,"151":1,"152":1,"153":1,"154":336,"155":336,"156":336,"157":336,"158":336,"159":1,"160":146,"161":146,"162":92,"163":54,"164":146,"165":1,"166":146,"167":1,"168":146,"169":1,"170":39,"171":1,"172":38,"173":38,"174":41,"175":38,"176":1,"177":41,"178":41,"179":41,"180":41,"181":41,"182":1,"183":142,"184":142,"185":142,"186":142,"187":142,"188":199,"189":199,"190":199,"191":1,"192":142,"193":1,"194":142,"195":1,"196":188,"197":188,"198":188,"199":188,"200":124,"201":124,"202":188,"203":124,"204":124,"205":124,"206":124,"207":188,"208":188,"209":95,"210":95,"211":95,"212":188,"213":1,"214":1},"b":{"1":[1,1],"2":[4,0],"3":[356,0],"4":[356,0],"5":[356,0],"6":[356,0],"7":[1,5],"8":[1,1],"9":[1,0],"10":[1,1],"11":[2,1],"12":[92,54],"13":[1,38],"14":[1,141],"15":[29,95],"16":[95,93]},"f":{"1":5,"2":5,"3":1,"4":356,"5":99,"6":3,"7":2,"8":19,"9":26,"10":26,"11":26,"12":1,"13":44,"14":124,"15":80,"16":1,"17":4,"18":3,"19":1,"20":291,"21":1,"22":198,"23":1,"24":89,"25":1,"26":1,"27":1,"28":1,"29":3,"30":1,"31":169,"32":534,"33":270,"34":5,"35":1,"36":336,"37":146,"38":146,"39":146,"40":39,"41":41,"42":142,"43":199,"44":142,"45":188,"46":124,"47":124},"fnMap":{"1":{"name":"(anonymous_1)","line":1,"loc":{"start":{"line":1,"column":19},"end":{"line":1,"column":50}}},"2":{"name":"__","line":3,"loc":{"start":{"line":3,"column":4},"end":{"line":3,"column":18}}},"3":{"name":"(anonymous_3)","line":7,"loc":{"start":{"line":7,"column":13},"end":{"line":7,"column":25}}},"4":{"name":"Graph","line":8,"loc":{"start":{"line":8,"column":4},"end":{"line":8,"column":73}}},"5":{"name":"(anonymous_5)","line":22,"loc":{"start":{"line":22,"column":29},"end":{"line":22,"column":41}}},"6":{"name":"(anonymous_6)","line":32,"loc":{"start":{"line":32,"column":40},"end":{"line":32,"column":61}}},"7":{"name":"(anonymous_7)","line":44,"loc":{"start":{"line":44,"column":38},"end":{"line":44,"column":59}}},"8":{"name":"(anonymous_8)","line":67,"loc":{"start":{"line":67,"column":30},"end":{"line":67,"column":93}}},"9":{"name":"(anonymous_9)","line":75,"loc":{"start":{"line":75,"column":29},"end":{"line":75,"column":46}}},"10":{"name":"(anonymous_10)","line":85,"loc":{"start":{"line":85,"column":39},"end":{"line":85,"column":61}}},"11":{"name":"(anonymous_11)","line":88,"loc":{"start":{"line":88,"column":40},"end":{"line":88,"column":63}}},"12":{"name":"(anonymous_12)","line":95,"loc":{"start":{"line":95,"column":20},"end":{"line":95,"column":32}}},"13":{"name":"IndexedGraph","line":96,"loc":{"start":{"line":96,"column":4},"end":{"line":96,"column":33}}},"14":{"name":"(anonymous_14)","line":104,"loc":{"start":{"line":104,"column":33},"end":{"line":104,"column":54}}},"15":{"name":"(anonymous_15)","line":107,"loc":{"start":{"line":107,"column":34},"end":{"line":107,"column":56}}},"16":{"name":"(anonymous_16)","line":116,"loc":{"start":{"line":116,"column":13},"end":{"line":116,"column":31}}},"17":{"name":"Macro","line":118,"loc":{"start":{"line":118,"column":4},"end":{"line":118,"column":38}}},"18":{"name":"(anonymous_18)","line":123,"loc":{"start":{"line":123,"column":22},"end":{"line":123,"column":62}}},"19":{"name":"(anonymous_19)","line":134,"loc":{"start":{"line":134,"column":17},"end":{"line":134,"column":29}}},"20":{"name":"Component","line":135,"loc":{"start":{"line":135,"column":4},"end":{"line":135,"column":25}}},"21":{"name":"(anonymous_21)","line":147,"loc":{"start":{"line":147,"column":24},"end":{"line":147,"column":42}}},"22":{"name":"CommandComponent","line":149,"loc":{"start":{"line":149,"column":4},"end":{"line":149,"column":32}}},"23":{"name":"(anonymous_23)","line":162,"loc":{"start":{"line":162,"column":21},"end":{"line":162,"column":39}}},"24":{"name":"FileComponent","line":164,"loc":{"start":{"line":164,"column":4},"end":{"line":164,"column":37}}},"25":{"name":"(anonymous_25)","line":177,"loc":{"start":{"line":177,"column":22},"end":{"line":177,"column":40}}},"26":{"name":"GraphComponent","line":179,"loc":{"start":{"line":179,"column":4},"end":{"line":179,"column":47}}},"27":{"name":"(anonymous_27)","line":190,"loc":{"start":{"line":190,"column":44},"end":{"line":190,"column":65}}},"28":{"name":"(anonymous_28)","line":203,"loc":{"start":{"line":203,"column":22},"end":{"line":203,"column":40}}},"29":{"name":"MacroComponent","line":205,"loc":{"start":{"line":205,"column":4},"end":{"line":205,"column":35}}},"30":{"name":"(anonymous_30)","line":216,"loc":{"start":{"line":216,"column":18},"end":{"line":216,"column":30}}},"31":{"name":"Connection","line":217,"loc":{"start":{"line":217,"column":4},"end":{"line":217,"column":74}}},"32":{"name":"(anonymous_32)","line":224,"loc":{"start":{"line":224,"column":13},"end":{"line":224,"column":25}}},"33":{"name":"(anonymous_33)","line":231,"loc":{"start":{"line":231,"column":13},"end":{"line":231,"column":25}}},"34":{"name":"(anonymous_34)","line":238,"loc":{"start":{"line":238,"column":34},"end":{"line":238,"column":46}}},"35":{"name":"(anonymous_35)","line":251,"loc":{"start":{"line":251,"column":16},"end":{"line":251,"column":28}}},"36":{"name":"Boundary","line":252,"loc":{"start":{"line":252,"column":4},"end":{"line":252,"column":60}}},"37":{"name":"(anonymous_37)","line":259,"loc":{"start":{"line":259,"column":28},"end":{"line":259,"column":55}}},"38":{"name":"(anonymous_38)","line":269,"loc":{"start":{"line":269,"column":31},"end":{"line":269,"column":59}}},"39":{"name":"(anonymous_39)","line":273,"loc":{"start":{"line":273,"column":35},"end":{"line":273,"column":56}}},"40":{"name":"(anonymous_40)","line":277,"loc":{"start":{"line":277,"column":36},"end":{"line":277,"column":58}}},"41":{"name":"(anonymous_41)","line":288,"loc":{"start":{"line":288,"column":32},"end":{"line":288,"column":53}}},"42":{"name":"(anonymous_42)","line":296,"loc":{"start":{"line":296,"column":25},"end":{"line":296,"column":51}}},"43":{"name":"(anonymous_43)","line":301,"loc":{"start":{"line":301,"column":36},"end":{"line":301,"column":57}}},"44":{"name":"(anonymous_44)","line":308,"loc":{"start":{"line":308,"column":37},"end":{"line":308,"column":53}}},"45":{"name":"(anonymous_45)","line":316,"loc":{"start":{"line":316,"column":29},"end":{"line":316,"column":51}}},"46":{"name":"(anonymous_46)","line":320,"loc":{"start":{"line":320,"column":27},"end":{"line":320,"column":47}}},"47":{"name":"(anonymous_47)","line":325,"loc":{"start":{"line":325,"column":27},"end":{"line":325,"column":47}}}},"statementMap":{"1":{"start":{"line":1,"column":0},"end":{"line":6,"column":2}},"2":{"start":{"line":2,"column":4},"end":{"line":2,"column":58}},"3":{"start":{"line":2,"column":21},"end":{"line":2,"column":58}},"4":{"start":{"line":2,"column":46},"end":{"line":2,"column":58}},"5":{"start":{"line":3,"column":4},"end":{"line":3,"column":43}},"6":{"start":{"line":3,"column":20},"end":{"line":3,"column":41}},"7":{"start":{"line":4,"column":4},"end":{"line":4,"column":31}},"8":{"start":{"line":5,"column":4},"end":{"line":5,"column":27}},"9":{"start":{"line":7,"column":0},"end":{"line":92,"column":5}},"10":{"start":{"line":8,"column":4},"end":{"line":17,"column":5}},"11":{"start":{"line":9,"column":8},"end":{"line":9,"column":67}},"12":{"start":{"line":9,"column":49},"end":{"line":9,"column":65}},"13":{"start":{"line":10,"column":8},"end":{"line":10,"column":69}},"14":{"start":{"line":10,"column":50},"end":{"line":10,"column":67}},"15":{"start":{"line":11,"column":8},"end":{"line":11,"column":85}},"16":{"start":{"line":11,"column":57},"end":{"line":11,"column":83}},"17":{"start":{"line":12,"column":8},"end":{"line":12,"column":60}},"18":{"start":{"line":12,"column":46},"end":{"line":12,"column":58}},"19":{"start":{"line":13,"column":8},"end":{"line":13,"column":37}},"20":{"start":{"line":14,"column":8},"end":{"line":14,"column":39}},"21":{"start":{"line":15,"column":8},"end":{"line":15,"column":53}},"22":{"start":{"line":16,"column":8},"end":{"line":16,"column":31}},"23":{"start":{"line":22,"column":4},"end":{"line":27,"column":6}},"24":{"start":{"line":23,"column":8},"end":{"line":26,"column":10}},"25":{"start":{"line":32,"column":4},"end":{"line":39,"column":6}},"26":{"start":{"line":33,"column":8},"end":{"line":37,"column":9}},"27":{"start":{"line":34,"column":12},"end":{"line":36,"column":13}},"28":{"start":{"line":35,"column":16},"end":{"line":35,"column":28}},"29":{"start":{"line":38,"column":8},"end":{"line":38,"column":21}},"30":{"start":{"line":44,"column":4},"end":{"line":65,"column":6}},"31":{"start":{"line":45,"column":8},"end":{"line":63,"column":9}},"32":{"start":{"line":46,"column":12},"end":{"line":48,"column":13}},"33":{"start":{"line":47,"column":16},"end":{"line":47,"column":47}},"34":{"start":{"line":49,"column":12},"end":{"line":49,"column":32}},"35":{"start":{"line":50,"column":12},"end":{"line":50,"column":34}},"36":{"start":{"line":51,"column":12},"end":{"line":58,"column":13}},"37":{"start":{"line":52,"column":16},"end":{"line":52,"column":41}},"38":{"start":{"line":53,"column":16},"end":{"line":57,"column":17}},"39":{"start":{"line":54,"column":20},"end":{"line":54,"column":48}},"40":{"start":{"line":56,"column":20},"end":{"line":56,"column":50}},"41":{"start":{"line":60,"column":12},"end":{"line":60,"column":74}},"42":{"start":{"line":61,"column":12},"end":{"line":61,"column":44}},"43":{"start":{"line":62,"column":12},"end":{"line":62,"column":30}},"44":{"start":{"line":64,"column":8},"end":{"line":64,"column":20}},"45":{"start":{"line":67,"column":4},"end":{"line":70,"column":6}},"46":{"start":{"line":68,"column":8},"end":{"line":68,"column":93}},"47":{"start":{"line":69,"column":8},"end":{"line":69,"column":42}},"48":{"start":{"line":75,"column":4},"end":{"line":83,"column":6}},"49":{"start":{"line":76,"column":8},"end":{"line":76,"column":48}},"50":{"start":{"line":77,"column":8},"end":{"line":77,"column":50}},"51":{"start":{"line":85,"column":4},"end":{"line":87,"column":6}},"52":{"start":{"line":86,"column":8},"end":{"line":86,"column":61}},"53":{"start":{"line":88,"column":4},"end":{"line":90,"column":6}},"54":{"start":{"line":89,"column":8},"end":{"line":89,"column":64}},"55":{"start":{"line":91,"column":4},"end":{"line":91,"column":17}},"56":{"start":{"line":93,"column":0},"end":{"line":93,"column":22}},"57":{"start":{"line":95,"column":0},"end":{"line":113,"column":5}},"58":{"start":{"line":96,"column":4},"end":{"line":111,"column":5}},"59":{"start":{"line":97,"column":8},"end":{"line":97,"column":29}},"60":{"start":{"line":98,"column":8},"end":{"line":98,"column":35}},"61":{"start":{"line":99,"column":8},"end":{"line":99,"column":36}},"62":{"start":{"line":100,"column":8},"end":{"line":100,"column":41}},"63":{"start":{"line":101,"column":8},"end":{"line":101,"column":55}},"64":{"start":{"line":102,"column":8},"end":{"line":102,"column":53}},"65":{"start":{"line":104,"column":8},"end":{"line":106,"column":11}},"66":{"start":{"line":105,"column":12},"end":{"line":105,"column":49}},"67":{"start":{"line":107,"column":8},"end":{"line":110,"column":11}},"68":{"start":{"line":108,"column":12},"end":{"line":108,"column":65}},"69":{"start":{"line":109,"column":12},"end":{"line":109,"column":62}},"70":{"start":{"line":112,"column":4},"end":{"line":112,"column":24}},"71":{"start":{"line":114,"column":0},"end":{"line":114,"column":36}},"72":{"start":{"line":116,"column":0},"end":{"line":130,"column":10}},"73":{"start":{"line":117,"column":4},"end":{"line":117,"column":29}},"74":{"start":{"line":118,"column":4},"end":{"line":122,"column":5}},"75":{"start":{"line":119,"column":8},"end":{"line":119,"column":26}},"76":{"start":{"line":120,"column":8},"end":{"line":120,"column":25}},"77":{"start":{"line":121,"column":8},"end":{"line":121,"column":39}},"78":{"start":{"line":123,"column":4},"end":{"line":128,"column":6}},"79":{"start":{"line":124,"column":8},"end":{"line":124,"column":52}},"80":{"start":{"line":125,"column":8},"end":{"line":125,"column":51}},"81":{"start":{"line":126,"column":8},"end":{"line":126,"column":53}},"82":{"start":{"line":127,"column":8},"end":{"line":127,"column":24}},"83":{"start":{"line":129,"column":4},"end":{"line":129,"column":17}},"84":{"start":{"line":131,"column":0},"end":{"line":131,"column":22}},"85":{"start":{"line":134,"column":0},"end":{"line":141,"column":5}},"86":{"start":{"line":135,"column":4},"end":{"line":138,"column":5}},"87":{"start":{"line":136,"column":8},"end":{"line":136,"column":39}},"88":{"start":{"line":137,"column":8},"end":{"line":137,"column":20}},"89":{"start":{"line":139,"column":4},"end":{"line":139,"column":43}},"90":{"start":{"line":140,"column":4},"end":{"line":140,"column":21}},"91":{"start":{"line":142,"column":0},"end":{"line":142,"column":30}},"92":{"start":{"line":147,"column":0},"end":{"line":156,"column":14}},"93":{"start":{"line":148,"column":4},"end":{"line":148,"column":40}},"94":{"start":{"line":149,"column":4},"end":{"line":153,"column":5}},"95":{"start":{"line":150,"column":8},"end":{"line":150,"column":38}},"96":{"start":{"line":151,"column":8},"end":{"line":151,"column":42}},"97":{"start":{"line":152,"column":8},"end":{"line":152,"column":25}},"98":{"start":{"line":154,"column":4},"end":{"line":154,"column":38}},"99":{"start":{"line":155,"column":4},"end":{"line":155,"column":28}},"100":{"start":{"line":157,"column":0},"end":{"line":157,"column":44}},"101":{"start":{"line":162,"column":0},"end":{"line":171,"column":14}},"102":{"start":{"line":163,"column":4},"end":{"line":163,"column":37}},"103":{"start":{"line":164,"column":4},"end":{"line":168,"column":5}},"104":{"start":{"line":165,"column":8},"end":{"line":165,"column":26}},"105":{"start":{"line":166,"column":8},"end":{"line":166,"column":39}},"106":{"start":{"line":167,"column":8},"end":{"line":167,"column":33}},"107":{"start":{"line":169,"column":4},"end":{"line":169,"column":32}},"108":{"start":{"line":170,"column":4},"end":{"line":170,"column":25}},"109":{"start":{"line":172,"column":0},"end":{"line":172,"column":38}},"110":{"start":{"line":177,"column":0},"end":{"line":197,"column":14}},"111":{"start":{"line":178,"column":4},"end":{"line":178,"column":38}},"112":{"start":{"line":179,"column":4},"end":{"line":189,"column":5}},"113":{"start":{"line":180,"column":8},"end":{"line":180,"column":26}},"114":{"start":{"line":181,"column":8},"end":{"line":181,"column":25}},"115":{"start":{"line":182,"column":8},"end":{"line":182,"column":39}},"116":{"start":{"line":183,"column":8},"end":{"line":183,"column":40}},"117":{"start":{"line":184,"column":8},"end":{"line":184,"column":35}},"118":{"start":{"line":185,"column":8},"end":{"line":185,"column":34}},"119":{"start":{"line":186,"column":8},"end":{"line":186,"column":25}},"120":{"start":{"line":187,"column":8},"end":{"line":187,"column":29}},"121":{"start":{"line":188,"column":8},"end":{"line":188,"column":30}},"122":{"start":{"line":190,"column":4},"end":{"line":194,"column":6}},"123":{"start":{"line":191,"column":8},"end":{"line":191,"column":47}},"124":{"start":{"line":192,"column":8},"end":{"line":192,"column":49}},"125":{"start":{"line":193,"column":8},"end":{"line":193,"column":59}},"126":{"start":{"line":195,"column":4},"end":{"line":195,"column":34}},"127":{"start":{"line":196,"column":4},"end":{"line":196,"column":26}},"128":{"start":{"line":198,"column":0},"end":{"line":198,"column":40}},"129":{"start":{"line":203,"column":0},"end":{"line":212,"column":14}},"130":{"start":{"line":204,"column":4},"end":{"line":204,"column":38}},"131":{"start":{"line":205,"column":4},"end":{"line":209,"column":5}},"132":{"start":{"line":206,"column":8},"end":{"line":206,"column":26}},"133":{"start":{"line":207,"column":8},"end":{"line":207,"column":27}},"134":{"start":{"line":208,"column":8},"end":{"line":208,"column":40}},"135":{"start":{"line":210,"column":4},"end":{"line":210,"column":34}},"136":{"start":{"line":211,"column":4},"end":{"line":211,"column":26}},"137":{"start":{"line":213,"column":0},"end":{"line":213,"column":40}},"138":{"start":{"line":216,"column":0},"end":{"line":247,"column":5}},"139":{"start":{"line":217,"column":4},"end":{"line":222,"column":5}},"140":{"start":{"line":218,"column":8},"end":{"line":218,"column":45}},"141":{"start":{"line":219,"column":8},"end":{"line":219,"column":35}},"142":{"start":{"line":220,"column":8},"end":{"line":220,"column":41}},"143":{"start":{"line":221,"column":8},"end":{"line":221,"column":31}},"144":{"start":{"line":223,"column":4},"end":{"line":229,"column":7}},"145":{"start":{"line":225,"column":12},"end":{"line":225,"column":42}},"146":{"start":{"line":230,"column":4},"end":{"line":236,"column":7}},"147":{"start":{"line":232,"column":12},"end":{"line":232,"column":40}},"148":{"start":{"line":238,"column":4},"end":{"line":245,"column":6}},"149":{"start":{"line":239,"column":8},"end":{"line":244,"column":10}},"150":{"start":{"line":246,"column":4},"end":{"line":246,"column":22}},"151":{"start":{"line":248,"column":0},"end":{"line":248,"column":32}},"152":{"start":{"line":251,"column":0},"end":{"line":342,"column":5}},"153":{"start":{"line":252,"column":4},"end":{"line":258,"column":5}},"154":{"start":{"line":253,"column":8},"end":{"line":253,"column":25}},"155":{"start":{"line":254,"column":8},"end":{"line":254,"column":27}},"156":{"start":{"line":255,"column":8},"end":{"line":255,"column":23}},"157":{"start":{"line":256,"column":8},"end":{"line":256,"column":29}},"158":{"start":{"line":257,"column":8},"end":{"line":257,"column":37}},"159":{"start":{"line":259,"column":4},"end":{"line":267,"column":6}},"160":{"start":{"line":260,"column":8},"end":{"line":260,"column":19}},"161":{"start":{"line":261,"column":8},"end":{"line":265,"column":9}},"162":{"start":{"line":262,"column":12},"end":{"line":262,"column":29}},"163":{"start":{"line":264,"column":12},"end":{"line":264,"column":29}},"164":{"start":{"line":266,"column":8},"end":{"line":266,"column":54}},"165":{"start":{"line":269,"column":4},"end":{"line":271,"column":6}},"166":{"start":{"line":270,"column":8},"end":{"line":270,"column":62}},
[...]
8,"column":4},"skip":true}]},"10":{"line":125,"type":"binary-expr","locations":[{"start":{"line":125,"column":7},"end":{"line":125,"column":9}},{"start":{"line":125,"column":13},"end":{"line":125,"column":25}}]},"11":{"line":131,"type":"if","locations":[{"start":{"line":131,"column":4},"end":{"line":131,"column":4}},{"start":{"line":131,"column":4},"end":{"line":131,"column":4}}]},"12":{"line":143,"type":"if","locations":[{"start":{"line":143,"column":2},"end":{"line":143,"column":2}},{"start":{"line":143,"column":2},"end":{"line":143,"column":2}}]},"13":{"line":168,"type":"if","locations":[{"start":{"line":168,"column":31},"end":{"line":168,"column":31},"skip":true},{"start":{"line":168,"column":31},"end":{"line":168,"column":31}}]},"14":{"line":168,"type":"binary-expr","locations":[{"start":{"line":168,"column":34},"end":{"line":168,"column":37}},{"start":{"line":168,"column":41},"end":{"line":168,"column":59}}]},"15":{"line":176,"type":"if","locations":[{"start":{"line":176,"column":31},"end":{"line":176,"column":31},"skip":true},{"start":{"line":176,"column":31},"end":{"line":176,"column":31}}]},"16":{"line":176,"type":"binary-expr","locations":[{"start":{"line":176,"column":34},"end":{"line":176,"column":37}},{"start":{"line":176,"column":41},"end":{"line":176,"column":60}}]},"17":{"line":203,"type":"if","locations":[{"start":{"line":203,"column":31},"end":{"line":203,"column":31},"skip":true},{"start":{"line":203,"column":31},"end":{"line":203,"column":31}}]},"18":{"line":208,"type":"if","locations":[{"start":{"line":208,"column":10},"end":{"line":208,"column":10}},{"start":{"line":208,"column":10},"end":{"line":208,"column":10}}]},"19":{"line":214,"type":"if","locations":[{"start":{"line":214,"column":10},"end":{"line":214,"column":10}},{"start":{"line":214,"column":10},"end":{"line":214,"column":10}}]},"20":{"line":217,"type":"if","locations":[{"start":{"line":217,"column":10},"end":{"line":217,"column":10}},{"start":{"line":217,"column":10},"end":{"line":217,"column":10}}]}},"l":{"7":1,"9":1,"10":3,"11":0,"16":3,"18":3,"20":3,"21":7,"22":7,"23":52,"24":7,"25":45,"28":7,"29":7,"32":4,"40":3,"45":1,"46":1,"47":1,"48":1,"49":1,"51":1,"52":1,"58":1,"59":1,"60":1,"66":1,"67":1,"68":2,"70":1,"71":1,"76":1,"77":1,"78":1,"83":1,"84":1,"87":1,"88":1,"90":1,"91":1,"96":1,"97":1,"98":1,"99":1,"107":1,"108":1,"118":1,"125":3,"126":3,"127":3,"128":3,"129":3,"130":3,"131":7,"132":2,"133":2,"134":2,"136":7,"141":3,"143":3,"144":1,"162":3,"164":9,"165":9,"168":3,"169":3,"170":4,"171":4,"172":4,"175":3,"176":3,"177":3,"185":1,"186":1,"187":1,"193":1,"196":1,"197":1,"202":3,"203":3,"205":3,"206":3,"207":9,"208":9,"209":0,"210":0,"211":0,"212":0,"214":9,"215":0,"217":9,"218":0,"220":9,"223":3,"224":3,"229":2,"230":2}},
"/home/ubuntu/src/github.com/OmarCastro/ShellHive/api/services/graphUtils.js":{"path":"/home/ubuntu/src/github.com/OmarCastro/ShellHive/api/services/graphUtils.js","s":{"1":1,"2":1,"3":2,"4":0,"5":0,"6":2,"7":2,"8":5,"9":2,"10":2,"11":2,"12":2,"13":1,"14":1,"15":1,"16":16,"17":0,"18":16,"19":0,"20":16,"21":1,"22":2,"23":8,"24":8,"25":8,"26":8,"27":8,"28":8,"29":19,"30":8,"31":19,"32":8,"33":1,"34":7,"35":2,"36":2,"37":5,"38":3,"39":1,"40":4,"41":6,"42":1,"43":3,"44":8,"45":1,"46":2,"47":2,"48":8,"49":7,"50":7,"51":1,"52":7,"53":1,"54":1,"55":1,"56":0,"57":1,"58":1,"59":0,"60":1,"61":1},"b":{"1":[0,2],"2":[2,0],"3":[0,16],"4":[0,16],"5":[16,9,8],"6":[1,1],"7":[1,7],"8":[2,5],"9":[1,4],"10":[5,1],"11":[1,3],"12":[4,3],"13":[1,2],"14":[8,2,1,1],"15":[7,1],"16":[1,6],"17":[0,1],"18":[1,1],"19":[0,1],"20":[1,1]},"f":{"1":2,"2":5,"3":8,"4":16,"5":2,"6":8,"7":19,"8":19,"9":3,"10":6,"11":8,"12":2,"13":8,"14":1,"15":1,"16":1},"fnMap":{"1":{"name":"tsortGraph","line":5,"loc":{"start":{"line":5,"column":14},"end":{"line":5,"column":59}}},"2":{"name":"(anonymous_2)","line":12,"loc":{"start":{"line":12,"column":30},"end":{"line":12,"column":41}}},"3":{"name":"(anonymous_3)","line":26,"loc":{"start":{"line":26,"column":22},"end":{"line":26,"column":62}}},"4":{"name":"portType","line":27,"loc":{"start":{"line":27,"column":4},"end":{"line":27,"column":26}}},"5":{"name":"portTypeName","line":33,"loc":{"start":{"line":33,"column":4},"end":{"line":33,"column":30}}},"6":{"name":"(anonymous_6)","line":36,"loc":{"start":{"line":36,"column":6},"end":{"line":36,"column":18}}},"7":{"name":"(anonymous_7)","line":41,"loc":{"start":{"line":41,"column":50},"end":{"line":41,"column":64}}},"8":{"name":"(anonymous_8)","line":42,"loc":{"start":{"line":42,"column":50},"end":{"line":42,"column":64}}},"9":{"name":"(anonymous_9)","line":50,"loc":{"start":{"line":50,"column":37},"end":{"line":50,"column":51}}},"10":{"name":"(anonymous_10)","line":55,"loc":{"start":{"line":55,"column":37},"end":{"line":55,"column":51}}},"11":{"name":"(anonymous_11)","line":59,"loc":{"start":{"line":59,"column":37},"end":{"line":59,"column":51}}},"12":{"name":"(anonymous_12)","line":68,"loc":{"start":{"line":68,"column":9},"end":{"line":68,"column":21}}},"13":{"name":"(anonymous_13)","line":69,"loc":{"start":{"line":69,"column":7},"end":{"line":69,"column":25}}},"14":{"name":"(anonymous_14)","line":81,"loc":{"start":{"line":81,"column":11},"end":{"line":81,"column":45}}},"15":{"name":"(anonymous_15)","line":85,"loc":{"start":{"line":85,"column":10},"end":{"line":85,"column":30}}},"16":{"name":"(anonymous_16)","line":87,"loc":{"start":{"line":87,"column":59},"end":{"line":87,"column":77}}}},"statementMap":{"1":{"start":{"line":1,"column":0},"end":{"line":1,"column":29}},"2":{"start":{"line":4,"column":0},"end":{"line":95,"column":0}},"3":{"start":{"line":7,"column":4},"end":{"line":10,"column":5},"skip":true},"4":{"start":{"line":8,"column":6},"end":{"line":9,"column":6},"skip":true},"5":{"start":{"line":9,"column":6},"end":{"line":9,"column":27},"skip":true},"6":{"start":{"line":11,"column":4},"end":{"line":11,"column":25}},"7":{"start":{"line":12,"column":4},"end":{"line":14,"column":7}},"8":{"start":{"line":13,"column":6},"end":{"line":14,"column":4}},"9":{"start":{"line":15,"column":4},"end":{"line":17,"column":5}},"10":{"start":{"line":16,"column":6},"end":{"line":17,"column":4}},"11":{"start":{"line":18,"column":4},"end":{"line":23,"column":5}},"12":{"start":{"line":19,"column":6},"end":{"line":20,"column":6}},"13":{"start":{"line":20,"column":6},"end":{"line":21,"column":4}},"14":{"start":{"line":22,"column":6},"end":{"line":23,"column":4}},"15":{"start":{"line":27,"column":4},"end":{"line":31,"column":5}},"16":{"start":{"line":28,"column":6},"end":{"line":30,"column":68}},"17":{"start":{"line":28,"column":33},"end":{"line":28,"column":45}},"18":{"start":{"line":29,"column":11},"end":{"line":30,"column":68}},"19":{"start":{"line":29,"column":39},"end":{"line":29,"column":52}},"20":{"start":{"line":30,"column":11},"end":{"line":30,"column":68}},"21":{"start":{"line":33,"column":4},"end":{"line":33,"column":73}},"22":{"start":{"line":33,"column":31},"end":{"line":33,"column":72}},"23":{"start":{"line":35,"column":4},"end":{"line":79,"column":2}},"24":{"start":{"line":37,"column":8},"end":{"line":38,"column":8}},"25":{"start":{"line":38,"column":8},"end":{"line":39,"column":8}},"26":{"start":{"line":39,"column":8},"end":{"line":40,"column":8}},"27":{"start":{"line":40,"column":8},"end":{"line":41,"column":8}},"28":{"start":{"line":41,"column":8},"end":{"line":42,"column":8}},"29":{"start":{"line":41,"column":65},"end":{"line":41,"column":88}},"30":{"start":{"line":42,"column":8},"end":{"line":44,"column":8}},"31":{"start":{"line":42,"column":65},"end":{"line":42,"column":88}},"32":{"start":{"line":44,"column":8},"end":{"line":48,"column":9}},"33":{"start":{"line":44,"column":27},"end":{"line":44,"column":81}},"34":{"start":{"line":45,"column":13},"end":{"line":48,"column":9}},"35":{"start":{"line":46,"column":10},"end":{"line":47,"column":10}},"36":{"start":{"line":47,"column":10},"end":{"line":48,"column":8}},"37":{"start":{"line":49,"column":8},"end":{"line":52,"column":9}},"38":{"start":{"line":50,"column":52},"end":{"line":50,"column":88}},"39":{"start":{"line":51,"column":9},"end":{"line":52,"column":8}},"40":{"start":{"line":54,"column":8},"end":{"line":57,"column":9}},"41":{"start":{"line":55,"column":52},"end":{"line":55,"column":90}},"42":{"start":{"line":56,"column":9},"end":{"line":57,"column":8}},"43":{"start":{"line":59,"column":8},"end":{"line":64,"column":9}},"44":{"start":{"line":60,"column":10},"end":{"line":62,"column":8}},"45":{"start":{"line":63,"column":9},"end":{"line":63,"column":59}},"46":{"start":{"line":67,"column":8},"end":{"line":67,"column":30}},"47":{"start":{"line":68,"column":22},"end":{"line":68,"column":68}},"48":{"start":{"line":70,"column":6},"end":{"line":76,"column":7}},"49":{"start":{"line":71,"column":8},"end":{"line":71,"column":30}},"50":{"start":{"line":72,"column":8},"end":{"line":74,"column":9}},"51":{"start":{"line":73,"column":10},"end":{"line":74,"column":8}},"52":{"start":{"line":75,"column":8},"end":{"line":75,"column":29}},"53":{"start":{"line":77,"column":6},"end":{"line":77,"column":32}},"54":{"start":{"line":82,"column":4},"end":{"line":92,"column":7}},"55":{"start":{"line":86,"column":33},"end":{"line":86,"column":67},"skip":true},"56":{"start":{"line":86,"column":52},"end":{"line":86,"column":67},"skip":true},"57":{"start":{"line":87,"column":6},"end":{"line":92,"column":4}},"58":{"start":{"line":88,"column":36},"end":{"line":88,"column":67},"skip":true},"59":{"start":{"line":88,"column":52},"end":{"line":88,"column":67},"skip":true},"60":{"start":{"line":89,"column":8},"end":{"line":89,"column":36}},"61":{"start":{"line":90,"column":8},"end":{"line":90,"column":50}}},"branchMap":{"1":{"line":7,"type":"if","locations":[{"start":{"line":7,"column":4},"end":{"line":7,"column":4},"skip":true},{"start":{"line":7,"column":4},"end":{"line":7,"column":4},"skip":true}]},"2":{"line":15,"type":"if","locations":[{"start":{"line":15,"column":4},"end":{"line":15,"column":4}},{"start":{"line":15,"column":4},"end":{"line":15,"column":4}}]},"3":{"line":28,"type":"if","locations":[{"start":{"line":28,"column":6},"end":{"line":28,"column":6}},{"start":{"line":28,"column":6},"end":{"line":28,"column":6}}]},"4":{"line":29,"type":"if","locations":[{"start":{"line":29,"column":11},"end":{"line":29,"column":11}},{"start":{"line":29,"column":11},"end":{"line":29,"column":11}}]},"5":{"line":30,"type":"binary-expr","locations":[{"start":{"line":30,"column":19},"end":{"line":30,"column":32}},{"start":{"line":30,"column":36},"end":{"line":30,"column":48}},{"start":{"line":30,"column":52},"end":{"line":30,"column":66}}]},"6":{"line":33,"type":"cond-expr","locations":[{"start":{"line":33,"column":54},"end":{"line":33,"column":62}},{"start":{"line":33,"column":65},"end":{"line":33,"column":72}}]},"7":{"line":44,"type":"if","locations":[{"start":{"line":44,"column":8},"end":{"line":44,"column":8}},{"start":{"line":44,"column":8},"end":{"line":44,"column":8}}]},"8":{"line":45,"type":"if","locations":[{"start":{"line":45,"column":13},"end":{"line":45,"column":13}},{"start":{"line":45,"column":13},"end":{"line":45,"column":13}}]},"9":{"line":49,"type":"if","locations":[{"start":{"line":49,"column":8},"end":{"line":49,"column":8}},{"start":{"line":49,"column":8},"end":{"line":49,"column":8}}]},"10":{"line":49,"type":"binary-expr","locations":[{"start":{"line":49,"column":11},"end":{"line":49,"column":41}},{"start":{"line":50,"column":11},"end":{"line":50,"column":90}}]},"11":{"line":54,"type":"if","locations":[{"start":{"line":54,"column":8},"end":{"line":54,"column":8}},{"start":{"line":54,"column":8},"end":{"line":54,"column":8}}]},"12":{"line":54,"type":"binary-expr","locations":[{"start":{"line":54,"column":11},"end":{"line":54,"column":41}},{"start":{"line":55,"column":11},"end":{"line":55,"column":92}}]},"13":{"line":59,"type":"if","locations":[{"start":{"line":59,"column":8},"end":{"line":59,"column":8}},{"start":{"line":59,"column":8},"end":{"line":59,"column":8}}]},"14":{"line":60,"type":"binary-expr","locations":[{"start":{"line":60,"column":17},"end":{"line":60,"column":40}},{"start":{"line":60,"column":44},"end":{"line":60,"column":65}},{"start":{"line":61,"column":17},"end":{"line":61,"column":40}},{"start":{"line":61,"column":44},"end":{"line":61,"column":65}}]},"15":{"line":70,"type":"if","locations":[{"start":{"line":70,"column":6},"end":{"line":70,"column":6}},{"start":{"line":70,"column":6},"end":{"line":70,"column":6}}]},"16":{"line":72,"type":"if","locations":[{"start":{"line":72,"column":8},"end":{"line":72,"column":8}},{"start":{"line":72,"column":8},"end":{"line":72,"column":8}}]},"17":{"line":86,"type":"if","locations":[{"start":{"line":86,"column":33},"end":{"line":86,"column":33},"skip":true},{"start":{"line":86,"column":33},"end":{"line":86,"column":33},"skip":true}]},"18":{"line":86,"type":"binary-expr","locations":[{"start":{"line":86,"column":36},"end":{"line":86,"column":39},"skip":true},{"start":{"line":86,"column":43},"end":{"line":86,"column":50},"skip":true}]},"19":{"line":88,"type":"if","locations":[{"start":{"line":88,"column":36},"end":{"line":88,"column":36},"skip":true},{"start":{"line":88,"column":36},"end":{"line":88,"column":36},"skip":true}]},"20":{"line":88,"type":"binary-expr","locations":[{"start":{"line":88,"column":39},"end":{"line":88,"column":42},"skip":true},{"start":{"line":88,"column":46},"end":{"line":88,"column":50},"skip":true}]}},"l":{"1":1,"4":1,"7":2,"8":1,"9":1,"11":2,"12":2,"13":5,"15":2,"16":2,"18":2,"19":2,"20":1,"22":1,"27":1,"28":16,"29":16,"30":16,"33":2,"35":8,"37":8,"38":8,"39":8,"40":8,"41":19,"42":19,"44":8,"45":7,"46":2,"47":2,"49":5,"50":3,"51":1,"54":4,"55":6,"56":1,"59":3,"60":8,"63":1,"67":2,"68":2,"70":8,"71":7,"72":7,"73":1,"75":7,"77":1,"82":1,"86":1,"87":1,"88":1,"89":1,"90":1}},
"/home/ubuntu/src/github.com/OmarCastro/ShellHive/api/services/parser.js":{"path":"/home/ubuntu/src/github.com/OmarCastro/ShellHive/api/services/parser.js","s":{"1":1},"b":{},"f":{},"fnMap":{},"statementMap":{"1":{"start":{"line":1,"column":0},"end":{"line":1,"column":55}}},"branchMap":{},"l":{"1":1}},
"/home/ubuntu/src/github.com/OmarCastro/ShellHive/api/services/passport.js":{"path":"/home/ubuntu/src/github.com/OmarCastro/ShellHive/api/services/passport.js","s":{"1":1,"2":1,"3":5,"4":1,"5":15,"6":15,"7":1,"8":7,"9":7,"10":0,"11":7,"12":1,"13":6,"14":6,"15":1,"16":5,"17":1},"b":{"1":[0,7],"2":[1,6],"3":[1,5]},"f":{"1":5,"2":15,"3":15,"4":7,"5":7,"6":6},"fnMap":{"1":{"name":"(anonymous_1)","line":5,"loc":{"start":{"line":5,"column":23},"end":{"line":5,"column":44}}},"2":{"name":"(anonymous_2)","line":9,"loc":{"start":{"line":9,"column":25},"end":{"line":9,"column":44}}},"3":{"name":"(anonymous_3)","line":10,"loc":{"start":{"line":10,"column":23},"end":{"line":10,"column":44}}},"4":{"name":"(anonymous_4)","line":16,"loc":{"start":{"line":16,"column":2},"end":{"line":16,"column":37}}},"5":{"name":"(anonymous_5)","line":17,"loc":{"start":{"line":17,"column":39},"end":{"line":17,"column":59}}},"6":{"name":"(anonymous_6)","line":20,"loc":{"start":{"line":20,"column":46},"end":{"line":20,"column":65}}}},"statementMap":{"1":{"start":{"line":1,"column":0},"end":{"line":3,"column":29}},"2":{"start":{"line":5,"column":0},"end":{"line":7,"column":3}},"3":{"start":{"line":6,"column":2},"end":{"line":6,"column":22}},"4":{"start":{"line":9,"column":0},"end":{"line":13,"column":3}},"5":{"start":{"line":10,"column":2},"end":{"line":12,"column":5}},"6":{"start":{"line":11,"column":4},"end":{"line":11,"column":20}},"7":{"start":{"line":15,"column":0},"end":{"line":26,"column":2}},"8":{"start":{"line":17,"column":4},"end":{"line":24,"column":7}},"9":{"start":{"line":18,"column":6},"end":{"line":18,"column":36}},"10":{"start":{"line":18,"column":17},"end":{"line":18,"column":34}},"11":{"start":{"line":19,"column":6},"end":{"line":19,"column":76}},"12":{"start":{"line":19,"column":19},"end":{"line":19,"column":74}},"13":{"start":{"line":20,"column":6},"end":{"line":23,"column":9}},"14":{"start":{"line":21,"column":8},"end":{"line":21,"column":75}},"15":{"start":{"line":21,"column":18},"end":{"line":21,"column":75}},"16":{"start":{"line":22,"column":8},"end":{"line":22,"column":32}},"17":{"start":{"line":28,"column":0},"end":{"line":28,"column":26}}},"branchMap":{"1":{"line":18,"type":"if","locations":[{"start":{"line":18,"column":6},"end":{"line":18,"column":6}},{"start":{"line":18,"column":6},"end":{"line":18,"column":6}}]},"2":{"line":19,"type":"if","locations":[{"start":{"line":19,"column":6},"end":{"line":19,"column":6}},{"start":{"line":19,"column":6},"end":{"line":19,"column":6}}]},"3":{"line":21,"type":"if","locations":[{"start":{"line":21,"column":8},"end":{"line":21,"column":8}},{"start":{"line":21,"column":8},"end":{"line":21,"column":8}}]}},"l":{"1":1,"5":1,"6":5,"9":1,"10":15,"11":15,"15":1,"17":7,"18":7,"19":7,"20":6,"21":6,"22":5,"28":1}},
"/home/ubuntu/src/github.com/OmarCastro/ShellHive/api/services/shelljs.js":{"path":"/home/ubuntu/src/github.com/OmarCastro/ShellHive/api/services/shelljs.js","s":{"1":1},"b":{},"f":{},"fnMap":{},"statementMap":{"1":{"start":{"line":1,"column":0},"end":{"line":2,"column":0}}},"branchMap":{},"l":{"1":1}},
"/home/ubuntu/src/github.com/OmarCastro/ShellHive/api/services/showValidationError.js":{"path":"/home/ubuntu/src/github.com/OmarCastro/ShellHive/api/services/showValidationError.js","s":{"1":1,"2":1,"3":1,"4":1,"5":1,"6":3,"7":1,"8":1,"9":1,"10":1,"11":1,"12":1,"13":1,"14":1,"15":1,"16":1,"17":1},"b":{"1":[1,2],"2":[1,0],"3":[1,0]},"f":{"1":1,"2":3,"3":1},"fnMap":{"1":{"name":"(anonymous_1)","line":40,"loc":{"start":{"line":40,"column":17},"end":{"line":40,"column":50}}},"2":{"name":"(anonymous_2)","line":45,"loc":{"start":{"line":45,"column":28},"end":{"line":45,"column":55}}},"3":{"name":"(anonymous_3)","line":51,"loc":{"start":{"line":51,"column":27},"end":{"line":51,"column":42}}}},"statementMap":{"1":{"start":{"line":40,"column":0},"end":{"line":67,"column":2}},"2":{"start":{"line":41,"column":2},"end":{"line":41,"column":31}},"3":{"start":{"line":42,"column":2},"end":{"line":42,"column":43}},"4":{"start":{"line":43,"column":2},"end":{"line":43,"column":44}},"5":{"start":{"line":45,"column":2},"end":{"line":64,"column":5}},"6":{"start":{"line":47,"column":4},"end":{"line":63,"column":5}},"7":{"start":{"line":48,"column":6},"end":{"line":49,"column":6}},"8":{"start":{"line":49,"column":6},"end":{"line":49,"column":59}},"9":{"start":{"line":50,"column":6},"end":{"line":50,"column":44}},"10":{"start":{"line":51,"column":6},"end":{"line":61,"column":9}},"11":{"start":{"line":52,"column":8},"end":{"line":60,"column":9}},"12":{"start":{"line":53,"column":10},"end":{"line":55,"column":11}},"13":{"start":{"line":54,"column":12},"end":{"line":54,"column":64}},"14":{"start":{"line":57,"column":10},"end":{"line":57,"column":28}},"15":{"start":{"line":58,"column":10},"end":{"line":58,"column":72}},"16":{"start":{"line":59,"column":10},"end":{"line":59,"column":65}},"17":{"start":{"line":66,"column":2},"end":{"line":66,"column":29}}},"branchMap":{"1":{"line":47,"type":"if","locations":[{"start":{"line":47,"column":4},"end":{"line":47,"column":4}},{"start":{"line":47,"column":4},"end":{"line":47,"column":4}}]},"2":{"line":52,"type":"if","locations":[{"start":{"line":52,"column":8},"end":{"line":52,"column":8}},{"start":{"line":52,"column":8},"end":{"line":52,"column":8}}]},"3":{"line":53,"type":"if","locations":[{"start":{"line":53,"column":10},"end":{"line":53,"column":10}},{"start":{"line":53,"column":10},"end":{"line":53,"column":10}}]}},"l":{"40":1,"41":1,"42":1,"43":1,"45":1,"47":3,"48":1,"49":1,"50":1,"51":1,"52":1,"53":1,"54":1,"57":1,"58":1,"59":1,"66":1}},
"/home/ubuntu/src/github.com/OmarCastro/ShellHive/api/services/sshKeygen.js":{"path":"/home/ubuntu/src/github.com/OmarCastro/ShellHive/api/services/sshKeygen.js","s":{"1":1},"b":{},"f":{},"fnMap":{},"statementMap":{"1":{"start":{"line":1,"column":0},"end":{"line":2,"column":0}}},"branchMap":{},"l":{"1":1}}}
