TN:
SF:/home/ubuntu/src/github.com/OmarCastro/ShellHive/lib/parser/parser.js
FN:60,isImplemented
FN:72,generateAST
FN:86,parseAST
FN:134,parseCommand
FN:145,aux_parseVisualDataExperimental
FN:156,(anonymous_6)
FN:167,(anonymous_7)
FN:187,(anonymous_8)
FN:216,(anonymous_9)
FN:231,(anonymous_10)
FN:240,appendSingleOutput
FN:260,(anonymous_12)
FN:356,(anonymous_13)
FN:405,(anonymous_14)
FN:426,(anonymous_15)
FN:457,parseVisualDataExperimental
FN:458,(anonymous_17)
FN:462,(anonymous_18)
FN:472,(anonymous_19)
FN:479,(anonymous_20)
FN:498,parseVisualData
FN:499,(anonymous_22)
FN:519,parseComponent
FN:532,findFirstComponent
FN:534,(anonymous_25)
FN:549,parseVisualDatafromComponent
FN:560,(anonymous_27)
FN:562,(anonymous_28)
FN:578,(anonymous_29)
FN:595,(anonymous_30)
FN:597,(anonymous_31)
FN:607,teeResult
FN:651,createMacro
FN:667,createComponentDinamicText
FN:682,graphFromJson
FN:687,graphFromJsonObject
FN:694,cloneComponent
FN:726,connectCreatedComponents
FN:734,cloneGraph
FNF:39
FNH:35
FNDA:5,isImplemented
FNDA:123,generateAST
FNDA:154,parseAST
FNDA:116,parseCommand
FNDA:3,aux_parseVisualDataExperimental
FNDA:21,(anonymous_6)
FNDA:18,(anonymous_7)
FNDA:21,(anonymous_8)
FNDA:3,(anonymous_9)
FNDA:21,(anonymous_10)
FNDA:18,appendSingleOutput
FNDA:3,(anonymous_12)
FNDA:0,(anonymous_13)
FNDA:0,(anonymous_14)
FNDA:0,(anonymous_15)
FNDA:3,parseVisualDataExperimental
FNDA:6,(anonymous_17)
FNDA:6,(anonymous_18)
FNDA:0,(anonymous_19)
FNDA:6,(anonymous_20)
FNDA:44,parseVisualData
FNDA:121,(anonymous_22)
FNDA:83,parseComponent
FNDA:82,findFirstComponent
FNDA:339,(anonymous_25)
FNDA:80,parseVisualDatafromComponent
FNDA:333,(anonymous_27)
FNDA:39,(anonymous_28)
FNDA:240,(anonymous_29)
FNDA:5,(anonymous_30)
FNDA:12,(anonymous_31)
FNDA:2,teeResult
FNDA:4,createMacro
FNDA:7,createComponentDinamicText
FNDA:2,graphFromJson
FNDA:5,graphFromJsonObject
FNDA:27,cloneComponent
FNDA:22,connectCreatedComponents
FNDA:2,cloneGraph
DA:1,1
DA:3,1
DA:5,1
DA:6,1
DA:8,1
DA:9,1
DA:10,1
DA:11,1
DA:12,1
DA:13,1
DA:14,1
DA:15,1
DA:16,1
DA:17,1
DA:18,1
DA:19,1
DA:20,1
DA:21,1
DA:22,1
DA:23,1
DA:24,1
DA:25,1
DA:27,1
DA:52,1
DA:54,1
DA:55,1
DA:56,21
DA:57,21
DA:60,1
DA:61,5
DA:63,1
DA:72,1
DA:73,123
DA:75,1
DA:86,1
DA:87,154
DA:88,154
DA:90,154
DA:91,154
DA:92,154
DA:93,154
DA:94,154
DA:95,154
DA:96,154
DA:97,198
DA:98,198
DA:99,198
DA:100,198
DA:101,198
DA:102,6
DA:104,192
DA:106,192
DA:108,192
DA:109,192
DA:110,192
DA:111,192
DA:112,38
DA:113,38
DA:114,38
DA:116,192
DA:117,192
DA:118,154
DA:123,148
DA:124,148
DA:125,148
DA:126,148
DA:127,148
DA:129,1
DA:134,1
DA:135,116
DA:137,1
DA:145,1
DA:146,3
DA:148,3
DA:149,3
DA:150,3
DA:151,3
DA:152,3
DA:156,3
DA:157,21
DA:161,21
DA:167,3
DA:168,18
DA:169,18
DA:170,18
DA:171,18
DA:172,0
DA:174,18
DA:177,18
DA:178,18
DA:179,18
DA:180,18
DA:181,0
DA:183,18
DA:187,3
DA:188,21
DA:189,21
DA:190,21
DA:192,21
DA:193,15
DA:194,15
DA:195,15
DA:197,15
DA:198,15
DA:199,12
DA:204,12
DA:205,3
DA:206,3
DA:210,3
DA:216,6
DA:217,3
DA:219,3
DA:220,0
DA:221,0
DA:222,0
DA:223,0
DA:226,3
DA:228,6
DA:231,3
DA:232,21
DA:233,21
DA:234,21
DA:235,21
DA:236,21
DA:237,21
DA:238,21
DA:240,1
DA:241,18
DA:242,12
DA:243,12
DA:244,6
DA:245,3
DA:247,3
DA:249,18
DA:252,21
DA:254,15
DA:255,15
DA:256,15
DA:258,15
DA:259,6
DA:260,6
DA:261,3
DA:262,3
DA:263,0
DA:264,3
DA:265,0
DA:266,0
DA:267,0
DA:269,3
DA:273,15
DA:275,15
DA:276,0
DA:277,0
DA:278,0
DA:280,0
DA:282,0
DA:283,0
DA:284,0
DA:285,0
DA:287,0
DA:288,0
DA:289,0
DA:291,0
DA:295,15
DA:296,15
DA:297,0
DA:298,0
DA:299,0
DA:300,0
DA:301,0
DA:303,0
DA:305,15
DA:309,15
DA:310,0
DA:311,0
DA:313,0
DA:314,0
DA:315,0
DA:316,0
DA:317,0
DA:320,0
DA:321,0
DA:324,15
DA:325,0
DA:326,0
DA:327,0
DA:328,0
DA:329,0
DA:330,0
DA:332,0
DA:336,15
DA:337,12
DA:338,12
DA:339,12
DA:340,12
DA:341,12
DA:342,12
DA:343,12
DA:345,12
DA:347,3
DA:349,15
DA:352,0
DA:353,0
DA:354,0
DA:355,0
DA:356,0
DA:357,0
DA:358,0
DA:359,0
DA:360,0
DA:361,0
DA:362,0
DA:363,0
DA:365,0
DA:367,0
DA:370,0
DA:373,6
DA:374,3
DA:375,3
DA:376,3
DA:377,0
DA:378,0
DA:379,0
DA:380,0
DA:382,0
DA:383,3
DA:384,0
DA:385,0
DA:386,0
DA:387,0
DA:389,0
DA:390,3
DA:391,3
DA:392,3
DA:393,3
DA:394,0
DA:395,0
DA:396,0
DA:397,0
DA:400,3
DA:401,3
DA:403,3
DA:405,0
DA:406,0
DA:407,0
DA:408,0
DA:409,0
DA:410,0
DA:411,0
DA:412,0
DA:413,0
DA:414,0
DA:417,0
DA:420,0
DA:422,0
DA:424,0
DA:426,0
DA:427,0
DA:428,0
DA:429,0
DA:430,0
DA:431,0
DA:432,0
DA:433,0
DA:434,0
DA:435,0
DA:436,0
DA:438,0
DA:441,0
DA:444,0
DA:445,0
DA:449,3
DA:455,1
DA:457,1
DA:458,3
DA:459,6
DA:461,3
DA:462,3
DA:463,6
DA:465,3
DA:466,3
DA:467,3
DA:468,0
DA:469,0
DA:470,0
DA:472,0
DA:473,0
DA:477,3
DA:478,3
DA:479,3
DA:480,6
DA:483,3
DA:488,1
DA:498,1
DA:499,44
DA:500,121
DA:502,1
DA:504,43
DA:505,43
DA:506,43
DA:507,3
DA:508,3
DA:509,3
DA:510,3
DA:511,3
DA:515,43
DA:517,1
DA:519,1
DA:520,83
DA:522,80
DA:524,3
DA:527,1
DA:532,1
DA:533,82
DA:534,83
DA:535,339
DA:536,1
DA:537,1
DA:539,338
DA:542,82
DA:544,1
DA:549,1
DA:550,80
DA:551,80
DA:552,80
DA:553,80
DA:554,80
DA:556,80
DA:557,80
DA:558,80
DA:560,80
DA:561,333
DA:563,39
DA:564,39
DA:565,39
DA:567,30
DA:568,30
DA:570,5
DA:571,5
DA:573,4
DA:574,4
DA:578,80
DA:579,240
DA:580,240
DA:581,39
DA:582,39
DA:583,10
DA:585,29
DA:588,240
DA:591,80
DA:592,80
DA:593,80
DA:595,80
DA:596,5
DA:597,5
DA:598,12
DA:599,2
DA:601,10
DA:604,5
DA:607,1
DA:608,2
DA:611,80
DA:612,3
DA:613,3
DA:614,3
DA:615,3
DA:616,77
DA:617,22
DA:618,5
DA:620,17
DA:624,80
DA:625,1
DA:626,1
DA:627,79
DA:628,3
DA:629,2
DA:631,1
DA:635,80
DA:636,1
DA:637,1
DA:638,79
DA:639,2
DA:640,1
DA:642,1
DA:646,80
DA:648,1
DA:651,1
DA:652,4
DA:653,1
DA:654,3
DA:655,2
DA:657,1
DA:659,1
DA:667,1
DA:668,7
DA:669,1
DA:671,6
DA:672,6
DA:673,6
DA:674,2
DA:675,4
DA:676,1
DA:678,3
DA:680,1
DA:682,1
DA:683,2
DA:685,1
DA:687,1
DA:688,5
DA:689,5
DA:690,5
DA:691,52
DA:693,5
DA:694,5
DA:695,27
DA:696,27
DA:698,19
DA:699,19
DA:701,8
DA:702,8
DA:704,0
DA:705,0
DA:706,0
DA:707,0
DA:710,0
DA:714,27
DA:715,1
DA:718,27
DA:719,169
DA:721,27
DA:722,27
DA:724,5
DA:725,5
DA:726,5
DA:727,22
DA:729,5
DA:730,5
DA:732,1
DA:734,1
DA:735,2
DA:736,2
DA:738,1
DA:740,1
DA:741,1
DA:742,1
DA:743,1
DA:744,1
DA:745,1
DA:746,1
DA:747,1
LF:450
LH:338
BRDA:87,1,0,116
BRDA:87,1,1,38
BRDA:100,2,0,198
BRDA:100,2,1,0
BRDA:101,3,0,6
BRDA:101,3,1,192
BRDA:106,4,0,192
BRDA:106,4,1,0
BRDA:111,5,0,38
BRDA:111,5,1,154
BRDA:112,6,0,38
BRDA:112,6,1,0
BRDA:116,7,0,192
BRDA:116,7,1,0
BRDA:117,8,0,154
BRDA:117,8,1,38
BRDA:146,9,0,3
BRDA:146,9,1,3
BRDA:171,10,0,0
BRDA:171,10,1,18
BRDA:180,11,0,0
BRDA:180,11,1,18
BRDA:192,12,0,15
BRDA:192,12,1,6
BRDA:192,13,0,21
BRDA:192,13,1,18
BRDA:192,13,2,15
BRDA:193,14,0,15
BRDA:193,14,1,0
BRDA:193,15,0,15
BRDA:193,15,1,3
BRDA:197,16,0,15
BRDA:197,16,1,0
BRDA:197,17,0,15
BRDA:197,17,1,15
BRDA:198,18,0,12
BRDA:198,18,1,3
BRDA:205,19,0,3
BRDA:205,19,1,0
BRDA:219,20,0,0
BRDA:219,20,1,3
BRDA:241,21,0,12
BRDA:241,21,1,6
BRDA:243,22,0,9
BRDA:243,22,1,3
BRDA:243,23,0,12
BRDA:243,23,1,9
BRDA:244,24,0,3
BRDA:244,24,1,3
BRDA:252,25,0,15
BRDA:252,25,1,0
BRDA:252,25,2,6
BRDA:252,25,3,0
BRDA:252,25,4,0
BRDA:258,26,0,6
BRDA:258,26,1,9
BRDA:262,27,0,0
BRDA:262,27,1,3
BRDA:264,28,0,0
BRDA:264,28,1,3
BRDA:275,29,0,0
BRDA:275,29,1,15
BRDA:275,30,0,15
BRDA:275,30,1,0
BRDA:276,31,0,0
BRDA:276,31,1,0
BRDA:295,32,0,15
BRDA:295,32,1,0
BRDA:295,33,0,15
BRDA:295,33,1,15
BRDA:296,34,0,0
BRDA:296,34,1,15
BRDA:309,35,0,0
BRDA:309,35,1,15
BRDA:309,36,0,15
BRDA:309,36,1,0
BRDA:313,37,0,0
BRDA:313,37,1,0
BRDA:324,38,0,0
BRDA:324,38,1,15
BRDA:324,39,0,15
BRDA:324,39,1,12
BRDA:327,40,0,0
BRDA:327,40,1,0
BRDA:329,41,0,0
BRDA:329,41,1,0
BRDA:336,42,0,12
BRDA:336,42,1,3
BRDA:337,43,0,12
BRDA:337,43,1,0
BRDA:355,44,0,0
BRDA:355,44,1,0
BRDA:359,45,0,0
BRDA:359,45,1,0
BRDA:359,46,0,0
BRDA:359,46,1,0
BRDA:373,47,0,3
BRDA:373,47,1,3
BRDA:376,48,0,0
BRDA:376,48,1,3
BRDA:379,49,0,0
BRDA:379,49,1,0
BRDA:383,50,0,0
BRDA:383,50,1,3
BRDA:386,51,0,0
BRDA:386,51,1,0
BRDA:390,52,0,3
BRDA:390,52,1,0
BRDA:390,53,0,3
BRDA:390,53,1,3
BRDA:393,54,0,0
BRDA:393,54,1,3
BRDA:409,55,0,0
BRDA:409,55,1,0
BRDA:409,56,0,0
BRDA:409,56,1,0
BRDA:411,57,0,0
BRDA:411,57,1,0
BRDA:433,58,0,0
BRDA:433,58,1,0
BRDA:433,59,0,0
BRDA:433,59,1,0
BRDA:435,60,0,0
BRDA:435,60,1,0
BRDA:467,61,0,0
BRDA:467,61,1,3
BRDA:469,62,0,0
BRDA:469,62,1,0
BRDA:499,63,0,1
BRDA:499,63,1,43
BRDA:506,64,0,3
BRDA:506,64,1,40
BRDA:509,65,0,3
BRDA:509,65,1,0
BRDA:520,66,0,80
BRDA:520,66,1,3
BRDA:535,67,0,1
BRDA:535,67,1,338
BRDA:535,68,0,339
BRDA:535,68,1,71
BRDA:535,68,2,67
BRDA:535,68,3,26
BRDA:561,69,0,333
BRDA:561,69,1,47
BRDA:565,70,0,30
BRDA:565,70,1,5
BRDA:565,70,2,4
BRDA:582,71,0,10
BRDA:582,71,1,29
BRDA:598,72,0,2
BRDA:598,72,1,10
BRDA:611,73,0,3
BRDA:611,73,1,77
BRDA:616,74,0,22
BRDA:616,74,1,55
BRDA:617,75,0,5
BRDA:617,75,1,17
BRDA:624,76,0,1
BRDA:624,76,1,79
BRDA:627,77,0,3
BRDA:627,77,1,76
BRDA:628,78,0,2
BRDA:628,78,1,1
BRDA:635,79,0,1
BRDA:635,79,1,79
BRDA:638,80,0,2
BRDA:638,80,1,77
BRDA:639,81,0,1
BRDA:639,81,1,1
BRDA:652,82,0,1
BRDA:652,82,1,3
BRDA:654,83,0,2
BRDA:654,83,1,1
BRDA:668,84,0,1
BRDA:668,84,1,6
BRDA:673,85,0,2
BRDA:673,85,1,4
BRDA:675,86,0,1
BRDA:675,86,1,3
BRDA:696,87,0,19
BRDA:696,87,1,8
BRDA:696,87,2,0
BRDA:696,87,3,0
BRDA:696,87,4,0
BRDA:714,88,0,0
BRDA:714,88,1,27
BRF:186
BRH:122
end_of_record
TN:
SF:/home/ubuntu/src/github.com/OmarCastro/ShellHive/lib/common/graph.js
FN:1,(anonymous_1)
FN:3,__
FN:7,(anonymous_3)
FN:8,Graph
FN:22,(anonymous_5)
FN:32,(anonymous_6)
FN:44,(anonymous_7)
FN:67,(anonymous_8)
FN:75,(anonymous_9)
FN:85,(anonymous_10)
FN:88,(anonymous_11)
FN:95,(anonymous_12)
FN:96,IndexedGraph
FN:104,(anonymous_14)
FN:107,(anonymous_15)
FN:116,(anonymous_16)
FN:118,Macro
FN:123,(anonymous_18)
FN:134,(anonymous_19)
FN:135,Component
FN:147,(anonymous_21)
FN:149,CommandComponent
FN:162,(anonymous_23)
FN:164,FileComponent
FN:177,(anonymous_25)
FN:179,GraphComponent
FN:190,(anonymous_27)
FN:203,(anonymous_28)
FN:205,MacroComponent
FN:216,(anonymous_30)
FN:217,Connection
FN:224,(anonymous_32)
FN:231,(anonymous_33)
FN:238,(anonymous_34)
FN:251,(anonymous_35)
FN:252,Boundary
FN:259,(anonymous_37)
FN:269,(anonymous_38)
FN:273,(anonymous_39)
FN:277,(anonymous_40)
FN:288,(anonymous_41)
FN:296,(anonymous_42)
FN:301,(anonymous_43)
FN:308,(anonymous_44)
FN:316,(anonymous_45)
FN:320,(anonymous_46)
FN:325,(anonymous_47)
FNF:47
FNH:47
FNDA:5,(anonymous_1)
FNDA:5,__
FNDA:1,(anonymous_3)
FNDA:361,Graph
FNDA:100,(anonymous_5)
FNDA:3,(anonymous_6)
FNDA:2,(anonymous_7)
FNDA:31,(anonymous_8)
FNDA:26,(anonymous_9)
FNDA:26,(anonymous_10)
FNDA:26,(anonymous_11)
FNDA:1,(anonymous_12)
FNDA:44,IndexedGraph
FNDA:124,(anonymous_14)
FNDA:80,(anonymous_15)
FNDA:1,(anonymous_16)
FNDA:4,Macro
FNDA:3,(anonymous_18)
FNDA:1,(anonymous_19)
FNDA:309,Component
FNDA:1,(anonymous_21)
FNDA:211,CommandComponent
FNDA:1,(anonymous_23)
FNDA:94,FileComponent
FNDA:1,(anonymous_25)
FNDA:1,GraphComponent
FNDA:1,(anonymous_27)
FNDA:1,(anonymous_28)
FNDA:3,MacroComponent
FNDA:1,(anonymous_30)
FNDA:186,Connection
FNDA:558,(anonymous_32)
FNDA:318,(anonymous_33)
FNDA:5,(anonymous_34)
FNDA:1,(anonymous_35)
FNDA:341,Boundary
FNDA:147,(anonymous_37)
FNDA:147,(anonymous_38)
FNDA:147,(anonymous_39)
FNDA:39,(anonymous_40)
FNDA:41,(anonymous_41)
FNDA:146,(anonymous_42)
FNDA:203,(anonymous_43)
FNDA:146,(anonymous_44)
FNDA:192,(anonymous_45)
FNDA:128,(anonymous_46)
FNDA:128,(anonymous_47)
DA:1,1
DA:2,5
DA:3,5
DA:4,5
DA:5,5
DA:7,1
DA:8,1
DA:9,361
DA:10,361
DA:11,361
DA:12,361
DA:13,361
DA:14,361
DA:15,361
DA:16,361
DA:22,1
DA:23,100
DA:32,1
DA:33,3
DA:34,6
DA:35,1
DA:38,2
DA:44,1
DA:45,2
DA:46,1
DA:47,1
DA:49,1
DA:50,1
DA:51,1
DA:52,2
DA:53,2
DA:54,1
DA:56,1
DA:60,1
DA:61,1
DA:62,1
DA:64,1
DA:67,1
DA:68,31
DA:69,31
DA:75,1
DA:76,26
DA:77,26
DA:85,1
DA:86,26
DA:88,1
DA:89,26
DA:91,1
DA:93,1
DA:95,1
DA:96,1
DA:97,44
DA:98,44
DA:99,44
DA:100,44
DA:101,44
DA:102,44
DA:104,44
DA:105,124
DA:107,44
DA:108,80
DA:109,80
DA:112,1
DA:114,1
DA:116,1
DA:117,1
DA:118,1
DA:119,4
DA:120,4
DA:121,4
DA:123,1
DA:124,3
DA:125,3
DA:126,3
DA:127,3
DA:129,1
DA:131,1
DA:134,1
DA:135,1
DA:136,309
DA:137,309
DA:139,1
DA:140,1
DA:142,1
DA:147,1
DA:148,1
DA:149,1
DA:150,211
DA:151,211
DA:152,211
DA:154,1
DA:155,1
DA:157,1
DA:162,1
DA:163,1
DA:164,1
DA:165,94
DA:166,94
DA:167,94
DA:169,1
DA:170,1
DA:172,1
DA:177,1
DA:178,1
DA:179,1
DA:180,1
DA:181,1
DA:182,1
DA:183,1
DA:184,1
DA:185,1
DA:186,1
DA:187,1
DA:188,1
DA:190,1
DA:191,1
DA:192,1
DA:193,1
DA:195,1
DA:196,1
DA:198,1
DA:203,1
DA:204,1
DA:205,1
DA:206,3
DA:207,3
DA:208,3
DA:210,1
DA:211,1
DA:213,1
DA:216,1
DA:217,1
DA:218,186
DA:219,186
DA:220,186
DA:221,186
DA:223,1
DA:225,558
DA:230,1
DA:232,318
DA:238,1
DA:239,5
DA:246,1
DA:248,1
DA:251,1
DA:252,1
DA:253,341
DA:254,341
DA:255,341
DA:256,341
DA:257,341
DA:259,1
DA:260,147
DA:261,147
DA:262,93
DA:264,54
DA:266,147
DA:269,1
DA:270,147
DA:273,1
DA:274,147
DA:277,1
DA:278,39
DA:279,1
DA:281,38
DA:282,38
DA:283,41
DA:285,38
DA:288,1
DA:289,41
DA:290,41
DA:291,41
DA:292,41
DA:293,41
DA:296,1
DA:297,146
DA:298,146
DA:299,146
DA:300,146
DA:301,146
DA:302,203
DA:303,203
DA:304,203
DA:308,1
DA:309,146
DA:310,146
DA:316,1
DA:317,192
DA:318,192
DA:319,192
DA:320,192
DA:321,128
DA:322,128
DA:325,192
DA:326,128
DA:327,128
DA:328,128
DA:329,128
DA:332,192
DA:334,192
DA:335,99
DA:336,99
DA:337,99
DA:339,192
DA:341,1
DA:343,1
LF:206
LH:206
BRDA:1,1,0,1
BRDA:1,1,1,1
BRDA:2,2,0,4
BRDA:2,2,1,0
BRDA:9,3,0,361
BRDA:9,3,1,0
BRDA:10,4,0,361
BRDA:10,4,1,0
BRDA:11,5,0,361
BRDA:11,5,1,0
BRDA:12,6,0,361
BRDA:12,6,1,0
BRDA:34,7,0,1
BRDA:34,7,1,5
BRDA:45,8,0,1
BRDA:45,8,1,1
BRDA:46,9,0,1
BRDA:46,9,1,0
BRDA:53,10,0,1
BRDA:53,10,1,1
BRDA:53,11,0,2
BRDA:53,11,1,1
BRDA:261,12,0,93
BRDA:261,12,1,54
BRDA:278,13,0,1
BRDA:278,13,1,38
BRDA:309,14,0,1
BRDA:309,14,1,145
BRDA:327,15,0,29
BRDA:327,15,1,99
BRDA:334,16,0,99
BRDA:334,16,1,93
BRF:32
BRH:26
end_of_record
TN:
SF:/home/ubuntu/src/github.com/OmarCastro/ShellHive/lib/parser/utils/sanitizer.js
FN:1,sanitizeCommand
FN:6,sanitizeArgument
FN:14,sanitizedWithSingleQuotes
FNF:3
FNH:3
FNDA:24,sanitizeCommand
FNDA:104,sanitizeArgument
FNDA:2,sanitizedWithSingleQuotes
DA:1,1
DA:2,24
DA:4,1
DA:6,1
DA:7,104
DA:8,24
DA:10,80
DA:12,1
DA:14,1
DA:15,2
DA:17,1
LF:11
LH:11
BRDA:7,1,0,24
BRDA:7,1,1,80
BRDA:15,2,0,2
BRDA:15,2,1,2
BRF:4
BRH:4
end_of_record
TN:
SF:/home/ubuntu/src/github.com/OmarCastro/ShellHive/lib/parser/commands/awk.js
FN:6,(anonymous_1)
FN:8,__
FN:42,(anonymous_3)
FN:44,AwkComponent
FN:54,defaultComponentData
FN:62,(anonymous_6)
FN:67,(anonymous_7)
FNF:7
FNH:7
FNDA:1,(anonymous_1)
FNDA:1,__
FNDA:1,(anonymous_3)
FNDA:9,AwkComponent
FNDA:9,defaultComponentData
FNDA:10,(anonymous_6)
FNDA:4,(anonymous_7)
DA:6,1
DA:7,1
DA:8,1
DA:9,1
DA:10,1
DA:12,1
DA:13,1
DA:14,1
DA:15,1
DA:16,1
DA:18,1
DA:29,1
DA:31,1
DA:40,1
DA:42,1
DA:43,1
DA:44,1
DA:45,9
DA:46,9
DA:47,9
DA:48,9
DA:50,1
DA:52,1
DA:54,1
DA:55,9
DA:56,9
DA:57,9
DA:61,1
DA:63,10
DA:67,1
DA:68,4
DA:71,1
DA:72,1
LF:33
LH:33
BRDA:6,1,0,1
BRDA:6,1,1,1
BRDA:7,2,0,1
BRDA:7,2,1,0
BRF:4
BRH:3
end_of_record
TN:
SF:/home/ubuntu/src/github.com/OmarCastro/ShellHive/lib/parser/utils/optionsParser.js
FN:1,(anonymous_1)
FN:2,Iterator
FN:8,(anonymous_3)
FN:11,(anonymous_4)
FN:14,(anonymous_5)
FN:21,parseShortOptions
FN:32,(anonymous_7)
FN:56,(anonymous_8)
FN:61,(anonymous_9)
FN:64,(anonymous_10)
FN:65,(anonymous_11)
FN:75,(anonymous_12)
FN:76,(anonymous_13)
FN:89,select
FN:98,(anonymous_15)
FN:105,(anonymous_16)
FN:118,(anonymous_17)
FN:129,(anonymous_18)
FN:132,(anonymous_19)
FN:134,(anonymous_20)
FN:148,ignore
FN:153,(anonymous_22)
FN:157,generate
FN:169,optionParserFromConfig
FN:180,(anonymous_25)
FN:203,(anonymous_26)
FNF:26
FNH:26
FNDA:1,(anonymous_1)
FNDA:240,Iterator
FNDA:444,(anonymous_3)
FNDA:339,(anonymous_4)
FNDA:5,(anonymous_5)
FNDA:42,parseShortOptions
FNDA:12,(anonymous_7)
FNDA:79,(anonymous_8)
FNDA:81,(anonymous_9)
FNDA:24,(anonymous_10)
FNDA:34,(anonymous_11)
FNDA:4,(anonymous_12)
FNDA:6,(anonymous_13)
FNDA:80,select
FNDA:26,(anonymous_15)
FNDA:2,(anonymous_16)
FNDA:2,(anonymous_17)
FNDA:2,(anonymous_18)
FNDA:5,(anonymous_19)
FNDA:5,(anonymous_20)
FNDA:1,ignore
FNDA:58,(anonymous_22)
FNDA:8,generate
FNDA:15,optionParserFromConfig
FNDA:2,(anonymous_25)
FNDA:4,(anonymous_26)
DA:1,1
DA:2,1
DA:3,240
DA:4,240
DA:5,240
DA:6,240
DA:8,1
DA:9,444
DA:11,1
DA:12,339
DA:14,1
DA:15,5
DA:17,1
DA:19,1
DA:21,1
DA:22,42
DA:23,42
DA:24,56
DA:25,56
DA:26,6
DA:30,1
DA:32,1
DA:33,12
DA:34,12
DA:35,12
DA:36,12
DA:37,12
DA:38,6
DA:39,6
DA:40,6
DA:41,6
DA:42,6
DA:43,6
DA:46,6
DA:47,6
DA:48,6
DA:56,1
DA:57,79
DA:58,79
DA:59,81
DA:61,79
DA:62,81
DA:64,79
DA:65,24
DA:66,34
DA:68,24
DA:75,1
DA:76,4
DA:77,6
DA:78,6
DA:79,6
DA:80,6
DA:82,4
DA:83,4
DA:84,4
DA:85,4
DA:89,1
DA:90,80
DA:91,80
DA:92,76
DA:94,80
DA:95,76
DA:97,80
DA:98,75
DA:99,26
DA:104,5
DA:105,4
DA:106,2
DA:107,2
DA:115,1
DA:118,1
DA:119,2
DA:120,2
DA:121,2
DA:123,2
DA:124,1
DA:126,2
DA:127,1
DA:129,2
DA:130,2
DA:132,2
DA:133,5
DA:134,5
DA:135,5
DA:137,3
DA:148,1
DA:150,1
DA:153,1
DA:154,58
DA:157,1
DA:158,8
DA:159,8
DA:160,8
DA:161,73
DA:162,73
DA:163,58
DA:167,1
DA:169,1
DA:170,15
DA:171,15
DA:172,15
DA:174,15
DA:175,55
DA:176,55
DA:177,55
DA:178,55
DA:179,45
DA:180,1
DA:181,2
DA:184,44
DA:188,15
DA:189,15
DA:190,15
DA:191,15
DA:192,63
DA:193,63
DA:194,63
DA:195,51
DA:196,9
DA:198,42
DA:201,63
DA:202,14
DA:203,2
DA:204,4
DA:207,12
DA:213,15
DA:218,1
LF:127
LH:127
BRDA:25,1,0,6
BRDA:25,1,1,50
BRDA:25,2,0,56
BRDA:25,2,1,52
BRDA:37,3,0,6
BRDA:37,3,1,6
BRDA:41,4,0,6
BRDA:41,4,1,6
BRDA:42,5,0,6
BRDA:42,5,1,0
BRDA:47,6,0,6
BRDA:47,6,1,0
BRDA:62,7,0,67
BRDA:62,7,1,14
BRDA:78,8,0,3
BRDA:78,8,1,3
BRDA:90,9,0,43
BRDA:90,9,1,37
BRDA:91,10,0,76
BRDA:91,10,1,4
BRDA:94,11,0,76
BRDA:94,11,1,4
BRDA:97,12,0,75
BRDA:97,12,1,5
BRDA:104,13,0,4
BRDA:104,13,1,1
BRDA:106,14,0,2
BRDA:106,14,1,0
BRDA:123,15,0,1
BRDA:123,15,1,1
BRDA:126,16,0,1
BRDA:126,16,1,1
BRDA:130,17,0,2
BRDA:130,17,1,1
BRDA:134,18,0,3
BRDA:134,18,1,2
BRDA:162,19,0,58
BRDA:162,19,1,15
BRDA:174,20,0,15
BRDA:174,20,1,2
BRDA:178,21,0,45
BRDA:178,21,1,10
BRDA:179,22,0,1
BRDA:179,22,1,44
BRDA:188,23,0,15
BRDA:188,23,1,8
BRDA:194,24,0,51
BRDA:194,24,1,12
BRDA:195,25,0,9
BRDA:195,25,1,42
BRDA:201,26,0,14
BRDA:201,26,1,49
BRDA:202,27,0,2
BRDA:202,27,1,12
BRF:54
BRH:51
end_of_record
TN:
SF:/home/ubuntu/src/github.com/OmarCastro/ShellHive/lib/parser/utils/parserData.js
FN:20,(anonymous_1)
FN:21,ParserData
FN:33,(anonymous_3)
FN:43,(anonymous_4)
FN:56,(anonymous_5)
FN:98,(anonymous_6)
FN:112,(anonymous_7)
FN:139,(anonymous_8)
FN:155,(anonymous_9)
FNF:9
FNH:9
FNDA:1,(anonymous_1)
FNDA:21,ParserData
FNDA:21,(anonymous_3)
FNDA:21,(anonymous_4)
FNDA:21,(anonymous_5)
FNDA:183,(anonymous_6)
FNDA:174,(anonymous_7)
FNDA:31,(anonymous_8)
FNDA:1,(anonymous_9)
DA:20,1
DA:21,1
DA:22,21
DA:23,21
DA:24,21
DA:25,21
DA:26,21
DA:27,21
DA:28,21
DA:29,21
DA:30,21
DA:31,21
DA:33,1
DA:34,21
DA:35,21
DA:36,21
DA:37,21
DA:38,76
DA:39,76
DA:43,1
DA:44,21
DA:45,21
DA:46,21
DA:47,21
DA:48,10
DA:49,10
DA:56,1
DA:57,21
DA:58,21
DA:59,21
DA:60,21
DA:61,21
DA:62,21
DA:64,21
DA:65,23
DA:66,23
DA:67,23
DA:68,23
DA:70,23
DA:71,89
DA:72,89
DA:73,89
DA:74,89
DA:78,21
DA:79,21
DA:82,1
DA:99,183
DA:100,183
DA:101,183
DA:102,632
DA:103,632
DA:105,183
DA:111,1
DA:113,174
DA:114,174
DA:115,174
DA:116,275
DA:117,275
DA:118,503
DA:119,503
DA:120,264
DA:124,264
DA:125,2
DA:127,264
DA:128,264
DA:132,174
DA:138,1
DA:140,31
DA:141,31
DA:142,31
DA:143,40
DA:144,40
DA:146,31
DA:151,1
DA:153,1
DA:155,1
DA:156,1
DA:157,1
DA:158,1
DA:160,1
LF:80
LH:80
BRDA:34,1,0,4
BRDA:34,1,1,17
BRDA:44,2,0,14
BRDA:44,2,1,7
BRDA:57,3,0,9
BRDA:57,3,1,12
BRDA:119,4,0,264
BRDA:119,4,1,239
BRDA:122,5,0,264
BRDA:122,5,1,74
BRDA:124,6,0,2
BRDA:124,6,1,262
BRDA:144,7,0,40
BRDA:144,7,1,40
BRDA:159,8,0,1
BRDA:159,8,1,1
BRF:16
BRH:16
end_of_record
TN:
SF:/home/ubuntu/src/github.com/OmarCastro/ShellHive/lib/parser/utils/init.js
FN:16,typeOf
FN:46,addFileComponent
FN:73,commonParseCommand
FN:74,(anonymous_4)
FN:167,parseFlagsAndSelectors
FN:224,commonParseComponent
FN:232,(anonymous_7)
FN:267,(anonymous_8)
FNF:8
FNH:8
FNDA:257,typeOf
FNDA:68,addFileComponent
FNDA:20,commonParseCommand
FNDA:192,(anonymous_4)
FNDA:107,parseFlagsAndSelectors
FNDA:20,commonParseComponent
FNDA:107,(anonymous_7)
FNDA:42,(anonymous_8)
DA:1,1
DA:2,1
DA:4,1
DA:5,1
DA:7,1
DA:8,1
DA:9,1
DA:11,1
DA:13,1
DA:16,1
DA:17,257
DA:18,209
DA:19,54
DA:20,12
DA:22,42
DA:24,155
DA:26,48
DA:27,45
DA:29,3
DA:31,1
DA:46,1
DA:47,68
DA:48,68
DA:50,68
DA:51,68
DA:53,68
DA:54,68
DA:56,1
DA:73,1
DA:74,20
DA:75,192
DA:76,192
DA:78,192
DA:79,192
DA:80,38
DA:82,192
DA:83,192
DA:85,192
DA:86,192
DA:87,192
DA:88,244
DA:89,244
DA:91,42
DA:92,42
DA:94,12
DA:95,12
DA:97,157
DA:98,157
DA:99,128
DA:101,157
DA:102,68
DA:103,68
DA:104,68
DA:106,157
DA:109,22
DA:110,22
DA:111,22
DA:112,22
DA:114,22
DA:115,22
DA:116,53
DA:117,22
DA:118,22
DA:122,22
DA:124,22
DA:126,8
DA:127,8
DA:128,8
DA:130,8
DA:131,8
DA:132,8
DA:133,8
DA:135,3
DA:136,3
DA:137,3
DA:138,3
DA:139,3
DA:140,3
DA:143,192
DA:144,192
DA:145,192
DA:146,192
DA:147,8
DA:148,8
DA:149,8
DA:151,192
DA:152,3
DA:153,3
DA:160,192
DA:161,192
DA:164,1
DA:167,1
DA:168,107
DA:169,107
DA:170,107
DA:171,107
DA:172,107
DA:173,107
DA:174,107
DA:176,107
DA:177,337
DA:178,337
DA:179,19
DA:181,19
DA:182,1
DA:184,19
DA:188,107
DA:189,101
DA:190,124
DA:191,124
DA:192,124
DA:193,11
DA:194,1
DA:195,11
DA:196,2
DA:197,9
DA:198,7
DA:200,2
DA:206,107
DA:207,107
DA:209,107
DA:210,1
DA:211,106
DA:212,21
DA:213,85
DA:214,3
DA:216,82
DA:224,1
DA:225,20
DA:226,20
DA:232,20
DA:233,107
DA:234,107
DA:235,107
DA:236,107
DA:237,107
DA:239,107
DA:241,107
DA:242,42
DA:244,42
DA:246,42
DA:247,2
DA:248,2
DA:249,0
DA:251,2
DA:254,2
DA:255,2
DA:256,1
DA:258,2
DA:259,2
DA:260,40
DA:261,21
DA:265,107
DA:267,107
DA:268,42
DA:269,8
DA:270,8
DA:272,34
DA:275,107
DA:276,16
DA:278,107
DA:279,44
DA:281,63
DA:282,24
DA:284,63
DA:285,63
DA:287,63
DA:288,63
DA:290,63
DA:294,1
DA:297,1
DA:298,1
DA:299,1
DA:300,1
LF:174
LH:173
BRDA:17,1,0,209
BRDA:17,1,1,48
BRDA:17,2,0,257
BRDA:17,2,1,212
BRDA:18,3,0,54
BRDA:18,3,1,155
BRDA:18,4,0,209
BRDA:18,4,1,57
BRDA:19,5,0,12
BRDA:19,5,1,42
BRDA:26,6,0,45
BRDA:26,6,1,3
BRDA:79,7,0,38
BRDA:79,7,1,154
BRDA:89,8,0,42
BRDA:89,8,1,12
BRDA:89,8,2,157
BRDA:89,8,3,22
BRDA:89,8,4,8
BRDA:89,8,5,3
BRDA:98,9,0,128
BRDA:98,9,1,29
BRDA:98,10,0,157
BRDA:98,10,1,128
BRDA:101,11,0,68
BRDA:101,11,1,89
BRDA:116,12,0,22
BRDA:116,12,1,31
BRDA:146,13,0,8
BRDA:146,13,1,184
BRDA:151,14,0,3
BRDA:151,14,1,189
BRDA:152,15,0,3
BRDA:152,15,1,0
BRDA:178,16,0,19
BRDA:178,16,1,318
BRDA:181,17,0,0
BRDA:181,17,1,19
BRDA:188,18,0,101
BRDA:188,18,1,6
BRDA:192,19,0,11
BRDA:192,19,1,113
BRDA:193,20,0,0
BRDA:193,20,1,11
BRDA:195,21,0,2
BRDA:195,21,1,9
BRDA:197,22,0,7
BRDA:197,22,1,2
BRDA:209,23,0,1
BRDA:209,23,1,106
BRDA:209,24,0,107
BRDA:209,24,1,22
BRDA:211,25,0,21
BRDA:211,25,1,85
BRDA:213,26,0,3
BRDA:213,26,1,82
BRDA:246,27,0,2
BRDA:246,27,1,40
BRDA:246,28,0,42
BRDA:246,28,1,15
BRDA:248,29,0,0
BRDA:248,29,1,2
BRDA:255,30,0,1
BRDA:255,30,1,1
BRDA:255,31,0,2
BRDA:255,31,1,2
BRDA:260,32,0,21
BRDA:260,32,1,19
BRDA:267,33,0,20
BRDA:267,33,1,87
BRDA:268,34,0,8
BRDA:268,34,1,34
BRDA:275,35,0,16
BRDA:275,35,1,91
BRDA:278,36,0,44
BRDA:278,36,1,63
BRDA:281,37,0,24
BRDA:281,37,1,39
BRDA:284,38,0,63
BRDA:284,38,1,0
BRDA:287,39,0,63
BRDA:287,39,1,0
BRF:82
BRH:78
end_of_record
TN:
SF:/home/ubuntu/src/github.com/OmarCastro/ShellHive/lib/parser/commands/cat.js
FN:1,(anonymous_1)
FN:3,__
FN:87,(anonymous_3)
FN:89,CatComponent
FN:98,defaultComponentData
FNF:5
FNH:5
FNDA:1,(anonymous_1)
FNDA:1,__
FNDA:1,(anonymous_3)
FNDA:63,CatComponent
FNDA:60,defaultComponentData
DA:1,1
DA:2,1
DA:3,1
DA:4,1
DA:5,1
DA:7,1
DA:8,1
DA:9,1
DA:10,1
DA:12,1
DA:39,1
DA:70,1
DA:75,1
DA:77,1
DA:79,1
DA:80,1
DA:81,1
DA:83,1
DA:84,1
DA:85,1
DA:87,1
DA:88,1
DA:89,1
DA:90,63
DA:91,63
DA:92,63
DA:94,1
DA:96,1
DA:98,1
DA:99,60
DA:100,60
DA:101,60
DA:102,60
DA:106,1
DA:107,1
DA:108,1
DA:109,1
LF:37
LH:37
BRDA:1,1,0,1
BRDA:1,1,1,1
BRDA:2,2,0,1
BRDA:2,2,1,0
BRF:4
BRH:3
end_of_record
TN:
SF:/home/ubuntu/src/github.com/OmarCastro/ShellHive/lib/parser/commands/curl.js
FN:156,(anonymous_1)
FN:158,__
FN:213,(anonymous_3)
FN:215,CurlComponent
FN:224,defaultComponentData
FN:233,(anonymous_6)
FNF:6
FNH:6
FNDA:1,(anonymous_1)
FNDA:1,__
FNDA:1,(anonymous_3)
FNDA:2,CurlComponent
FNDA:2,defaultComponentData
FNDA:2,(anonymous_6)
DA:156,1
DA:157,1
DA:158,1
DA:159,1
DA:160,1
DA:167,1
DA:168,1
DA:169,1
DA:170,1
DA:172,1
DA:207,1
DA:209,1
DA:211,1
DA:213,1
DA:214,1
DA:215,1
DA:216,2
DA:217,2
DA:218,2
DA:220,1
DA:222,1
DA:224,1
DA:225,2
DA:226,2
DA:227,2
DA:228,2
DA:232,1
DA:234,2
DA:238,1
DA:240,1
DA:241,1
LF:31
LH:31
BRDA:156,1,0,1
BRDA:156,1,1,1
BRDA:157,2,0,1
BRDA:157,2,1,0
BRF:4
BRH:3
end_of_record
TN:
SF:/home/ubuntu/src/github.com/OmarCastro/ShellHive/lib/parser/commands/date.js
FN:1,(anonymous_1)
FN:3,__
FN:38,(anonymous_3)
FN:40,DateComponent
FN:48,defaultComponentData
FN:57,(anonymous_6)
FNF:6
FNH:6
FNDA:1,(anonymous_1)
FNDA:1,__
FNDA:1,(anonymous_3)
FNDA:7,DateComponent
FNDA:7,defaultComponentData
FNDA:1,(anonymous_6)
DA:1,1
DA:2,1
DA:3,1
DA:4,1
DA:5,1
DA:7,1
DA:8,1
DA:9,1
DA:10,1
DA:12,1
DA:32,1
DA:34,1
DA:35,1
DA:36,1
DA:38,1
DA:39,1
DA:40,1
DA:41,7
DA:42,7
DA:44,1
DA:46,1
DA:48,1
DA:49,7
DA:50,7
DA:51,7
DA:52,7
DA:56,1
DA:58,1
DA:61,1
DA:62,1
DA:63,1
LF:31
LH:31
BRDA:1,1,0,1
BRDA:1,1,1,1
BRDA:2,2,0,1
BRDA:2,2,1,0
BRF:4
BRH:3
end_of_record
TN:
SF:/home/ubuntu/src/github.com/OmarCastro/ShellHive/lib/parser/commands/diff.js
FN:134,(anonymous_1)
FN:136,__
FN:212,(anonymous_3)
FN:214,DiffComponent
FN:223,defaultComponentData
FNF:5
FNH:5
FNDA:1,(anonymous_1)
FNDA:1,__
FNDA:1,(anonymous_3)
FNDA:5,DiffComponent
FNDA:5,defaultComponentData
DA:134,1
DA:135,1
DA:136,1
DA:137,1
DA:138,1
DA:140,1
DA:141,1
DA:142,1
DA:143,1
DA:145,1
DA:173,1
DA:197,1
DA:202,1
DA:204,1
DA:206,1
DA:207,1
DA:209,1
DA:210,1
DA:212,1
DA:213,1
DA:214,1
DA:215,5
DA:216,5
DA:217,5
DA:219,1
DA:221,1
DA:223,1
DA:224,5
DA:225,5
DA:226,5
DA:227,5
DA:231,1
DA:232,1
DA:233,1
DA:234,1
LF:35
LH:35
BRDA:134,1,0,1
BRDA:134,1,1,1
BRDA:135,2,0,1
BRDA:135,2,1,0
BRF:4
BRH:3
end_of_record
TN:
SF:/home/ubuntu/src/github.com/OmarCastro/ShellHive/lib/parser/commands/echo.js
FN:20,(anonymous_1)
FN:22,__
FN:65,(anonymous_3)
FN:67,EchoComponent
FN:75,defaultComponentData
FN:85,(anonymous_6)
FNF:6
FNH:3
FNDA:1,(anonymous_1)
FNDA:1,__
FNDA:1,(anonymous_3)
FNDA:0,EchoComponent
FNDA:0,defaultComponentData
FNDA:0,(anonymous_6)
DA:20,1
DA:21,1
DA:22,1
DA:23,1
DA:24,1
DA:26,1
DA:27,1
DA:28,1
DA:29,1
DA:31,1
DA:41,1
DA:56,1
DA:61,1
DA:63,1
DA:65,1
DA:66,1
DA:67,1
DA:68,0
DA:69,0
DA:71,1
DA:73,1
DA:75,1
DA:76,0
DA:77,0
DA:78,0
DA:80,0
DA:84,1
DA:86,0
DA:89,1
DA:90,1
DA:91,1
LF:31
LH:24
BRDA:20,1,0,1
BRDA:20,1,1,1
BRDA:21,2,0,1
BRDA:21,2,1,0
BRF:4
BRH:3
end_of_record
TN:
SF:/home/ubuntu/src/github.com/OmarCastro/ShellHive/lib/parser/commands/bunzip2.js
FN:15,(anonymous_1)
FN:17,__
FN:141,(anonymous_3)
FN:143,BunzipComponent
FN:152,defaultComponentData
FNF:5
FNH:5
FNDA:1,(anonymous_1)
FNDA:1,__
FNDA:1,(anonymous_3)
FNDA:3,BunzipComponent
FNDA:3,defaultComponentData
DA:15,1
DA:16,1
DA:17,1
DA:18,1
DA:19,1
DA:21,1
DA:22,1
DA:23,1
DA:24,1
DA:26,1
DA:45,1
DA:47,1
DA:92,1
DA:97,1
DA:99,1
DA:120,1
DA:134,1
DA:139,1
DA:141,1
DA:142,1
DA:143,1
DA:144,3
DA:145,3
DA:146,3
DA:148,1
DA:150,1
DA:152,1
DA:153,3
DA:154,3
DA:155,3
DA:156,3
DA:159,1
DA:160,1
DA:161,1
DA:162,1
LF:35
LH:35
BRDA:15,1,0,1
BRDA:15,1,1,1
BRDA:16,2,0,1
BRDA:16,2,1,0
BRF:4
BRH:3
end_of_record
TN:
SF:/home/ubuntu/src/github.com/OmarCastro/ShellHive/lib/parser/commands/bzcat.js
FN:15,(anonymous_1)
FN:17,__
FN:141,(anonymous_3)
FN:143,BzcatComponent
FN:152,defaultComponentData
FNF:5
FNH:5
FNDA:1,(anonymous_1)
FNDA:1,__
FNDA:1,(anonymous_3)
FNDA:3,BzcatComponent
FNDA:3,defaultComponentData
DA:15,1
DA:16,1
DA:17,1
DA:18,1
DA:19,1
DA:21,1
DA:22,1
DA:23,1
DA:24,1
DA:26,1
DA:45,1
DA:47,1
DA:92,1
DA:97,1
DA:99,1
DA:120,1
DA:134,1
DA:139,1
DA:141,1
DA:142,1
DA:143,1
DA:144,3
DA:145,3
DA:146,3
DA:148,1
DA:150,1
DA:152,1
DA:153,3
DA:154,3
DA:155,3
DA:156,3
DA:160,1
DA:161,1
DA:162,1
DA:163,1
LF:35
LH:35
BRDA:15,1,0,1
BRDA:15,1,1,1
BRDA:16,2,0,1
BRDA:16,2,1,0
BRF:4
BRH:3
end_of_record
TN:
SF:/home/ubuntu/src/github.com/OmarCastro/ShellHive/lib/parser/commands/bzip2.js
FN:15,(anonymous_1)
FN:17,__
FN:188,(anonymous_3)
FN:190,BZipComponent
FN:199,defaultComponentData
FNF:5
FNH:5
FNDA:1,(anonymous_1)
FNDA:1,__
FNDA:1,(anonymous_3)
FNDA:3,BZipComponent
FNDA:3,defaultComponentData
DA:15,1
DA:16,1
DA:17,1
DA:18,1
DA:19,1
DA:21,1
DA:22,1
DA:23,1
DA:24,1
DA:26,1
DA:100,1
DA:102,1
DA:154,1
DA:159,1
DA:161,1
DA:188,1
DA:189,1
DA:190,1
DA:191,3
DA:192,3
DA:193,3
DA:195,1
DA:197,1
DA:199,1
DA:200,3
DA:201,3
DA:202,3
DA:203,3
DA:207,1
DA:208,1
DA:209,1
DA:210,1
LF:32
LH:32
BRDA:15,1,0,1
BRDA:15,1,1,1
BRDA:16,2,0,1
BRDA:16,2,1,0
BRF:4
BRH:3
end_of_record
TN:
SF:/home/ubuntu/src/github.com/OmarCastro/ShellHive/lib/parser/commands/grep.js
FN:20,(anonymous_1)
FN:22,__
FN:132,(anonymous_3)
FN:134,GrepComponent
FN:144,defaultComponentData
FN:153,(anonymous_6)
FN:162,(anonymous_7)
FNF:7
FNH:7
FNDA:1,(anonymous_1)
FNDA:1,__
FNDA:1,(anonymous_3)
FNDA:76,GrepComponent
FNDA:72,defaultComponentData
FNDA:106,(anonymous_6)
FNDA:40,(anonymous_7)
DA:20,1
DA:21,1
DA:22,1
DA:23,1
DA:24,1
DA:26,1
DA:27,1
DA:28,1
DA:29,1
DA:30,1
DA:32,1
DA:85,1
DA:100,1
DA:123,1
DA:125,1
DA:130,1
DA:132,1
DA:133,1
DA:134,1
DA:135,76
DA:136,76
DA:137,76
DA:138,76
DA:140,1
DA:142,1
DA:144,1
DA:145,72
DA:146,72
DA:147,72
DA:148,72
DA:152,1
DA:154,106
DA:155,67
DA:157,39
DA:162,1
DA:163,40
DA:164,40
DA:168,40
DA:169,1
DA:171,40
DA:172,18
DA:173,22
DA:174,19
DA:175,3
DA:176,1
DA:178,2
DA:181,1
DA:182,1
LF:48
LH:48
BRDA:20,1,0,1
BRDA:20,1,1,1
BRDA:21,2,0,1
BRDA:21,2,1,0
BRDA:154,3,0,67
BRDA:154,3,1,39
BRDA:155,4,0,67
BRDA:155,4,1,2
BRDA:163,5,0,40
BRDA:163,5,1,3
BRDA:168,6,0,1
BRDA:168,6,1,39
BRDA:171,7,0,18
BRDA:171,7,1,22
BRDA:171,8,0,40
BRDA:171,8,1,37
BRDA:173,9,0,19
BRDA:173,9,1,3
BRDA:175,10,0,1
BRDA:175,10,1,2
BRF:20
BRH:19
end_of_record
TN:
SF:/home/ubuntu/src/github.com/OmarCastro/ShellHive/lib/parser/commands/ls.js
FN:1,(anonymous_1)
FN:3,__
FN:290,extend
FN:346,(anonymous_4)
FN:348,LsComponent
FN:357,defaultComponentData
FNF:6
FNH:6
FNDA:1,(anonymous_1)
FNDA:1,__
FNDA:2,extend
FNDA:1,(anonymous_4)
FNDA:7,LsComponent
FNDA:7,defaultComponentData
DA:1,1
DA:2,1
DA:3,1
DA:4,1
DA:5,1
DA:7,1
DA:8,1
DA:9,1
DA:10,1
DA:12,1
DA:220,1
DA:271,1
DA:281,1
DA:287,1
DA:288,1
DA:290,1
DA:291,2
DA:292,40
DA:296,1
DA:320,1
DA:342,1
DA:344,1
DA:346,1
DA:347,1
DA:348,1
DA:349,7
DA:350,7
DA:351,7
DA:353,1
DA:355,1
DA:357,1
DA:358,7
DA:359,7
DA:360,7
DA:361,7
DA:362,7
DA:366,1
DA:367,1
DA:368,1
DA:369,1
LF:40
LH:40
BRDA:1,1,0,1
BRDA:1,1,1,1
BRDA:2,2,0,1
BRDA:2,2,1,0
BRF:4
BRH:3
end_of_record
TN:
SF:/home/ubuntu/src/github.com/OmarCastro/ShellHive/lib/parser/commands/sort.js
FN:1,(anonymous_1)
FN:3,__
FN:176,(anonymous_3)
FN:178,SortComponent
FN:187,defaultComponentData
FNF:5
FNH:5
FNDA:1,(anonymous_1)
FNDA:1,__
FNDA:1,(anonymous_3)
FNDA:4,SortComponent
FNDA:1,defaultComponentData
DA:1,1
DA:2,1
DA:3,1
DA:4,1
DA:5,1
DA:7,1
DA:8,1
DA:9,1
DA:10,1
DA:12,1
DA:14,1
DA:86,1
DA:119,1
DA:129,1
DA:135,1
DA:137,1
DA:174,1
DA:176,1
DA:177,1
DA:178,1
DA:179,4
DA:180,4
DA:181,4
DA:183,1
DA:185,1
DA:187,1
DA:188,1
DA:189,1
DA:190,1
DA:191,1
DA:192,1
DA:196,1
DA:197,1
DA:198,1
DA:199,1
LF:35
LH:35
BRDA:1,1,0,1
BRDA:1,1,1,1
BRDA:2,2,0,1
BRDA:2,2,1,0
BRF:4
BRH:3
end_of_record
TN:
SF:/home/ubuntu/src/github.com/OmarCastro/ShellHive/lib/parser/commands/gzip.js
FN:15,(anonymous_1)
FN:17,__
FN:150,(anonymous_3)
FN:152,GZipComponent
FN:161,defaultComponentData
FNF:5
FNH:5
FNDA:1,(anonymous_1)
FNDA:1,__
FNDA:1,(anonymous_3)
FNDA:6,GZipComponent
FNDA:6,defaultComponentData
DA:15,1
DA:16,1
DA:17,1
DA:18,1
DA:19,1
DA:21,1
DA:22,1
DA:23,1
DA:24,1
DA:26,1
DA:83,1
DA:142,1
DA:147,1
DA:148,1
DA:150,1
DA:151,1
DA:152,1
DA:153,6
DA:154,6
DA:155,6
DA:157,1
DA:159,1
DA:161,1
DA:162,6
DA:163,6
DA:164,6
DA:165,6
DA:169,1
DA:170,1
DA:171,1
DA:172,1
LF:31
LH:31
BRDA:15,1,0,1
BRDA:15,1,1,1
BRDA:16,2,0,1
BRDA:16,2,1,0
BRF:4
BRH:3
end_of_record
TN:
SF:/home/ubuntu/src/github.com/OmarCastro/ShellHive/lib/parser/commands/gunzip.js
FN:15,(anonymous_1)
FN:17,__
FN:73,(anonymous_3)
FN:75,GunzipComponent
FN:84,defaultComponentData
FNF:5
FNH:5
FNDA:1,(anonymous_1)
FNDA:1,__
FNDA:1,(anonymous_3)
FNDA:3,GunzipComponent
FNDA:3,defaultComponentData
DA:15,1
DA:16,1
DA:17,1
DA:18,1
DA:19,1
DA:21,1
DA:22,1
DA:23,1
DA:24,1
DA:26,1
DA:64,1
DA:68,1
DA:69,1
DA:71,1
DA:73,1
DA:74,1
DA:75,1
DA:76,3
DA:77,3
DA:78,3
DA:80,1
DA:82,1
DA:84,1
DA:85,3
DA:86,3
DA:87,3
DA:88,3
DA:91,1
DA:92,1
DA:93,1
DA:94,1
LF:31
LH:31
BRDA:15,1,0,1
BRDA:15,1,1,1
BRDA:16,2,0,1
BRDA:16,2,1,0
BRF:4
BRH:3
end_of_record
TN:
SF:/home/ubuntu/src/github.com/OmarCastro/ShellHive/lib/parser/commands/zcat.js
FN:15,(anonymous_1)
FN:17,__
FN:71,(anonymous_3)
FN:73,ZcatComponent
FN:82,defaultComponentData
FNF:5
FNH:5
FNDA:1,(anonymous_1)
FNDA:1,__
FNDA:1,(anonymous_3)
FNDA:3,ZcatComponent
FNDA:3,defaultComponentData
DA:15,1
DA:16,1
DA:17,1
DA:18,1
DA:19,1
DA:21,1
DA:22,1
DA:23,1
DA:24,1
DA:26,1
DA:64,1
DA:68,1
DA:69,1
DA:71,1
DA:72,1
DA:73,1
DA:74,3
DA:75,3
DA:76,3
DA:78,1
DA:80,1
DA:82,1
DA:83,3
DA:84,3
DA:85,3
DA:86,3
DA:90,1
DA:91,1
DA:92,1
DA:93,1
LF:30
LH:30
BRDA:15,1,0,1
BRDA:15,1,1,1
BRDA:16,2,0,1
BRDA:16,2,1,0
BRF:4
BRH:3
end_of_record
TN:
SF:/home/ubuntu/src/github.com/OmarCastro/ShellHive/lib/parser/commands/head.js
FN:11,(anonymous_1)
FN:13,__
FN:81,(anonymous_3)
FN:83,HeadComponent
FN:92,defaultComponentData
FNF:5
FNH:5
FNDA:1,(anonymous_1)
FNDA:1,__
FNDA:1,(anonymous_3)
FNDA:1,HeadComponent
FNDA:1,defaultComponentData
DA:11,1
DA:12,1
DA:13,1
DA:14,1
DA:15,1
DA:17,1
DA:18,1
DA:19,1
DA:20,1
DA:22,1
DA:71,1
DA:75,1
DA:77,1
DA:79,1
DA:81,1
DA:82,1
DA:83,1
DA:84,1
DA:85,1
DA:86,1
DA:88,1
DA:90,1
DA:92,1
DA:93,1
DA:94,1
DA:95,1
DA:96,1
DA:100,1
DA:101,1
DA:102,1
DA:103,1
LF:31
LH:31
BRDA:11,1,0,1
BRDA:11,1,1,1
BRDA:12,2,0,1
BRDA:12,2,1,0
BRF:4
BRH:3
end_of_record
TN:
SF:/home/ubuntu/src/github.com/OmarCastro/ShellHive/lib/parser/commands/tail.js
FN:11,(anonymous_1)
FN:13,__
FN:79,(anonymous_3)
FN:81,TailComponent
FN:90,defaultComponentData
FNF:5
FNH:5
FNDA:1,(anonymous_1)
FNDA:1,__
FNDA:1,(anonymous_3)
FNDA:1,TailComponent
FNDA:1,defaultComponentData
DA:11,1
DA:12,1
DA:13,1
DA:14,1
DA:15,1
DA:17,1
DA:18,1
DA:19,1
DA:20,1
DA:22,1
DA:71,1
DA:75,1
DA:77,1
DA:79,1
DA:80,1
DA:81,1
DA:82,1
DA:83,1
DA:84,1
DA:86,1
DA:88,1
DA:90,1
DA:91,1
DA:92,1
DA:93,1
DA:94,1
DA:98,1
DA:99,1
DA:100,1
DA:101,1
LF:30
LH:30
BRDA:11,1,0,1
BRDA:11,1,1,1
BRDA:12,2,0,1
BRDA:12,2,1,0
BRF:4
BRH:3
end_of_record
TN:
SF:/home/ubuntu/src/github.com/OmarCastro/ShellHive/lib/parser/commands/tr.js
FN:1,(anonymous_1)
FN:3,__
FN:72,(anonymous_3)
FN:74,TrComponent
FN:82,defaultComponentData
FN:92,(anonymous_6)
FNF:6
FNH:6
FNDA:1,(anonymous_1)
FNDA:1,__
FNDA:1,(anonymous_3)
FNDA:11,TrComponent
FNDA:5,defaultComponentData
FNDA:9,(anonymous_6)
DA:1,1
DA:2,1
DA:3,1
DA:4,1
DA:5,1
DA:7,1
DA:8,1
DA:9,1
DA:10,1
DA:12,1
DA:29,1
DA:60,1
DA:65,1
DA:67,1
DA:69,1
DA:70,1
DA:72,1
DA:73,1
DA:74,1
DA:75,11
DA:76,11
DA:78,1
DA:80,1
DA:82,1
DA:83,5
DA:84,5
DA:85,5
DA:86,5
DA:87,5
DA:91,1
DA:93,9
DA:94,5
DA:96,4
DA:101,1
DA:102,1
DA:103,1
LF:36
LH:36
BRDA:1,1,0,1
BRDA:1,1,1,1
BRDA:2,2,0,1
BRDA:2,2,1,0
BRDA:93,3,0,5
BRDA:93,3,1,4
BRF:6
BRH:5
end_of_record
TN:
SF:/home/ubuntu/src/github.com/OmarCastro/ShellHive/lib/parser/commands/tee.js
FN:10,arrangeLayout
FN:19,(anonymous_2)
FN:25,connector
FN:26,(anonymous_4)
FN:35,parseCommand
FNF:5
FNH:5
FNDA:6,arrangeLayout
FNDA:16,(anonymous_2)
FNDA:6,connector
FNDA:16,(anonymous_4)
FNDA:6,parseCommand
DA:1,1
DA:2,1
DA:3,1
DA:4,1
DA:5,1
DA:10,1
DA:11,6
DA:12,6
DA:13,6
DA:14,6
DA:15,6
DA:17,6
DA:18,6
DA:19,6
DA:20,16
DA:21,16
DA:22,16
DA:25,1
DA:26,6
DA:27,16
DA:28,16
DA:29,16
DA:30,16
DA:31,16
DA:35,1
DA:36,6
DA:37,6
DA:39,6
DA:40,6
DA:41,6
DA:42,6
DA:44,6
DA:45,6
DA:46,12
DA:47,12
DA:48,12
DA:51,6
DA:52,4
DA:54,6
DA:55,6
DA:56,6
DA:58,1
LF:42
LH:42
BRDA:13,1,0,6
BRDA:13,1,1,0
BRDA:20,2,0,10
BRDA:20,2,1,6
BRDA:47,3,0,12
BRDA:47,3,1,0
BRDA:51,4,0,4
BRDA:51,4,1,2
BRF:8
BRH:6
end_of_record
TN:
SF:/home/ubuntu/src/github.com/OmarCastro/ShellHive/lib/parser/commands/uniq.js
FN:1,(anonymous_1)
FN:3,__
FN:59,(anonymous_3)
FN:61,UniqComponent
FN:69,defaultComponentData
FNF:5
FNH:5
FNDA:1,(anonymous_1)
FNDA:1,__
FNDA:1,(anonymous_3)
FNDA:4,UniqComponent
FNDA:1,defaultComponentData
DA:1,1
DA:2,1
DA:3,1
DA:4,1
DA:5,1
DA:7,1
DA:8,1
DA:9,1
DA:10,1
DA:32,1
DA:49,1
DA:53,1
DA:55,1
DA:57,1
DA:59,1
DA:60,1
DA:61,1
DA:62,4
DA:63,4
DA:65,1
DA:67,1
DA:69,1
DA:70,1
DA:71,1
DA:72,1
DA:73,1
DA:77,1
DA:78,1
DA:79,1
DA:80,1
LF:30
LH:30
BRDA:1,1,0,1
BRDA:1,1,1,1
BRDA:2,2,0,1
BRDA:2,2,1,0
BRF:4
BRH:3
end_of_record
TN:
SF:/home/ubuntu/src/github.com/OmarCastro/ShellHive/lib/parser/commands/wc.js
FN:12,(anonymous_1)
FN:14,__
FN:65,(anonymous_3)
FN:67,WcComponent
FN:76,defaultComponentData
FNF:5
FNH:3
FNDA:1,(anonymous_1)
FNDA:1,__
FNDA:1,(anonymous_3)
FNDA:0,WcComponent
FNDA:0,defaultComponentData
DA:12,1
DA:13,1
DA:14,1
DA:15,1
DA:16,1
DA:18,1
DA:19,1
DA:20,1
DA:21,1
DA:23,1
DA:61,1
DA:62,1
DA:63,1
DA:65,1
DA:66,1
DA:67,1
DA:68,0
DA:69,0
DA:70,0
DA:72,1
DA:74,1
DA:76,1
DA:77,0
DA:78,0
DA:79,0
DA:80,0
DA:84,1
DA:85,1
DA:86,1
DA:87,1
LF:30
LH:23
BRDA:12,1,0,1
BRDA:12,1,1,1
BRDA:13,2,0,1
BRDA:13,2,1,0
BRF:4
BRH:3
end_of_record
TN:
SF:/home/ubuntu/src/github.com/OmarCastro/ShellHive/api/models/Component.js
FNF:0
FNH:0
DA:8,1
LF:1
LH:1
BRF:0
BRH:0
end_of_record
TN:
SF:/home/ubuntu/src/github.com/OmarCastro/ShellHive/api/models/Connection.js
FNF:0
FNH:0
DA:8,1
LF:1
LH:1
BRF:0
BRH:0
end_of_record
TN:
SF:/home/ubuntu/src/github.com/OmarCastro/ShellHive/api/models/Graph.js
FNF:0
FNH:0
DA:8,1
LF:1
LH:1
BRF:0
BRH:0
end_of_record
TN:
SF:/home/ubuntu/src/github.com/OmarCastro/ShellHive/api/models/Project.js
FNF:0
FNH:0
DA:8,1
LF:1
LH:1
BRF:0
BRH:0
end_of_record
TN:
SF:/home/ubuntu/src/github.com/OmarCastro/ShellHive/api/models/User.js
FN:33,(anonymous_1)
FN:57,(anonymous_2)
FN:60,(anonymous_3)
FN:64,(anonymous_4)
FNF:4
FNH:4
FNDA:3,(anonymous_1)
FNDA:3,(anonymous_2)
FNDA:3,(anonymous_3)
FNDA:3,(anonymous_4)
DA:8,1
DA:34,3
DA:35,3
DA:36,3
DA:37,3
DA:38,3
DA:58,3
DA:60,3
DA:62,3
DA:64,3
DA:66,3
DA:68,3
DA:69,3
LF:13
LH:13
BRDA:62,1,0,0
BRDA:62,1,1,3
BRDA:66,2,0,0
BRDA:66,2,1,3
BRF:4
BRH:4
end_of_record
TN:
SF:/home/ubuntu/src/github.com/OmarCastro/ShellHive/api/controllers/AuthController.js
FN:9,(anonymous_1)
FN:10,(anonymous_2)
FN:12,(anonymous_3)
FN:21,(anonymous_4)
FNF:4
FNH:4
FNDA:3,(anonymous_1)
FNDA:3,(anonymous_2)
FNDA:1,(anonymous_3)
FNDA:2,(anonymous_4)
DA:7,1
DA:8,1
DA:10,3
DA:11,3
DA:12,1
DA:14,1
DA:15,1
DA:16,1
DA:22,2
DA:23,2
DA:24,2
LF:11
LH:11
BRDA:11,1,0,2
BRDA:11,1,1,1
BRDA:11,2,0,3
BRDA:11,2,1,3
BRDA:14,3,0,0
BRDA:14,3,1,1
BRF:6
BRH:6
end_of_record
TN:
SF:/home/ubuntu/src/github.com/OmarCastro/ShellHive/api/controllers/ComponentController.js
FN:9,(anonymous_1)
FN:10,(anonymous_2)
FN:20,(anonymous_3)
FN:28,(anonymous_4)
FNF:4
FNH:0
FNDA:0,(anonymous_1)
FNDA:0,(anonymous_2)
FNDA:0,(anonymous_3)
FNDA:0,(anonymous_4)
DA:8,1
DA:10,0
DA:11,0
DA:12,0
DA:13,0
DA:21,0
DA:22,0
DA:23,0
DA:24,0
DA:25,0
DA:26,0
DA:30,0
DA:31,0
DA:34,0
LF:14
LH:1
BRDA:11,1,0,0
BRDA:11,1,1,0
BRDA:12,2,0,0
BRDA:12,2,1,0
BRDA:30,3,0,0
BRDA:30,3,1,0
BRF:6
BRH:0
end_of_record
TN:
SF:/home/ubuntu/src/github.com/OmarCastro/ShellHive/api/controllers/ConnectionController.js
FNF:0
FNH:0
DA:8,1
LF:1
LH:1
BRF:0
BRH:0
end_of_record
TN:
SF:/home/ubuntu/src/github.com/OmarCastro/ShellHive/api/controllers/GraphController.js
FN:9,(anonymous_1)
FN:11,(anonymous_2)
FN:18,(anonymous_3)
FN:20,(anonymous_4)
FN:27,(anonymous_5)
FN:28,(anonymous_6)
FN:43,(anonymous_7)
FN:44,(anonymous_8)
FN:47,(anonymous_9)
FN:60,(anonymous_10)
FN:70,(anonymous_11)
FN:91,(anonymous_12)
FN:95,(anonymous_13)
FN:109,(anonymous_14)
FN:111,(anonymous_15)
FN:124,(anonymous_16)
FN:125,(anonymous_17)
FN:134,(anonymous_18)
FN:135,(anonymous_19)
FN:143,(anonymous_20)
FN:145,(anonymous_21)
FN:165,(anonymous_22)
FN:167,(anonymous_23)
FN:176,(anonymous_24)
FN:181,(anonymous_25)
FN:186,(anonymous_26)
FN:196,(anonymous_27)
FN:198,(anonymous_28)
FN:200,(anonymous_29)
FN:210,(anonymous_30)
FNF:30
FNH:0
FNDA:0,(anonymous_1)
FNDA:0,(anonymous_2)
FNDA:0,(anonymous_3)
FNDA:0,(anonymous_4)
FNDA:0,(anonymous_5)
FNDA:0,(anonymous_6)
FNDA:0,(anonymous_7)
FNDA:0,(anonymous_8)
FNDA:0,(anonymous_9)
FNDA:0,(anonymous_10)
FNDA:0,(anonymous_11)
FNDA:0,(anonymous_12)
FNDA:0,(anonymous_13)
FNDA:0,(anonymous_14)
FNDA:0,(anonymous_15)
FNDA:0,(anonymous_16)
FNDA:0,(anonymous_17)
FNDA:0,(anonymous_18)
FNDA:0,(anonymous_19)
FNDA:0,(anonymous_20)
FNDA:0,(anonymous_21)
FNDA:0,(anonymous_22)
FNDA:0,(anonymous_23)
FNDA:0,(anonymous_24)
FNDA:0,(anonymous_25)
FNDA:0,(anonymous_26)
FNDA:0,(anonymous_27)
FNDA:0,(anonymous_28)
FNDA:0,(anonymous_29)
FNDA:0,(anonymous_30)
DA:8,1
DA:10,0
DA:11,0
DA:12,0
DA:13,0
DA:14,0
DA:19,0
DA:20,0
DA:21,0
DA:22,0
DA:23,0
DA:28,0
DA:29,0
DA:30,0
DA:35,0
DA:44,0
DA:45,0
DA:48,0
DA:61,0
DA:62,0
DA:71,0
DA:72,0
DA:77,0
DA:83,0
DA:92,0
DA:93,0
DA:96,0
DA:97,0
DA:102,0
DA:110,0
DA:111,0
DA:112,0
DA:113,0
DA:117,0
DA:125,0
DA:126,0
DA:127,0
DA:135,0
DA:136,0
DA:137,0
DA:144,0
DA:145,0
DA:146,0
DA:147,0
DA:152,0
DA:156,0
DA:167,0
DA:168,0
DA:169,0
DA:170,0
DA:171,0
DA:172,0
DA:174,0
DA:176,0
DA:177,0
DA:181,0
DA:182,0
DA:186,0
DA:187,0
DA:190,0
DA:197,0
DA:198,0
DA:199,0
DA:200,0
DA:201,0
DA:202,0
DA:211,0
LF:67
LH:1
BRDA:12,1,0,0
BRDA:12,1,1,0
BRDA:13,2,0,0
BRDA:13,2,1,0
BRDA:21,3,0,0
BRDA:21,3,1,0
BRDA:22,4,0,0
BRDA:22,4,1,0
BRDA:29,5,0,0
BRDA:29,5,1,0
BRDA:71,6,0,0
BRDA:71,6,1,0
BRDA:96,7,0,0
BRDA:96,7,1,0
BRDA:112,8,0,0
BRDA:112,8,1,0
BRDA:126,9,0,0
BRDA:126,9,1,0
BRDA:136,10,0,0
BRDA:136,10,1,0
BRDA:146,11,0,0
BRDA:146,11,1,0
BRDA:168,12,0,0
BRDA:168,12,1,0
BRDA:199,13,0,0
BRDA:199,13,1,0
BRDA:199,14,0,0
BRDA:199,14,1,0
BRDA:201,15,0,0
BRDA:201,15,1,0
BRF:30
BRH:0
end_of_record
TN:
SF:/home/ubuntu/src/github.com/OmarCastro/ShellHive/api/controllers/MacroController.js
FN:9,(anonymous_1)
FN:22,(anonymous_2)
FN:24,(anonymous_3)
FN:31,(anonymous_4)
FN:34,(anonymous_5)
FN:48,(anonymous_6)
FN:51,(anonymous_7)
FN:54,(anonymous_8)
FN:64,(anonymous_9)
FN:66,(anonymous_10)
FN:75,(anonymous_11)
FN:79,(anonymous_12)
FN:82,(anonymous_13)
FNF:13
FNH:0
FNDA:0,(anonymous_1)
FNDA:0,(anonymous_2)
FNDA:0,(anonymous_3)
FNDA:0,(anonymous_4)
FNDA:0,(anonymous_5)
FNDA:0,(anonymous_6)
FNDA:0,(anonymous_7)
FNDA:0,(anonymous_8)
FNDA:0,(anonymous_9)
FNDA:0,(anonymous_10)
FNDA:0,(anonymous_11)
FNDA:0,(anonymous_12)
FNDA:0,(anonymous_13)
DA:8,1
DA:10,0
DA:11,0
DA:12,0
DA:13,0
DA:14,0
DA:20,0
DA:21,0
DA:22,0
DA:23,0
DA:24,0
DA:25,0
DA:26,0
DA:31,0
DA:32,0
DA:33,0
DA:34,0
DA:35,0
DA:41,0
DA:49,0
DA:50,0
DA:51,0
DA:52,0
DA:53,0
DA:54,0
DA:55,0
DA:56,0
DA:65,0
DA:66,0
DA:67,0
DA:68,0
DA:69,0
DA:76,0
DA:77,0
DA:78,0
DA:79,0
DA:80,0
DA:81,0
DA:82,0
DA:83,0
DA:84,0
LF:41
LH:1
BRDA:13,1,0,0
BRDA:13,1,1,0
BRDA:23,2,0,0
BRDA:23,2,1,0
BRDA:23,3,0,0
BRDA:23,3,1,0
BRDA:25,4,0,0
BRDA:25,4,1,0
BRDA:32,5,0,0
BRDA:32,5,1,0
BRDA:32,6,0,0
BRDA:32,6,1,0
BRDA:52,7,0,0
BRDA:52,7,1,0
BRDA:52,8,0,0
BRDA:52,8,1,0
BRDA:67,9,0,0
BRDA:67,9,1,0
BRDA:67,10,0,0
BRDA:67,10,1,0
BRDA:80,11,0,0
BRDA:80,11,1,0
BRDA:80,12,0,0
BRDA:80,12,1,0
BRF:24
BRH:0
end_of_record
TN:
SF:/home/ubuntu/src/github.com/OmarCastro/ShellHive/api/controllers/ProjectController.js
FN:12,walk
FN:14,(anonymous_2)
FN:18,(anonymous_3)
FN:20,(anonymous_4)
FN:22,(anonymous_5)
FN:38,(anonymous_6)
FN:42,(anonymous_7)
FN:47,(anonymous_8)
FN:49,(anonymous_9)
FN:53,foundUser
FN:64,(anonymous_11)
FN:68,(anonymous_12)
FN:74,(anonymous_13)
FN:76,(anonymous_14)
FN:85,(anonymous_15)
FN:86,(anonymous_16)
FN:96,(anonymous_17)
FN:102,(anonymous_18)
FN:103,foundProject
FN:106,foundUser
FN:110,foundUser
FN:118,(anonymous_22)
FN:119,(anonymous_23)
FN:144,(anonymous_24)
FN:147,(anonymous_25)
FN:155,(anonymous_26)
FN:166,(anonymous_27)
FN:170,(anonymous_28)
FN:174,(anonymous_29)
FN:175,(anonymous_30)
FN:185,(anonymous_31)
FN:189,onUploadComplete
FN:199,(anonymous_33)
FN:204,(anonymous_34)
FN:214,(anonymous_35)
FN:219,(anonymous_36)
FNF:36
FNH:13
FNDA:1,walk
FNDA:1,(anonymous_2)
FNDA:2,(anonymous_3)
FNDA:2,(anonymous_4)
FNDA:0,(anonymous_5)
FNDA:1,(anonymous_6)
FNDA:0,(anonymous_7)
FNDA:0,(anonymous_8)
FNDA:0,(anonymous_9)
FNDA:0,foundUser
FNDA:0,(anonymous_11)
FNDA:0,(anonymous_12)
FNDA:0,(anonymous_13)
FNDA:0,(anonymous_14)
FNDA:2,(anonymous_15)
FNDA:2,(anonymous_16)
FNDA:0,(anonymous_17)
FNDA:0,(anonymous_18)
FNDA:0,foundProject
FNDA:0,foundUser
FNDA:0,foundUser
FNDA:4,(anonymous_22)
FNDA:4,(anonymous_23)
FNDA:0,(anonymous_24)
FNDA:0,(anonymous_25)
FNDA:0,(anonymous_26)
FNDA:0,(anonymous_27)
FNDA:1,(anonymous_28)
FNDA:1,(anonymous_29)
FNDA:2,(anonymous_30)
FNDA:0,(anonymous_31)
FNDA:0,onUploadComplete
FNDA:0,(anonymous_33)
FNDA:0,(anonymous_34)
FNDA:0,(anonymous_35)
FNDA:0,(anonymous_36)
DA:8,1
DA:9,1
DA:12,1
DA:13,1
DA:14,1
DA:15,1
DA:16,1
DA:17,1
DA:18,1
DA:19,2
DA:20,2
DA:21,2
DA:22,1
DA:23,1
DA:24,1
DA:27,2
DA:28,2
DA:36,1
DA:39,1
DA:43,0
DA:44,0
DA:48,0
DA:49,0
DA:50,0
DA:51,0
DA:52,0
DA:53,0
DA:54,0
DA:55,0
DA:56,0
DA:57,0
DA:58,0
DA:60,0
DA:65,0
DA:69,0
DA:70,0
DA:71,0
DA:72,0
DA:74,0
DA:75,0
DA:76,0
DA:77,0
DA:78,0
DA:81,0
DA:86,2
DA:87,2
DA:88,1
DA:97,0
DA:103,0
DA:104,0
DA:105,0
DA:106,0
DA:107,0
DA:108,0
DA:109,0
DA:110,0
DA:111,0
DA:112,0
DA:119,4
DA:120,4
DA:121,3
DA:122,1
DA:128,2
DA:129,1
DA:130,1
DA:131,1
DA:137,0
DA:139,1
DA:145,0
DA:147,0
DA:148,0
DA:149,0
DA:150,0
DA:151,0
DA:152,0
DA:154,0
DA:155,0
DA:156,0
DA:158,0
DA:167,0
DA:171,1
DA:172,1
DA:173,1
DA:174,1
DA:175,1
DA:176,2
DA:181,1
DA:186,0
DA:187,0
DA:189,0
DA:190,0
DA:192,0
DA:200,0
DA:201,0
DA:202,0
DA:203,0
DA:204,0
DA:205,0
DA:206,0
DA:207,0
DA:209,0
DA:215,0
DA:216,0
DA:217,0
DA:218,0
DA:219,0
DA:220,0
DA:221,0
DA:223,0
LF:109
LH:38
BRDA:15,1,0,0
BRDA:15,1,1,1
BRDA:17,2,0,0
BRDA:17,2,1,1
BRDA:21,3,0,0
BRDA:21,3,1,2
BRDA:21,4,0,2
BRDA:21,4,1,2
BRDA:24,5,0,0
BRDA:24,5,1,0
BRDA:28,6,0,1
BRDA:28,6,1,1
BRDA:50,7,0,0
BRDA:50,7,1,0
BRDA:51,8,0,0
BRDA:51,8,1,0
BRDA:56,9,0,0
BRDA:56,9,1,0
BRDA:69,10,0,0
BRDA:69,10,1,0
BRDA:75,11,0,0
BRDA:75,11,1,0
BRDA:77,12,0,0
BRDA:77,12,1,0
BRDA:87,13,0,1
BRDA:87,13,1,1
BRDA:87,14,0,2
BRDA:87,14,1,2
BRDA:104,15,0,0
BRDA:104,15,1,0
BRDA:105,16,0,0
BRDA:105,16,1,0
BRDA:107,17,0,0
BRDA:107,17,1,0
BRDA:108,18,0,0
BRDA:108,18,1,0
BRDA:111,19,0,0
BRDA:111,19,1,0
BRDA:120,20,0,1
BRDA:120,20,1,3
BRDA:120,21,0,4
BRDA:120,21,1,4
BRDA:121,22,0,1
BRDA:121,22,1,2
BRDA:128,23,0,1
BRDA:128,23,1,1
BRDA:130,24,0,1
BRDA:130,24,1,0
BRDA:148,25,0,0
BRDA:148,25,1,0
BRDA:148,26,0,0
BRDA:148,26,1,0
BRDA:149,27,0,0
BRDA:149,27,1,0
BRDA:151,28,0,0
BRDA:151,28,1,0
BRDA:155,29,0,0
BRDA:155,29,1,0
BRDA:190,30,0,0
BRDA:190,30,1,0
BRDA:205,31,0,0
BRDA:205,31,1,0
BRDA:220,32,0,0
BRDA:220,32,1,0
BRF:64
BRH:25
end_of_record
TN:
SF:/home/ubuntu/src/github.com/OmarCastro/ShellHive/api/controllers/UserController.js
FN:11,(anonymous_1)
FN:15,(anonymous_2)
FN:22,(anonymous_3)
FN:29,(anonymous_4)
FN:48,(anonymous_5)
FN:50,(anonymous_6)
FN:62,(anonymous_7)
FN:63,(anonymous_8)
FN:65,(anonymous_9)
FNF:9
FNH:8
FNDA:1,(anonymous_1)
FNDA:1,(anonymous_2)
FNDA:1,(anonymous_3)
FNDA:0,(anonymous_4)
FNDA:1,(anonymous_5)
FNDA:1,(anonymous_6)
FNDA:2,(anonymous_7)
FNDA:2,(anonymous_8)
FNDA:1,(anonymous_9)
DA:8,1
DA:10,1
DA:12,1
DA:16,1
DA:17,0
DA:20,0
DA:22,1
DA:23,1
DA:24,1
DA:25,0
DA:26,0
DA:27,0
DA:28,0
DA:29,0
DA:30,0
DA:32,0
DA:34,0
DA:36,0
DA:37,0
DA:39,1
DA:43,0
DA:46,0
DA:48,1
DA:49,1
DA:50,1
DA:52,1
DA:53,1
DA:54,1
DA:57,1
DA:63,2
DA:64,2
DA:65,1
DA:66,1
LF:33
LH:19
BRDA:16,1,0,0
BRDA:16,1,1,1
BRDA:24,2,0,0
BRDA:24,2,1,1
BRDA:24,3,0,1
BRDA:24,3,1,1
BRDA:26,4,0,0
BRDA:26,4,1,0
BRDA:36,5,0,0
BRDA:36,5,1,0
BRDA:49,6,0,0
BRDA:49,6,1,1
BRDA:49,7,0,1
BRDA:49,7,1,1
BRDA:52,8,0,0
BRDA:52,8,1,1
BRDA:64,9,0,1
BRDA:64,9,1,1
BRDA:64,10,0,2
BRDA:64,10,1,2
BRF:20
BRH:14
end_of_record
TN:
SF:/home/ubuntu/src/github.com/OmarCastro/ShellHive/api/policies/authenticated.js
FN:10,(anonymous_1)
FN:16,(anonymous_2)
FN:18,(anonymous_3)
FNF:3
FNH:3
FNDA:18,(anonymous_1)
FNDA:18,(anonymous_2)
FNDA:18,(anonymous_3)
DA:10,1
DA:16,18
DA:18,18
DA:20,18
DA:21,9
DA:23,9
DA:25,18
LF:7
LH:7
BRDA:20,1,0,9
BRDA:20,1,1,9
BRF:2
BRH:2
end_of_record
TN:
SF:/home/ubuntu/src/github.com/OmarCastro/ShellHive/api/services/CollaborationService.js
FN:1,project_room
FN:2,graph_room
FN:17,(anonymous_3)
FN:25,(anonymous_4)
FN:27,(anonymous_5)
FN:36,(anonymous_6)
FN:46,(anonymous_7)
FN:71,(anonymous_8)
FN:82,(anonymous_9)
FN:90,(anonymous_10)
FN:117,(anonymous_11)
FN:121,(anonymous_12)
FN:125,(anonymous_13)
FN:137,(anonymous_14)
FN:150,(anonymous_15)
FNF:15
FNH:0
FNDA:0,project_room
FNDA:0,graph_room
FNDA:0,(anonymous_3)
FNDA:0,(anonymous_4)
FNDA:0,(anonymous_5)
FNDA:0,(anonymous_6)
FNDA:0,(anonymous_7)
FNDA:0,(anonymous_8)
FNDA:0,(anonymous_9)
FNDA:0,(anonymous_10)
FNDA:0,(anonymous_11)
FNDA:0,(anonymous_12)
FNDA:0,(anonymous_13)
FNDA:0,(anonymous_14)
FNDA:0,(anonymous_15)
DA:1,1
DA:2,1
DA:3,1
DA:11,1
DA:18,0
DA:19,0
DA:20,0
DA:21,0
DA:26,0
DA:27,0
DA:28,0
DA:29,0
DA:30,0
DA:37,0
DA:38,0
DA:39,0
DA:40,0
DA:41,0
DA:42,0
DA:48,0
DA:49,0
DA:51,0
DA:52,0
DA:53,0
DA:54,0
DA:55,0
DA:56,0
DA:57,0
DA:58,0
DA:60,0
DA:61,0
DA:62,0
DA:64,0
DA:65,0
DA:66,0
DA:68,0
DA:69,0
DA:70,0
DA:71,0
DA:72,0
DA:74,0
DA:76,0
DA:82,0
DA:87,0
DA:92,0
DA:93,0
DA:94,0
DA:95,0
DA:96,0
DA:97,0
DA:98,0
DA:99,0
DA:102,0
DA:106,0
DA:107,0
DA:108,0
DA:114,0
DA:118,0
DA:122,0
DA:126,0
DA:127,0
DA:128,0
DA:129,0
DA:130,0
DA:131,0
DA:132,0
DA:139,0
DA:141,0
DA:142,0
DA:143,0
DA:145,0
DA:147,0
DA:152,0
DA:154,0
DA:155,0
DA:156,0
DA:158,0
DA:160,0
LF:78
LH:4
BRDA:18,1,0,0
BRDA:18,1,1,0
BRDA:26,2,0,0
BRDA:26,2,1,0
BRDA:28,3,0,0
BRDA:28,3,1,0
BRDA:37,4,0,0
BRDA:37,4,1,0
BRDA:40,5,0,0
BRDA:40,5,1,0
BRDA:55,6,0,0
BRDA:55,6,1,0
BRDA:92,7,0,0
BRDA:92,7,1,0
BRDA:92,8,0,0
BRDA:92,8,1,0
BRDA:98,9,0,0
BRDA:98,9,1,0
BRF:18
BRH:0
end_of_record
TN:
SF:/home/ubuntu/src/github.com/OmarCastro/ShellHive/api/services/ExecutionService.js
FN:4,escape
FN:10,debugChildProcess
FN:11,(anonymous_3)
FN:12,(anonymous_4)
FN:13,(anonymous_5)
FN:16,sailsExecuteWithDocker
FN:20,sailsExecuteFromShell
FN:24,sailsExecute
FN:37,execute
FN:48,executeWithDocker
FN:67,executeFromShell
FNF:11
FNH:11
FNDA:1,escape
FNDA:0,debugChildProcess
FNDA:0,(anonymous_3)
FNDA:0,(anonymous_4)
FNDA:0,(anonymous_5)
FNDA:0,sailsExecuteWithDocker
FNDA:0,sailsExecuteFromShell
FNDA:0,sailsExecute
FNDA:1,execute
FNDA:0,executeWithDocker
FNDA:1,executeFromShell
DA:1,1
DA:2,1
DA:4,1
DA:5,1
DA:10,1
DA:11,1
DA:12,1
DA:13,1
DA:16,1
DA:17,1
DA:20,1
DA:21,1
DA:24,1
DA:25,1
DA:35,1
DA:39,1
DA:40,1
DA:42,1
DA:49,1
DA:50,1
DA:51,1
DA:53,1
DA:54,1
DA:55,1
DA:56,1
DA:57,1
DA:58,1
DA:60,1
DA:62,1
DA:63,1
DA:64,1
DA:68,1
DA:69,1
DA:70,1
DA:71,1
DA:72,1
DA:74,1
DA:75,1
DA:76,1
LF:39
LH:39
BRDA:39,1,0,0
BRDA:39,1,1,1
BRDA:56,2,0,0
BRDA:56,2,1,0
BRF:4
BRH:4
end_of_record
TN:
SF:/home/ubuntu/src/github.com/OmarCastro/ShellHive/api/services/GraphGeneratorService.js
FN:9,metaGraphfromCommand
FN:20,(anonymous_2)
FN:32,(anonymous_3)
FN:45,createComponent
FN:66,(anonymous_5)
FN:68,(anonymous_6)
FN:69,(anonymous_7)
FN:90,(anonymous_8)
FN:96,createAndConnectComponent
FN:101,(anonymous_10)
FN:119,(anonymous_11)
FN:139,addToGraph
FN:140,(anonymous_13)
FN:145,(anonymous_14)
FN:178,(anonymous_15)
FN:179,(anonymous_16)
FN:182,(anonymous_17)
FN:184,(anonymous_18)
FN:190,(anonymous_19)
FN:199,(anonymous_20)
FN:201,(anonymous_21)
FN:202,(anonymous_22)
FN:206,(anonymous_23)
FN:209,(anonymous_24)
FN:210,(anonymous_25)
FN:210,(anonymous_26)
FN:213,(anonymous_27)
FN:217,(anonymous_28)
FN:225,(anonymous_29)
FN:227,(anonymous_30)
FN:235,(anonymous_31)
FN:236,(anonymous_32)
FN:239,(anonymous_33)
FN:240,(anonymous_34)
FN:243,(anonymous_35)
FN:257,(anonymous_36)
FN:262,(anonymous_37)
FN:263,(anonymous_38)
FNF:38
FNH:36
FNDA:4,metaGraphfromCommand
FNDA:13,(anonymous_2)
FNDA:9,(anonymous_3)
FNDA:1,createComponent
FNDA:1,(anonymous_5)
FNDA:2,(anonymous_6)
FNDA:1,(anonymous_7)
FNDA:1,(anonymous_8)
FNDA:1,createAndConnectComponent
FNDA:1,(anonymous_10)
FNDA:1,(anonymous_11)
FNDA:4,addToGraph
FNDA:0,(anonymous_13)
FNDA:13,(anonymous_14)
FNDA:15,(anonymous_15)
FNDA:15,(anonymous_16)
FNDA:4,(anonymous_17)
FNDA:9,(anonymous_18)
FNDA:4,(anonymous_19)
FNDA:0,(anonymous_20)
FNDA:0,(anonymous_21)
FNDA:0,(anonymous_22)
FNDA:0,(anonymous_23)
FNDA:0,(anonymous_24)
FNDA:0,(anonymous_25)
FNDA:0,(anonymous_26)
FNDA:0,(anonymous_27)
FNDA:0,(anonymous_28)
FNDA:0,(anonymous_29)
FNDA:0,(anonymous_30)
FNDA:3,(anonymous_31)
FNDA:3,(anonymous_32)
FNDA:3,(anonymous_33)
FNDA:21,(anonymous_34)
FNDA:0,(anonymous_35)
FNDA:3,(anonymous_36)
FNDA:2,(anonymous_37)
FNDA:2,(anonymous_38)
DA:7,1
DA:9,1
DA:10,4
DA:11,0
DA:16,4
DA:18,4
DA:20,4
DA:21,13
DA:22,13
DA:23,93
DA:24,13
DA:25,80
DA:28,13
DA:29,13
DA:32,9
DA:40,4
DA:45,1
DA:46,1
DA:47,1
DA:48,1
DA:49,1
DA:51,1
DA:52,1
DA:58,1
DA:59,1
DA:60,1
DA:66,1
DA:67,1
DA:68,2
DA:70,1
DA:71,1
DA:76,1
DA:77,1
DA:78,1
DA:83,1
DA:84,1
DA:87,1
DA:88,1
DA:90,1
DA:91,1
DA:96,1
DA:97,1
DA:98,1
DA:99,1
DA:101,1
DA:102,1
DA:105,1
DA:119,1
DA:120,1
DA:133,1
DA:140,4
DA:141,4
DA:142,4
DA:143,4
DA:144,4
DA:145,4
DA:146,13
DA:147,2
DA:148,2
DA:149,2
DA:151,13
DA:156,4
DA:158,4
DA:159,1
DA:177,4
DA:179,15
DA:180,15
DA:183,4
DA:184,4
DA:185,9
DA:186,9
DA:187,9
DA:190,4
DA:191,4
DA:192,4
DA:200,1
DA:201,1
DA:202,1
DA:207,1
DA:208,1
DA:209,1
DA:210,1
DA:211,1
DA:212,1
DA:213,1
DA:214,1
DA:215,1
DA:216,1
DA:217,1
DA:218,1
DA:221,1
DA:227,1
DA:230,1
DA:231,1
DA:236,3
DA:237,3
DA:239,3
DA:240,3
DA:241,21
DA:242,21
DA:243,0
DA:244,0
DA:245,0
DA:246,0
DA:248,21
DA:249,0
DA:251,21
DA:252,0
DA:254,21
DA:257,3
DA:258,3
DA:263,2
DA:264,2
LF:113
LH:106
BRDA:10,1,0,0
BRDA:10,1,1,4
BRDA:23,2,0,13
BRDA:23,2,1,80
BRDA:47,3,0,0
BRDA:47,3,1,1
BRDA:51,4,0,0
BRDA:51,4,1,1
BRDA:58,5,0,0
BRDA:58,5,1,1
BRDA:70,6,0,1
BRDA:70,6,1,0
BRDA:83,7,0,0
BRDA:83,7,1,1
BRDA:87,8,0,0
BRDA:87,8,1,1
BRDA:97,9,0,1
BRDA:97,9,1,0
BRDA:102,10,0,0
BRDA:102,10,1,1
BRDA:105,11,0,0
BRDA:105,11,1,1
BRDA:108,12,0,0
BRDA:108,12,1,0
BRDA:140,13,0,4
BRDA:140,13,1,0
BRDA:146,14,0,2
BRDA:146,14,1,11
BRDA:158,15,0,1
BRDA:158,15,1,3
BRDA:183,16,0,0
BRDA:183,16,1,4
BRDA:183,17,0,4
BRDA:183,17,1,4
BRDA:191,18,0,0
BRDA:191,18,1,4
BRDA:191,19,0,4
BRDA:191,19,1,4
BRDA:211,20,0,0
BRDA:211,20,1,0
BRDA:211,21,0,0
BRDA:211,21,1,0
BRDA:215,22,0,0
BRDA:215,22,1,0
BRDA:237,23,0,0
BRDA:237,23,1,3
BRDA:242,24,0,0
BRDA:242,24,1,21
BRDA:248,25,0,0
BRDA:248,25,1,21
BRDA:251,26,0,0
BRDA:251,26,1,21
BRF:52
BRH:47
end_of_record
TN:
SF:/home/ubuntu/src/github.com/OmarCastro/ShellHive/api/services/graphUtils.js
FN:5,tsortGraph
FN:12,(anonymous_2)
FN:26,(anonymous_3)
FN:27,portType
FN:33,portTypeName
FN:36,(anonymous_6)
FN:41,(anonymous_7)
FN:42,(anonymous_8)
FN:50,(anonymous_9)
FN:55,(anonymous_10)
FN:59,(anonymous_11)
FN:68,(anonymous_12)
FN:69,(anonymous_13)
FN:81,(anonymous_14)
FN:85,(anonymous_15)
FN:87,(anonymous_16)
FNF:16
FNH:16
FNDA:2,tsortGraph
FNDA:13,(anonymous_2)
FNDA:8,(anonymous_3)
FNDA:16,portType
FNDA:2,portTypeName
FNDA:8,(anonymous_6)
FNDA:23,(anonymous_7)
FNDA:27,(anonymous_8)
FNDA:7,(anonymous_9)
FNDA:14,(anonymous_10)
FNDA:20,(anonymous_11)
FNDA:2,(anonymous_12)
FNDA:8,(anonymous_13)
FNDA:1,(anonymous_14)
FNDA:1,(anonymous_15)
FNDA:1,(anonymous_16)
DA:1,1
DA:4,1
DA:7,2
DA:8,1
DA:9,1
DA:11,2
DA:12,2
DA:13,13
DA:15,2
DA:16,2
DA:18,2
DA:19,2
DA:20,1
DA:22,1
DA:27,1
DA:28,16
DA:29,16
DA:30,16
DA:33,2
DA:35,8
DA:37,8
DA:38,8
DA:39,8
DA:40,8
DA:41,23
DA:42,27
DA:44,8
DA:45,7
DA:46,2
DA:47,2
DA:49,5
DA:50,7
DA:51,1
DA:54,4
DA:55,14
DA:56,1
DA:59,3
DA:60,20
DA:63,1
DA:67,2
DA:68,2
DA:70,8
DA:71,7
DA:72,7
DA:73,1
DA:75,7
DA:77,1
DA:82,1
DA:86,1
DA:87,1
DA:88,1
DA:89,1
DA:90,1
LF:53
LH:53
BRDA:7,1,0,0
BRDA:7,1,1,2
BRDA:15,2,0,2
BRDA:15,2,1,0
BRDA:28,3,0,0
BRDA:28,3,1,16
BRDA:29,4,0,0
BRDA:29,4,1,16
BRDA:30,5,0,16
BRDA:30,5,1,9
BRDA:30,5,2,8
BRDA:33,6,0,1
BRDA:33,6,1,1
BRDA:44,7,0,1
BRDA:44,7,1,7
BRDA:45,8,0,2
BRDA:45,8,1,5
BRDA:49,9,0,1
BRDA:49,9,1,4
BRDA:49,10,0,5
BRDA:49,10,1,1
BRDA:54,11,0,1
BRDA:54,11,1,3
BRDA:54,12,0,4
BRDA:54,12,1,3
BRDA:59,13,0,1
BRDA:59,13,1,2
BRDA:60,14,0,20
BRDA:60,14,1,5
BRDA:60,14,2,1
BRDA:60,14,3,1
BRDA:70,15,0,7
BRDA:70,15,1,1
BRDA:72,16,0,1
BRDA:72,16,1,6
BRDA:86,17,0,0
BRDA:86,17,1,1
BRDA:86,18,0,1
BRDA:86,18,1,1
BRDA:88,19,0,0
BRDA:88,19,1,1
BRDA:88,20,0,1
BRDA:88,20,1,1
BRF:43
BRH:40
end_of_record
TN:
SF:/home/ubuntu/src/github.com/OmarCastro/ShellHive/api/services/parser.js
FNF:0
FNH:0
DA:1,1
LF:1
LH:1
BRF:0
BRH:0
end_of_record
TN:
SF:/home/ubuntu/src/github.com/OmarCastro/ShellHive/api/services/passport.js
FN:5,(anonymous_1)
FN:9,(anonymous_2)
FN:10,(anonymous_3)
FN:16,(anonymous_4)
FN:17,(anonymous_5)
FN:20,(anonymous_6)
FNF:6
FNH:6
FNDA:2,(anonymous_1)
FNDA:9,(anonymous_2)
FNDA:9,(anonymous_3)
FNDA:4,(anonymous_4)
FNDA:4,(anonymous_5)
FNDA:3,(anonymous_6)
DA:1,1
DA:5,1
DA:6,2
DA:9,1
DA:10,9
DA:11,9
DA:15,1
DA:17,4
DA:18,4
DA:19,4
DA:20,3
DA:21,3
DA:22,2
DA:28,1
LF:14
LH:14
BRDA:18,1,0,0
BRDA:18,1,1,4
BRDA:19,2,0,1
BRDA:19,2,1,3
BRDA:21,3,0,1
BRDA:21,3,1,2
BRF:6
BRH:5
end_of_record
TN:
SF:/home/ubuntu/src/github.com/OmarCastro/ShellHive/api/services/shelljs.js
FNF:0
FNH:0
DA:1,1
LF:1
LH:1
BRF:0
BRH:0
end_of_record
TN:
SF:/home/ubuntu/src/github.com/OmarCastro/ShellHive/api/services/showValidationError.js
FN:40,(anonymous_1)
FN:45,(anonymous_2)
FN:51,(anonymous_3)
FNF:3
FNH:0
FNDA:0,(anonymous_1)
FNDA:0,(anonymous_2)
FNDA:0,(anonymous_3)
DA:40,1
DA:41,0
DA:42,0
DA:43,0
DA:45,0
DA:47,0
DA:48,0
DA:49,0
DA:50,0
DA:51,0
DA:52,0
DA:53,0
DA:54,0
DA:57,0
DA:58,0
DA:59,0
DA:66,0
LF:17
LH:1
BRDA:47,1,0,0
BRDA:47,1,1,0
BRDA:52,2,0,0
BRDA:52,2,1,0
BRDA:53,3,0,0
BRDA:53,3,1,0
BRF:6
BRH:0
end_of_record
TN:
SF:/home/ubuntu/src/github.com/OmarCastro/ShellHive/api/services/sshKeygen.js
FNF:0
FNH:0
DA:1,1
LF:1
LH:1
BRF:0
BRH:0
end_of_record
