TN:
SF:/home/ubuntu/src/github.com/OmarCastro/ShellHive/lib/parser/parser.js
FN:53,isImplemented
FN:65,generateAST
FN:79,parseAST
FN:127,parseCommand
FN:132,parseVisualData
FN:152,parseComponent
FN:165,findFirstComponent
FN:167,(anonymous_8)
FN:182,parseVisualDatafromComponent
FN:193,(anonymous_10)
FN:195,(anonymous_11)
FN:211,(anonymous_12)
FN:228,(anonymous_13)
FN:230,(anonymous_14)
FN:240,teeResult
FN:283,createMacro
FN:299,createComponentDinamicText
FN:314,graphFromJson
FN:319,graphFromJsonObject
FN:326,cloneComponent
FN:350,connectCreatedComponents
FN:358,cloneGraph
FNF:22
FNH:22
FNDA:4,isImplemented
FNDA:122,generateAST
FNDA:153,parseAST
FNDA:115,parseCommand
FNDA:46,parseVisualData
FNDA:88,parseComponent
FNDA:87,findFirstComponent
FNDA:351,(anonymous_8)
FNDA:85,parseVisualDatafromComponent
FNDA:345,(anonymous_10)
FNDA:42,(anonymous_11)
FNDA:255,(anonymous_12)
FNDA:5,(anonymous_13)
FNDA:12,(anonymous_14)
FNDA:2,teeResult
FNDA:4,createMacro
FNDA:7,createComponentDinamicText
FNDA:2,graphFromJson
FNDA:5,graphFromJsonObject
FNDA:15,cloneComponent
FNDA:10,connectCreatedComponents
FNDA:2,cloneGraph
DA:1,1
DA:3,1
DA:5,1
DA:6,1
DA:7,1
DA:8,1
DA:9,1
DA:10,1
DA:11,1
DA:12,1
DA:13,1
DA:14,1
DA:15,1
DA:16,1
DA:17,1
DA:18,1
DA:19,1
DA:20,1
DA:21,1
DA:22,1
DA:23,1
DA:25,1
DA:45,1
DA:47,1
DA:48,1
DA:49,17
DA:50,17
DA:53,1
DA:54,4
DA:56,1
DA:65,1
DA:66,122
DA:68,1
DA:79,1
DA:80,153
DA:81,153
DA:83,153
DA:84,153
DA:85,153
DA:86,153
DA:87,153
DA:88,153
DA:89,153
DA:90,194
DA:91,194
DA:92,194
DA:93,194
DA:94,194
DA:95,6
DA:97,188
DA:99,188
DA:101,188
DA:102,188
DA:103,188
DA:104,188
DA:105,35
DA:106,35
DA:107,35
DA:109,188
DA:110,188
DA:111,153
DA:116,147
DA:117,147
DA:118,147
DA:119,147
DA:120,147
DA:122,1
DA:127,1
DA:128,115
DA:130,1
DA:132,1
DA:133,46
DA:134,46
DA:135,1
DA:137,45
DA:138,45
DA:139,45
DA:140,6
DA:141,6
DA:142,6
DA:143,6
DA:144,6
DA:148,45
DA:150,1
DA:152,1
DA:153,88
DA:155,85
DA:157,3
DA:160,1
DA:165,1
DA:166,87
DA:167,88
DA:168,351
DA:169,1
DA:170,1
DA:172,350
DA:175,87
DA:177,1
DA:182,1
DA:183,85
DA:184,85
DA:185,85
DA:186,85
DA:187,85
DA:189,85
DA:190,85
DA:191,85
DA:193,85
DA:194,345
DA:196,42
DA:197,42
DA:198,42
DA:200,33
DA:201,33
DA:203,5
DA:204,5
DA:206,4
DA:207,4
DA:211,85
DA:212,255
DA:213,255
DA:214,42
DA:215,42
DA:216,10
DA:218,32
DA:221,255
DA:224,85
DA:225,85
DA:226,85
DA:228,85
DA:229,5
DA:230,5
DA:231,12
DA:232,2
DA:234,10
DA:237,5
DA:240,1
DA:241,2
DA:244,85
DA:245,3
DA:246,3
DA:247,3
DA:248,3
DA:249,82
DA:250,25
DA:251,5
DA:253,20
DA:257,85
DA:258,1
DA:259,1
DA:260,84
DA:261,3
DA:262,2
DA:264,1
DA:268,85
DA:269,1
DA:270,1
DA:271,84
DA:272,2
DA:273,1
DA:275,1
DA:279,85
DA:281,1
DA:283,1
DA:284,4
DA:285,1
DA:286,3
DA:287,2
DA:289,1
DA:291,1
DA:299,1
DA:300,7
DA:301,1
DA:303,6
DA:304,6
DA:305,6
DA:306,2
DA:307,4
DA:308,1
DA:310,3
DA:312,1
DA:314,1
DA:315,2
DA:317,1
DA:319,1
DA:320,5
DA:321,5
DA:322,5
DA:323,52
DA:325,5
DA:326,5
DA:327,15
DA:328,15
DA:330,10
DA:331,10
DA:333,5
DA:334,5
DA:338,15
DA:339,1
DA:342,15
DA:343,97
DA:345,15
DA:346,15
DA:348,5
DA:349,5
DA:350,5
DA:351,10
DA:353,5
DA:354,5
DA:356,1
DA:358,1
DA:359,2
DA:360,2
DA:362,1
DA:364,1
DA:365,1
DA:366,1
DA:367,1
DA:368,1
DA:369,1
DA:370,1
DA:371,1
LF:222
LH:222
BRDA:80,1,0,115
BRDA:80,1,1,38
BRDA:93,2,0,194
BRDA:93,2,1,0
BRDA:94,3,0,6
BRDA:94,3,1,188
BRDA:99,4,0,188
BRDA:99,4,1,0
BRDA:104,5,0,35
BRDA:104,5,1,153
BRDA:105,6,0,35
BRDA:105,6,1,0
BRDA:109,7,0,188
BRDA:109,7,1,0
BRDA:110,8,0,153
BRDA:110,8,1,35
BRDA:134,9,0,1
BRDA:134,9,1,45
BRDA:139,10,0,6
BRDA:139,10,1,39
BRDA:142,11,0,6
BRDA:142,11,1,0
BRDA:153,12,0,85
BRDA:153,12,1,3
BRDA:168,13,0,1
BRDA:168,13,1,350
BRDA:168,14,0,351
BRDA:168,14,1,77
BRDA:168,14,2,73
BRDA:168,14,3,29
BRDA:194,15,0,345
BRDA:194,15,1,50
BRDA:198,16,0,33
BRDA:198,16,1,5
BRDA:198,16,2,4
BRDA:215,17,0,10
BRDA:215,17,1,32
BRDA:231,18,0,2
BRDA:231,18,1,10
BRDA:244,19,0,3
BRDA:244,19,1,82
BRDA:249,20,0,25
BRDA:249,20,1,57
BRDA:250,21,0,5
BRDA:250,21,1,20
BRDA:257,22,0,1
BRDA:257,22,1,84
BRDA:260,23,0,3
BRDA:260,23,1,81
BRDA:261,24,0,2
BRDA:261,24,1,1
BRDA:268,25,0,1
BRDA:268,25,1,84
BRDA:271,26,0,2
BRDA:271,26,1,82
BRDA:272,27,0,1
BRDA:272,27,1,1
BRDA:284,28,0,1
BRDA:284,28,1,3
BRDA:286,29,0,2
BRDA:286,29,1,1
BRDA:300,30,0,1
BRDA:300,30,1,6
BRDA:305,31,0,2
BRDA:305,31,1,4
BRDA:307,32,0,1
BRDA:307,32,1,3
BRDA:328,33,0,10
BRDA:328,33,1,5
BRDA:338,34,0,0
BRDA:338,34,1,15
BRF:71
BRH:66
end_of_record
TN:
SF:/home/ubuntu/src/github.com/OmarCastro/ShellHive/lib/common/graph.js
FN:1,(anonymous_1)
FN:3,__
FN:7,(anonymous_3)
FN:8,Graph
FN:22,(anonymous_5)
FN:32,(anonymous_6)
FN:44,(anonymous_7)
FN:67,(anonymous_8)
FN:75,(anonymous_9)
FN:85,(anonymous_10)
FN:88,(anonymous_11)
FN:95,(anonymous_12)
FN:96,IndexedGraph
FN:104,(anonymous_14)
FN:107,(anonymous_15)
FN:116,(anonymous_16)
FN:118,Macro
FN:123,(anonymous_18)
FN:134,(anonymous_19)
FN:135,Component
FN:147,(anonymous_21)
FN:149,CommandComponent
FN:162,(anonymous_23)
FN:164,FileComponent
FN:177,(anonymous_25)
FN:179,GraphComponent
FN:190,(anonymous_27)
FN:203,(anonymous_28)
FN:205,MacroComponent
FN:216,(anonymous_30)
FN:217,Connection
FN:224,(anonymous_32)
FN:231,(anonymous_33)
FN:238,(anonymous_34)
FN:251,(anonymous_35)
FN:252,Boundary
FN:259,(anonymous_37)
FN:269,(anonymous_38)
FN:273,(anonymous_39)
FN:277,(anonymous_40)
FN:288,(anonymous_41)
FN:296,(anonymous_42)
FN:301,(anonymous_43)
FN:308,(anonymous_44)
FN:316,(anonymous_45)
FN:320,(anonymous_46)
FN:325,(anonymous_47)
FNF:47
FNH:47
FNDA:5,(anonymous_1)
FNDA:5,__
FNDA:1,(anonymous_3)
FNDA:356,Graph
FNDA:99,(anonymous_5)
FNDA:3,(anonymous_6)
FNDA:2,(anonymous_7)
FNDA:19,(anonymous_8)
FNDA:26,(anonymous_9)
FNDA:26,(anonymous_10)
FNDA:26,(anonymous_11)
FNDA:1,(anonymous_12)
FNDA:46,IndexedGraph
FNDA:132,(anonymous_14)
FNDA:86,(anonymous_15)
FNDA:1,(anonymous_16)
FNDA:4,Macro
FNDA:3,(anonymous_18)
FNDA:1,(anonymous_19)
FNDA:291,Component
FNDA:1,(anonymous_21)
FNDA:198,CommandComponent
FNDA:1,(anonymous_23)
FNDA:89,FileComponent
FNDA:1,(anonymous_25)
FNDA:1,GraphComponent
FNDA:1,(anonymous_27)
FNDA:1,(anonymous_28)
FNDA:3,MacroComponent
FNDA:1,(anonymous_30)
FNDA:169,Connection
FNDA:546,(anonymous_32)
FNDA:258,(anonymous_33)
FNDA:5,(anonymous_34)
FNDA:1,(anonymous_35)
FNDA:336,Boundary
FNDA:146,(anonymous_37)
FNDA:146,(anonymous_38)
FNDA:146,(anonymous_39)
FNDA:39,(anonymous_40)
FNDA:41,(anonymous_41)
FNDA:142,(anonymous_42)
FNDA:199,(anonymous_43)
FNDA:142,(anonymous_44)
FNDA:188,(anonymous_45)
FNDA:124,(anonymous_46)
FNDA:124,(anonymous_47)
DA:1,1
DA:2,5
DA:3,5
DA:4,5
DA:5,5
DA:7,1
DA:8,1
DA:9,356
DA:10,356
DA:11,356
DA:12,356
DA:13,356
DA:14,356
DA:15,356
DA:16,356
DA:22,1
DA:23,99
DA:32,1
DA:33,3
DA:34,6
DA:35,1
DA:38,2
DA:44,1
DA:45,2
DA:46,1
DA:47,1
DA:49,1
DA:50,1
DA:51,1
DA:52,2
DA:53,2
DA:54,1
DA:56,1
DA:60,1
DA:61,1
DA:62,1
DA:64,1
DA:67,1
DA:68,19
DA:69,19
DA:75,1
DA:76,26
DA:77,26
DA:85,1
DA:86,26
DA:88,1
DA:89,26
DA:91,1
DA:93,1
DA:95,1
DA:96,1
DA:97,46
DA:98,46
DA:99,46
DA:100,46
DA:101,46
DA:102,46
DA:104,46
DA:105,132
DA:107,46
DA:108,86
DA:109,86
DA:112,1
DA:114,1
DA:116,1
DA:117,1
DA:118,1
DA:119,4
DA:120,4
DA:121,4
DA:123,1
DA:124,3
DA:125,3
DA:126,3
DA:127,3
DA:129,1
DA:131,1
DA:134,1
DA:135,1
DA:136,291
DA:137,291
DA:139,1
DA:140,1
DA:142,1
DA:147,1
DA:148,1
DA:149,1
DA:150,198
DA:151,198
DA:152,198
DA:154,1
DA:155,1
DA:157,1
DA:162,1
DA:163,1
DA:164,1
DA:165,89
DA:166,89
DA:167,89
DA:169,1
DA:170,1
DA:172,1
DA:177,1
DA:178,1
DA:179,1
DA:180,1
DA:181,1
DA:182,1
DA:183,1
DA:184,1
DA:185,1
DA:186,1
DA:187,1
DA:188,1
DA:190,1
DA:191,1
DA:192,1
DA:193,1
DA:195,1
DA:196,1
DA:198,1
DA:203,1
DA:204,1
DA:205,1
DA:206,3
DA:207,3
DA:208,3
DA:210,1
DA:211,1
DA:213,1
DA:216,1
DA:217,1
DA:218,169
DA:219,169
DA:220,169
DA:221,169
DA:223,1
DA:225,546
DA:230,1
DA:232,258
DA:238,1
DA:239,5
DA:246,1
DA:248,1
DA:251,1
DA:252,1
DA:253,336
DA:254,336
DA:255,336
DA:256,336
DA:257,336
DA:259,1
DA:260,146
DA:261,146
DA:262,92
DA:264,54
DA:266,146
DA:269,1
DA:270,146
DA:273,1
DA:274,146
DA:277,1
DA:278,39
DA:279,1
DA:281,38
DA:282,38
DA:283,41
DA:285,38
DA:288,1
DA:289,41
DA:290,41
DA:291,41
DA:292,41
DA:293,41
DA:296,1
DA:297,142
DA:298,142
DA:299,142
DA:300,142
DA:301,142
DA:302,199
DA:303,199
DA:304,199
DA:308,1
DA:309,142
DA:310,142
DA:316,1
DA:317,188
DA:318,188
DA:319,188
DA:320,188
DA:321,124
DA:322,124
DA:325,188
DA:326,124
DA:327,124
DA:328,124
DA:329,124
DA:332,188
DA:334,188
DA:335,95
DA:336,95
DA:337,95
DA:339,188
DA:341,1
DA:343,1
LF:206
LH:206
BRDA:1,1,0,1
BRDA:1,1,1,1
BRDA:2,2,0,4
BRDA:2,2,1,0
BRDA:9,3,0,356
BRDA:9,3,1,0
BRDA:10,4,0,356
BRDA:10,4,1,0
BRDA:11,5,0,356
BRDA:11,5,1,0
BRDA:12,6,0,356
BRDA:12,6,1,0
BRDA:34,7,0,1
BRDA:34,7,1,5
BRDA:45,8,0,1
BRDA:45,8,1,1
BRDA:46,9,0,1
BRDA:46,9,1,0
BRDA:53,10,0,1
BRDA:53,10,1,1
BRDA:53,11,0,2
BRDA:53,11,1,1
BRDA:261,12,0,92
BRDA:261,12,1,54
BRDA:278,13,0,1
BRDA:278,13,1,38
BRDA:309,14,0,1
BRDA:309,14,1,141
BRDA:327,15,0,29
BRDA:327,15,1,95
BRDA:334,16,0,95
BRDA:334,16,1,93
BRF:32
BRH:26
end_of_record
TN:
SF:/home/ubuntu/src/github.com/OmarCastro/ShellHive/lib/parser/commands/awk.js
FN:6,(anonymous_1)
FN:8,__
FN:41,(anonymous_3)
FN:43,AwkComponent
FN:53,defaultComponentData
FN:61,(anonymous_6)
FN:66,(anonymous_7)
FNF:7
FNH:7
FNDA:1,(anonymous_1)
FNDA:1,__
FNDA:1,(anonymous_3)
FNDA:9,AwkComponent
FNDA:9,defaultComponentData
FNDA:10,(anonymous_6)
FNDA:4,(anonymous_7)
DA:6,1
DA:7,1
DA:8,1
DA:9,1
DA:10,1
DA:12,1
DA:13,1
DA:14,1
DA:15,1
DA:17,1
DA:28,1
DA:30,1
DA:39,1
DA:41,1
DA:42,1
DA:43,1
DA:44,9
DA:45,9
DA:46,9
DA:47,9
DA:49,1
DA:51,1
DA:53,1
DA:54,9
DA:55,9
DA:56,9
DA:60,1
DA:62,10
DA:66,1
DA:67,4
DA:68,4
DA:69,4
DA:71,4
DA:74,1
DA:75,1
LF:35
LH:35
BRDA:6,1,0,1
BRDA:6,1,1,1
BRDA:7,2,0,1
BRDA:7,2,1,0
BRDA:68,3,0,4
BRDA:68,3,1,0
BRDA:69,4,0,2
BRDA:69,4,1,2
BRF:8
BRH:6
end_of_record
TN:
SF:/home/ubuntu/src/github.com/OmarCastro/ShellHive/lib/parser/utils/optionsParser.js
FN:1,(anonymous_1)
FN:2,Iterator
FN:8,(anonymous_3)
FN:11,(anonymous_4)
FN:14,(anonymous_5)
FN:21,parseShortOptions
FN:32,(anonymous_7)
FN:56,(anonymous_8)
FN:61,(anonymous_9)
FN:64,(anonymous_10)
FN:65,(anonymous_11)
FN:75,(anonymous_12)
FN:76,(anonymous_13)
FN:89,select
FN:98,(anonymous_15)
FN:105,(anonymous_16)
FN:118,(anonymous_17)
FN:129,(anonymous_18)
FN:132,(anonymous_19)
FN:134,(anonymous_20)
FN:148,ignore
FN:153,(anonymous_22)
FN:157,generate
FN:169,optionParserFromConfig
FN:180,(anonymous_25)
FN:203,(anonymous_26)
FNF:26
FNH:26
FNDA:1,(anonymous_1)
FNDA:232,Iterator
FNDA:430,(anonymous_3)
FNDA:320,(anonymous_4)
FNDA:6,(anonymous_5)
FNDA:38,parseShortOptions
FNDA:12,(anonymous_7)
FNDA:69,(anonymous_8)
FNDA:71,(anonymous_9)
FNDA:22,(anonymous_10)
FNDA:32,(anonymous_11)
FNDA:3,(anonymous_12)
FNDA:6,(anonymous_13)
FNDA:71,select
FNDA:24,(anonymous_15)
FNDA:2,(anonymous_16)
FNDA:2,(anonymous_17)
FNDA:2,(anonymous_18)
FNDA:5,(anonymous_19)
FNDA:5,(anonymous_20)
FNDA:1,ignore
FNDA:50,(anonymous_22)
FNDA:6,generate
FNDA:12,optionParserFromConfig
FNDA:2,(anonymous_25)
FNDA:4,(anonymous_26)
DA:1,1
DA:2,1
DA:3,232
DA:4,232
DA:5,232
DA:6,232
DA:8,1
DA:9,430
DA:11,1
DA:12,320
DA:14,1
DA:15,6
DA:17,1
DA:19,1
DA:21,1
DA:22,38
DA:23,38
DA:24,52
DA:25,52
DA:26,6
DA:30,1
DA:32,1
DA:33,12
DA:34,12
DA:35,12
DA:36,12
DA:37,12
DA:38,6
DA:39,6
DA:40,6
DA:41,6
DA:42,6
DA:43,6
DA:46,6
DA:47,6
DA:48,6
DA:56,1
DA:57,69
DA:58,69
DA:59,71
DA:61,69
DA:62,71
DA:64,69
DA:65,22
DA:66,32
DA:68,22
DA:75,1
DA:76,3
DA:77,6
DA:78,6
DA:79,6
DA:80,6
DA:82,3
DA:83,3
DA:84,3
DA:85,3
DA:89,1
DA:90,71
DA:91,71
DA:92,67
DA:94,71
DA:95,67
DA:97,71
DA:98,66
DA:99,24
DA:104,5
DA:105,4
DA:106,2
DA:107,2
DA:115,1
DA:118,1
DA:119,2
DA:120,2
DA:121,2
DA:123,2
DA:124,1
DA:126,2
DA:127,1
DA:129,2
DA:130,2
DA:132,2
DA:133,5
DA:134,5
DA:135,5
DA:137,3
DA:148,1
DA:150,1
DA:153,1
DA:154,50
DA:157,1
DA:158,6
DA:159,6
DA:160,6
DA:161,63
DA:162,63
DA:163,50
DA:167,1
DA:169,1
DA:170,12
DA:171,12
DA:172,12
DA:174,12
DA:175,50
DA:176,50
DA:177,50
DA:178,50
DA:179,37
DA:180,1
DA:181,2
DA:184,36
DA:188,12
DA:189,15
DA:190,15
DA:191,15
DA:192,63
DA:193,63
DA:194,63
DA:195,51
DA:196,9
DA:198,42
DA:201,63
DA:202,14
DA:203,2
DA:204,4
DA:207,12
DA:213,12
DA:218,1
LF:127
LH:127
BRDA:25,1,0,6
BRDA:25,1,1,46
BRDA:25,2,0,52
BRDA:25,2,1,48
BRDA:37,3,0,6
BRDA:37,3,1,6
BRDA:41,4,0,6
BRDA:41,4,1,6
BRDA:42,5,0,6
BRDA:42,5,1,0
BRDA:47,6,0,6
BRDA:47,6,1,0
BRDA:62,7,0,57
BRDA:62,7,1,14
BRDA:78,8,0,4
BRDA:78,8,1,2
BRDA:90,9,0,34
BRDA:90,9,1,37
BRDA:91,10,0,67
BRDA:91,10,1,4
BRDA:94,11,0,67
BRDA:94,11,1,4
BRDA:97,12,0,66
BRDA:97,12,1,5
BRDA:104,13,0,4
BRDA:104,13,1,1
BRDA:106,14,0,2
BRDA:106,14,1,0
BRDA:123,15,0,1
BRDA:123,15,1,1
BRDA:126,16,0,1
BRDA:126,16,1,1
BRDA:130,17,0,2
BRDA:130,17,1,1
BRDA:134,18,0,3
BRDA:134,18,1,2
BRDA:162,19,0,50
BRDA:162,19,1,13
BRDA:174,20,0,12
BRDA:174,20,1,2
BRDA:178,21,0,37
BRDA:178,21,1,13
BRDA:179,22,0,1
BRDA:179,22,1,36
BRDA:188,23,0,12
BRDA:188,23,1,5
BRDA:194,24,0,51
BRDA:194,24,1,12
BRDA:195,25,0,9
BRDA:195,25,1,42
BRDA:201,26,0,14
BRDA:201,26,1,49
BRDA:202,27,0,2
BRDA:202,27,1,12
BRF:54
BRH:51
end_of_record
TN:
SF:/home/ubuntu/src/github.com/OmarCastro/ShellHive/lib/parser/utils/parserData.js
FN:20,(anonymous_1)
FN:21,ParserData
FN:33,(anonymous_3)
FN:43,(anonymous_4)
FN:56,(anonymous_5)
FN:81,(anonymous_6)
FN:110,(anonymous_7)
FN:124,(anonymous_8)
FN:151,(anonymous_9)
FN:167,(anonymous_10)
FNF:10
FNH:10
FNDA:1,(anonymous_1)
FNDA:17,ParserData
FNDA:17,(anonymous_3)
FNDA:17,(anonymous_4)
FNDA:17,(anonymous_5)
FNDA:0,(anonymous_6)
FNDA:179,(anonymous_7)
FNDA:172,(anonymous_8)
FNDA:24,(anonymous_9)
FNDA:1,(anonymous_10)
DA:20,1
DA:21,1
DA:22,17
DA:23,17
DA:24,17
DA:25,17
DA:26,17
DA:27,17
DA:28,17
DA:29,17
DA:30,17
DA:31,17
DA:33,1
DA:34,17
DA:35,17
DA:36,17
DA:37,17
DA:38,66
DA:39,66
DA:43,1
DA:44,17
DA:45,17
DA:46,17
DA:47,17
DA:48,3
DA:49,3
DA:56,1
DA:57,17
DA:58,17
DA:59,17
DA:60,17
DA:61,17
DA:62,17
DA:64,17
DA:65,21
DA:66,21
DA:67,21
DA:68,21
DA:70,21
DA:71,78
DA:72,78
DA:73,78
DA:74,78
DA:78,17
DA:81,17
DA:82,1
DA:83,1
DA:84,1
DA:85,1
DA:86,1
DA:87,1
DA:88,1
DA:91,17
DA:94,1
DA:111,179
DA:112,179
DA:113,179
DA:114,632
DA:115,632
DA:117,179
DA:123,1
DA:125,172
DA:126,172
DA:127,172
DA:128,276
DA:129,276
DA:130,496
DA:131,496
DA:132,267
DA:136,267
DA:137,2
DA:139,267
DA:140,267
DA:144,172
DA:150,1
DA:152,24
DA:153,24
DA:154,24
DA:155,24
DA:156,24
DA:158,24
DA:163,1
DA:165,1
DA:167,1
DA:168,1
DA:169,1
DA:170,1
DA:172,1
LF:88
LH:88
BRDA:34,1,0,4
BRDA:34,1,1,13
BRDA:44,2,0,14
BRDA:44,2,1,3
BRDA:57,3,0,6
BRDA:57,3,1,11
BRDA:85,4,0,0
BRDA:85,4,1,0
BRDA:85,5,0,0
BRDA:85,5,1,0
BRDA:87,6,0,0
BRDA:87,6,1,0
BRDA:87,7,0,0
BRDA:87,7,1,0
BRDA:87,7,2,0
BRDA:131,8,0,267
BRDA:131,8,1,229
BRDA:134,9,0,267
BRDA:134,9,1,73
BRDA:136,10,0,2
BRDA:136,10,1,265
BRDA:156,11,0,24
BRDA:156,11,1,24
BRDA:171,12,0,1
BRDA:171,12,1,1
BRF:25
BRH:25
end_of_record
TN:
SF:/home/ubuntu/src/github.com/OmarCastro/ShellHive/lib/parser/commands/_init.js
FN:15,typeOf
FN:45,addFileComponent
FN:69,commonParseCommand
FN:70,(anonymous_4)
FN:163,parseFlagsAndSelectors
FN:216,commonParseComponent
FN:224,(anonymous_7)
FN:242,(anonymous_8)
FNF:8
FNH:8
FNDA:247,typeOf
FNDA:67,addFileComponent
FNDA:16,commonParseCommand
FNDA:188,(anonymous_4)
FNDA:85,parseFlagsAndSelectors
FNDA:16,commonParseComponent
FNDA:85,(anonymous_7)
FNDA:42,(anonymous_8)
DA:1,1
DA:2,1
DA:4,1
DA:6,1
DA:7,1
DA:8,1
DA:10,1
DA:12,1
DA:15,1
DA:16,247
DA:17,200
DA:18,50
DA:19,12
DA:21,38
DA:23,150
DA:25,47
DA:26,44
DA:28,3
DA:30,1
DA:45,1
DA:46,67
DA:47,67
DA:49,67
DA:50,67
DA:52,67
DA:53,67
DA:55,1
DA:69,1
DA:70,16
DA:71,188
DA:72,188
DA:74,188
DA:75,188
DA:76,35
DA:78,188
DA:79,188
DA:81,188
DA:82,188
DA:83,188
DA:84,234
DA:85,234
DA:87,38
DA:88,38
DA:90,12
DA:91,12
DA:93,152
DA:94,152
DA:95,124
DA:97,152
DA:98,67
DA:99,67
DA:100,67
DA:102,152
DA:105,22
DA:106,22
DA:107,22
DA:108,22
DA:110,22
DA:111,22
DA:112,53
DA:113,22
DA:114,22
DA:118,22
DA:120,22
DA:122,7
DA:123,7
DA:124,7
DA:126,7
DA:127,7
DA:128,7
DA:129,7
DA:131,3
DA:132,3
DA:133,3
DA:134,3
DA:135,3
DA:136,3
DA:139,188
DA:140,188
DA:141,188
DA:142,188
DA:143,7
DA:144,7
DA:145,7
DA:147,188
DA:148,3
DA:149,3
DA:156,188
DA:157,188
DA:160,1
DA:163,1
DA:164,85
DA:165,85
DA:166,85
DA:167,85
DA:168,85
DA:169,85
DA:170,85
DA:172,85
DA:173,255
DA:174,255
DA:175,7
DA:177,7
DA:178,1
DA:180,7
DA:184,85
DA:185,80
DA:186,128
DA:187,128
DA:188,128
DA:189,10
DA:190,1
DA:191,10
DA:192,2
DA:193,8
DA:194,6
DA:196,2
DA:202,85
DA:203,85
DA:205,85
DA:206,1
DA:207,84
DA:208,8
DA:209,76
DA:210,3
DA:212,73
DA:216,1
DA:217,16
DA:218,16
DA:224,16
DA:225,85
DA:226,85
DA:227,85
DA:228,85
DA:229,85
DA:231,85
DA:232,7
DA:233,7
DA:234,2
DA:235,2
DA:236,1
DA:238,2
DA:242,85
DA:243,42
DA:244,8
DA:245,8
DA:246,34
DA:247,1
DA:249,33
DA:252,85
DA:253,2
DA:255,85
DA:256,47
DA:258,38
DA:262,1
DA:265,1
DA:266,1
DA:267,1
DA:268,1
LF:159
LH:159
BRDA:16,1,0,200
BRDA:16,1,1,47
BRDA:16,2,0,247
BRDA:16,2,1,203
BRDA:17,3,0,50
BRDA:17,3,1,150
BRDA:17,4,0,200
BRDA:17,4,1,53
BRDA:18,5,0,12
BRDA:18,5,1,38
BRDA:25,6,0,44
BRDA:25,6,1,3
BRDA:75,7,0,35
BRDA:75,7,1,153
BRDA:85,8,0,38
BRDA:85,8,1,12
BRDA:85,8,2,152
BRDA:85,8,3,22
BRDA:85,8,4,7
BRDA:85,8,5,3
BRDA:94,9,0,124
BRDA:94,9,1,28
BRDA:94,10,0,152
BRDA:94,10,1,124
BRDA:97,11,0,67
BRDA:97,11,1,85
BRDA:112,12,0,22
BRDA:112,12,1,31
BRDA:142,13,0,7
BRDA:142,13,1,181
BRDA:147,14,0,3
BRDA:147,14,1,185
BRDA:148,15,0,3
BRDA:148,15,1,0
BRDA:174,16,0,7
BRDA:174,16,1,248
BRDA:177,17,0,0
BRDA:177,17,1,7
BRDA:184,18,0,80
BRDA:184,18,1,5
BRDA:188,19,0,10
BRDA:188,19,1,118
BRDA:189,20,0,0
BRDA:189,20,1,10
BRDA:191,21,0,2
BRDA:191,21,1,8
BRDA:193,22,0,6
BRDA:193,22,1,2
BRDA:205,23,0,1
BRDA:205,23,1,84
BRDA:205,24,0,85
BRDA:205,24,1,9
BRDA:207,25,0,8
BRDA:207,25,1,76
BRDA:209,26,0,3
BRDA:209,26,1,73
BRDA:233,27,0,2
BRDA:233,27,1,5
BRDA:235,28,0,1
BRDA:235,28,1,1
BRDA:242,29,0,2
BRDA:242,29,1,83
BRDA:243,30,0,8
BRDA:243,30,1,34
BRDA:246,31,0,1
BRDA:246,31,1,33
BRDA:252,32,0,2
BRDA:252,32,1,83
BRDA:255,33,0,47
BRDA:255,33,1,38
BRF:70
BRH:69
end_of_record
TN:
SF:/home/ubuntu/src/github.com/OmarCastro/ShellHive/lib/parser/commands/cat.js
FN:1,(anonymous_1)
FN:3,__
FN:87,(anonymous_3)
FN:89,CatComponent
FN:98,defaultComponentData
FNF:5
FNH:5
FNDA:1,(anonymous_1)
FNDA:1,__
FNDA:1,(anonymous_3)
FNDA:62,CatComponent
FNDA:59,defaultComponentData
DA:1,1
DA:2,1
DA:3,1
DA:4,1
DA:5,1
DA:7,1
DA:8,1
DA:9,1
DA:10,1
DA:12,1
DA:39,1
DA:70,1
DA:75,1
DA:77,1
DA:79,1
DA:80,1
DA:81,1
DA:83,1
DA:84,1
DA:85,1
DA:87,1
DA:88,1
DA:89,1
DA:90,62
DA:91,62
DA:92,62
DA:94,1
DA:96,1
DA:98,1
DA:99,59
DA:100,59
DA:101,59
DA:102,59
DA:106,1
DA:107,1
DA:108,1
DA:109,1
LF:37
LH:37
BRDA:1,1,0,1
BRDA:1,1,1,1
BRDA:2,2,0,1
BRDA:2,2,1,0
BRF:4
BRH:3
end_of_record
TN:
SF:/home/ubuntu/src/github.com/OmarCastro/ShellHive/lib/parser/commands/date.js
FN:1,(anonymous_1)
FN:3,__
FN:38,(anonymous_3)
FN:40,DateComponent
FN:48,defaultComponentData
FN:57,(anonymous_6)
FNF:6
FNH:6
FNDA:1,(anonymous_1)
FNDA:1,__
FNDA:1,(anonymous_3)
FNDA:7,DateComponent
FNDA:7,defaultComponentData
FNDA:1,(anonymous_6)
DA:1,1
DA:2,1
DA:3,1
DA:4,1
DA:5,1
DA:7,1
DA:8,1
DA:9,1
DA:10,1
DA:12,1
DA:32,1
DA:34,1
DA:35,1
DA:36,1
DA:38,1
DA:39,1
DA:40,1
DA:41,7
DA:42,7
DA:44,1
DA:46,1
DA:48,1
DA:49,7
DA:50,7
DA:51,7
DA:52,7
DA:56,1
DA:58,1
DA:61,1
DA:62,1
DA:63,1
LF:31
LH:31
BRDA:1,1,0,1
BRDA:1,1,1,1
BRDA:2,2,0,1
BRDA:2,2,1,0
BRF:4
BRH:3
end_of_record
TN:
SF:/home/ubuntu/src/github.com/OmarCastro/ShellHive/lib/parser/commands/ls.js
FN:1,(anonymous_1)
FN:3,__
FN:290,extend
FN:346,(anonymous_4)
FN:348,LsComponent
FN:357,defaultComponentData
FNF:6
FNH:6
FNDA:1,(anonymous_1)
FNDA:1,__
FNDA:2,extend
FNDA:1,(anonymous_4)
FNDA:8,LsComponent
FNDA:8,defaultComponentData
DA:1,1
DA:2,1
DA:3,1
DA:4,1
DA:5,1
DA:7,1
DA:8,1
DA:9,1
DA:10,1
DA:12,1
DA:220,1
DA:271,1
DA:281,1
DA:287,1
DA:288,1
DA:290,1
DA:291,2
DA:292,40
DA:296,1
DA:320,1
DA:342,1
DA:344,1
DA:346,1
DA:347,1
DA:348,1
DA:349,8
DA:350,8
DA:351,8
DA:353,1
DA:355,1
DA:357,1
DA:358,8
DA:359,8
DA:360,8
DA:361,8
DA:362,8
DA:366,1
DA:367,1
DA:368,1
DA:369,1
LF:40
LH:40
BRDA:1,1,0,1
BRDA:1,1,1,1
BRDA:2,2,0,1
BRDA:2,2,1,0
BRF:4
BRH:3
end_of_record
TN:
SF:/home/ubuntu/src/github.com/OmarCastro/ShellHive/lib/parser/commands/grep.js
FN:20,(anonymous_1)
FN:22,__
FN:131,(anonymous_3)
FN:133,GrepComponent
FN:143,defaultComponentData
FN:152,(anonymous_6)
FN:161,(anonymous_7)
FNF:7
FNH:7
FNDA:1,(anonymous_1)
FNDA:1,__
FNDA:1,(anonymous_3)
FNDA:78,GrepComponent
FNDA:71,defaultComponentData
FNDA:107,(anonymous_6)
FNDA:42,(anonymous_7)
DA:20,1
DA:21,1
DA:22,1
DA:23,1
DA:24,1
DA:26,1
DA:27,1
DA:28,1
DA:29,1
DA:31,1
DA:84,1
DA:99,1
DA:122,1
DA:124,1
DA:129,1
DA:131,1
DA:132,1
DA:133,1
DA:134,78
DA:135,78
DA:136,78
DA:137,78
DA:139,1
DA:141,1
DA:143,1
DA:144,71
DA:145,71
DA:146,71
DA:147,71
DA:151,1
DA:153,107
DA:154,68
DA:156,39
DA:161,1
DA:162,42
DA:163,42
DA:167,42
DA:168,18
DA:169,24
DA:170,22
DA:171,2
DA:172,1
DA:174,1
DA:177,1
DA:178,1
LF:45
LH:45
BRDA:20,1,0,1
BRDA:20,1,1,1
BRDA:21,2,0,1
BRDA:21,2,1,0
BRDA:153,3,0,68
BRDA:153,3,1,39
BRDA:154,4,0,68
BRDA:154,4,1,2
BRDA:162,5,0,42
BRDA:162,5,1,2
BRDA:163,6,0,14
BRDA:163,6,1,28
BRDA:167,7,0,18
BRDA:167,7,1,24
BRDA:167,8,0,42
BRDA:167,8,1,40
BRDA:169,9,0,22
BRDA:169,9,1,2
BRDA:171,10,0,1
BRDA:171,10,1,1
BRF:20
BRH:19
end_of_record
TN:
SF:/home/ubuntu/src/github.com/OmarCastro/ShellHive/lib/parser/commands/bunzip2.js
FN:15,(anonymous_1)
FN:17,__
FN:141,(anonymous_3)
FN:143,BunzipComponent
FN:152,defaultComponentData
FNF:5
FNH:5
FNDA:1,(anonymous_1)
FNDA:1,__
FNDA:1,(anonymous_3)
FNDA:3,BunzipComponent
FNDA:3,defaultComponentData
DA:15,1
DA:16,1
DA:17,1
DA:18,1
DA:19,1
DA:21,1
DA:22,1
DA:23,1
DA:24,1
DA:26,1
DA:45,1
DA:47,1
DA:92,1
DA:97,1
DA:99,1
DA:120,1
DA:134,1
DA:139,1
DA:141,1
DA:142,1
DA:143,1
DA:144,3
DA:145,3
DA:146,3
DA:148,1
DA:150,1
DA:152,1
DA:153,3
DA:154,3
DA:155,3
DA:156,3
DA:159,1
DA:160,1
DA:161,1
DA:162,1
LF:35
LH:35
BRDA:15,1,0,1
BRDA:15,1,1,1
BRDA:16,2,0,1
BRDA:16,2,1,0
BRF:4
BRH:3
end_of_record
TN:
SF:/home/ubuntu/src/github.com/OmarCastro/ShellHive/lib/parser/commands/diff.js
FN:134,(anonymous_1)
FN:136,__
FN:212,(anonymous_3)
FN:214,DiffComponent
FN:223,defaultComponentData
FNF:5
FNH:5
FNDA:1,(anonymous_1)
FNDA:1,__
FNDA:1,(anonymous_3)
FNDA:5,DiffComponent
FNDA:5,defaultComponentData
DA:134,1
DA:135,1
DA:136,1
DA:137,1
DA:138,1
DA:140,1
DA:141,1
DA:142,1
DA:143,1
DA:145,1
DA:173,1
DA:197,1
DA:202,1
DA:204,1
DA:206,1
DA:207,1
DA:209,1
DA:210,1
DA:212,1
DA:213,1
DA:214,1
DA:215,5
DA:216,5
DA:217,5
DA:219,1
DA:221,1
DA:223,1
DA:224,5
DA:225,5
DA:226,5
DA:227,5
DA:231,1
DA:232,1
DA:233,1
DA:234,1
LF:35
LH:35
BRDA:134,1,0,1
BRDA:134,1,1,1
BRDA:135,2,0,1
BRDA:135,2,1,0
BRF:4
BRH:3
end_of_record
TN:
SF:/home/ubuntu/src/github.com/OmarCastro/ShellHive/lib/parser/commands/bzcat.js
FN:15,(anonymous_1)
FN:17,__
FN:141,(anonymous_3)
FN:143,BzcatComponent
FN:152,defaultComponentData
FNF:5
FNH:5
FNDA:1,(anonymous_1)
FNDA:1,__
FNDA:1,(anonymous_3)
FNDA:3,BzcatComponent
FNDA:3,defaultComponentData
DA:15,1
DA:16,1
DA:17,1
DA:18,1
DA:19,1
DA:21,1
DA:22,1
DA:23,1
DA:24,1
DA:26,1
DA:45,1
DA:47,1
DA:92,1
DA:97,1
DA:99,1
DA:120,1
DA:134,1
DA:139,1
DA:141,1
DA:142,1
DA:143,1
DA:144,3
DA:145,3
DA:146,3
DA:148,1
DA:150,1
DA:152,1
DA:153,3
DA:154,3
DA:155,3
DA:156,3
DA:160,1
DA:161,1
DA:162,1
DA:163,1
LF:35
LH:35
BRDA:15,1,0,1
BRDA:15,1,1,1
BRDA:16,2,0,1
BRDA:16,2,1,0
BRF:4
BRH:3
end_of_record
TN:
SF:/home/ubuntu/src/github.com/OmarCastro/ShellHive/lib/parser/commands/bzip2.js
FN:15,(anonymous_1)
FN:17,__
FN:188,(anonymous_3)
FN:190,BZipComponent
FN:199,defaultComponentData
FNF:5
FNH:5
FNDA:1,(anonymous_1)
FNDA:1,__
FNDA:1,(anonymous_3)
FNDA:3,BZipComponent
FNDA:3,defaultComponentData
DA:15,1
DA:16,1
DA:17,1
DA:18,1
DA:19,1
DA:21,1
DA:22,1
DA:23,1
DA:24,1
DA:26,1
DA:100,1
DA:102,1
DA:154,1
DA:159,1
DA:161,1
DA:188,1
DA:189,1
DA:190,1
DA:191,3
DA:192,3
DA:193,3
DA:195,1
DA:197,1
DA:199,1
DA:200,3
DA:201,3
DA:202,3
DA:203,3
DA:207,1
DA:208,1
DA:209,1
DA:210,1
LF:32
LH:32
BRDA:15,1,0,1
BRDA:15,1,1,1
BRDA:16,2,0,1
BRDA:16,2,1,0
BRF:4
BRH:3
end_of_record
TN:
SF:/home/ubuntu/src/github.com/OmarCastro/ShellHive/lib/parser/commands/compress.js
FN:13,(anonymous_1)
FN:15,__
FN:77,(anonymous_3)
FN:79,CompressComponent
FN:88,defaultComponentData
FNF:5
FNH:5
FNDA:1,(anonymous_1)
FNDA:1,__
FNDA:1,(anonymous_3)
FNDA:3,CompressComponent
FNDA:3,defaultComponentData
DA:13,1
DA:14,1
DA:15,1
DA:16,1
DA:17,1
DA:19,1
DA:20,1
DA:21,1
DA:22,1
DA:24,1
DA:70,1
DA:74,1
DA:75,1
DA:77,1
DA:78,1
DA:79,1
DA:80,3
DA:81,3
DA:82,3
DA:84,1
DA:86,1
DA:88,1
DA:89,3
DA:90,3
DA:91,3
DA:92,3
DA:96,1
DA:97,1
DA:98,1
DA:99,1
LF:30
LH:30
BRDA:13,1,0,1
BRDA:13,1,1,1
BRDA:14,2,0,1
BRDA:14,2,1,0
BRF:4
BRH:3
end_of_record
TN:
SF:/home/ubuntu/src/github.com/OmarCastro/ShellHive/lib/parser/commands/gzip.js
FN:15,(anonymous_1)
FN:17,__
FN:150,(anonymous_3)
FN:152,GZipComponent
FN:161,defaultComponentData
FNF:5
FNH:5
FNDA:1,(anonymous_1)
FNDA:1,__
FNDA:1,(anonymous_3)
FNDA:6,GZipComponent
FNDA:6,defaultComponentData
DA:15,1
DA:16,1
DA:17,1
DA:18,1
DA:19,1
DA:21,1
DA:22,1
DA:23,1
DA:24,1
DA:26,1
DA:83,1
DA:142,1
DA:147,1
DA:148,1
DA:150,1
DA:151,1
DA:152,1
DA:153,6
DA:154,6
DA:155,6
DA:157,1
DA:159,1
DA:161,1
DA:162,6
DA:163,6
DA:164,6
DA:165,6
DA:169,1
DA:170,1
DA:171,1
DA:172,1
LF:31
LH:31
BRDA:15,1,0,1
BRDA:15,1,1,1
BRDA:16,2,0,1
BRDA:16,2,1,0
BRF:4
BRH:3
end_of_record
TN:
SF:/home/ubuntu/src/github.com/OmarCastro/ShellHive/lib/parser/commands/gunzip.js
FN:15,(anonymous_1)
FN:17,__
FN:73,(anonymous_3)
FN:75,GunzipComponent
FN:84,defaultComponentData
FNF:5
FNH:5
FNDA:1,(anonymous_1)
FNDA:1,__
FNDA:1,(anonymous_3)
FNDA:3,GunzipComponent
FNDA:3,defaultComponentData
DA:15,1
DA:16,1
DA:17,1
DA:18,1
DA:19,1
DA:21,1
DA:22,1
DA:23,1
DA:24,1
DA:26,1
DA:64,1
DA:68,1
DA:69,1
DA:71,1
DA:73,1
DA:74,1
DA:75,1
DA:76,3
DA:77,3
DA:78,3
DA:80,1
DA:82,1
DA:84,1
DA:85,3
DA:86,3
DA:87,3
DA:88,3
DA:91,1
DA:92,1
DA:93,1
DA:94,1
LF:31
LH:31
BRDA:15,1,0,1
BRDA:15,1,1,1
BRDA:16,2,0,1
BRDA:16,2,1,0
BRF:4
BRH:3
end_of_record
TN:
SF:/home/ubuntu/src/github.com/OmarCastro/ShellHive/lib/parser/commands/zcat.js
FN:15,(anonymous_1)
FN:17,__
FN:71,(anonymous_3)
FN:73,ZcatComponent
FN:82,defaultComponentData
FNF:5
FNH:5
FNDA:1,(anonymous_1)
FNDA:1,__
FNDA:1,(anonymous_3)
FNDA:3,ZcatComponent
FNDA:3,defaultComponentData
DA:15,1
DA:16,1
DA:17,1
DA:18,1
DA:19,1
DA:21,1
DA:22,1
DA:23,1
DA:24,1
DA:26,1
DA:64,1
DA:68,1
DA:69,1
DA:71,1
DA:72,1
DA:73,1
DA:74,3
DA:75,3
DA:76,3
DA:78,1
DA:80,1
DA:82,1
DA:83,3
DA:84,3
DA:85,3
DA:86,3
DA:90,1
DA:91,1
DA:92,1
DA:93,1
LF:30
LH:30
BRDA:15,1,0,1
BRDA:15,1,1,1
BRDA:16,2,0,1
BRDA:16,2,1,0
BRF:4
BRH:3
end_of_record
TN:
SF:/home/ubuntu/src/github.com/OmarCastro/ShellHive/lib/parser/commands/head.js
FN:11,(anonymous_1)
FN:13,__
FN:81,(anonymous_3)
FN:83,HeadComponent
FN:92,defaultComponentData
FNF:5
FNH:5
FNDA:1,(anonymous_1)
FNDA:1,__
FNDA:1,(anonymous_3)
FNDA:1,HeadComponent
FNDA:1,defaultComponentData
DA:11,1
DA:12,1
DA:13,1
DA:14,1
DA:15,1
DA:17,1
DA:18,1
DA:19,1
DA:20,1
DA:22,1
DA:71,1
DA:75,1
DA:77,1
DA:79,1
DA:81,1
DA:82,1
DA:83,1
DA:84,1
DA:85,1
DA:86,1
DA:88,1
DA:90,1
DA:92,1
DA:93,1
DA:94,1
DA:95,1
DA:96,1
DA:100,1
DA:101,1
DA:102,1
DA:103,1
LF:31
LH:31
BRDA:11,1,0,1
BRDA:11,1,1,1
BRDA:12,2,0,1
BRDA:12,2,1,0
BRF:4
BRH:3
end_of_record
TN:
SF:/home/ubuntu/src/github.com/OmarCastro/ShellHive/lib/parser/commands/tail.js
FN:11,(anonymous_1)
FN:13,__
FN:79,(anonymous_3)
FN:81,TailComponent
FN:90,defaultComponentData
FNF:5
FNH:5
FNDA:1,(anonymous_1)
FNDA:1,__
FNDA:1,(anonymous_3)
FNDA:1,TailComponent
FNDA:1,defaultComponentData
DA:11,1
DA:12,1
DA:13,1
DA:14,1
DA:15,1
DA:17,1
DA:18,1
DA:19,1
DA:20,1
DA:22,1
DA:71,1
DA:75,1
DA:77,1
DA:79,1
DA:80,1
DA:81,1
DA:82,1
DA:83,1
DA:84,1
DA:86,1
DA:88,1
DA:90,1
DA:91,1
DA:92,1
DA:93,1
DA:94,1
DA:98,1
DA:99,1
DA:100,1
DA:101,1
LF:30
LH:30
BRDA:11,1,0,1
BRDA:11,1,1,1
BRDA:12,2,0,1
BRDA:12,2,1,0
BRF:4
BRH:3
end_of_record
TN:
SF:/home/ubuntu/src/github.com/OmarCastro/ShellHive/lib/parser/commands/tr.js
FN:1,(anonymous_1)
FN:3,__
FN:54,(anonymous_3)
FN:56,TrComponent
FN:66,defaultComponentData
FN:75,(anonymous_6)
FN:84,(anonymous_7)
FNF:7
FNH:7
FNDA:1,(anonymous_1)
FNDA:1,__
FNDA:1,(anonymous_3)
FNDA:3,TrComponent
FNDA:3,defaultComponentData
FNDA:6,(anonymous_6)
FNDA:1,(anonymous_7)
DA:1,1
DA:2,1
DA:3,1
DA:4,1
DA:5,1
DA:7,1
DA:8,1
DA:9,1
DA:10,1
DA:12,1
DA:43,1
DA:47,1
DA:49,1
DA:51,1
DA:52,1
DA:54,1
DA:55,1
DA:56,1
DA:57,3
DA:58,3
DA:59,3
DA:60,3
DA:62,1
DA:64,1
DA:66,1
DA:67,3
DA:68,3
DA:69,3
DA:70,3
DA:74,1
DA:76,6
DA:77,3
DA:79,3
DA:84,1
DA:85,1
DA:87,1
DA:88,1
LF:37
LH:37
BRDA:1,1,0,1
BRDA:1,1,1,1
BRDA:2,2,0,1
BRDA:2,2,1,0
BRDA:76,3,0,3
BRDA:76,3,1,3
BRF:6
BRH:5
end_of_record
TN:
SF:/home/ubuntu/src/github.com/OmarCastro/ShellHive/lib/parser/commands/tee.js
FN:10,arrangeLayout
FN:19,(anonymous_2)
FN:25,connector
FN:26,(anonymous_4)
FN:35,parseCommand
FNF:5
FNH:5
FNDA:6,arrangeLayout
FNDA:16,(anonymous_2)
FNDA:6,connector
FNDA:16,(anonymous_4)
FNDA:6,parseCommand
DA:1,1
DA:2,1
DA:3,1
DA:4,1
DA:5,1
DA:10,1
DA:11,6
DA:12,6
DA:13,6
DA:14,6
DA:15,6
DA:17,6
DA:18,6
DA:19,6
DA:20,16
DA:21,16
DA:22,16
DA:25,1
DA:26,6
DA:27,16
DA:28,16
DA:29,16
DA:30,16
DA:31,16
DA:35,1
DA:36,6
DA:37,6
DA:39,6
DA:40,6
DA:41,6
DA:42,6
DA:44,6
DA:45,6
DA:46,12
DA:47,12
DA:48,12
DA:51,6
DA:52,4
DA:54,6
DA:55,6
DA:56,6
DA:58,1
LF:42
LH:42
BRDA:13,1,0,6
BRDA:13,1,1,0
BRDA:20,2,0,10
BRDA:20,2,1,6
BRDA:47,3,0,12
BRDA:47,3,1,0
BRDA:51,4,0,4
BRDA:51,4,1,2
BRF:8
BRH:6
end_of_record
TN:
SF:/home/ubuntu/src/github.com/OmarCastro/ShellHive/api/models/Component.js
FNF:0
FNH:0
DA:8,1
LF:1
LH:1
BRF:0
BRH:0
end_of_record
TN:
SF:/home/ubuntu/src/github.com/OmarCastro/ShellHive/api/models/Connection.js
FNF:0
FNH:0
DA:8,1
LF:1
LH:1
BRF:0
BRH:0
end_of_record
TN:
SF:/home/ubuntu/src/github.com/OmarCastro/ShellHive/api/models/Graph.js
FNF:0
FNH:0
DA:8,1
LF:1
LH:1
BRF:0
BRH:0
end_of_record
TN:
SF:/home/ubuntu/src/github.com/OmarCastro/ShellHive/api/models/Project.js
FNF:0
FNH:0
DA:8,1
LF:1
LH:1
BRF:0
BRH:0
end_of_record
TN:
SF:/home/ubuntu/src/github.com/OmarCastro/ShellHive/api/models/User.js
FN:30,(anonymous_1)
FN:39,(anonymous_2)
FN:42,(anonymous_3)
FN:46,(anonymous_4)
FNF:4
FNH:4
FNDA:1,(anonymous_1)
FNDA:2,(anonymous_2)
FNDA:2,(anonymous_3)
FNDA:2,(anonymous_4)
DA:8,1
DA:31,1
DA:32,1
DA:33,1
DA:34,1
DA:35,1
DA:40,2
DA:42,2
DA:44,2
DA:46,2
DA:48,2
DA:50,2
DA:51,2
LF:13
LH:13
BRDA:44,1,0,0
BRDA:44,1,1,2
BRDA:48,2,0,0
BRDA:48,2,1,2
BRF:4
BRH:4
end_of_record
TN:
SF:/home/ubuntu/src/github.com/OmarCastro/ShellHive/api/controllers/AuthController.js
FN:9,(anonymous_1)
FN:10,(anonymous_2)
FN:12,(anonymous_3)
FN:20,(anonymous_4)
FNF:4
FNH:4
FNDA:3,(anonymous_1)
FNDA:3,(anonymous_2)
FNDA:1,(anonymous_3)
FNDA:1,(anonymous_4)
DA:7,1
DA:8,1
DA:10,3
DA:11,3
DA:12,1
DA:14,1
DA:15,1
DA:21,1
DA:22,1
LF:9
LH:9
BRDA:11,1,0,2
BRDA:11,1,1,1
BRDA:11,2,0,3
BRDA:11,2,1,3
BRDA:14,3,0,0
BRDA:14,3,1,1
BRF:6
BRH:6
end_of_record
TN:
SF:/home/ubuntu/src/github.com/OmarCastro/ShellHive/api/controllers/ComponentController.js
FN:9,(anonymous_1)
FN:10,(anonymous_2)
FN:20,(anonymous_3)
FN:28,(anonymous_4)
FNF:4
FNH:0
FNDA:0,(anonymous_1)
FNDA:0,(anonymous_2)
FNDA:0,(anonymous_3)
FNDA:0,(anonymous_4)
DA:8,1
DA:10,0
DA:11,0
DA:12,0
DA:13,0
DA:21,0
DA:22,0
DA:23,0
DA:24,0
DA:25,0
DA:26,0
DA:30,0
DA:31,0
DA:34,0
LF:14
LH:1
BRDA:11,1,0,0
BRDA:11,1,1,0
BRDA:12,2,0,0
BRDA:12,2,1,0
BRDA:30,3,0,0
BRDA:30,3,1,0
BRF:6
BRH:0
end_of_record
TN:
SF:/home/ubuntu/src/github.com/OmarCastro/ShellHive/api/controllers/ConnectionController.js
FNF:0
FNH:0
DA:8,1
LF:1
LH:1
BRF:0
BRH:0
end_of_record
TN:
SF:/home/ubuntu/src/github.com/OmarCastro/ShellHive/api/controllers/DemoController.js
FN:9,(anonymous_1)
FN:12,(anonymous_2)
FN:20,(anonymous_3)
FN:27,(anonymous_4)
FNF:4
FNH:0
FNDA:0,(anonymous_1)
FNDA:0,(anonymous_2)
FNDA:0,(anonymous_3)
FNDA:0,(anonymous_4)
DA:8,1
DA:13,0
DA:14,0
DA:21,0
DA:22,0
DA:23,0
DA:24,0
DA:26,0
DA:27,0
DA:28,0
LF:10
LH:1
BRF:0
BRH:0
end_of_record
TN:
SF:/home/ubuntu/src/github.com/OmarCastro/ShellHive/api/controllers/GraphController.js
FN:9,(anonymous_1)
FN:11,(anonymous_2)
FN:18,(anonymous_3)
FN:20,(anonymous_4)
FN:27,(anonymous_5)
FN:28,(anonymous_6)
FN:43,(anonymous_7)
FN:48,(anonymous_8)
FN:70,(anonymous_9)
FN:74,(anonymous_10)
FN:88,(anonymous_11)
FN:89,(anonymous_12)
FN:98,(anonymous_13)
FN:99,(anonymous_14)
FN:107,(anonymous_15)
FN:112,(anonymous_16)
FN:132,(anonymous_17)
FN:134,(anonymous_18)
FN:142,(anonymous_19)
FN:147,(anonymous_20)
FN:152,(anonymous_21)
FN:162,(anonymous_22)
FN:164,(anonymous_23)
FNF:23
FNH:0
FNDA:0,(anonymous_1)
FNDA:0,(anonymous_2)
FNDA:0,(anonymous_3)
FNDA:0,(anonymous_4)
FNDA:0,(anonymous_5)
FNDA:0,(anonymous_6)
FNDA:0,(anonymous_7)
FNDA:0,(anonymous_8)
FNDA:0,(anonymous_9)
FNDA:0,(anonymous_10)
FNDA:0,(anonymous_11)
FNDA:0,(anonymous_12)
FNDA:0,(anonymous_13)
FNDA:0,(anonymous_14)
FNDA:0,(anonymous_15)
FNDA:0,(anonymous_16)
FNDA:0,(anonymous_17)
FNDA:0,(anonymous_18)
FNDA:0,(anonymous_19)
FNDA:0,(anonymous_20)
FNDA:0,(anonymous_21)
FNDA:0,(anonymous_22)
FNDA:0,(anonymous_23)
DA:8,1
DA:10,0
DA:11,0
DA:12,0
DA:13,0
DA:14,0
DA:19,0
DA:20,0
DA:21,0
DA:22,0
DA:23,0
DA:28,0
DA:29,0
DA:30,0
DA:35,0
DA:44,0
DA:45,0
DA:49,0
DA:50,0
DA:56,0
DA:62,0
DA:71,0
DA:72,0
DA:75,0
DA:76,0
DA:81,0
DA:89,0
DA:90,0
DA:91,0
DA:99,0
DA:100,0
DA:101,0
DA:108,0
DA:110,0
DA:112,0
DA:113,0
DA:114,0
DA:119,0
DA:123,0
DA:134,0
DA:135,0
DA:136,0
DA:137,0
DA:138,0
DA:140,0
DA:142,0
DA:143,0
DA:144,0
DA:147,0
DA:148,0
DA:149,0
DA:152,0
DA:153,0
DA:154,0
DA:156,0
DA:163,0
DA:164,0
DA:165,0
DA:166,0
DA:167,0
LF:60
LH:1
BRDA:12,1,0,0
BRDA:12,1,1,0
BRDA:13,2,0,0
BRDA:13,2,1,0
BRDA:21,3,0,0
BRDA:21,3,1,0
BRDA:22,4,0,0
BRDA:22,4,1,0
BRDA:29,5,0,0
BRDA:29,5,1,0
BRDA:49,6,0,0
BRDA:49,6,1,0
BRDA:75,7,0,0
BRDA:75,7,1,0
BRDA:90,8,0,0
BRDA:90,8,1,0
BRDA:100,9,0,0
BRDA:100,9,1,0
BRDA:113,10,0,0
BRDA:113,10,1,0
BRDA:135,11,0,0
BRDA:135,11,1,0
BRDA:165,12,0,0
BRDA:165,12,1,0
BRDA:166,13,0,0
BRDA:166,13,1,0
BRF:26
BRH:0
end_of_record
TN:
SF:/home/ubuntu/src/github.com/OmarCastro/ShellHive/api/controllers/MacroController.js
FN:9,(anonymous_1)
FN:13,(anonymous_2)
FN:16,(anonymous_3)
FN:24,(anonymous_4)
FN:28,(anonymous_5)
FN:31,(anonymous_6)
FNF:6
FNH:0
FNDA:0,(anonymous_1)
FNDA:0,(anonymous_2)
FNDA:0,(anonymous_3)
FNDA:0,(anonymous_4)
FNDA:0,(anonymous_5)
FNDA:0,(anonymous_6)
DA:8,1
DA:10,0
DA:11,0
DA:12,0
DA:13,0
DA:14,0
DA:15,0
DA:16,0
DA:20,0
DA:25,0
DA:26,0
DA:27,0
DA:28,0
DA:29,0
DA:30,0
DA:31,0
DA:32,0
LF:17
LH:1
BRDA:14,1,0,0
BRDA:14,1,1,0
BRDA:14,2,0,0
BRDA:14,2,1,0
BRDA:15,3,0,0
BRDA:15,3,1,0
BRDA:29,4,0,0
BRDA:29,4,1,0
BRDA:29,5,0,0
BRDA:29,5,1,0
BRF:10
BRH:0
end_of_record
TN:
SF:/home/ubuntu/src/github.com/OmarCastro/ShellHive/api/controllers/ProjectController.js
FN:10,walk
FN:12,(anonymous_2)
FN:16,(anonymous_3)
FN:18,(anonymous_4)
FN:20,(anonymous_5)
FN:36,(anonymous_6)
FN:40,(anonymous_7)
FN:42,(anonymous_8)
FN:46,foundUser
FN:54,(anonymous_10)
FN:55,(anonymous_11)
FN:66,(anonymous_12)
FN:67,foundProject
FN:70,foundUser
FN:74,foundUser
FN:82,(anonymous_16)
FN:83,(anonymous_17)
FN:109,(anonymous_18)
FN:112,(anonymous_19)
FN:120,(anonymous_20)
FN:131,(anonymous_21)
FN:135,(anonymous_22)
FN:138,(anonymous_23)
FN:139,(anonymous_24)
FN:149,(anonymous_25)
FN:152,onUploadComplete
FN:162,(anonymous_27)
FN:166,(anonymous_28)
FN:176,(anonymous_29)
FN:180,(anonymous_30)
FNF:30
FNH:13
FNDA:1,walk
FNDA:1,(anonymous_2)
FNDA:1,(anonymous_3)
FNDA:1,(anonymous_4)
FNDA:0,(anonymous_5)
FNDA:1,(anonymous_6)
FNDA:0,(anonymous_7)
FNDA:0,(anonymous_8)
FNDA:0,foundUser
FNDA:2,(anonymous_10)
FNDA:2,(anonymous_11)
FNDA:0,(anonymous_12)
FNDA:0,foundProject
FNDA:0,foundUser
FNDA:0,foundUser
FNDA:4,(anonymous_16)
FNDA:4,(anonymous_17)
FNDA:0,(anonymous_18)
FNDA:0,(anonymous_19)
FNDA:0,(anonymous_20)
FNDA:0,(anonymous_21)
FNDA:1,(anonymous_22)
FNDA:1,(anonymous_23)
FNDA:1,(anonymous_24)
FNDA:0,(anonymous_25)
FNDA:0,onUploadComplete
FNDA:0,(anonymous_27)
FNDA:0,(anonymous_28)
FNDA:0,(anonymous_29)
FNDA:0,(anonymous_30)
DA:8,1
DA:10,1
DA:11,1
DA:12,1
DA:13,1
DA:14,1
DA:15,1
DA:16,1
DA:17,1
DA:18,1
DA:19,1
DA:20,1
DA:21,1
DA:22,1
DA:25,1
DA:26,1
DA:34,1
DA:37,1
DA:41,0
DA:42,0
DA:43,0
DA:44,0
DA:45,0
DA:46,0
DA:47,0
DA:48,0
DA:50,0
DA:55,2
DA:56,2
DA:57,1
DA:67,0
DA:68,0
DA:69,0
DA:70,0
DA:71,0
DA:72,0
DA:73,0
DA:74,0
DA:75,0
DA:76,0
DA:83,4
DA:84,4
DA:85,3
DA:86,1
DA:92,2
DA:93,1
DA:94,1
DA:95,1
DA:96,1
DA:102,0
DA:104,1
DA:110,0
DA:112,0
DA:113,0
DA:114,0
DA:115,0
DA:116,0
DA:117,0
DA:119,0
DA:120,0
DA:121,0
DA:123,0
DA:132,0
DA:136,1
DA:137,1
DA:138,1
DA:139,1
DA:140,1
DA:145,1
DA:150,0
DA:152,0
DA:153,0
DA:155,0
DA:163,0
DA:164,0
DA:165,0
DA:166,0
DA:167,0
DA:168,0
DA:169,0
DA:171,0
DA:177,0
DA:178,0
DA:179,0
DA:180,0
DA:181,0
DA:182,0
DA:184,0
LF:88
LH:37
BRDA:13,1,0,0
BRDA:13,1,1,1
BRDA:15,2,0,0
BRDA:15,2,1,1
BRDA:19,3,0,0
BRDA:19,3,1,1
BRDA:19,4,0,1
BRDA:19,4,1,1
BRDA:22,5,0,0
BRDA:22,5,1,0
BRDA:26,6,0,1
BRDA:26,6,1,0
BRDA:43,7,0,0
BRDA:43,7,1,0
BRDA:44,8,0,0
BRDA:44,8,1,0
BRDA:47,9,0,0
BRDA:47,9,1,0
BRDA:56,10,0,1
BRDA:56,10,1,1
BRDA:56,11,0,2
BRDA:56,11,1,2
BRDA:68,12,0,0
BRDA:68,12,1,0
BRDA:69,13,0,0
BRDA:69,13,1,0
BRDA:71,14,0,0
BRDA:71,14,1,0
BRDA:72,15,0,0
BRDA:72,15,1,0
BRDA:75,16,0,0
BRDA:75,16,1,0
BRDA:84,17,0,1
BRDA:84,17,1,3
BRDA:84,18,0,4
BRDA:84,18,1,4
BRDA:85,19,0,1
BRDA:85,19,1,2
BRDA:92,20,0,1
BRDA:92,20,1,1
BRDA:95,21,0,1
BRDA:95,21,1,0
BRDA:113,22,0,0
BRDA:113,22,1,0
BRDA:113,23,0,0
BRDA:113,23,1,0
BRDA:114,24,0,0
BRDA:114,24,1,0
BRDA:116,25,0,0
BRDA:116,25,1,0
BRDA:120,26,0,0
BRDA:120,26,1,0
BRDA:153,27,0,0
BRDA:153,27,1,0
BRDA:167,28,0,0
BRDA:167,28,1,0
BRDA:181,29,0,0
BRDA:181,29,1,0
BRF:58
BRH:25
end_of_record
TN:
SF:/home/ubuntu/src/github.com/OmarCastro/ShellHive/api/controllers/UserController.js
FN:8,(anonymous_1)
FN:12,(anonymous_2)
FN:13,(anonymous_3)
FN:19,(anonymous_4)
FN:20,(anonymous_5)
FN:22,(anonymous_6)
FNF:6
FNH:4
FNDA:1,(anonymous_1)
FNDA:0,(anonymous_2)
FNDA:0,(anonymous_3)
FNDA:2,(anonymous_4)
FNDA:2,(anonymous_5)
FNDA:1,(anonymous_6)
DA:7,1
DA:9,1
DA:13,0
DA:14,0
DA:15,0
DA:20,2
DA:21,2
DA:22,1
DA:23,1
LF:9
LH:6
BRDA:14,1,0,0
BRDA:14,1,1,0
BRDA:14,2,0,0
BRDA:14,2,1,0
BRDA:21,3,0,1
BRDA:21,3,1,1
BRDA:21,4,0,2
BRDA:21,4,1,2
BRF:8
BRH:4
end_of_record
TN:
SF:/home/ubuntu/src/github.com/OmarCastro/ShellHive/api/policies/authenticated.js
FN:10,(anonymous_1)
FNF:1
FNH:1
FNDA:16,(anonymous_1)
DA:10,1
DA:22,16
DA:23,8
DA:25,8
DA:28,16
LF:5
LH:5
BRDA:22,1,0,8
BRDA:22,1,1,8
BRF:2
BRH:2
end_of_record
TN:
SF:/home/ubuntu/src/github.com/OmarCastro/ShellHive/api/services/ExecutionService.js
FN:4,escape
FN:10,debugChildProcess
FN:11,(anonymous_3)
FN:12,(anonymous_4)
FN:13,(anonymous_5)
FN:16,sailsExecuteWithDocker
FN:20,sailsExecuteFromShell
FN:24,sailsExecute
FN:37,execute
FN:48,executeWithDocker
FN:67,executeFromShell
FNF:11
FNH:11
FNDA:1,escape
FNDA:0,debugChildProcess
FNDA:0,(anonymous_3)
FNDA:0,(anonymous_4)
FNDA:0,(anonymous_5)
FNDA:0,sailsExecuteWithDocker
FNDA:0,sailsExecuteFromShell
FNDA:0,sailsExecute
FNDA:1,execute
FNDA:0,executeWithDocker
FNDA:1,executeFromShell
DA:1,1
DA:2,1
DA:4,1
DA:5,1
DA:10,1
DA:11,1
DA:12,1
DA:13,1
DA:16,1
DA:17,1
DA:20,1
DA:21,1
DA:24,1
DA:25,1
DA:35,1
DA:39,1
DA:40,1
DA:42,1
DA:49,1
DA:50,1
DA:51,1
DA:53,1
DA:54,1
DA:55,1
DA:56,1
DA:57,1
DA:58,1
DA:60,1
DA:62,1
DA:63,1
DA:64,1
DA:68,1
DA:69,1
DA:70,1
DA:71,1
DA:72,1
DA:74,1
DA:75,1
DA:76,1
LF:39
LH:39
BRDA:39,1,0,0
BRDA:39,1,1,1
BRDA:56,2,0,0
BRDA:56,2,1,0
BRF:4
BRH:4
end_of_record
TN:
SF:/home/ubuntu/src/github.com/OmarCastro/ShellHive/api/services/GraphGeneratorService.js
FN:10,metaGraphfromCommand
FN:15,(anonymous_2)
FN:27,(anonymous_3)
FN:41,addInputAndOutputs
FN:53,createComponent
FN:72,(anonymous_6)
FN:74,(anonymous_7)
FN:75,(anonymous_8)
FN:94,createAndConnectComponent
FN:95,(anonymous_10)
FN:105,(anonymous_11)
FN:120,addToGraph
FN:121,(anonymous_13)
FN:124,(anonymous_14)
FN:132,(anonymous_15)
FN:133,(anonymous_16)
FN:136,(anonymous_17)
FN:138,(anonymous_18)
FN:144,(anonymous_19)
FN:153,(anonymous_20)
FN:155,(anonymous_21)
FN:156,(anonymous_22)
FN:160,(anonymous_23)
FN:162,(anonymous_24)
FN:170,(anonymous_25)
FN:171,(anonymous_26)
FN:173,(anonymous_27)
FN:178,(anonymous_28)
FN:179,(anonymous_29)
FN:181,(anonymous_30)
FNF:30
FNH:30
FNDA:3,metaGraphfromCommand
FNDA:7,(anonymous_2)
FNDA:4,(anonymous_3)
FNDA:0,addInputAndOutputs
FNDA:0,createComponent
FNDA:0,(anonymous_6)
FNDA:0,(anonymous_7)
FNDA:0,(anonymous_8)
FNDA:0,createAndConnectComponent
FNDA:0,(anonymous_10)
FNDA:0,(anonymous_11)
FNDA:3,addToGraph
FNDA:3,(anonymous_13)
FNDA:7,(anonymous_14)
FNDA:7,(anonymous_15)
FNDA:7,(anonymous_16)
FNDA:3,(anonymous_17)
FNDA:4,(anonymous_18)
FNDA:3,(anonymous_19)
FNDA:0,(anonymous_20)
FNDA:0,(anonymous_21)
FNDA:0,(anonymous_22)
FNDA:0,(anonymous_23)
FNDA:0,(anonymous_24)
FNDA:1,(anonymous_25)
FNDA:1,(anonymous_26)
FNDA:3,(anonymous_27)
FNDA:2,(anonymous_28)
FNDA:2,(anonymous_29)
FNDA:6,(anonymous_30)
DA:8,1
DA:10,1
DA:11,3
DA:13,3
DA:15,3
DA:16,7
DA:17,7
DA:18,53
DA:19,7
DA:20,46
DA:23,7
DA:24,7
DA:27,4
DA:35,3
DA:41,1
DA:53,1
DA:54,1
DA:55,1
DA:56,1
DA:57,1
DA:58,1
DA:59,1
DA:64,1
DA:65,1
DA:66,1
DA:72,1
DA:73,1
DA:74,1
DA:76,1
DA:77,1
DA:81,1
DA:82,1
DA:87,1
DA:88,1
DA:90,1
DA:94,1
DA:95,1
DA:96,1
DA:97,1
DA:104,1
DA:105,1
DA:106,1
DA:116,1
DA:121,3
DA:122,3
DA:123,3
DA:124,3
DA:125,7
DA:131,3
DA:133,7
DA:134,7
DA:137,3
DA:138,3
DA:139,4
DA:140,4
DA:141,4
DA:144,3
DA:145,3
DA:146,3
DA:154,1
DA:155,1
DA:156,1
DA:162,1
DA:165,1
DA:166,1
DA:171,1
DA:172,1
DA:173,3
DA:174,1
DA:179,2
DA:180,2
DA:181,6
DA:182,2
LF:73
LH:73
BRDA:18,1,0,7
BRDA:18,1,1,46
BRDA:55,2,0,0
BRDA:55,2,1,0
BRDA:58,3,0,0
BRDA:58,3,1,0
BRDA:64,4,0,0
BRDA:64,4,1,0
BRDA:76,5,0,0
BRDA:76,5,1,0
BRDA:87,6,0,0
BRDA:87,6,1,0
BRDA:96,7,0,0
BRDA:96,7,1,0
BRDA:121,8,0,3
BRDA:121,8,1,3
BRDA:137,9,0,0
BRDA:137,9,1,3
BRDA:137,10,0,3
BRDA:137,10,1,3
BRDA:145,11,0,0
BRDA:145,11,1,3
BRDA:145,12,0,3
BRDA:145,12,1,3
BRDA:172,13,0,0
BRDA:172,13,1,1
BRDA:180,14,0,0
BRDA:180,14,1,2
BRF:28
BRH:28
end_of_record
TN:
SF:/home/ubuntu/src/github.com/OmarCastro/ShellHive/api/services/graphUtils.js
FN:5,tsortGraph
FN:12,(anonymous_2)
FN:26,(anonymous_3)
FN:27,portType
FN:31,portTypeName
FN:34,(anonymous_6)
FN:44,(anonymous_7)
FN:46,(anonymous_8)
FN:50,(anonymous_9)
FN:52,(anonymous_10)
FN:56,(anonymous_11)
FN:65,(anonymous_12)
FN:66,(anonymous_13)
FN:78,(anonymous_14)
FN:82,(anonymous_15)
FN:84,(anonymous_16)
FNF:16
FNH:16
FNDA:2,tsortGraph
FNDA:5,(anonymous_2)
FNDA:8,(anonymous_3)
FNDA:16,portType
FNDA:2,portTypeName
FNDA:8,(anonymous_6)
FNDA:16,(anonymous_7)
FNDA:3,(anonymous_8)
FNDA:11,(anonymous_9)
FNDA:6,(anonymous_10)
FNDA:8,(anonymous_11)
FNDA:2,(anonymous_12)
FNDA:8,(anonymous_13)
FNDA:1,(anonymous_14)
FNDA:1,(anonymous_15)
FNDA:1,(anonymous_16)
DA:1,1
DA:4,1
DA:7,2
DA:8,1
DA:9,1
DA:11,2
DA:12,2
DA:13,5
DA:15,2
DA:16,2
DA:18,2
DA:19,2
DA:20,1
DA:22,1
DA:27,1
DA:28,16
DA:31,2
DA:33,8
DA:35,8
DA:36,8
DA:37,8
DA:38,8
DA:39,8
DA:40,7
DA:41,2
DA:42,2
DA:44,16
DA:45,5
DA:46,3
DA:47,1
DA:50,11
DA:51,4
DA:52,6
DA:53,1
DA:56,3
DA:57,8
DA:60,1
DA:64,2
DA:65,2
DA:67,8
DA:68,7
DA:69,7
DA:70,1
DA:72,7
DA:74,1
DA:79,1
DA:83,1
DA:84,1
DA:85,1
DA:86,1
DA:87,1
DA:88,1
LF:52
LH:52
BRDA:7,1,0,0
BRDA:7,1,1,2
BRDA:15,2,0,2
BRDA:15,2,1,0
BRDA:28,3,0,16
BRDA:28,3,1,9
BRDA:28,3,2,8
BRDA:31,4,0,1
BRDA:31,4,1,1
BRDA:39,5,0,1
BRDA:39,5,1,7
BRDA:40,6,0,2
BRDA:40,6,1,5
BRDA:45,7,0,1
BRDA:45,7,1,4
BRDA:45,8,0,5
BRDA:45,8,1,1
BRDA:51,9,0,1
BRDA:51,9,1,3
BRDA:51,10,0,4
BRDA:51,10,1,3
BRDA:56,11,0,1
BRDA:56,11,1,2
BRDA:57,12,0,8
BRDA:57,12,1,2
BRDA:57,12,2,1
BRDA:57,12,3,1
BRDA:67,13,0,7
BRDA:67,13,1,1
BRDA:69,14,0,1
BRDA:69,14,1,6
BRDA:83,15,0,0
BRDA:83,15,1,1
BRDA:83,16,0,1
BRDA:83,16,1,1
BRDA:85,17,0,0
BRDA:85,17,1,1
BRDA:85,18,0,1
BRDA:85,18,1,1
BRF:39
BRH:38
end_of_record
TN:
SF:/home/ubuntu/src/github.com/OmarCastro/ShellHive/api/services/shelljs.js
FNF:0
FNH:0
DA:1,1
LF:1
LH:1
BRF:0
BRH:0
end_of_record
TN:
SF:/home/ubuntu/src/github.com/OmarCastro/ShellHive/api/services/sshKeygen.js
FNF:0
FNH:0
DA:1,1
LF:1
LH:1
BRF:0
BRH:0
end_of_record
